2017-08-16 19:52:52,990 spiders.py[line:68] INFO Reading start URLs from redis key 'autohome:start_urls' (batch size: 1, encoding: utf-8
2017-08-16 19:52:56,573 spiders.py[line:95] DEBUG Read 1 requests from 'autohome:start_urls'
2017-08-16 19:52:56,683 spider_autohome.py[line:58] INFO url is: http://www.autohome.com.cn/2087/.
2017-08-16 19:52:56,714 spiders.py[line:95] DEBUG Read 1 requests from 'autohome:start_urls'
2017-08-16 19:53:00,286 spider_autohome.py[line:58] INFO url is: http://www.autohome.com.cn/3688/.
2017-08-16 19:53:00,286 spider_autohome.py[line:69] ERROR failed, url is:(http://www.autohome.com.cn/3688/), error info is:(Traceback (most recent call last):
  File "C:\Users\timothy\Desktop\autohome\autohome\car\spiders\spider_autohome.py", line 65, in parse
    request = Request(u"www.baidu.com", callback=self.parse2)
  File "E:\python27\lib\site-packages\scrapy\http\request\__init__.py", line 25, in __init__
    self._set_url(url)
  File "E:\python27\lib\site-packages\scrapy\http\request\__init__.py", line 58, in _set_url
    raise ValueError('Missing scheme in request url: %s' % self._url)
ValueError: Missing scheme in request url: www.baidu.com
)
2017-08-16 19:53:00,302 spiders.py[line:95] DEBUG Read 1 requests from 'autohome:start_urls'
2017-08-16 19:53:05,760 spider_autohome.py[line:58] INFO url is: http://www.autohome.com.cn/2774/.
2017-08-16 19:53:05,760 spider_autohome.py[line:69] ERROR failed, url is:(http://www.autohome.com.cn/2774/), error info is:(Traceback (most recent call last):
  File "C:\Users\timothy\Desktop\autohome\autohome\car\spiders\spider_autohome.py", line 65, in parse
    request = Request(u"www.baidu.com", callback=self.parse2)
  File "E:\python27\lib\site-packages\scrapy\http\request\__init__.py", line 25, in __init__
    self._set_url(url)
  File "E:\python27\lib\site-packages\scrapy\http\request\__init__.py", line 58, in _set_url
    raise ValueError('Missing scheme in request url: %s' % self._url)
ValueError: Missing scheme in request url: www.baidu.com
)
2017-08-16 19:53:05,776 spiders.py[line:95] DEBUG Read 1 requests from 'autohome:start_urls'
