2017-08-16 19:54:02,940 spiders.py[line:68] INFO Reading start URLs from redis key 'autohome:start_urls' (batch size: 1, encoding: utf-8
2017-08-16 19:54:06,328 spiders.py[line:95] DEBUG Read 1 requests from 'autohome:start_urls'
2017-08-16 19:54:06,436 spider_autohome.py[line:58] INFO url is: http://www.autohome.com.cn/144/.
2017-08-16 19:54:06,480 spiders.py[line:95] DEBUG Read 1 requests from 'autohome:start_urls'
2017-08-16 19:54:09,940 spider_autohome.py[line:58] INFO url is: http://www.autohome.com.cn/91/.
2017-08-16 19:54:09,971 spiders.py[line:95] DEBUG Read 1 requests from 'autohome:start_urls'
2017-08-16 19:54:14,138 spider_autohome.py[line:58] INFO url is: http://www.autohome.com.cn/2902/.
2017-08-16 19:54:14,196 spiders.py[line:95] DEBUG Read 1 requests from 'autohome:start_urls'
2017-08-16 19:54:22,164 spider_autohome.py[line:58] INFO url is: http://www.autohome.com.cn/997/.
2017-08-16 19:54:22,194 spiders.py[line:95] DEBUG Read 1 requests from 'autohome:start_urls'
2017-08-16 19:54:24,585 spider_autohome.py[line:58] INFO url is: http://www.autohome.com.cn/3693/.
2017-08-16 19:54:53,417 spider_autohome.py[line:69] ERROR failed, url is:(http://www.autohome.com.cn/3693/), error info is:(Traceback (most recent call last):
  File "C:\Users\timothy\Desktop\autohome\autohome\car\spiders\spider_autohome.py", line 65, in parse
    request = Request(url, callback=self.parse2)
  File "E:\python27\lib\site-packages\scrapy\http\request\__init__.py", line 25, in __init__
    self._set_url(url)
  File "E:\python27\lib\site-packages\scrapy\http\request\__init__.py", line 58, in _set_url
    raise ValueError('Missing scheme in request url: %s' % self._url)
ValueError: Missing scheme in request url: k.autohome.com.cn/3693/9145/#pvareaid=101484
)
2017-08-16 19:54:53,447 spiders.py[line:95] DEBUG Read 1 requests from 'autohome:start_urls'
2017-08-16 19:54:53,957 spider_autohome.py[line:58] INFO url is: http://www.autohome.com.cn/2055/.
2017-08-16 19:54:54,005 spiders.py[line:95] DEBUG Read 1 requests from 'autohome:start_urls'
2017-08-16 19:54:58,138 spider_autohome.py[line:58] INFO url is: http://www.autohome.com.cn/3207/.
