2017-06-05 16:23:41,917 spiders.py[line:68] INFO Reading start URLs from redis key 'cfled:start_urls' (batch size: 16, encoding: utf-8
2017-06-05 16:23:43,394 __init__.py[line:47] DEBUG Resuming crawl (21 requests scheduled)
2017-06-05 16:23:44,479 spider_cfled.py[line:103] INFO step into layer3, url is: http://www.cfled.com/product1_show.aspx?ProId=602.
2017-06-05 16:23:49,635 spider_cfled.py[line:103] INFO step into layer3, url is: http://www.cfled.com/product1_show.aspx?ProId=548.
2017-06-05 16:23:54,588 spider_cfled.py[line:103] INFO step into layer3, url is: http://www.cfled.com/product1_show.aspx?ProId=573.
2017-06-05 16:23:58,723 spider_cfled.py[line:103] INFO step into layer3, url is: http://www.cfled.com/product1_show.aspx?ProId=564.
2017-06-05 16:24:03,930 spider_cfled.py[line:103] INFO step into layer3, url is: http://www.cfled.com/product1_show.aspx?ProId=582.
2017-06-05 16:24:09,088 spider_cfled.py[line:103] INFO step into layer3, url is: http://www.cfled.com/product1_show.aspx?ProId=583.
2017-06-05 16:24:13,473 spiders.py[line:95] DEBUG Read 1 requests from 'cfled:start_urls'
2017-06-05 16:24:13,572 spider_cfled.py[line:103] INFO step into layer3, url is: http://www.cfled.com/product1_show.aspx?ProId=552.
2017-06-05 16:24:19,517 spider_cfled.py[line:103] INFO step into layer3, url is: http://www.cfled.com/product1_show.aspx?ProId=397.
2017-06-05 16:24:23,352 spider_cfled.py[line:103] INFO step into layer3, url is: http://www.cfled.com/product1_show.aspx?ProId=553.
2017-06-05 16:24:28,085 spider_cfled.py[line:103] INFO step into layer3, url is: http://www.cfled.com/product1_show.aspx?ProId=560.
2017-06-05 16:24:33,993 spider_cfled.py[line:103] INFO step into layer3, url is: http://www.cfled.com/product1_show.aspx?ProId=557.
2017-06-05 16:24:37,204 spider_cfled.py[line:103] INFO step into layer3, url is: http://www.cfled.com/product1_show.aspx?ProId=561.
2017-06-05 16:24:40,816 spider_cfled.py[line:103] INFO step into layer3, url is: http://www.cfled.com/product1_show.aspx?ProId=559.
2017-06-05 16:24:46,680 spider_cfled.py[line:103] INFO step into layer3, url is: http://www.cfled.com/product1_show.aspx?ProId=556.
2017-06-05 16:24:51,640 spider_cfled.py[line:103] INFO step into layer3, url is: http://www.cfled.com/product1_show.aspx?ProId=558.
2017-06-05 16:24:57,260 spider_cfled.py[line:66] INFO step into layer2, url is: http://www.cfled.com/product1.aspx?CateId=447.
2017-06-05 16:25:00,816 spider_cfled.py[line:66] INFO step into layer2, url is: http://www.cfled.com/product1.aspx?CateId=462.
2017-06-05 16:25:06,641 spider_cfled.py[line:66] INFO step into layer2, url is: http://www.cfled.com/product1.aspx?CateId=465.
2017-06-05 16:25:12,259 spider_cfled.py[line:66] INFO step into layer2, url is: http://www.cfled.com/product1.aspx?CateId=466.
2017-06-05 16:25:17,556 spider_cfled.py[line:66] INFO step into layer2, url is: http://www.cfled.com/product1.aspx?CateId=489.
2017-06-05 16:25:22,421 spider_cfled.py[line:66] INFO step into layer2, url is: http://www.cfled.com/product1.aspx?CateId=490.
2017-06-05 16:25:27,671 spider_cfled.py[line:51] INFO step into layer1, url is: http://www.cfled.com/product.aspx.
2017-06-05 16:25:32,969 spider_cfled.py[line:103] INFO step into layer3, url is: http://www.cfled.com/product1_show.aspx?ProId=381.
2017-06-05 16:25:36,997 spider_cfled.py[line:103] INFO step into layer3, url is: http://www.cfled.com/product1_show.aspx?ProId=578.
2017-06-05 16:25:41,835 spider_cfled.py[line:103] INFO step into layer3, url is: http://www.cfled.com/product1_show.aspx?ProId=579.
2017-06-05 16:25:47,677 spider_cfled.py[line:103] INFO step into layer3, url is: http://www.cfled.com/product1_show.aspx?ProId=580.
2017-06-05 16:25:50,944 spider_cfled.py[line:103] INFO step into layer3, url is: http://www.cfled.com/product1_show.aspx?ProId=416.
2017-06-05 16:25:54,325 spider_cfled.py[line:103] INFO step into layer3, url is: http://www.cfled.com/product1_show.aspx?ProId=417.
2017-06-05 16:25:58,634 spider_cfled.py[line:103] INFO step into layer3, url is: http://www.cfled.com/product1_show.aspx?ProId=423.
2017-06-05 16:26:04,282 spider_cfled.py[line:103] INFO step into layer3, url is: http://www.cfled.com/product1_show.aspx?ProId=419.
2017-06-05 16:26:08,130 spider_cfled.py[line:103] INFO step into layer3, url is: http://www.cfled.com/product1_show.aspx?ProId=418.
2017-06-05 16:26:13,854 spider_cfled.py[line:103] INFO step into layer3, url is: http://www.cfled.com/product1_show.aspx?ProId=422.
2017-06-05 16:26:18,904 spider_cfled.py[line:103] INFO step into layer3, url is: http://www.cfled.com/product1_show.aspx?ProId=420.
2017-06-05 16:26:24,341 spider_cfled.py[line:103] INFO step into layer3, url is: http://www.cfled.com/product1_show.aspx?ProId=421.
2017-06-05 16:26:26,947 spider_cfled.py[line:103] INFO step into layer3, url is: http://www.cfled.com/product1_show.aspx?ProId=447.
2017-06-05 16:26:31,924 spider_cfled.py[line:103] INFO step into layer3, url is: http://www.cfled.com/product1_show.aspx?ProId=448.
2017-06-05 16:26:34,648 spider_cfled.py[line:103] INFO step into layer3, url is: http://www.cfled.com/product1_show.aspx?ProId=449.
2017-06-05 16:26:39,082 spider_cfled.py[line:103] INFO step into layer3, url is: http://www.cfled.com/product1_show.aspx?ProId=450.
2017-06-05 16:26:42,063 spider_cfled.py[line:103] INFO step into layer3, url is: http://www.cfled.com/product1_show.aspx?ProId=446.
2017-06-05 16:26:47,753 spider_cfled.py[line:103] INFO step into layer3, url is: http://www.cfled.com/product1_show.aspx?ProId=586.
2017-06-05 16:26:52,470 spider_cfled.py[line:103] INFO step into layer3, url is: http://www.cfled.com/product1_show.aspx?ProId=587.
2017-06-05 16:26:58,243 spider_cfled.py[line:103] INFO step into layer3, url is: http://www.cfled.com/product1_show.aspx?ProId=588.
2017-06-05 16:27:03,956 spider_cfled.py[line:103] INFO step into layer3, url is: http://www.cfled.com/product1_show.aspx?ProId=589.
2017-06-05 16:27:08,742 spider_cfled.py[line:103] INFO step into layer3, url is: http://www.cfled.com/product1_show.aspx?ProId=590.
2017-06-05 16:27:12,674 spider_cfled.py[line:103] INFO step into layer3, url is: http://www.cfled.com/product1_show.aspx?ProId=591.
2017-06-05 16:27:18,516 spider_cfled.py[line:66] INFO step into layer2, url is: http://www.cfled.com/product1.aspx?CateId=27.
2017-06-05 16:27:24,519 spider_cfled.py[line:66] INFO step into layer2, url is: http://www.cfled.com/product1.aspx?CateId=28.
2017-06-05 16:27:30,227 spider_cfled.py[line:66] INFO step into layer2, url is: http://www.cfled.com/product1.aspx?CateId=207.
2017-06-05 16:27:35,091 spider_cfled.py[line:66] INFO step into layer2, url is: http://www.cfled.com/product1.aspx?CateId=208.
2017-06-05 16:27:40,660 spider_cfled.py[line:66] INFO step into layer2, url is: http://www.cfled.com/product1.aspx?CateId=210.
2017-06-05 16:27:45,852 spider_cfled.py[line:66] INFO step into layer2, url is: http://www.cfled.com/product1.aspx?CateId=211.
2017-06-05 16:27:50,213 spider_cfled.py[line:66] INFO step into layer2, url is: http://www.cfled.com/product1.aspx?CateId=352.
2017-06-05 16:27:55,000 spider_cfled.py[line:66] INFO step into layer2, url is: http://www.cfled.com/product1.aspx?CateId=355.
2017-06-05 16:27:58,829 spider_cfled.py[line:66] INFO step into layer2, url is: http://www.cfled.com/product1.aspx?CateId=366.
2017-06-05 16:28:02,243 spider_cfled.py[line:66] INFO step into layer2, url is: http://www.cfled.com/product1.aspx?CateId=386.
2017-06-05 16:28:12,644 spider_cfled.py[line:66] INFO step into layer2, url is: http://www.cfled.com/product1.aspx?CateId=387.
2017-06-05 16:28:12,970 spider_cfled.py[line:66] INFO step into layer2, url is: http://www.cfled.com/product1.aspx?CateId=440.
2017-06-05 16:28:18,052 spider_cfled.py[line:66] INFO step into layer2, url is: http://www.cfled.com/product1.aspx?CateId=441.
2017-06-05 16:28:22,775 spider_cfled.py[line:66] INFO step into layer2, url is: http://www.cfled.com/product1.aspx?CateId=442.
2017-06-05 16:28:29,578 spider_cfled.py[line:66] INFO step into layer2, url is: http://www.cfled.com/product1.aspx?CateId=444.
2017-06-05 16:28:33,275 spider_cfled.py[line:66] INFO step into layer2, url is: http://www.cfled.com/product1.aspx?CateId=445.
2017-06-05 16:28:39,414 spider_cfled.py[line:66] INFO step into layer2, url is: http://www.cfled.com/product1.aspx?CateId=446.
2017-06-05 16:28:45,183 spider_cfled.py[line:103] INFO step into layer3, url is: http://www.cfled.com/product1_show.aspx?ProId=60.
2017-06-05 16:28:50,891 spider_cfled.py[line:103] INFO step into layer3, url is: http://www.cfled.com/product1_show.aspx?ProId=546.
2017-06-05 16:28:56,194 spider_cfled.py[line:103] INFO step into layer3, url is: http://www.cfled.com/product1_show.aspx?ProId=547.
2017-06-05 16:29:01,740 spider_cfled.py[line:103] INFO step into layer3, url is: http://www.cfled.com/product1_show.aspx?ProId=568.
2017-06-05 16:29:05,197 spider_cfled.py[line:103] INFO step into layer3, url is: http://www.cfled.com/product1_show.aspx?ProId=571.
2017-06-05 16:29:09,460 spider_cfled.py[line:103] INFO step into layer3, url is: http://www.cfled.com/product1_show.aspx?ProId=549.
2017-06-05 16:29:14,223 spider_cfled.py[line:103] INFO step into layer3, url is: http://www.cfled.com/product1_show.aspx?ProId=89.
2017-06-05 16:29:17,775 spider_cfled.py[line:103] INFO step into layer3, url is: http://www.cfled.com/product1_show.aspx?ProId=551.
2017-06-05 16:29:22,332 spider_cfled.py[line:103] INFO step into layer3, url is: http://www.cfled.com/product1_show.aspx?ProId=577.
2017-06-05 16:29:27,496 spider_cfled.py[line:103] INFO step into layer3, url is: http://www.cfled.com/product1_show.aspx?ProId=249.
2017-06-05 16:29:33,141 spider_cfled.py[line:103] INFO step into layer3, url is: http://www.cfled.com/product1_show.aspx?ProId=576.
2017-06-05 16:29:36,668 spider_cfled.py[line:103] INFO step into layer3, url is: http://www.cfled.com/product1_show.aspx?ProId=581.
2017-06-05 16:29:42,503 spider_cfled.py[line:103] INFO step into layer3, url is: http://www.cfled.com/product1_show.aspx?ProId=250.
2017-06-05 16:29:48,154 spider_cfled.py[line:103] INFO step into layer3, url is: http://www.cfled.com/product1_show.aspx?ProId=370.
2017-06-05 16:29:53,515 spider_cfled.py[line:103] INFO step into layer3, url is: http://www.cfled.com/product1_show.aspx?ProId=371.
2017-06-05 16:30:00,319 spider_cfled.py[line:103] INFO step into layer3, url is: http://www.cfled.com/product1_show.aspx?ProId=382.
2017-06-05 16:30:05,092 spider_cfled.py[line:103] INFO step into layer3, url is: http://www.cfled.com/product1_show.aspx?ProId=380.
2017-06-05 16:30:10,153 spider_cfled.py[line:103] INFO step into layer3, url is: http://www.cfled.com/product1_show.aspx?ProId=248.
2017-06-05 16:30:15,894 spider_cfled.py[line:103] INFO step into layer3, url is: http://www.cfled.com/product1_show.aspx?ProId=550.
2017-06-05 16:30:21,292 spider_cfled.py[line:103] INFO step into layer3, url is: http://www.cfled.com/product1_show.aspx?ProId=567.
2017-06-05 16:30:25,135 spider_cfled.py[line:103] INFO step into layer3, url is: http://www.cfled.com/product1_show.aspx?ProId=575.
2017-06-05 16:30:30,141 spider_cfled.py[line:103] INFO step into layer3, url is: http://www.cfled.com/product1_show.aspx?ProId=572.
2017-06-05 16:30:35,361 spider_cfled.py[line:103] INFO step into layer3, url is: http://www.cfled.com/product1_show.aspx?ProId=565.
2017-06-05 16:30:41,466 spider_cfled.py[line:103] INFO step into layer3, url is: http://www.cfled.com/product1_show.aspx?ProId=369.
2017-06-05 16:30:46,325 spider_cfled.py[line:103] INFO step into layer3, url is: http://www.cfled.com/product1_show.aspx?ProId=372.
2017-06-05 16:30:50,680 spider_cfled.py[line:103] INFO step into layer3, url is: http://www.cfled.com/product1_show.aspx?ProId=373.
2017-06-05 16:30:55,844 spider_cfled.py[line:103] INFO step into layer3, url is: http://www.cfled.com/product1_show.aspx?ProId=374.
2017-06-05 16:30:59,095 spider_cfled.py[line:103] INFO step into layer3, url is: http://www.cfled.com/product1_show.aspx?ProId=375.
2017-06-05 16:31:04,950 spider_cfled.py[line:103] INFO step into layer3, url is: http://www.cfled.com/product1_show.aspx?ProId=376.
2017-06-05 16:31:10,585 spider_cfled.py[line:103] INFO step into layer3, url is: http://www.cfled.com/product1_show.aspx?ProId=377.
2017-06-05 16:31:14,299 spider_cfled.py[line:103] INFO step into layer3, url is: http://www.cfled.com/product1_show.aspx?ProId=378.
2017-06-05 16:31:19,821 spider_cfled.py[line:103] INFO step into layer3, url is: http://www.cfled.com/product1_show.aspx?ProId=379.
2017-06-05 16:31:25,319 spider_cfled.py[line:103] INFO step into layer3, url is: http://www.cfled.com/product1_show.aspx?ProId=574.
2017-06-05 16:31:29,628 spider_cfled.py[line:103] INFO step into layer3, url is: http://www.cfled.com/product1_show.aspx?ProId=569.
2017-06-05 16:31:34,934 spider_cfled.py[line:103] INFO step into layer3, url is: http://www.cfled.com/product1_show.aspx?ProId=584.
2017-06-05 16:31:40,818 spider_cfled.py[line:103] INFO step into layer3, url is: http://www.cfled.com/product1_show.aspx?ProId=585.
2017-06-05 16:31:45,737 spider_cfled.py[line:103] INFO step into layer3, url is: http://www.cfled.com/product1_show.aspx?ProId=545.
2017-06-05 16:31:51,127 spider_cfled.py[line:103] INFO step into layer3, url is: http://www.cfled.com/product1_show.aspx?ProId=602.
2017-06-05 16:31:56,516 spider_cfled.py[line:103] INFO step into layer3, url is: http://www.cfled.com/product1_show.aspx?ProId=548.
2017-06-05 16:32:01,244 spider_cfled.py[line:103] INFO step into layer3, url is: http://www.cfled.com/product1_show.aspx?ProId=573.
2017-06-05 16:32:07,078 spider_cfled.py[line:103] INFO step into layer3, url is: http://www.cfled.com/product1_show.aspx?ProId=564.
2017-06-05 16:32:12,812 spider_cfled.py[line:103] INFO step into layer3, url is: http://www.cfled.com/product1_show.aspx?ProId=582.
2017-06-05 16:32:17,276 spider_cfled.py[line:103] INFO step into layer3, url is: http://www.cfled.com/product1_show.aspx?ProId=583.
2017-06-05 16:32:21,371 spider_cfled.py[line:103] INFO step into layer3, url is: http://www.cfled.com/product1_show.aspx?ProId=552.
2017-06-05 16:32:26,365 spider_cfled.py[line:103] INFO step into layer3, url is: http://www.cfled.com/product1_show.aspx?ProId=397.
2017-06-05 16:32:32,038 spider_cfled.py[line:103] INFO step into layer3, url is: http://www.cfled.com/product1_show.aspx?ProId=553.
2017-06-05 16:32:37,469 spider_cfled.py[line:103] INFO step into layer3, url is: http://www.cfled.com/product1_show.aspx?ProId=560.
2017-06-05 16:32:42,190 spider_cfled.py[line:103] INFO step into layer3, url is: http://www.cfled.com/product1_show.aspx?ProId=557.
2017-06-05 16:32:47,368 spider_cfled.py[line:103] INFO step into layer3, url is: http://www.cfled.com/product1_show.aspx?ProId=561.
2017-06-05 16:32:52,938 spider_cfled.py[line:103] INFO step into layer3, url is: http://www.cfled.com/product1_show.aspx?ProId=559.
2017-06-05 16:32:58,312 spider_cfled.py[line:103] INFO step into layer3, url is: http://www.cfled.com/product1_show.aspx?ProId=556.
2017-06-05 16:33:02,691 spider_cfled.py[line:103] INFO step into layer3, url is: http://www.cfled.com/product1_show.aspx?ProId=558.
2017-06-05 16:33:07,717 spider_cfled.py[line:66] INFO step into layer2, url is: http://www.cfled.com/product1.aspx?CateId=447.
2017-06-05 16:33:13,486 spider_cfled.py[line:66] INFO step into layer2, url is: http://www.cfled.com/product1.aspx?CateId=462.
2017-06-05 16:33:18,543 spider_cfled.py[line:66] INFO step into layer2, url is: http://www.cfled.com/product1.aspx?CateId=465.
2017-06-05 16:33:24,326 spider_cfled.py[line:66] INFO step into layer2, url is: http://www.cfled.com/product1.aspx?CateId=466.
2017-06-05 16:33:30,095 spider_cfled.py[line:66] INFO step into layer2, url is: http://www.cfled.com/product1.aspx?CateId=489.
2017-06-05 16:33:34,516 spider_cfled.py[line:66] INFO step into layer2, url is: http://www.cfled.com/product1.aspx?CateId=490.
2017-06-05 16:33:39,509 spider_cfled.py[line:103] INFO step into layer3, url is: http://www.cfled.com/product1_show.aspx?ProId=381.
2017-06-05 16:33:44,861 spider_cfled.py[line:103] INFO step into layer3, url is: http://www.cfled.com/product1_show.aspx?ProId=578.
2017-06-05 16:33:49,673 spider_cfled.py[line:103] INFO step into layer3, url is: http://www.cfled.com/product1_show.aspx?ProId=579.
2017-06-05 16:33:54,111 spider_cfled.py[line:103] INFO step into layer3, url is: http://www.cfled.com/product1_show.aspx?ProId=580.
2017-06-05 16:33:59,974 spider_cfled.py[line:103] INFO step into layer3, url is: http://www.cfled.com/product1_show.aspx?ProId=416.
2017-06-05 16:34:05,387 spider_cfled.py[line:103] INFO step into layer3, url is: http://www.cfled.com/product1_show.aspx?ProId=417.
2017-06-05 16:34:10,256 spider_cfled.py[line:103] INFO step into layer3, url is: http://www.cfled.com/product1_show.aspx?ProId=423.
2017-06-05 16:34:14,253 spider_cfled.py[line:103] INFO step into layer3, url is: http://www.cfled.com/product1_show.aspx?ProId=419.
2017-06-05 16:34:20,164 spider_cfled.py[line:103] INFO step into layer3, url is: http://www.cfled.com/product1_show.aspx?ProId=418.
2017-06-05 16:34:24,786 spider_cfled.py[line:103] INFO step into layer3, url is: http://www.cfled.com/product1_show.aspx?ProId=422.
2017-06-05 16:34:29,894 spider_cfled.py[line:103] INFO step into layer3, url is: http://www.cfled.com/product1_show.aspx?ProId=420.
2017-06-05 16:34:35,562 spider_cfled.py[line:103] INFO step into layer3, url is: http://www.cfled.com/product1_show.aspx?ProId=421.
2017-06-05 16:34:41,588 spider_cfled.py[line:103] INFO step into layer3, url is: http://www.cfled.com/product1_show.aspx?ProId=447.
2017-06-05 16:34:47,417 spider_cfled.py[line:103] INFO step into layer3, url is: http://www.cfled.com/product1_show.aspx?ProId=448.
2017-06-05 16:34:52,946 spider_cfled.py[line:103] INFO step into layer3, url is: http://www.cfled.com/product1_show.aspx?ProId=449.
2017-06-05 16:34:58,033 spider_cfled.py[line:103] INFO step into layer3, url is: http://www.cfled.com/product1_show.aspx?ProId=450.
2017-06-05 16:35:01,494 spider_cfled.py[line:103] INFO step into layer3, url is: http://www.cfled.com/product1_show.aspx?ProId=446.
2017-06-05 16:35:05,520 spider_cfled.py[line:103] INFO step into layer3, url is: http://www.cfled.com/product1_show.aspx?ProId=586.
2017-06-05 16:35:10,710 spider_cfled.py[line:103] INFO step into layer3, url is: http://www.cfled.com/product1_show.aspx?ProId=587.
2017-06-05 16:35:15,618 spider_cfled.py[line:103] INFO step into layer3, url is: http://www.cfled.com/product1_show.aspx?ProId=588.
2017-06-05 16:35:20,414 spider_cfled.py[line:103] INFO step into layer3, url is: http://www.cfled.com/product1_show.aspx?ProId=589.
2017-06-05 16:35:26,194 spider_cfled.py[line:103] INFO step into layer3, url is: http://www.cfled.com/product1_show.aspx?ProId=590.
2017-06-05 16:35:31,957 spider_cfled.py[line:103] INFO step into layer3, url is: http://www.cfled.com/product1_show.aspx?ProId=591.
