2017-06-06 11:11:35,154 spiders.py[line:68] INFO Reading start URLs from redis key 'cfled:start_urls' (batch size: 16, encoding: utf-8
2017-06-06 11:11:37,674 spiders.py[line:95] DEBUG Read 1 requests from 'cfled:start_urls'
2017-06-06 11:11:38,492 spider_cfled.py[line:51] INFO step into layer1, url is: http://www.cfled.com/product.aspx.
2017-06-06 11:11:42,943 spider_cfled.py[line:66] INFO step into layer2, url is: http://www.cfled.com/product1.aspx?CateId=27.
2017-06-06 11:11:48,155 spider_cfled.py[line:66] INFO step into layer2, url is: http://www.cfled.com/product1.aspx?CateId=28.
2017-06-06 11:11:53,767 spider_cfled.py[line:66] INFO step into layer2, url is: http://www.cfled.com/product1.aspx?CateId=207.
2017-06-06 11:11:59,125 spider_cfled.py[line:66] INFO step into layer2, url is: http://www.cfled.com/product1.aspx?CateId=208.
2017-06-06 11:12:04,173 spider_cfled.py[line:66] INFO step into layer2, url is: http://www.cfled.com/product1.aspx?CateId=210.
2017-06-06 11:12:09,321 spider_cfled.py[line:66] INFO step into layer2, url is: http://www.cfled.com/product1.aspx?CateId=211.
2017-06-06 11:12:14,065 spider_cfled.py[line:66] INFO step into layer2, url is: http://www.cfled.com/product1.aspx?CateId=352.
2017-06-06 11:12:19,407 spider_cfled.py[line:66] INFO step into layer2, url is: http://www.cfled.com/product1.aspx?CateId=355.
2017-06-06 11:12:22,854 spider_cfled.py[line:66] INFO step into layer2, url is: http://www.cfled.com/product1.aspx?CateId=366.
2017-06-06 11:12:28,809 spider_cfled.py[line:66] INFO step into layer2, url is: http://www.cfled.com/product1.aspx?CateId=386.
2017-06-06 11:12:31,288 spider_cfled.py[line:66] INFO step into layer2, url is: http://www.cfled.com/product1.aspx?CateId=387.
2017-06-06 11:12:34,157 spider_cfled.py[line:66] INFO step into layer2, url is: http://www.cfled.com/product1.aspx?CateId=462.
2017-06-06 11:12:38,668 spider_cfled.py[line:66] INFO step into layer2, url is: http://www.cfled.com/product1.aspx?CateId=465.
2017-06-06 11:12:40,881 spider_cfled.py[line:66] INFO step into layer2, url is: http://www.cfled.com/product1.aspx?CateId=440.
2017-06-06 11:12:46,355 spider_cfled.py[line:66] INFO step into layer2, url is: http://www.cfled.com/product1.aspx?CateId=441.
2017-06-06 11:12:51,528 spider_cfled.py[line:66] INFO step into layer2, url is: http://www.cfled.com/product1.aspx?CateId=442.
2017-06-06 11:12:57,308 spider_cfled.py[line:66] INFO step into layer2, url is: http://www.cfled.com/product1.aspx?CateId=444.
2017-06-06 11:13:02,437 spider_cfled.py[line:103] INFO step into layer3, url is: http://www.cfled.com/product1_show.aspx?ProId=60.
2017-06-06 11:13:06,653 spider_cfled.py[line:103] INFO step into layer3, url is: http://www.cfled.com/product1_show.aspx?ProId=546.
2017-06-06 11:13:12,005 spider_cfled.py[line:103] INFO step into layer3, url is: http://www.cfled.com/product1_show.aspx?ProId=547.
2017-06-06 11:13:16,878 spider_cfled.py[line:103] INFO step into layer3, url is: http://www.cfled.com/product1_show.aspx?ProId=568.
2017-06-06 11:13:21,551 spider_cfled.py[line:103] INFO step into layer3, url is: http://www.cfled.com/product1_show.aspx?ProId=571.
2017-06-06 11:13:24,003 spider_cfled.py[line:103] INFO step into layer3, url is: http://www.cfled.com/product1_show.aspx?ProId=549.
2017-06-06 11:13:29,750 spider_cfled.py[line:103] INFO step into layer3, url is: http://www.cfled.com/product1_show.aspx?ProId=89.
2017-06-06 11:13:35,247 spider_cfled.py[line:103] INFO step into layer3, url is: http://www.cfled.com/product1_show.aspx?ProId=551.
2017-06-06 11:13:40,286 spider_cfled.py[line:103] INFO step into layer3, url is: http://www.cfled.com/product1_show.aspx?ProId=577.
2017-06-06 11:13:43,058 spider_cfled.py[line:103] INFO step into layer3, url is: http://www.cfled.com/product1_show.aspx?ProId=249.
2017-06-06 11:13:48,282 spider_cfled.py[line:103] INFO step into layer3, url is: http://www.cfled.com/product1_show.aspx?ProId=576.
2017-06-06 11:13:51,391 spider_cfled.py[line:103] INFO step into layer3, url is: http://www.cfled.com/product1_show.aspx?ProId=578.
2017-06-06 11:13:56,963 spider_cfled.py[line:103] INFO step into layer3, url is: http://www.cfled.com/product1_show.aspx?ProId=416.
2017-06-06 11:14:02,568 spider_cfled.py[line:103] INFO step into layer3, url is: http://www.cfled.com/product1_show.aspx?ProId=417.
2017-06-06 11:14:07,744 spider_cfled.py[line:103] INFO step into layer3, url is: http://www.cfled.com/product1_show.aspx?ProId=579.
2017-06-06 11:14:12,533 spider_cfled.py[line:103] INFO step into layer3, url is: http://www.cfled.com/product1_show.aspx?ProId=370.
2017-06-06 11:14:17,714 spider_cfled.py[line:103] INFO step into layer3, url is: http://www.cfled.com/product1_show.aspx?ProId=581.
2017-06-06 11:14:22,842 spider_cfled.py[line:103] INFO step into layer3, url is: http://www.cfled.com/product1_show.aspx?ProId=250.
2017-06-06 11:14:27,094 spider_cfled.py[line:103] INFO step into layer3, url is: http://www.cfled.com/product1_show.aspx?ProId=423.
2017-06-06 11:14:32,460 spider_cfled.py[line:103] INFO step into layer3, url is: http://www.cfled.com/product1_show.aspx?ProId=371.
2017-06-06 11:14:37,026 spider_cfled.py[line:103] INFO step into layer3, url is: http://www.cfled.com/product1_show.aspx?ProId=382.
2017-06-06 11:14:39,667 spider_cfled.py[line:103] INFO step into layer3, url is: http://www.cfled.com/product1_show.aspx?ProId=248.
2017-06-06 11:14:44,575 spider_cfled.py[line:103] INFO step into layer3, url is: http://www.cfled.com/product1_show.aspx?ProId=550.
2017-06-06 11:14:50,552 spider_cfled.py[line:103] INFO step into layer3, url is: http://www.cfled.com/product1_show.aspx?ProId=567.
2017-06-06 11:14:56,480 spider_cfled.py[line:103] INFO step into layer3, url is: http://www.cfled.com/product1_show.aspx?ProId=575.
2017-06-06 11:15:02,022 spider_cfled.py[line:103] INFO step into layer3, url is: http://www.cfled.com/product1_show.aspx?ProId=572.
2017-06-06 11:15:06,016 spider_cfled.py[line:103] INFO step into layer3, url is: http://www.cfled.com/product1_show.aspx?ProId=419.
