2017-06-05 16:11:39,253 spiders.py[line:68] INFO Reading start URLs from redis key 'cfled:start_urls' (batch size: 16, encoding: utf-8
2017-06-05 16:11:40,730 __init__.py[line:47] DEBUG Resuming crawl (25 requests scheduled)
2017-06-05 16:11:41,414 spider_cfled.py[line:103] INFO step into layer3, url is: http://www.cfled.com/product1_show.aspx?ProId=590.
2017-06-05 16:11:51,588 spider_cfled.py[line:103] INFO step into layer3, url is: http://www.cfled.com/product1_show.aspx?ProId=591.
2017-06-05 16:11:55,094 spider_cfled.py[line:66] INFO step into layer2, url is: http://www.cfled.com/product1.aspx?CateId=27.
2017-06-05 16:12:01,203 spider_cfled.py[line:66] INFO step into layer2, url is: http://www.cfled.com/product1.aspx?CateId=28.
2017-06-05 16:12:05,611 spider_cfled.py[line:66] INFO step into layer2, url is: http://www.cfled.com/product1.aspx?CateId=207.
2017-06-05 16:12:10,904 spider_cfled.py[line:66] INFO step into layer2, url is: http://www.cfled.com/product1.aspx?CateId=208.
2017-06-05 16:12:15,641 spider_cfled.py[line:66] INFO step into layer2, url is: http://www.cfled.com/product1.aspx?CateId=210.
2017-06-05 16:12:20,404 spider_cfled.py[line:66] INFO step into layer2, url is: http://www.cfled.com/product1.aspx?CateId=211.
2017-06-05 16:12:23,867 spider_cfled.py[line:66] INFO step into layer2, url is: http://www.cfled.com/product1.aspx?CateId=352.
2017-06-05 16:12:28,671 spider_cfled.py[line:66] INFO step into layer2, url is: http://www.cfled.com/product1.aspx?CateId=355.
2017-06-05 16:12:33,812 spider_cfled.py[line:66] INFO step into layer2, url is: http://www.cfled.com/product1.aspx?CateId=366.
2017-06-05 16:12:39,951 spider_cfled.py[line:66] INFO step into layer2, url is: http://www.cfled.com/product1.aspx?CateId=386.
2017-06-05 16:12:44,237 spider_cfled.py[line:66] INFO step into layer2, url is: http://www.cfled.com/product1.aspx?CateId=387.
2017-06-05 16:12:48,378 spider_cfled.py[line:66] INFO step into layer2, url is: http://www.cfled.com/product1.aspx?CateId=440.
2017-06-05 16:12:52,267 spider_cfled.py[line:66] INFO step into layer2, url is: http://www.cfled.com/product1.aspx?CateId=441.
2017-06-05 16:12:55,986 spider_cfled.py[line:66] INFO step into layer2, url is: http://www.cfled.com/product1.aspx?CateId=442.
2017-06-05 16:13:01,424 spider_cfled.py[line:66] INFO step into layer2, url is: http://www.cfled.com/product1.aspx?CateId=444.
2017-06-05 16:13:06,719 spider_cfled.py[line:66] INFO step into layer2, url is: http://www.cfled.com/product1.aspx?CateId=445.
2017-06-05 16:13:12,628 spider_cfled.py[line:66] INFO step into layer2, url is: http://www.cfled.com/product1.aspx?CateId=446.
2017-06-05 16:13:18,625 spider_cfled.py[line:103] INFO step into layer3, url is: http://www.cfled.com/product1_show.aspx?ProId=60.
2017-06-05 16:13:23,457 spider_cfled.py[line:103] INFO step into layer3, url is: http://www.cfled.com/product1_show.aspx?ProId=546.
2017-06-05 16:13:28,233 spider_cfled.py[line:103] INFO step into layer3, url is: http://www.cfled.com/product1_show.aspx?ProId=547.
2017-06-05 16:13:33,878 spider_cfled.py[line:103] INFO step into layer3, url is: http://www.cfled.com/product1_show.aspx?ProId=568.
2017-06-05 16:13:38,762 spider_cfled.py[line:103] INFO step into layer3, url is: http://www.cfled.com/product1_show.aspx?ProId=571.
2017-06-05 16:13:42,635 spider_cfled.py[line:103] INFO step into layer3, url is: http://www.cfled.com/product1_show.aspx?ProId=549.
2017-06-05 16:13:46,500 spider_cfled.py[line:103] INFO step into layer3, url is: http://www.cfled.com/product1_show.aspx?ProId=89.
2017-06-05 16:13:51,561 spider_cfled.py[line:103] INFO step into layer3, url is: http://www.cfled.com/product1_show.aspx?ProId=551.
2017-06-05 16:13:54,519 spider_cfled.py[line:103] INFO step into layer3, url is: http://www.cfled.com/product1_show.aspx?ProId=577.
2017-06-05 16:14:00,029 spider_cfled.py[line:103] INFO step into layer3, url is: http://www.cfled.com/product1_show.aspx?ProId=249.
2017-06-05 16:14:04,651 spider_cfled.py[line:103] INFO step into layer3, url is: http://www.cfled.com/product1_show.aspx?ProId=576.
2017-06-05 16:14:10,140 spider_cfled.py[line:103] INFO step into layer3, url is: http://www.cfled.com/product1_show.aspx?ProId=581.
2017-06-05 16:14:15,726 spider_cfled.py[line:103] INFO step into layer3, url is: http://www.cfled.com/product1_show.aspx?ProId=250.
2017-06-05 16:14:20,275 spider_cfled.py[line:103] INFO step into layer3, url is: http://www.cfled.com/product1_show.aspx?ProId=370.
2017-06-05 16:14:24,740 spider_cfled.py[line:103] INFO step into layer3, url is: http://www.cfled.com/product1_show.aspx?ProId=371.
2017-06-05 16:14:29,993 spider_cfled.py[line:103] INFO step into layer3, url is: http://www.cfled.com/product1_show.aspx?ProId=382.
2017-06-05 16:14:35,345 spider_cfled.py[line:103] INFO step into layer3, url is: http://www.cfled.com/product1_show.aspx?ProId=380.
2017-06-05 16:14:41,150 spider_cfled.py[line:103] INFO step into layer3, url is: http://www.cfled.com/product1_show.aspx?ProId=248.
2017-06-05 16:14:46,678 spider_cfled.py[line:103] INFO step into layer3, url is: http://www.cfled.com/product1_show.aspx?ProId=550.
2017-06-05 16:14:51,141 spider_cfled.py[line:103] INFO step into layer3, url is: http://www.cfled.com/product1_show.aspx?ProId=567.
2017-06-05 16:14:57,065 spider_cfled.py[line:103] INFO step into layer3, url is: http://www.cfled.com/product1_show.aspx?ProId=575.
2017-06-05 16:15:01,674 spider_cfled.py[line:103] INFO step into layer3, url is: http://www.cfled.com/product1_show.aspx?ProId=572.
2017-06-05 16:15:07,295 spider_cfled.py[line:103] INFO step into layer3, url is: http://www.cfled.com/product1_show.aspx?ProId=565.
2017-06-05 16:15:12,448 spider_cfled.py[line:103] INFO step into layer3, url is: http://www.cfled.com/product1_show.aspx?ProId=369.
2017-06-05 16:15:15,519 spider_cfled.py[line:103] INFO step into layer3, url is: http://www.cfled.com/product1_show.aspx?ProId=372.
2017-06-05 16:15:20,838 spider_cfled.py[line:103] INFO step into layer3, url is: http://www.cfled.com/product1_show.aspx?ProId=373.
2017-06-05 16:15:26,349 spider_cfled.py[line:103] INFO step into layer3, url is: http://www.cfled.com/product1_show.aspx?ProId=374.
2017-06-05 16:15:28,769 spider_cfled.py[line:103] INFO step into layer3, url is: http://www.cfled.com/product1_show.aspx?ProId=375.
2017-06-05 16:15:34,651 spider_cfled.py[line:103] INFO step into layer3, url is: http://www.cfled.com/product1_show.aspx?ProId=376.
2017-06-05 16:15:38,111 spider_cfled.py[line:103] INFO step into layer3, url is: http://www.cfled.com/product1_show.aspx?ProId=377.
2017-06-05 16:15:43,135 spider_cfled.py[line:103] INFO step into layer3, url is: http://www.cfled.com/product1_show.aspx?ProId=378.
2017-06-05 16:15:48,839 spider_cfled.py[line:103] INFO step into layer3, url is: http://www.cfled.com/product1_show.aspx?ProId=379.
2017-06-05 16:15:54,336 spider_cfled.py[line:103] INFO step into layer3, url is: http://www.cfled.com/product1_show.aspx?ProId=574.
2017-06-05 16:15:59,657 spider_cfled.py[line:103] INFO step into layer3, url is: http://www.cfled.com/product1_show.aspx?ProId=569.
2017-06-05 16:16:05,242 spider_cfled.py[line:103] INFO step into layer3, url is: http://www.cfled.com/product1_show.aspx?ProId=584.
2017-06-05 16:16:11,450 spider_cfled.py[line:103] INFO step into layer3, url is: http://www.cfled.com/product1_show.aspx?ProId=585.
2017-06-05 16:16:16,029 spider_cfled.py[line:103] INFO step into layer3, url is: http://www.cfled.com/product1_show.aspx?ProId=545.
2017-06-05 16:16:21,430 spider_cfled.py[line:103] INFO step into layer3, url is: http://www.cfled.com/product1_show.aspx?ProId=602.
2017-06-05 16:16:26,217 spider_cfled.py[line:103] INFO step into layer3, url is: http://www.cfled.com/product1_show.aspx?ProId=548.
2017-06-05 16:16:30,858 spider_cfled.py[line:103] INFO step into layer3, url is: http://www.cfled.com/product1_show.aspx?ProId=573.
2017-06-05 16:16:35,878 spider_cfled.py[line:103] INFO step into layer3, url is: http://www.cfled.com/product1_show.aspx?ProId=564.
2017-06-05 16:16:40,615 spider_cfled.py[line:103] INFO step into layer3, url is: http://www.cfled.com/product1_show.aspx?ProId=582.
2017-06-05 16:16:46,414 spider_cfled.py[line:103] INFO step into layer3, url is: http://www.cfled.com/product1_show.aspx?ProId=583.
2017-06-05 16:16:49,479 spiders.py[line:95] DEBUG Read 1 requests from 'cfled:start_urls'
2017-06-05 16:16:49,572 spider_cfled.py[line:103] INFO step into layer3, url is: http://www.cfled.com/product1_show.aspx?ProId=552.
2017-06-05 16:16:55,398 spider_cfled.py[line:103] INFO step into layer3, url is: http://www.cfled.com/product1_show.aspx?ProId=397.
2017-06-05 16:16:58,983 spider_cfled.py[line:103] INFO step into layer3, url is: http://www.cfled.com/product1_show.aspx?ProId=553.
2017-06-05 16:17:02,384 spider_cfled.py[line:103] INFO step into layer3, url is: http://www.cfled.com/product1_show.aspx?ProId=560.
2017-06-05 16:17:07,608 spider_cfled.py[line:103] INFO step into layer3, url is: http://www.cfled.com/product1_show.aspx?ProId=557.
2017-06-05 16:17:10,749 spider_cfled.py[line:103] INFO step into layer3, url is: http://www.cfled.com/product1_show.aspx?ProId=561.
2017-06-05 16:17:16,539 spider_cfled.py[line:103] INFO step into layer3, url is: http://www.cfled.com/product1_show.aspx?ProId=559.
2017-06-05 16:17:22,029 spider_cfled.py[line:103] INFO step into layer3, url is: http://www.cfled.com/product1_show.aspx?ProId=556.
2017-06-05 16:17:25,798 spider_cfled.py[line:103] INFO step into layer3, url is: http://www.cfled.com/product1_show.aspx?ProId=558.
2017-06-05 16:17:30,674 spider_cfled.py[line:66] INFO step into layer2, url is: http://www.cfled.com/product1.aspx?CateId=447.
2017-06-05 16:17:35,460 spider_cfled.py[line:66] INFO step into layer2, url is: http://www.cfled.com/product1.aspx?CateId=462.
2017-06-05 16:17:41,029 spider_cfled.py[line:66] INFO step into layer2, url is: http://www.cfled.com/product1.aspx?CateId=465.
2017-06-05 16:17:46,714 spider_cfled.py[line:66] INFO step into layer2, url is: http://www.cfled.com/product1.aspx?CateId=466.
2017-06-05 16:17:52,480 spider_cfled.py[line:66] INFO step into layer2, url is: http://www.cfled.com/product1.aspx?CateId=489.
2017-06-05 16:17:58,318 spider_cfled.py[line:66] INFO step into layer2, url is: http://www.cfled.com/product1.aspx?CateId=490.
2017-06-05 16:18:04,063 spider_cfled.py[line:51] INFO step into layer1, url is: http://www.cfled.com/product.aspx.
2017-06-05 16:18:07,413 spider_cfled.py[line:103] INFO step into layer3, url is: http://www.cfled.com/product1_show.aspx?ProId=381.
2017-06-05 16:18:11,078 spider_cfled.py[line:103] INFO step into layer3, url is: http://www.cfled.com/product1_show.aspx?ProId=578.
2017-06-05 16:18:16,055 spider_cfled.py[line:103] INFO step into layer3, url is: http://www.cfled.com/product1_show.aspx?ProId=579.
2017-06-05 16:18:19,502 spider_cfled.py[line:103] INFO step into layer3, url is: http://www.cfled.com/product1_show.aspx?ProId=580.
2017-06-05 16:18:25,457 spider_cfled.py[line:103] INFO step into layer3, url is: http://www.cfled.com/product1_show.aspx?ProId=416.
2017-06-05 16:18:30,980 spider_cfled.py[line:103] INFO step into layer3, url is: http://www.cfled.com/product1_show.aspx?ProId=417.
2017-06-05 16:18:34,506 spider_cfled.py[line:103] INFO step into layer3, url is: http://www.cfled.com/product1_show.aspx?ProId=419.
2017-06-05 16:18:40,437 spider_cfled.py[line:103] INFO step into layer3, url is: http://www.cfled.com/product1_show.aspx?ProId=418.
2017-06-05 16:18:46,221 spider_cfled.py[line:103] INFO step into layer3, url is: http://www.cfled.com/product1_show.aspx?ProId=420.
2017-06-05 16:18:52,092 spider_cfled.py[line:103] INFO step into layer3, url is: http://www.cfled.com/product1_show.aspx?ProId=421.
2017-06-05 16:18:55,647 spider_cfled.py[line:103] INFO step into layer3, url is: http://www.cfled.com/product1_show.aspx?ProId=423.
2017-06-05 16:19:00,887 spider_cfled.py[line:103] INFO step into layer3, url is: http://www.cfled.com/product1_show.aspx?ProId=422.
2017-06-05 16:19:05,677 spider_cfled.py[line:103] INFO step into layer3, url is: http://www.cfled.com/product1_show.aspx?ProId=447.
2017-06-05 16:19:11,717 spider_cfled.py[line:103] INFO step into layer3, url is: http://www.cfled.com/product1_show.aspx?ProId=448.
2017-06-05 16:19:17,897 spider_cfled.py[line:103] INFO step into layer3, url is: http://www.cfled.com/product1_show.aspx?ProId=449.
2017-06-05 16:19:21,950 spider_cfled.py[line:103] INFO step into layer3, url is: http://www.cfled.com/product1_show.aspx?ProId=450.
2017-06-05 16:19:27,559 spider_cfled.py[line:103] INFO step into layer3, url is: http://www.cfled.com/product1_show.aspx?ProId=446.
2017-06-05 16:19:30,549 spider_cfled.py[line:103] INFO step into layer3, url is: http://www.cfled.com/product1_show.aspx?ProId=586.
2017-06-05 16:19:35,415 spider_cfled.py[line:103] INFO step into layer3, url is: http://www.cfled.com/product1_show.aspx?ProId=587.
2017-06-05 16:19:38,625 spider_cfled.py[line:103] INFO step into layer3, url is: http://www.cfled.com/product1_show.aspx?ProId=588.
2017-06-05 16:19:44,493 spider_cfled.py[line:103] INFO step into layer3, url is: http://www.cfled.com/product1_show.aspx?ProId=589.
2017-06-05 16:19:49,443 spider_cfled.py[line:103] INFO step into layer3, url is: http://www.cfled.com/product1_show.aspx?ProId=590.
2017-06-05 16:19:55,184 spider_cfled.py[line:103] INFO step into layer3, url is: http://www.cfled.com/product1_show.aspx?ProId=591.
2017-06-05 16:19:58,279 spider_cfled.py[line:66] INFO step into layer2, url is: http://www.cfled.com/product1.aspx?CateId=27.
2017-06-05 16:20:03,380 spider_cfled.py[line:66] INFO step into layer2, url is: http://www.cfled.com/product1.aspx?CateId=28.
2017-06-05 16:20:07,757 spider_cfled.py[line:66] INFO step into layer2, url is: http://www.cfled.com/product1.aspx?CateId=207.
2017-06-05 16:20:13,835 spider_cfled.py[line:66] INFO step into layer2, url is: http://www.cfled.com/product1.aspx?CateId=208.
2017-06-05 16:20:19,298 spider_cfled.py[line:66] INFO step into layer2, url is: http://www.cfled.com/product1.aspx?CateId=210.
2017-06-05 16:20:25,595 spider_cfled.py[line:66] INFO step into layer2, url is: http://www.cfled.com/product1.aspx?CateId=211.
2017-06-05 16:20:30,480 spider_cfled.py[line:66] INFO step into layer2, url is: http://www.cfled.com/product1.aspx?CateId=352.
2017-06-05 16:20:33,832 spider_cfled.py[line:66] INFO step into layer2, url is: http://www.cfled.com/product1.aspx?CateId=355.
2017-06-05 16:20:39,770 spider_cfled.py[line:66] INFO step into layer2, url is: http://www.cfled.com/product1.aspx?CateId=366.
2017-06-05 16:20:45,602 spider_cfled.py[line:66] INFO step into layer2, url is: http://www.cfled.com/product1.aspx?CateId=386.
2017-06-05 16:20:50,792 spider_cfled.py[line:66] INFO step into layer2, url is: http://www.cfled.com/product1.aspx?CateId=387.
2017-06-05 16:20:57,121 spider_cfled.py[line:66] INFO step into layer2, url is: http://www.cfled.com/product1.aspx?CateId=440.
2017-06-05 16:21:01,203 spider_cfled.py[line:66] INFO step into layer2, url is: http://www.cfled.com/product1.aspx?CateId=441.
2017-06-05 16:21:06,993 spider_cfled.py[line:66] INFO step into layer2, url is: http://www.cfled.com/product1.aspx?CateId=442.
2017-06-05 16:21:11,112 spider_cfled.py[line:66] INFO step into layer2, url is: http://www.cfled.com/product1.aspx?CateId=444.
2017-06-05 16:21:16,839 spider_cfled.py[line:66] INFO step into layer2, url is: http://www.cfled.com/product1.aspx?CateId=445.
2017-06-05 16:21:22,664 spider_cfled.py[line:66] INFO step into layer2, url is: http://www.cfled.com/product1.aspx?CateId=446.
2017-06-05 16:21:27,207 spider_cfled.py[line:103] INFO step into layer3, url is: http://www.cfled.com/product1_show.aspx?ProId=60.
2017-06-05 16:21:32,994 spider_cfled.py[line:103] INFO step into layer3, url is: http://www.cfled.com/product1_show.aspx?ProId=546.
2017-06-05 16:21:38,631 spider_cfled.py[line:103] INFO step into layer3, url is: http://www.cfled.com/product1_show.aspx?ProId=547.
2017-06-05 16:21:44,532 spider_cfled.py[line:103] INFO step into layer3, url is: http://www.cfled.com/product1_show.aspx?ProId=568.
2017-06-05 16:21:50,487 spider_cfled.py[line:103] INFO step into layer3, url is: http://www.cfled.com/product1_show.aspx?ProId=571.
2017-06-05 16:21:55,664 spider_cfled.py[line:103] INFO step into layer3, url is: http://www.cfled.com/product1_show.aspx?ProId=549.
2017-06-05 16:22:01,302 spider_cfled.py[line:103] INFO step into layer3, url is: http://www.cfled.com/product1_show.aspx?ProId=89.
2017-06-05 16:22:05,726 spider_cfled.py[line:103] INFO step into layer3, url is: http://www.cfled.com/product1_show.aspx?ProId=551.
2017-06-05 16:22:09,345 spider_cfled.py[line:103] INFO step into layer3, url is: http://www.cfled.com/product1_show.aspx?ProId=577.
2017-06-05 16:22:14,579 spider_cfled.py[line:103] INFO step into layer3, url is: http://www.cfled.com/product1_show.aspx?ProId=249.
2017-06-05 16:22:20,339 spider_cfled.py[line:103] INFO step into layer3, url is: http://www.cfled.com/product1_show.aspx?ProId=576.
2017-06-05 16:22:25,210 spider_cfled.py[line:103] INFO step into layer3, url is: http://www.cfled.com/product1_show.aspx?ProId=581.
2017-06-05 16:22:28,816 spider_cfled.py[line:103] INFO step into layer3, url is: http://www.cfled.com/product1_show.aspx?ProId=250.
2017-06-05 16:22:33,058 spider_cfled.py[line:103] INFO step into layer3, url is: http://www.cfled.com/product1_show.aspx?ProId=370.
2017-06-05 16:22:38,700 spider_cfled.py[line:103] INFO step into layer3, url is: http://www.cfled.com/product1_show.aspx?ProId=371.
2017-06-05 16:22:42,226 spider_cfled.py[line:103] INFO step into layer3, url is: http://www.cfled.com/product1_show.aspx?ProId=382.
2017-06-05 16:22:48,167 spider_cfled.py[line:103] INFO step into layer3, url is: http://www.cfled.com/product1_show.aspx?ProId=380.
2017-06-05 16:22:52,236 spider_cfled.py[line:103] INFO step into layer3, url is: http://www.cfled.com/product1_show.aspx?ProId=248.
2017-06-05 16:22:56,332 spider_cfled.py[line:103] INFO step into layer3, url is: http://www.cfled.com/product1_show.aspx?ProId=550.
2017-06-05 16:23:00,763 spider_cfled.py[line:103] INFO step into layer3, url is: http://www.cfled.com/product1_show.aspx?ProId=567.
2017-06-05 16:23:04,907 spider_cfled.py[line:103] INFO step into layer3, url is: http://www.cfled.com/product1_show.aspx?ProId=575.
