2017-06-06 11:21:46,204 spiders.py[line:68] INFO Reading start URLs from redis key 'cfled:start_urls' (batch size: 16, encoding: utf-8
2017-06-06 11:21:48,700 spiders.py[line:95] DEBUG Read 1 requests from 'cfled:start_urls'
2017-06-06 11:21:49,348 spider_cfled.py[line:51] INFO step into layer1, url is: http://www.cfled.com/product.aspx.
2017-06-06 11:21:54,826 spider_cfled.py[line:66] INFO step into layer2, url is: http://www.cfled.com/product1.aspx?CateId=27.
2017-06-06 11:21:59,109 spider_cfled.py[line:66] INFO step into layer2, url is: http://www.cfled.com/product1.aspx?CateId=28.
2017-06-06 11:22:02,673 spider_cfled.py[line:66] INFO step into layer2, url is: http://www.cfled.com/product1.aspx?CateId=207.
2017-06-06 11:22:06,522 spider_cfled.py[line:66] INFO step into layer2, url is: http://www.cfled.com/product1.aspx?CateId=208.
2017-06-06 11:22:11,428 spider_cfled.py[line:66] INFO step into layer2, url is: http://www.cfled.com/product1.aspx?CateId=210.
2017-06-06 11:22:14,839 spider_cfled.py[line:66] INFO step into layer2, url is: http://www.cfled.com/product1.aspx?CateId=211.
2017-06-06 11:22:20,466 spider_cfled.py[line:66] INFO step into layer2, url is: http://www.cfled.com/product1.aspx?CateId=352.
2017-06-06 11:22:25,117 spider_cfled.py[line:66] INFO step into layer2, url is: http://www.cfled.com/product1.aspx?CateId=355.
2017-06-06 11:22:30,664 spider_cfled.py[line:66] INFO step into layer2, url is: http://www.cfled.com/product1.aspx?CateId=366.
2017-06-06 11:22:35,349 spider_cfled.py[line:66] INFO step into layer2, url is: http://www.cfled.com/product1.aspx?CateId=386.
2017-06-06 11:22:41,230 spider_cfled.py[line:66] INFO step into layer2, url is: http://www.cfled.com/product1.aspx?CateId=387.
2017-06-06 11:22:45,457 spider_cfled.py[line:66] INFO step into layer2, url is: http://www.cfled.com/product1.aspx?CateId=462.
2017-06-06 11:22:48,713 spider_cfled.py[line:66] INFO step into layer2, url is: http://www.cfled.com/product1.aspx?CateId=465.
2017-06-06 11:22:54,451 spider_cfled.py[line:66] INFO step into layer2, url is: http://www.cfled.com/product1.aspx?CateId=466.
2017-06-06 11:22:59,710 spider_cfled.py[line:66] INFO step into layer2, url is: http://www.cfled.com/product1.aspx?CateId=489.
2017-06-06 11:23:03,980 spider_cfled.py[line:66] INFO step into layer2, url is: http://www.cfled.com/product1.aspx?CateId=440.
2017-06-06 11:23:07,755 spider_cfled.py[line:66] INFO step into layer2, url is: http://www.cfled.com/product1.aspx?CateId=441.
2017-06-06 11:23:10,341 spider_cfled.py[line:103] INFO step into layer3, url is: http://www.cfled.com/product1_show.aspx?ProId=60.
2017-06-06 11:23:13,661 spider_cfled.py[line:103] INFO step into layer3, url is: http://www.cfled.com/product1_show.aspx?ProId=561.
2017-06-06 11:23:18,407 spider_cfled.py[line:103] INFO step into layer3, url is: http://www.cfled.com/product1_show.aspx?ProId=560.
2017-06-06 11:23:22,986 spider_cfled.py[line:103] INFO step into layer3, url is: http://www.cfled.com/product1_show.aspx?ProId=568.
2017-06-06 11:23:28,867 spider_cfled.py[line:103] INFO step into layer3, url is: http://www.cfled.com/product1_show.aspx?ProId=571.
2017-06-06 11:23:33,822 spider_cfled.py[line:103] INFO step into layer3, url is: http://www.cfled.com/product1_show.aspx?ProId=549.
2017-06-06 11:23:38,401 spider_cfled.py[line:103] INFO step into layer3, url is: http://www.cfled.com/product1_show.aspx?ProId=89.
2017-06-06 11:23:43,260 spider_cfled.py[line:103] INFO step into layer3, url is: http://www.cfled.com/product1_show.aspx?ProId=551.
2017-06-06 11:23:47,697 spider_cfled.py[line:103] INFO step into layer3, url is: http://www.cfled.com/product1_show.aspx?ProId=577.
2017-06-06 11:23:53,691 spider_cfled.py[line:103] INFO step into layer3, url is: http://www.cfled.com/product1_show.aspx?ProId=249.
2017-06-06 11:24:01,028 spider_cfled.py[line:103] INFO step into layer3, url is: http://www.cfled.com/product1_show.aspx?ProId=576.
2017-06-06 11:24:04,210 spider_cfled.py[line:103] INFO step into layer3, url is: http://www.cfled.com/product1_show.aspx?ProId=578.
2017-06-06 11:24:09,453 spider_cfled.py[line:103] INFO step into layer3, url is: http://www.cfled.com/product1_show.aspx?ProId=416.
2017-06-06 11:24:14,611 spider_cfled.py[line:103] INFO step into layer3, url is: http://www.cfled.com/product1_show.aspx?ProId=447.
2017-06-06 11:24:20,388 spider_cfled.py[line:103] INFO step into layer3, url is: http://www.cfled.com/product1_show.aspx?ProId=448.
2017-06-06 11:24:24,750 spider_cfled.py[line:103] INFO step into layer3, url is: http://www.cfled.com/product1_show.aspx?ProId=449.
2017-06-06 11:24:30,421 spider_cfled.py[line:103] INFO step into layer3, url is: http://www.cfled.com/product1_show.aspx?ProId=450.
2017-06-06 11:24:34,180 spider_cfled.py[line:103] INFO step into layer3, url is: http://www.cfled.com/product1_show.aspx?ProId=446.
2017-06-06 11:24:38,878 spider_cfled.py[line:103] INFO step into layer3, url is: http://www.cfled.com/product1_show.aspx?ProId=586.
2017-06-06 11:24:42,611 spider_cfled.py[line:103] INFO step into layer3, url is: http://www.cfled.com/product1_show.aspx?ProId=587.
2017-06-06 11:24:46,795 spider_cfled.py[line:103] INFO step into layer3, url is: http://www.cfled.com/product1_show.aspx?ProId=588.
2017-06-06 11:24:51,415 spider_cfled.py[line:103] INFO step into layer3, url is: http://www.cfled.com/product1_show.aspx?ProId=589.
2017-06-06 11:24:56,584 spider_cfled.py[line:103] INFO step into layer3, url is: http://www.cfled.com/product1_show.aspx?ProId=590.
2017-06-06 11:25:00,812 spider_cfled.py[line:103] INFO step into layer3, url is: http://www.cfled.com/product1_show.aspx?ProId=417.
2017-06-06 11:25:05,023 spider_cfled.py[line:103] INFO step into layer3, url is: http://www.cfled.com/product1_show.aspx?ProId=579.
2017-06-06 11:25:10,967 spider_cfled.py[line:103] INFO step into layer3, url is: http://www.cfled.com/product1_show.aspx?ProId=581.
2017-06-06 11:25:15,967 spider_cfled.py[line:103] INFO step into layer3, url is: http://www.cfled.com/product1_show.aspx?ProId=250.
2017-06-06 11:25:21,437 spider_cfled.py[line:103] INFO step into layer3, url is: http://www.cfled.com/product1_show.aspx?ProId=423.
2017-06-06 11:25:26,881 spider_cfled.py[line:103] INFO step into layer3, url is: http://www.cfled.com/product1_show.aspx?ProId=382.
2017-06-06 11:25:32,305 spider_cfled.py[line:103] INFO step into layer3, url is: http://www.cfled.com/product1_show.aspx?ProId=248.
2017-06-06 11:25:37,526 spider_cfled.py[line:103] INFO step into layer3, url is: http://www.cfled.com/product1_show.aspx?ProId=550.
2017-06-06 11:25:41,881 spider_cfled.py[line:103] INFO step into layer3, url is: http://www.cfled.com/product1_show.aspx?ProId=567.
2017-06-06 11:25:45,181 spider_cfled.py[line:103] INFO step into layer3, url is: http://www.cfled.com/product1_show.aspx?ProId=575.
2017-06-06 11:25:51,061 spider_cfled.py[line:103] INFO step into layer3, url is: http://www.cfled.com/product1_show.aspx?ProId=572.
2017-06-06 11:25:56,680 spider_cfled.py[line:103] INFO step into layer3, url is: http://www.cfled.com/product1_show.aspx?ProId=419.
2017-06-06 11:26:00,920 spider_cfled.py[line:103] INFO step into layer3, url is: http://www.cfled.com/product1_show.aspx?ProId=418.
2017-06-06 11:26:06,828 spider_cfled.py[line:103] INFO step into layer3, url is: http://www.cfled.com/product1_show.aspx?ProId=565.
2017-06-06 11:26:12,769 spider_cfled.py[line:103] INFO step into layer3, url is: http://www.cfled.com/product1_show.aspx?ProId=369.
2017-06-06 11:26:15,930 spider_cfled.py[line:103] INFO step into layer3, url is: http://www.cfled.com/product1_show.aspx?ProId=580.
2017-06-06 11:26:20,051 spider_cfled.py[line:103] INFO step into layer3, url is: http://www.cfled.com/product1_show.aspx?ProId=574.
2017-06-06 11:26:25,928 spider_cfled.py[line:103] INFO step into layer3, url is: http://www.cfled.com/product1_show.aspx?ProId=569.
2017-06-06 11:26:30,703 spider_cfled.py[line:103] INFO step into layer3, url is: http://www.cfled.com/product1_show.aspx?ProId=422.
2017-06-06 11:26:36,519 spider_cfled.py[line:103] INFO step into layer3, url is: http://www.cfled.com/product1_show.aspx?ProId=420.
2017-06-06 11:26:41,371 spider_cfled.py[line:103] INFO step into layer3, url is: http://www.cfled.com/product1_show.aspx?ProId=421.
2017-06-06 11:26:45,703 spider_cfled.py[line:103] INFO step into layer3, url is: http://www.cfled.com/product1_show.aspx?ProId=584.
2017-06-06 11:26:50,040 spider_cfled.py[line:103] INFO step into layer3, url is: http://www.cfled.com/product1_show.aspx?ProId=585.
2017-06-06 11:26:53,624 spider_cfled.py[line:103] INFO step into layer3, url is: http://www.cfled.com/product1_show.aspx?ProId=573.
2017-06-06 11:26:58,690 spider_cfled.py[line:103] INFO step into layer3, url is: http://www.cfled.com/product1_show.aspx?ProId=564.
2017-06-06 11:27:04,492 spider_cfled.py[line:103] INFO step into layer3, url is: http://www.cfled.com/product1_show.aspx?ProId=582.
2017-06-06 11:27:08,767 spider_cfled.py[line:103] INFO step into layer3, url is: http://www.cfled.com/product1_show.aspx?ProId=583.
2017-06-06 11:27:12,953 spider_cfled.py[line:103] INFO step into layer3, url is: http://www.cfled.com/product1_show.aspx?ProId=552.
2017-06-06 11:27:16,904 spider_cfled.py[line:103] INFO step into layer3, url is: http://www.cfled.com/product1_show.aspx?ProId=553.
2017-06-06 11:27:20,272 spider_cfled.py[line:103] INFO step into layer3, url is: http://www.cfled.com/product1_show.aspx?ProId=557.
2017-06-06 11:27:25,539 spider_cfled.py[line:103] INFO step into layer3, url is: http://www.cfled.com/product1_show.aspx?ProId=559.
2017-06-06 11:27:30,108 spider_cfled.py[line:103] INFO step into layer3, url is: http://www.cfled.com/product1_show.aspx?ProId=556.
2017-06-06 11:27:34,852 spider_cfled.py[line:103] INFO step into layer3, url is: http://www.cfled.com/product1_show.aspx?ProId=558.
