2017-06-12 16:27:10,446 spiders.py[line:68] INFO Reading start URLs from redis key 'clamptek:start_urls' (batch size: 16, encoding: utf-8
2017-06-12 16:27:12,076 __init__.py[line:47] DEBUG Resuming crawl (3 requests scheduled)
2017-06-12 16:27:13,141 spiders.py[line:95] DEBUG Read 1 requests from 'clamptek:start_urls'
2017-06-12 16:27:14,532 spider_clamptek.py[line:68] INFO url is: http://www.clamptek.com/products.php?CateId=43.
2017-06-12 16:27:19,096 spider_clamptek.py[line:68] INFO url is: http://www.clamptek.com/products.php?CateId=44.
2017-06-12 16:27:24,173 spider_clamptek.py[line:68] INFO url is: http://www.clamptek.com/products.php?CateId=45.
2017-06-12 16:27:29,405 spider_clamptek.py[line:53] INFO url is: http://www.clamptek.com/products-show.php.
2017-06-12 16:27:34,697 spider_clamptek.py[line:85] INFO detail is being parsed, url is: http://www.clamptek.com/products-detail.php?ProId=428.
2017-06-12 16:27:39,019 spider_clamptek.py[line:85] INFO detail is being parsed, url is: http://www.clamptek.com/products-detail.php?ProId=426.
2017-06-12 16:27:43,951 spider_clamptek.py[line:85] INFO detail is being parsed, url is: http://www.clamptek.com/products-detail.php?ProId=427.
2017-06-12 16:27:49,894 spider_clamptek.py[line:85] INFO detail is being parsed, url is: http://www.clamptek.com/products-detail.php?ProId=425.
2017-06-12 16:27:56,102 spider_clamptek.py[line:85] INFO detail is being parsed, url is: http://www.clamptek.com/products-detail.php?ProId=424.
2017-06-12 16:28:00,454 spider_clamptek.py[line:85] INFO detail is being parsed, url is: http://www.clamptek.com/products-detail.php?ProId=732.
2017-06-12 16:28:05,802 spider_clamptek.py[line:85] INFO detail is being parsed, url is: http://www.clamptek.com/products-detail.php?ProId=725.
2017-06-12 16:28:10,605 spider_clamptek.py[line:85] INFO detail is being parsed, url is: http://www.clamptek.com/products-detail.php?ProId=724.
2017-06-12 16:28:14,806 spider_clamptek.py[line:85] INFO detail is being parsed, url is: http://www.clamptek.com/products-detail.php?ProId=729.
2017-06-12 16:28:19,369 spider_clamptek.py[line:85] INFO detail is being parsed, url is: http://www.clamptek.com/products-detail.php?ProId=728.
2017-06-12 16:28:23,802 spider_clamptek.py[line:85] INFO detail is being parsed, url is: http://www.clamptek.com/products-detail.php?ProId=726.
2017-06-12 16:28:29,207 spider_clamptek.py[line:85] INFO detail is being parsed, url is: http://www.clamptek.com/products-detail.php?ProId=730.
2017-06-12 16:28:32,658 spider_clamptek.py[line:85] INFO detail is being parsed, url is: http://www.clamptek.com/products-detail.php?ProId=727.
2017-06-12 16:28:38,015 spider_clamptek.py[line:85] INFO detail is being parsed, url is: http://www.clamptek.com/products-detail.php?ProId=731.
2017-06-12 16:28:42,989 spider_clamptek.py[line:68] INFO url is: http://www.clamptek.com/products.php?CateId=13.
2017-06-12 16:28:46,493 spider_clamptek.py[line:68] INFO url is: http://www.clamptek.com/products.php?CateId=14.
2017-06-12 16:28:53,161 spider_clamptek.py[line:68] INFO url is: http://www.clamptek.com/products.php?CateId=18.
2017-06-12 16:28:57,026 spider_clamptek.py[line:68] INFO url is: http://www.clamptek.com/products.php?CateId=19.
2017-06-12 16:28:59,588 spider_clamptek.py[line:68] INFO url is: http://www.clamptek.com/products.php?CateId=20.
2017-06-12 16:29:02,194 spider_clamptek.py[line:68] INFO url is: http://www.clamptek.com/products.php?CateId=21.
2017-06-12 16:29:06,043 spider_clamptek.py[line:68] INFO url is: http://www.clamptek.com/products.php?CateId=22.
2017-06-12 16:29:11,845 spider_clamptek.py[line:68] INFO url is: http://www.clamptek.com/products.php?CateId=23.
2017-06-12 16:29:17,135 spider_clamptek.py[line:68] INFO url is: http://www.clamptek.com/products.php?CateId=24.
2017-06-12 16:29:22,015 spider_clamptek.py[line:68] INFO url is: http://www.clamptek.com/products.php?CateId=25.
2017-06-12 16:29:26,424 spider_clamptek.py[line:68] INFO url is: http://www.clamptek.com/products.php?CateId=26.
2017-06-12 16:29:31,661 spider_clamptek.py[line:68] INFO url is: http://www.clamptek.com/products.php?CateId=27.
2017-06-12 16:29:35,979 spider_clamptek.py[line:68] INFO url is: http://www.clamptek.com/products.php?CateId=28.
2017-06-12 16:29:41,065 spider_clamptek.py[line:68] INFO url is: http://www.clamptek.com/products.php?CateId=29.
2017-06-12 16:29:46,170 spider_clamptek.py[line:68] INFO url is: http://www.clamptek.com/products.php?CateId=30.
2017-06-12 16:29:52,470 spider_clamptek.py[line:68] INFO url is: http://www.clamptek.com/products.php?CateId=31.
2017-06-12 16:29:57,621 spider_clamptek.py[line:68] INFO url is: http://www.clamptek.com/products.php?CateId=32.
2017-06-12 16:30:01,368 spider_clamptek.py[line:85] INFO detail is being parsed, url is: http://www.clamptek.com/products-detail.php?ProId=18.
2017-06-12 16:30:06,170 spider_clamptek.py[line:85] INFO detail is being parsed, url is: http://www.clamptek.com/products-detail.php?ProId=77.
2017-06-12 16:30:11,720 spider_clamptek.py[line:85] INFO detail is being parsed, url is: http://www.clamptek.com/products-detail.php?ProId=31.
2017-06-12 16:30:15,318 spider_clamptek.py[line:85] INFO detail is being parsed, url is: http://www.clamptek.com/products-detail.php?ProId=28.
2017-06-12 16:30:19,368 spider_clamptek.py[line:85] INFO detail is being parsed, url is: http://www.clamptek.com/products-detail.php?ProId=67.
2017-06-12 16:30:22,668 spider_clamptek.py[line:85] INFO detail is being parsed, url is: http://www.clamptek.com/products-detail.php?ProId=88.
2017-06-12 16:30:27,171 spider_clamptek.py[line:85] INFO detail is being parsed, url is: http://www.clamptek.com/products-detail.php?ProId=44.
2017-06-12 16:30:32,861 spider_clamptek.py[line:85] INFO detail is being parsed, url is: http://www.clamptek.com/products-detail.php?ProId=21.
2017-06-12 16:30:38,767 spider_clamptek.py[line:85] INFO detail is being parsed, url is: http://www.clamptek.com/products-detail.php?ProId=36.
2017-06-12 16:30:44,417 spider_clamptek.py[line:85] INFO detail is being parsed, url is: http://www.clamptek.com/products-detail.php?ProId=41.
2017-06-12 16:30:48,790 spider_clamptek.py[line:85] INFO detail is being parsed, url is: http://www.clamptek.com/products-detail.php?ProId=39.
2017-06-12 16:30:54,454 spider_clamptek.py[line:85] INFO detail is being parsed, url is: http://www.clamptek.com/products-detail.php?ProId=27.
2017-06-12 16:30:59,285 spider_clamptek.py[line:85] INFO detail is being parsed, url is: http://www.clamptek.com/products-detail.php?ProId=154.
2017-06-12 16:31:04,621 spider_clamptek.py[line:85] INFO detail is being parsed, url is: http://www.clamptek.com/products-detail.php?ProId=30.
2017-06-12 16:31:09,901 spider_clamptek.py[line:85] INFO detail is being parsed, url is: http://www.clamptek.com/products-detail.php?ProId=52.
2017-06-12 16:31:15,821 spider_clamptek.py[line:85] INFO detail is being parsed, url is: http://www.clamptek.com/products-detail.php?ProId=48.
2017-06-12 16:31:21,500 spider_clamptek.py[line:85] INFO detail is being parsed, url is: http://www.clamptek.com/products-detail.php?ProId=23.
2017-06-12 16:31:25,447 spider_clamptek.py[line:85] INFO detail is being parsed, url is: http://www.clamptek.com/products-detail.php?ProId=144.
2017-06-12 16:31:29,193 spider_clamptek.py[line:85] INFO detail is being parsed, url is: http://www.clamptek.com/products-detail.php?ProId=25.
2017-06-12 16:31:31,845 spider_clamptek.py[line:85] INFO detail is being parsed, url is: http://www.clamptek.com/products-detail.php?ProId=35.
2017-06-12 16:31:37,736 spider_clamptek.py[line:85] INFO detail is being parsed, url is: http://www.clamptek.com/products-detail.php?ProId=68.
2017-06-12 16:31:43,618 spider_clamptek.py[line:85] INFO detail is being parsed, url is: http://www.clamptek.com/products-detail.php?ProId=64.
2017-06-12 16:31:47,612 spider_clamptek.py[line:85] INFO detail is being parsed, url is: http://www.clamptek.com/products-detail.php?ProId=150.
2017-06-12 16:31:53,433 spider_clamptek.py[line:85] INFO detail is being parsed, url is: http://www.clamptek.com/products-detail.php?ProId=80.
2017-06-12 16:31:58,815 spider_clamptek.py[line:85] INFO detail is being parsed, url is: http://www.clamptek.com/products-detail.php?ProId=40.
2017-06-12 16:32:04,039 spider_clamptek.py[line:85] INFO detail is being parsed, url is: http://www.clamptek.com/products-detail.php?ProId=29.
2017-06-12 16:32:09,693 spider_clamptek.py[line:85] INFO detail is being parsed, url is: http://www.clamptek.com/products-detail.php?ProId=75.
2017-06-12 16:32:15,045 spider_clamptek.py[line:85] INFO detail is being parsed, url is: http://www.clamptek.com/products-detail.php?ProId=22.
2017-06-12 16:32:20,403 spider_clamptek.py[line:85] INFO detail is being parsed, url is: http://www.clamptek.com/products-detail.php?ProId=26.
2017-06-12 16:32:24,885 spider_clamptek.py[line:85] INFO detail is being parsed, url is: http://www.clamptek.com/products-detail.php?ProId=43.
2017-06-12 16:32:30,736 spider_clamptek.py[line:85] INFO detail is being parsed, url is: http://www.clamptek.com/products-detail.php?ProId=50.
2017-06-12 16:32:35,414 spider_clamptek.py[line:85] INFO detail is being parsed, url is: http://www.clamptek.com/products-detail.php?ProId=33.
2017-06-12 16:32:39,240 spider_clamptek.py[line:85] INFO detail is being parsed, url is: http://www.clamptek.com/products-detail.php?ProId=61.
2017-06-12 16:32:42,704 spider_clamptek.py[line:85] INFO detail is being parsed, url is: http://www.clamptek.com/products-detail.php?ProId=90.
2017-06-12 16:32:46,240 spider_clamptek.py[line:85] INFO detail is being parsed, url is: http://www.clamptek.com/products-detail.php?ProId=24.
2017-06-12 16:32:51,982 spider_clamptek.py[line:85] INFO detail is being parsed, url is: http://www.clamptek.com/products-detail.php?ProId=20.
2017-06-12 16:32:57,634 spider_clamptek.py[line:85] INFO detail is being parsed, url is: http://www.clamptek.com/products-detail.php?ProId=53.
2017-06-12 16:33:02,371 spider_clamptek.py[line:85] INFO detail is being parsed, url is: http://www.clamptek.com/products-detail.php?ProId=78.
