2017-05-24 16:35:41,703 spiders.py[line:68] INFO Reading start URLs from redis key 'ctz:start_urls' (batch size: 16, encoding: utf-8
2017-05-24 16:35:42,203 spiders.py[line:95] DEBUG Read 9 requests from 'ctz:start_urls'
2017-05-24 16:35:47,164 rotate_retry.py[line:16] INFO no need to retry, request is:<GET http://www.ceratizit.com/products/metal-cutting/list/?category=1>, failed reason:User timeout caused connection failure: Getting http://www.ceratizit.com/products/metal-cutting/list/?category=1 took longer than 5.0 seconds..
2017-05-24 16:35:52,154 rotate_retry.py[line:16] INFO no need to retry, request is:<GET http://www.ceratizit.com/products/metal-cutting/list/?category=9>, failed reason:User timeout caused connection failure: Getting http://www.ceratizit.com/products/metal-cutting/list/?category=9 took longer than 5.0 seconds..
2017-05-24 16:35:57,227 spider_ctz.py[line:59] INFO layer1 url is: http://www.ceratizit.com/products/metal-cutting/list/?category=8.
2017-05-24 16:36:03,131 rotate_retry.py[line:16] INFO no need to retry, request is:<GET http://www.ceratizit.com/products/metal-cutting/list/?category=3>, failed reason:User timeout caused connection failure: Getting http://www.ceratizit.com/products/metal-cutting/list/?category=3 took longer than 5.0 seconds..
2017-05-24 16:36:08,211 rotate_retry.py[line:16] INFO no need to retry, request is:<GET http://www.ceratizit.com/products/metal-cutting/list/?category=2>, failed reason:User timeout caused connection failure: Getting http://www.ceratizit.com/products/metal-cutting/list/?category=2 took longer than 5.0 seconds..
2017-05-24 16:36:12,691 rotate_retry.py[line:16] INFO no need to retry, request is:<GET http://www.ceratizit.com/products/metal-cutting/list/?category=4>, failed reason:User timeout caused connection failure: Getting http://www.ceratizit.com/products/metal-cutting/list/?category=4 took longer than 5.0 seconds..
2017-05-24 16:36:17,441 rotate_retry.py[line:16] INFO no need to retry, request is:<GET http://www.ceratizit.com/products/metal-cutting/list/?category=5>, failed reason:User timeout caused connection failure: Getting http://www.ceratizit.com/products/metal-cutting/list/?category=5 took longer than 5.0 seconds..
2017-05-24 16:36:22,259 rotate_retry.py[line:16] INFO no need to retry, request is:<GET http://www.ceratizit.com/products/metal-cutting/list/?category=6>, failed reason:User timeout caused connection failure: Getting http://www.ceratizit.com/products/metal-cutting/list/?category=6 took longer than 5.0 seconds..
2017-05-24 16:36:26,220 rotate_retry.py[line:16] INFO no need to retry, request is:<GET http://www.ceratizit.com/products/metal-cutting/list/?category=7>, failed reason:User timeout caused connection failure.
2017-05-24 16:36:26,437 spiders.py[line:95] DEBUG Read 8 requests from 'ctz:start_urls'
2017-05-24 16:36:32,217 rotate_retry.py[line:16] INFO no need to retry, request is:<GET http://www.ceratizit.com/products/metal-cutting/list/?category=1>, failed reason:User timeout caused connection failure.
2017-05-24 16:36:37,971 rotate_retry.py[line:16] INFO no need to retry, request is:<GET http://www.ceratizit.com/products/metal-cutting/list/?category=2>, failed reason:User timeout caused connection failure: Getting http://www.ceratizit.com/products/metal-cutting/list/?category=2 took longer than 5.0 seconds..
2017-05-24 16:36:41,068 rotate_retry.py[line:16] INFO no need to retry, request is:<GET http://www.ceratizit.com/products/metal-cutting/list/?category=3>, failed reason:User timeout caused connection failure: Getting http://www.ceratizit.com/products/metal-cutting/list/?category=3 took longer than 5.0 seconds..
2017-05-24 16:36:44,467 spider_ctz.py[line:59] INFO layer1 url is: http://www.ceratizit.com/products/metal-cutting/list/?category=4.
2017-05-24 16:36:49,970 spider_ctz.py[line:59] INFO layer1 url is: http://www.ceratizit.com/products/metal-cutting/list/?category=5.
2017-05-24 16:36:56,476 spider_ctz.py[line:59] INFO layer1 url is: http://www.ceratizit.com/products/metal-cutting/list/?category=6.
2017-05-24 16:36:59,707 spider_ctz.py[line:59] INFO layer1 url is: http://www.ceratizit.com/products/metal-cutting/list/?category=7.
2017-05-24 16:37:04,572 spider_ctz.py[line:59] INFO layer1 url is: http://www.ceratizit.com/products/metal-cutting/list/?category=9.
