2017-05-24 18:01:01,707 spiders.py[line:68] INFO Reading start URLs from redis key 'ctz:start_urls' (batch size: 16, encoding: utf-8
2017-05-24 18:01:01,927 __init__.py[line:46] DEBUG Resuming crawl (105 requests scheduled)
2017-05-24 18:01:04,532 spider_ctz.py[line:75] INFO layer2 is being parsed, url is: http://www.ceratizit.com/products/metal-cutting/list/detail/?product=5.
2017-05-24 18:01:07,559 spider_ctz.py[line:75] INFO layer2 is being parsed, url is: http://www.ceratizit.com/products/metal-cutting/list/detail/?product=6.
2017-05-24 18:01:12,006 spider_ctz.py[line:75] INFO layer2 is being parsed, url is: http://www.ceratizit.com/products/metal-cutting/list/detail/?product=7.
2017-05-24 18:01:16,734 spider_ctz.py[line:75] INFO layer2 is being parsed, url is: http://www.ceratizit.com/products/metal-cutting/list/detail/?product=8.
2017-05-24 18:01:21,072 spider_ctz.py[line:75] INFO layer2 is being parsed, url is: http://www.ceratizit.com/products/metal-cutting/list/detail/?product=9.
2017-05-24 18:01:25,411 spider_ctz.py[line:75] INFO layer2 is being parsed, url is: http://www.ceratizit.com/products/metal-cutting/list/detail/?product=10.
2017-05-24 18:01:30,930 spider_ctz.py[line:75] INFO layer2 is being parsed, url is: http://www.ceratizit.com/products/metal-cutting/list/detail/?product=11.
2017-05-24 18:01:37,394 spider_ctz.py[line:75] INFO layer2 is being parsed, url is: http://www.ceratizit.com/products/metal-cutting/list/detail/?product=12.
2017-05-24 18:01:41,255 spider_ctz.py[line:75] INFO layer2 is being parsed, url is: http://www.ceratizit.com/products/metal-cutting/list/detail/?product=13.
2017-05-24 18:01:45,434 spider_ctz.py[line:75] INFO layer2 is being parsed, url is: http://www.ceratizit.com/products/metal-cutting/list/detail/?product=14.
2017-05-24 18:01:49,674 spider_ctz.py[line:75] INFO layer2 is being parsed, url is: http://www.ceratizit.com/products/metal-cutting/list/detail/?product=15.
2017-05-24 18:01:53,766 spider_ctz.py[line:75] INFO layer2 is being parsed, url is: http://www.ceratizit.com/products/metal-cutting/list/detail/?product=16.
2017-05-24 18:01:57,006 spider_ctz.py[line:75] INFO layer2 is being parsed, url is: http://www.ceratizit.com/products/metal-cutting/list/detail/?product=17.
2017-05-24 18:01:59,865 spider_ctz.py[line:75] INFO layer2 is being parsed, url is: http://www.ceratizit.com/products/metal-cutting/list/detail/?product=18.
2017-05-24 18:02:05,210 spider_ctz.py[line:75] INFO layer2 is being parsed, url is: http://www.ceratizit.com/products/metal-cutting/list/detail/?product=19.
2017-05-24 18:02:08,029 spider_ctz.py[line:75] INFO layer2 is being parsed, url is: http://www.ceratizit.com/products/metal-cutting/list/detail/?product=20.
2017-05-24 18:02:13,861 spider_ctz.py[line:75] INFO layer2 is being parsed, url is: http://www.ceratizit.com/products/metal-cutting/list/detail/?product=21.
2017-05-24 18:02:19,516 spider_ctz.py[line:75] INFO layer2 is being parsed, url is: http://www.ceratizit.com/products/metal-cutting/list/detail/?product=22.
2017-05-24 18:02:23,983 spider_ctz.py[line:75] INFO layer2 is being parsed, url is: http://www.ceratizit.com/products/metal-cutting/list/detail/?product=23.
2017-05-24 18:02:28,030 spider_ctz.py[line:75] INFO layer2 is being parsed, url is: http://www.ceratizit.com/products/metal-cutting/list/detail/?product=24.
2017-05-24 18:02:32,479 spider_ctz.py[line:75] INFO layer2 is being parsed, url is: http://www.ceratizit.com/products/metal-cutting/list/detail/?product=26.
2017-05-24 18:02:37,819 spider_ctz.py[line:75] INFO layer2 is being parsed, url is: http://www.ceratizit.com/products/metal-cutting/list/detail/?product=27.
2017-05-24 18:02:43,786 spider_ctz.py[line:75] INFO layer2 is being parsed, url is: http://www.ceratizit.com/products/metal-cutting/list/detail/?product=28.
2017-05-24 18:02:48,381 spider_ctz.py[line:75] INFO layer2 is being parsed, url is: http://www.ceratizit.com/products/metal-cutting/list/detail/?product=29.
2017-05-24 18:02:53,640 spider_ctz.py[line:75] INFO layer2 is being parsed, url is: http://www.ceratizit.com/products/metal-cutting/list/detail/?product=30.
2017-05-24 18:02:57,381 spider_ctz.py[line:75] INFO layer2 is being parsed, url is: http://www.ceratizit.com/products/metal-cutting/list/detail/?product=31.
2017-05-24 18:03:03,207 spider_ctz.py[line:75] INFO layer2 is being parsed, url is: http://www.ceratizit.com/products/metal-cutting/list/detail/?product=33.
2017-05-24 18:03:09,157 spider_ctz.py[line:75] INFO layer2 is being parsed, url is: http://www.ceratizit.com/products/metal-cutting/list/detail/?product=34.
2017-05-24 18:03:14,339 spider_ctz.py[line:75] INFO layer2 is being parsed, url is: http://www.ceratizit.com/products/metal-cutting/list/detail/?product=513.
2017-05-24 18:03:19,395 spider_ctz.py[line:75] INFO layer2 is being parsed, url is: http://www.ceratizit.com/products/metal-cutting/list/detail/?product=530.
2017-05-24 18:03:23,831 spider_ctz.py[line:75] INFO layer2 is being parsed, url is: http://www.ceratizit.com/products/metal-cutting/list/detail/?product=534.
2017-05-24 18:03:28,292 spider_ctz.py[line:75] INFO layer2 is being parsed, url is: http://www.ceratizit.com/products/metal-cutting/list/detail/?product=538.
2017-05-24 18:03:34,298 spider_ctz.py[line:75] INFO layer2 is being parsed, url is: http://www.ceratizit.com/products/metal-cutting/list/detail/?product=37.
2017-05-24 18:03:40,490 spider_ctz.py[line:75] INFO layer2 is being parsed, url is: http://www.ceratizit.com/products/metal-cutting/list/detail/?product=38.
2017-05-24 18:03:45,796 spider_ctz.py[line:75] INFO layer2 is being parsed, url is: http://www.ceratizit.com/products/metal-cutting/list/detail/?product=39.
2017-05-24 18:03:52,118 spider_ctz.py[line:75] INFO layer2 is being parsed, url is: http://www.ceratizit.com/products/metal-cutting/list/detail/?product=40.
2017-05-24 18:03:56,523 spider_ctz.py[line:75] INFO layer2 is being parsed, url is: http://www.ceratizit.com/products/metal-cutting/list/detail/?product=41.
2017-05-24 18:04:01,950 spider_ctz.py[line:75] INFO layer2 is being parsed, url is: http://www.ceratizit.com/products/metal-cutting/list/detail/?product=42.
2017-05-24 18:04:07,355 spider_ctz.py[line:75] INFO layer2 is being parsed, url is: http://www.ceratizit.com/products/metal-cutting/list/detail/?product=43.
2017-05-24 18:04:12,871 spider_ctz.py[line:75] INFO layer2 is being parsed, url is: http://www.ceratizit.com/products/metal-cutting/list/detail/?product=44.
2017-05-24 18:04:15,618 spider_ctz.py[line:75] INFO layer2 is being parsed, url is: http://www.ceratizit.com/products/metal-cutting/list/detail/?product=45.
2017-05-24 18:04:20,046 spider_ctz.py[line:75] INFO layer2 is being parsed, url is: http://www.ceratizit.com/products/metal-cutting/list/detail/?product=46.
2017-05-24 18:04:24,543 spider_ctz.py[line:75] INFO layer2 is being parsed, url is: http://www.ceratizit.com/products/metal-cutting/list/detail/?product=47.
2017-05-24 18:04:28,520 spider_ctz.py[line:75] INFO layer2 is being parsed, url is: http://www.ceratizit.com/products/metal-cutting/list/detail/?product=48.
2017-05-24 18:04:31,618 spider_ctz.py[line:75] INFO layer2 is being parsed, url is: http://www.ceratizit.com/products/metal-cutting/list/detail/?product=49.
2017-05-24 18:04:36,572 spider_ctz.py[line:75] INFO layer2 is being parsed, url is: http://www.ceratizit.com/products/metal-cutting/list/detail/?product=50.
2017-05-24 18:04:40,989 spider_ctz.py[line:75] INFO layer2 is being parsed, url is: http://www.ceratizit.com/products/metal-cutting/list/detail/?product=51.
2017-05-24 18:04:46,588 spider_ctz.py[line:75] INFO layer2 is being parsed, url is: http://www.ceratizit.com/products/metal-cutting/list/detail/?product=509.
2017-05-24 18:04:51,236 spider_ctz.py[line:75] INFO layer2 is being parsed, url is: http://www.ceratizit.com/products/metal-cutting/list/detail/?product=54.
2017-05-24 18:04:57,400 spider_ctz.py[line:75] INFO layer2 is being parsed, url is: http://www.ceratizit.com/products/metal-cutting/list/detail/?product=55.
2017-05-24 18:05:00,239 spider_ctz.py[line:75] INFO layer2 is being parsed, url is: http://www.ceratizit.com/products/metal-cutting/list/detail/?product=56.
2017-05-24 18:05:05,520 spider_ctz.py[line:75] INFO layer2 is being parsed, url is: http://www.ceratizit.com/products/metal-cutting/list/detail/?product=57.
2017-05-24 18:05:13,023 spider_ctz.py[line:75] INFO layer2 is being parsed, url is: http://www.ceratizit.com/products/metal-cutting/list/detail/?product=59.
2017-05-24 18:05:16,099 spider_ctz.py[line:75] INFO layer2 is being parsed, url is: http://www.ceratizit.com/products/metal-cutting/list/detail/?product=60.
2017-05-24 18:05:21,872 spider_ctz.py[line:75] INFO layer2 is being parsed, url is: http://www.ceratizit.com/products/metal-cutting/list/detail/?product=61.
2017-05-24 18:05:25,596 spider_ctz.py[line:75] INFO layer2 is being parsed, url is: http://www.ceratizit.com/products/metal-cutting/list/detail/?product=62.
2017-05-24 18:05:31,252 spider_ctz.py[line:75] INFO layer2 is being parsed, url is: http://www.ceratizit.com/products/metal-cutting/list/detail/?product=63.
2017-05-24 18:05:36,517 spider_ctz.py[line:75] INFO layer2 is being parsed, url is: http://www.ceratizit.com/products/metal-cutting/list/detail/?product=64.
2017-05-24 18:05:42,671 spider_ctz.py[line:75] INFO layer2 is being parsed, url is: http://www.ceratizit.com/products/metal-cutting/list/detail/?product=65.
2017-05-24 18:05:45,950 spider_ctz.py[line:75] INFO layer2 is being parsed, url is: http://www.ceratizit.com/products/metal-cutting/list/detail/?product=75.
2017-05-24 18:05:50,851 spider_ctz.py[line:75] INFO layer2 is being parsed, url is: http://www.ceratizit.com/products/metal-cutting/list/detail/?product=76.
2017-05-24 18:05:54,335 spider_ctz.py[line:75] INFO layer2 is being parsed, url is: http://www.ceratizit.com/products/metal-cutting/list/detail/?product=77.
2017-05-24 18:05:57,302 spider_ctz.py[line:75] INFO layer2 is being parsed, url is: http://www.ceratizit.com/products/metal-cutting/list/detail/?product=78.
2017-05-24 18:06:01,226 spider_ctz.py[line:75] INFO layer2 is being parsed, url is: http://www.ceratizit.com/products/metal-cutting/list/detail/?product=79.
2017-05-24 18:06:07,023 spider_ctz.py[line:75] INFO layer2 is being parsed, url is: http://www.ceratizit.com/products/metal-cutting/list/detail/?product=80.
2017-05-24 18:06:11,690 spider_ctz.py[line:75] INFO layer2 is being parsed, url is: http://www.ceratizit.com/products/metal-cutting/list/detail/?product=81.
2017-05-24 18:06:15,619 spider_ctz.py[line:75] INFO layer2 is being parsed, url is: http://www.ceratizit.com/products/metal-cutting/list/detail/?product=82.
2017-05-24 18:06:18,141 spider_ctz.py[line:75] INFO layer2 is being parsed, url is: http://www.ceratizit.com/products/metal-cutting/list/detail/?product=83.
2017-05-24 18:06:23,734 spider_ctz.py[line:75] INFO layer2 is being parsed, url is: http://www.ceratizit.com/products/metal-cutting/list/detail/?product=85.
2017-05-24 18:06:29,519 spider_ctz.py[line:75] INFO layer2 is being parsed, url is: http://www.ceratizit.com/products/metal-cutting/list/detail/?product=86.
2017-05-24 18:06:33,881 spider_ctz.py[line:75] INFO layer2 is being parsed, url is: http://www.ceratizit.com/products/metal-cutting/list/detail/?product=87.
2017-05-24 18:06:39,173 spider_ctz.py[line:75] INFO layer2 is being parsed, url is: http://www.ceratizit.com/products/metal-cutting/list/detail/?product=88.
2017-05-24 18:06:44,165 spider_ctz.py[line:75] INFO layer2 is being parsed, url is: http://www.ceratizit.com/products/metal-cutting/list/detail/?product=89.
2017-05-24 18:06:49,609 spider_ctz.py[line:75] INFO layer2 is being parsed, url is: http://www.ceratizit.com/products/metal-cutting/list/detail/?product=90.
2017-05-24 18:06:53,769 spider_ctz.py[line:75] INFO layer2 is being parsed, url is: http://www.ceratizit.com/products/metal-cutting/list/detail/?product=92.
2017-05-24 18:06:59,015 spider_ctz.py[line:75] INFO layer2 is being parsed, url is: http://www.ceratizit.com/products/metal-cutting/list/detail/?product=93.
2017-05-24 18:07:04,615 spider_ctz.py[line:75] INFO layer2 is being parsed, url is: http://www.ceratizit.com/products/metal-cutting/list/detail/?product=94.
2017-05-24 18:07:09,342 spider_ctz.py[line:75] INFO layer2 is being parsed, url is: http://www.ceratizit.com/products/metal-cutting/list/detail/?product=96.
2017-05-24 18:07:13,417 spider_ctz.py[line:75] INFO layer2 is being parsed, url is: http://www.ceratizit.com/products/metal-cutting/list/detail/?product=98.
2017-05-24 18:07:19,710 spider_ctz.py[line:75] INFO layer2 is being parsed, url is: http://www.ceratizit.com/products/metal-cutting/list/detail/?product=99.
2017-05-24 18:07:21,497 spider_ctz.py[line:75] INFO layer2 is being parsed, url is: http://www.ceratizit.com/products/metal-cutting/list/detail/?product=100.
2017-05-24 18:07:27,394 spider_ctz.py[line:75] INFO layer2 is being parsed, url is: http://www.ceratizit.com/products/metal-cutting/list/detail/?product=101.
2017-05-24 18:07:33,426 spider_ctz.py[line:75] INFO layer2 is being parsed, url is: http://www.ceratizit.com/products/metal-cutting/list/detail/?product=102.
2017-05-24 18:07:37,125 spider_ctz.py[line:75] INFO layer2 is being parsed, url is: http://www.ceratizit.com/products/metal-cutting/list/detail/?product=103.
2017-05-24 18:07:42,023 spider_ctz.py[line:75] INFO layer2 is being parsed, url is: http://www.ceratizit.com/products/metal-cutting/list/detail/?product=104.
2017-05-24 18:07:47,154 spider_ctz.py[line:75] INFO layer2 is being parsed, url is: http://www.ceratizit.com/products/metal-cutting/list/detail/?product=105.
2017-05-24 18:07:51,523 spider_ctz.py[line:75] INFO layer2 is being parsed, url is: http://www.ceratizit.com/products/metal-cutting/list/detail/?product=106.
2017-05-24 18:07:57,335 spider_ctz.py[line:75] INFO layer2 is being parsed, url is: http://www.ceratizit.com/products/metal-cutting/list/detail/?product=107.
2017-05-24 18:08:00,380 spider_ctz.py[line:75] INFO layer2 is being parsed, url is: http://www.ceratizit.com/products/metal-cutting/list/detail/?product=429.
2017-05-24 18:08:05,266 spider_ctz.py[line:75] INFO layer2 is being parsed, url is: http://www.ceratizit.com/products/metal-cutting/list/detail/?product=430.
2017-05-24 18:08:09,509 spider_ctz.py[line:75] INFO layer2 is being parsed, url is: http://www.ceratizit.com/products/metal-cutting/list/detail/?product=431.
2017-05-24 18:08:13,551 spider_ctz.py[line:75] INFO layer2 is being parsed, url is: http://www.ceratizit.com/products/metal-cutting/list/detail/?product=432.
2017-05-24 18:08:19,553 spider_ctz.py[line:75] INFO layer2 is being parsed, url is: http://www.ceratizit.com/products/metal-cutting/list/detail/?product=433.
2017-05-24 18:08:25,802 spider_ctz.py[line:75] INFO layer2 is being parsed, url is: http://www.ceratizit.com/products/metal-cutting/list/detail/?product=434.
2017-05-24 18:08:30,012 spider_ctz.py[line:75] INFO layer2 is being parsed, url is: http://www.ceratizit.com/products/metal-cutting/list/detail/?product=435.
2017-05-24 18:08:35,815 spider_ctz.py[line:75] INFO layer2 is being parsed, url is: http://www.ceratizit.com/products/metal-cutting/list/detail/?product=436.
2017-05-24 18:08:38,867 spider_ctz.py[line:75] INFO layer2 is being parsed, url is: http://www.ceratizit.com/products/metal-cutting/list/detail/?product=461.
2017-05-24 18:08:42,576 spider_ctz.py[line:75] INFO layer2 is being parsed, url is: http://www.ceratizit.com/products/metal-cutting/list/detail/?product=462.
2017-05-24 18:08:47,280 spider_ctz.py[line:75] INFO layer2 is being parsed, url is: http://www.ceratizit.com/products/metal-cutting/list/detail/?product=471.
2017-05-24 18:08:52,365 spider_ctz.py[line:75] INFO layer2 is being parsed, url is: http://www.ceratizit.com/products/metal-cutting/list/detail/?product=475.
2017-05-24 18:08:58,006 spider_ctz.py[line:75] INFO layer2 is being parsed, url is: http://www.ceratizit.com/products/metal-cutting/list/detail/?product=497.
2017-05-24 18:09:04,365 spider_ctz.py[line:75] INFO layer2 is being parsed, url is: http://www.ceratizit.com/products/metal-cutting/list/detail/?product=501.
2017-05-24 18:09:09,773 spider_ctz.py[line:75] INFO layer2 is being parsed, url is: http://www.ceratizit.com/products/metal-cutting/list/detail/?product=517.
2017-05-24 18:09:15,357 spider_ctz.py[line:75] INFO layer2 is being parsed, url is: http://www.ceratizit.com/products/metal-cutting/list/detail/?product=518.
2017-05-24 18:09:20,359 spider_ctz.py[line:75] INFO layer2 is being parsed, url is: http://www.ceratizit.com/products/metal-cutting/list/detail/?product=525.
2017-05-24 18:09:24,767 spiders.py[line:95] DEBUG Read 16 requests from 'ctz:start_urls'
2017-05-24 18:09:24,867 spider_ctz.py[line:59] INFO layer1 url is: http://www.ceratizit.com/products/metal-cutting/list/?category=109.
2017-05-24 18:09:29,907 spider_ctz.py[line:59] INFO layer1 url is: http://www.ceratizit.com/products/metal-cutting/list/?category=111.
2017-05-24 18:09:34,746 spider_ctz.py[line:59] INFO layer1 url is: http://www.ceratizit.com/products/metal-cutting/list/?category=11.
2017-05-24 18:09:39,229 spider_ctz.py[line:59] INFO layer1 url is: http://www.ceratizit.com/products/metal-cutting/list/?category=9.
2017-05-24 18:09:44,898 spider_ctz.py[line:59] INFO layer1 url is: http://www.ceratizit.com/products/metal-cutting/list/?category=234.
2017-05-24 18:09:50,385 spider_ctz.py[line:59] INFO layer1 url is: http://www.ceratizit.com/products/metal-cutting/list/?category=35.
2017-05-24 18:09:55,101 spider_ctz.py[line:59] INFO layer1 url is: http://www.ceratizit.com/products/metal-cutting/list/?category=267.
2017-05-24 18:10:00,565 spider_ctz.py[line:59] INFO layer1 url is: http://www.ceratizit.com/products/metal-cutting/list/?category=153.
2017-05-24 18:10:05,039 spider_ctz.py[line:59] INFO layer1 url is: http://www.ceratizit.com/products/metal-cutting/list/?category=117.
2017-05-24 18:10:09,746 spider_ctz.py[line:59] INFO layer1 url is: http://www.ceratizit.com/products/metal-cutting/list/?category=286.
2017-05-24 18:10:15,562 spider_ctz.py[line:59] INFO layer1 url is: http://www.ceratizit.com/products/metal-cutting/list/?category=21.
2017-05-24 18:10:21,204 spider_ctz.py[line:59] INFO layer1 url is: http://www.ceratizit.com/products/metal-cutting/list/?category=149.
2017-05-24 18:10:26,112 spider_ctz.py[line:59] INFO layer1 url is: http://www.ceratizit.com/products/metal-cutting/list/?category=223.
2017-05-24 18:10:30,826 spider_ctz.py[line:59] INFO layer1 url is: http://www.ceratizit.com/products/metal-cutting/list/?category=142.
2017-05-24 18:10:35,467 spider_ctz.py[line:59] INFO layer1 url is: http://www.ceratizit.com/products/metal-cutting/list/?category=40.
2017-05-24 18:10:41,739 spider_ctz.py[line:59] INFO layer1 url is: http://www.ceratizit.com/products/metal-cutting/list/?category=248.
2017-05-24 18:10:44,380 spider_ctz.py[line:75] INFO layer2 is being parsed, url is: http://www.ceratizit.com/products/metal-cutting/list/detail/?product=39.
2017-05-24 18:10:48,799 spider_ctz.py[line:75] INFO layer2 is being parsed, url is: http://www.ceratizit.com/products/metal-cutting/list/detail/?product=40.
2017-05-24 18:10:50,816 spider_ctz.py[line:75] INFO layer2 is being parsed, url is: http://www.ceratizit.com/products/metal-cutting/list/detail/?product=41.
2017-05-24 18:10:56,275 spider_ctz.py[line:75] INFO layer2 is being parsed, url is: http://www.ceratizit.com/products/metal-cutting/list/detail/?product=42.
2017-05-24 18:11:00,183 spider_ctz.py[line:75] INFO layer2 is being parsed, url is: http://www.ceratizit.com/products/metal-cutting/list/detail/?product=26.
2017-05-24 18:11:07,571 spider_ctz.py[line:75] INFO layer2 is being parsed, url is: http://www.ceratizit.com/products/metal-cutting/list/detail/?product=27.
2017-05-24 18:11:10,573 spider_ctz.py[line:75] INFO layer2 is being parsed, url is: http://www.ceratizit.com/products/metal-cutting/list/detail/?product=28.
2017-05-24 18:11:14,848 spider_ctz.py[line:75] INFO layer2 is being parsed, url is: http://www.ceratizit.com/products/metal-cutting/list/detail/?product=29.
2017-05-24 18:11:18,296 spider_ctz.py[line:75] INFO layer2 is being parsed, url is: http://www.ceratizit.com/products/metal-cutting/list/detail/?product=30.
2017-05-24 18:11:23,595 spider_ctz.py[line:75] INFO layer2 is being parsed, url is: http://www.ceratizit.com/products/metal-cutting/list/detail/?product=31.
2017-05-24 18:11:30,061 spider_ctz.py[line:75] INFO layer2 is being parsed, url is: http://www.ceratizit.com/products/metal-cutting/list/detail/?product=33.
2017-05-24 18:11:35,298 spider_ctz.py[line:75] INFO layer2 is being parsed, url is: http://www.ceratizit.com/products/metal-cutting/list/detail/?product=34.
2017-05-24 18:11:40,301 spider_ctz.py[line:75] INFO layer2 is being parsed, url is: http://www.ceratizit.com/products/metal-cutting/list/detail/?product=43.
2017-05-24 18:11:45,009 spider_ctz.py[line:75] INFO layer2 is being parsed, url is: http://www.ceratizit.com/products/metal-cutting/list/detail/?product=44.
2017-05-24 18:11:48,816 spider_ctz.py[line:75] INFO layer2 is being parsed, url is: http://www.ceratizit.com/products/metal-cutting/list/detail/?product=71.
2017-05-24 18:11:53,997 spider_ctz.py[line:75] INFO layer2 is being parsed, url is: http://www.ceratizit.com/products/metal-cutting/list/detail/?product=72.
2017-05-24 18:11:57,312 spider_ctz.py[line:75] INFO layer2 is being parsed, url is: http://www.ceratizit.com/products/metal-cutting/list/detail/?product=73.
2017-05-24 18:12:02,947 spider_ctz.py[line:75] INFO layer2 is being parsed, url is: http://www.ceratizit.com/products/metal-cutting/list/detail/?product=74.
2017-05-24 18:12:08,858 spider_ctz.py[line:75] INFO layer2 is being parsed, url is: http://www.ceratizit.com/products/metal-cutting/list/detail/?product=429.
2017-05-24 18:12:08,885 spiders.py[line:95] DEBUG Read 16 requests from 'ctz:start_urls'
2017-05-24 18:12:14,154 spider_ctz.py[line:59] INFO layer1 url is: http://www.ceratizit.com/products/metal-cutting/list/?category=34.
2017-05-24 18:12:19,760 spider_ctz.py[line:59] INFO layer1 url is: http://www.ceratizit.com/products/metal-cutting/list/?category=36.
2017-05-24 18:12:24,196 spider_ctz.py[line:59] INFO layer1 url is: http://www.ceratizit.com/products/metal-cutting/list/?category=51.
2017-05-24 18:12:30,803 spider_ctz.py[line:59] INFO layer1 url is: http://www.ceratizit.com/products/metal-cutting/list/?category=58.
2017-05-24 18:12:35,424 spider_ctz.py[line:59] INFO layer1 url is: http://www.ceratizit.com/products/metal-cutting/list/?category=72.
2017-05-24 18:12:40,385 spider_ctz.py[line:59] INFO layer1 url is: http://www.ceratizit.com/products/metal-cutting/list/?category=81.
2017-05-24 18:12:44,743 spider_ctz.py[line:59] INFO layer1 url is: http://www.ceratizit.com/products/metal-cutting/list/?category=89.
2017-05-24 18:12:48,359 spider_ctz.py[line:59] INFO layer1 url is: http://www.ceratizit.com/products/metal-cutting/list/?category=100.
2017-05-24 18:12:53,029 spider_ctz.py[line:59] INFO layer1 url is: http://www.ceratizit.com/products/metal-cutting/list/?category=121.
2017-05-24 18:12:58,601 spider_ctz.py[line:59] INFO layer1 url is: http://www.ceratizit.com/products/metal-cutting/list/?category=138.
2017-05-24 18:13:05,059 spider_ctz.py[line:59] INFO layer1 url is: http://www.ceratizit.com/products/metal-cutting/list/?category=157.
2017-05-24 18:13:10,233 spider_ctz.py[line:59] INFO layer1 url is: http://www.ceratizit.com/products/metal-cutting/list/?category=201.
2017-05-24 18:13:13,362 spider_ctz.py[line:59] INFO layer1 url is: http://www.ceratizit.com/products/metal-cutting/list/?category=211.
2017-05-24 18:13:17,585 spider_ctz.py[line:59] INFO layer1 url is: http://www.ceratizit.com/products/metal-cutting/list/?category=256.
2017-05-24 18:13:21,809 spider_ctz.py[line:59] INFO layer1 url is: http://www.ceratizit.com/products/metal-cutting/list/?category=272.
2017-05-24 18:13:26,196 spider_ctz.py[line:59] INFO layer1 url is: http://www.ceratizit.com/products/metal-cutting/list/?category=299.
2017-05-24 18:13:30,105 spider_ctz.py[line:75] INFO layer2 is being parsed, url is: http://www.ceratizit.com/products/metal-cutting/list/detail/?product=434.
2017-05-24 18:13:35,502 spider_ctz.py[line:75] INFO layer2 is being parsed, url is: http://www.ceratizit.com/products/metal-cutting/list/detail/?product=435.
2017-05-24 18:13:35,517 spiders.py[line:95] DEBUG Read 16 requests from 'ctz:start_urls'
2017-05-24 18:13:40,197 spider_ctz.py[line:59] INFO layer1 url is: http://www.ceratizit.com/products/metal-cutting/list/?category=57.
2017-05-24 18:13:44,346 spider_ctz.py[line:59] INFO layer1 url is: http://www.ceratizit.com/products/metal-cutting/list/?category=60.
2017-05-24 18:13:48,855 spider_ctz.py[line:59] INFO layer1 url is: http://www.ceratizit.com/products/metal-cutting/list/?category=61.
2017-05-24 18:13:54,456 spider_ctz.py[line:59] INFO layer1 url is: http://www.ceratizit.com/products/metal-cutting/list/?category=64.
2017-05-24 18:14:00,026 spider_ctz.py[line:59] INFO layer1 url is: http://www.ceratizit.com/products/metal-cutting/list/?category=76.
2017-05-24 18:14:04,551 spider_ctz.py[line:59] INFO layer1 url is: http://www.ceratizit.com/products/metal-cutting/list/?category=83.
2017-05-24 18:14:08,934 spider_ctz.py[line:59] INFO layer1 url is: http://www.ceratizit.com/products/metal-cutting/list/?category=134.
2017-05-24 18:14:12,476 spider_ctz.py[line:59] INFO layer1 url is: http://www.ceratizit.com/products/metal-cutting/list/?category=150.
2017-05-24 18:14:17,499 spider_ctz.py[line:59] INFO layer1 url is: http://www.ceratizit.com/products/metal-cutting/list/?category=159.
2017-05-24 18:14:23,334 spider_ctz.py[line:59] INFO layer1 url is: http://www.ceratizit.com/products/metal-cutting/list/?category=189.
2017-05-24 18:14:28,733 spider_ctz.py[line:59] INFO layer1 url is: http://www.ceratizit.com/products/metal-cutting/list/?category=226.
2017-05-24 18:14:35,128 spider_ctz.py[line:59] INFO layer1 url is: http://www.ceratizit.com/products/metal-cutting/list/?category=227.
2017-05-24 18:14:40,558 spider_ctz.py[line:59] INFO layer1 url is: http://www.ceratizit.com/products/metal-cutting/list/?category=258.
2017-05-24 18:14:45,487 spider_ctz.py[line:59] INFO layer1 url is: http://www.ceratizit.com/products/metal-cutting/list/?category=285.
2017-05-24 18:14:50,947 spider_ctz.py[line:59] INFO layer1 url is: http://www.ceratizit.com/products/metal-cutting/list/?category=294.
2017-05-24 18:14:56,394 spider_ctz.py[line:59] INFO layer1 url is: http://www.ceratizit.com/products/metal-cutting/list/?category=296.
2017-05-24 18:14:56,410 spiders.py[line:95] DEBUG Read 16 requests from 'ctz:start_urls'
2017-05-24 18:15:01,448 spider_ctz.py[line:59] INFO layer1 url is: http://www.ceratizit.com/products/metal-cutting/list/?category=8.
2017-05-24 18:15:07,049 spider_ctz.py[line:59] INFO layer1 url is: http://www.ceratizit.com/products/metal-cutting/list/?category=23.
2017-05-24 18:15:12,477 spider_ctz.py[line:59] INFO layer1 url is: http://www.ceratizit.com/products/metal-cutting/list/?category=24.
2017-05-24 18:15:18,003 spider_ctz.py[line:59] INFO layer1 url is: http://www.ceratizit.com/products/metal-cutting/list/?category=25.
2017-05-24 18:15:21,960 spider_ctz.py[line:59] INFO layer1 url is: http://www.ceratizit.com/products/metal-cutting/list/?category=28.
2017-05-24 18:15:27,105 spider_ctz.py[line:59] INFO layer1 url is: http://www.ceratizit.com/products/metal-cutting/list/?category=30.
2017-05-24 18:15:32,015 spider_ctz.py[line:59] INFO layer1 url is: http://www.ceratizit.com/products/metal-cutting/list/?category=46.
2017-05-24 18:15:35,051 spider_ctz.py[line:59] INFO layer1 url is: http://www.ceratizit.com/products/metal-cutting/list/?category=56.
2017-05-24 18:15:40,474 spider_ctz.py[line:59] INFO layer1 url is: http://www.ceratizit.com/products/metal-cutting/list/?category=75.
2017-05-24 18:15:45,638 spider_ctz.py[line:59] INFO layer1 url is: http://www.ceratizit.com/products/metal-cutting/list/?category=86.
2017-05-24 18:15:50,053 spider_ctz.py[line:59] INFO layer1 url is: http://www.ceratizit.com/products/metal-cutting/list/?category=104.
2017-05-24 18:15:55,608 spider_ctz.py[line:59] INFO layer1 url is: http://www.ceratizit.com/products/metal-cutting/list/?category=122.
2017-05-24 18:16:00,382 spider_ctz.py[line:59] INFO layer1 url is: http://www.ceratizit.com/products/metal-cutting/list/?category=139.
2017-05-24 18:16:04,674 spider_ctz.py[line:59] INFO layer1 url is: http://www.ceratizit.com/products/metal-cutting/list/?category=178.
2017-05-24 18:16:09,424 spider_ctz.py[line:59] INFO layer1 url is: http://www.ceratizit.com/products/metal-cutting/list/?category=213.
2017-05-24 18:16:14,313 spider_ctz.py[line:59] INFO layer1 url is: http://www.ceratizit.com/products/metal-cutting/list/?category=284.
2017-05-24 18:16:19,694 spider_ctz.py[line:75] INFO layer2 is being parsed, url is: http://www.ceratizit.com/products/metal-cutting/list/detail/?product=75.
2017-05-24 18:16:24,397 spider_ctz.py[line:75] INFO layer2 is being parsed, url is: http://www.ceratizit.com/products/metal-cutting/list/detail/?product=76.
2017-05-24 18:16:27,276 spider_ctz.py[line:75] INFO layer2 is being parsed, url is: http://www.ceratizit.com/products/metal-cutting/list/detail/?product=77.
2017-05-24 18:16:31,697 spider_ctz.py[line:75] INFO layer2 is being parsed, url is: http://www.ceratizit.com/products/metal-cutting/list/detail/?product=78.
2017-05-24 18:16:36,638 spider_ctz.py[line:75] INFO layer2 is being parsed, url is: http://www.ceratizit.com/products/metal-cutting/list/detail/?product=79.
2017-05-24 18:16:40,986 spider_ctz.py[line:75] INFO layer2 is being parsed, url is: http://www.ceratizit.com/products/metal-cutting/list/detail/?product=80.
2017-05-24 18:16:43,796 spider_ctz.py[line:75] INFO layer2 is being parsed, url is: http://www.ceratizit.com/products/metal-cutting/list/detail/?product=81.
2017-05-24 18:16:48,808 spider_ctz.py[line:75] INFO layer2 is being parsed, url is: http://www.ceratizit.com/products/metal-cutting/list/detail/?product=82.
2017-05-24 18:16:54,407 spider_ctz.py[line:75] INFO layer2 is being parsed, url is: http://www.ceratizit.com/products/metal-cutting/list/detail/?product=83.
2017-05-24 18:17:00,174 spider_ctz.py[line:75] INFO layer2 is being parsed, url is: http://www.ceratizit.com/products/metal-cutting/list/detail/?product=85.
2017-05-24 18:17:04,596 spider_ctz.py[line:75] INFO layer2 is being parsed, url is: http://www.ceratizit.com/products/metal-cutting/list/detail/?product=86.
2017-05-24 18:17:09,976 spider_ctz.py[line:75] INFO layer2 is being parsed, url is: http://www.ceratizit.com/products/metal-cutting/list/detail/?product=87.
2017-05-24 18:17:15,632 spider_ctz.py[line:75] INFO layer2 is being parsed, url is: http://www.ceratizit.com/products/metal-cutting/list/detail/?product=88.
2017-05-24 18:17:19,823 spider_ctz.py[line:75] INFO layer2 is being parsed, url is: http://www.ceratizit.com/products/metal-cutting/list/detail/?product=89.
2017-05-24 18:17:23,160 spider_ctz.py[line:75] INFO layer2 is being parsed, url is: http://www.ceratizit.com/products/metal-cutting/list/detail/?product=90.
2017-05-24 18:17:27,990 spider_ctz.py[line:75] INFO layer2 is being parsed, url is: http://www.ceratizit.com/products/metal-cutting/list/detail/?product=461.
2017-05-24 18:17:33,644 spider_ctz.py[line:75] INFO layer2 is being parsed, url is: http://www.ceratizit.com/products/metal-cutting/list/detail/?product=462.
2017-05-24 18:17:37,321 spider_ctz.py[line:75] INFO layer2 is being parsed, url is: http://www.ceratizit.com/products/metal-cutting/list/detail/?product=475.
2017-05-24 18:17:41,193 spider_ctz.py[line:75] INFO layer2 is being parsed, url is: http://www.ceratizit.com/products/metal-cutting/list/detail/?product=501.
2017-05-24 18:17:47,045 spider_ctz.py[line:75] INFO layer2 is being parsed, url is: http://www.ceratizit.com/products/metal-cutting/list/detail/?product=517.
2017-05-24 18:17:52,895 spider_ctz.py[line:75] INFO layer2 is being parsed, url is: http://www.ceratizit.com/products/metal-cutting/list/detail/?product=75.
2017-05-24 18:17:57,871 spider_ctz.py[line:75] INFO layer2 is being parsed, url is: http://www.ceratizit.com/products/metal-cutting/list/detail/?product=76.
2017-05-24 18:18:01,928 spider_ctz.py[line:75] INFO layer2 is being parsed, url is: http://www.ceratizit.com/products/metal-cutting/list/detail/?product=77.
2017-05-24 18:18:07,918 spider_ctz.py[line:75] INFO layer2 is being parsed, url is: http://www.ceratizit.com/products/metal-cutting/list/detail/?product=78.
2017-05-24 18:18:14,454 spider_ctz.py[line:75] INFO layer2 is being parsed, url is: http://www.ceratizit.com/products/metal-cutting/list/detail/?product=79.
2017-05-24 18:18:19,134 spider_ctz.py[line:75] INFO layer2 is being parsed, url is: http://www.ceratizit.com/products/metal-cutting/list/detail/?product=80.
2017-05-24 18:18:24,688 spider_ctz.py[line:75] INFO layer2 is being parsed, url is: http://www.ceratizit.com/products/metal-cutting/list/detail/?product=81.
2017-05-24 18:18:30,822 spider_ctz.py[line:75] INFO layer2 is being parsed, url is: http://www.ceratizit.com/products/metal-cutting/list/detail/?product=82.
2017-05-24 18:18:36,236 spider_ctz.py[line:75] INFO layer2 is being parsed, url is: http://www.ceratizit.com/products/metal-cutting/list/detail/?product=83.
2017-05-24 18:18:41,914 spider_ctz.py[line:75] INFO layer2 is being parsed, url is: http://www.ceratizit.com/products/metal-cutting/list/detail/?product=85.
2017-05-24 18:18:45,385 spider_ctz.py[line:75] INFO layer2 is being parsed, url is: http://www.ceratizit.com/products/metal-cutting/list/detail/?product=86.
2017-05-24 18:18:49,161 spider_ctz.py[line:75] INFO layer2 is being parsed, url is: http://www.ceratizit.com/products/metal-cutting/list/detail/?product=87.
2017-05-24 18:18:55,045 spider_ctz.py[line:75] INFO layer2 is being parsed, url is: http://www.ceratizit.com/products/metal-cutting/list/detail/?product=88.
2017-05-24 18:18:59,621 spider_ctz.py[line:75] INFO layer2 is being parsed, url is: http://www.ceratizit.com/products/metal-cutting/list/detail/?product=89.
2017-05-24 18:19:05,665 spider_ctz.py[line:75] INFO layer2 is being parsed, url is: http://www.ceratizit.com/products/metal-cutting/list/detail/?product=90.
2017-05-24 18:19:10,321 spider_ctz.py[line:75] INFO layer2 is being parsed, url is: http://www.ceratizit.com/products/metal-cutting/list/detail/?product=501.
2017-05-24 18:19:14,046 spider_ctz.py[line:75] INFO layer2 is being parsed, url is: http://www.ceratizit.com/products/metal-cutting/list/detail/?product=517.
2017-05-24 18:19:18,969 spider_ctz.py[line:75] INFO layer2 is being parsed, url is: http://www.ceratizit.com/products/metal-cutting/list/detail/?product=99.
2017-05-24 18:19:24,854 spider_ctz.py[line:75] INFO layer2 is being parsed, url is: http://www.ceratizit.com/products/metal-cutting/list/detail/?product=100.
2017-05-24 18:19:27,661 spider_ctz.py[line:75] INFO layer2 is being parsed, url is: http://www.ceratizit.com/products/metal-cutting/list/detail/?product=101.
2017-05-24 18:19:32,173 spider_ctz.py[line:75] INFO layer2 is being parsed, url is: http://www.ceratizit.com/products/metal-cutting/list/detail/?product=102.
2017-05-24 18:19:37,132 spider_ctz.py[line:75] INFO layer2 is being parsed, url is: http://www.ceratizit.com/products/metal-cutting/list/detail/?product=103.
2017-05-24 18:19:43,358 spider_ctz.py[line:75] INFO layer2 is being parsed, url is: http://www.ceratizit.com/products/metal-cutting/list/detail/?product=104.
2017-05-24 18:19:48,772 spider_ctz.py[line:75] INFO layer2 is being parsed, url is: http://www.ceratizit.com/products/metal-cutting/list/detail/?product=105.
2017-05-24 18:19:53,467 spider_ctz.py[line:75] INFO layer2 is being parsed, url is: http://www.ceratizit.com/products/metal-cutting/list/detail/?product=106.
2017-05-24 18:19:58,118 spider_ctz.py[line:75] INFO layer2 is being parsed, url is: http://www.ceratizit.com/products/metal-cutting/list/detail/?product=107.
2017-05-24 18:20:01,911 spider_ctz.py[line:75] INFO layer2 is being parsed, url is: http://www.ceratizit.com/products/metal-cutting/list/detail/?product=429.
2017-05-24 18:20:10,290 spider_ctz.py[line:75] INFO layer2 is being parsed, url is: http://www.ceratizit.com/products/metal-cutting/list/detail/?product=430.
2017-05-24 18:20:11,210 spider_ctz.py[line:75] INFO layer2 is being parsed, url is: http://www.ceratizit.com/products/metal-cutting/list/detail/?product=431.
2017-05-24 18:20:16,559 spider_ctz.py[line:75] INFO layer2 is being parsed, url is: http://www.ceratizit.com/products/metal-cutting/list/detail/?product=432.
2017-05-24 18:20:22,476 spider_ctz.py[line:75] INFO layer2 is being parsed, url is: http://www.ceratizit.com/products/metal-cutting/list/detail/?product=103.
2017-05-24 18:20:28,117 spider_ctz.py[line:75] INFO layer2 is being parsed, url is: http://www.ceratizit.com/products/metal-cutting/list/detail/?product=436.
2017-05-24 18:20:28,154 spiders.py[line:95] DEBUG Read 16 requests from 'ctz:start_urls'
2017-05-24 18:20:34,618 spider_ctz.py[line:59] INFO layer1 url is: http://www.ceratizit.com/products/metal-cutting/list/?category=10.
2017-05-24 18:20:38,706 spider_ctz.py[line:59] INFO layer1 url is: http://www.ceratizit.com/products/metal-cutting/list/?category=18.
2017-05-24 18:20:47,676 spider_ctz.py[line:59] INFO layer1 url is: http://www.ceratizit.com/products/metal-cutting/list/?category=20.
2017-05-24 18:20:49,657 spider_ctz.py[line:59] INFO layer1 url is: http://www.ceratizit.com/products/metal-cutting/list/?category=91.
2017-05-24 18:20:55,553 spider_ctz.py[line:59] INFO layer1 url is: http://www.ceratizit.com/products/metal-cutting/list/?category=92.
2017-05-24 18:21:00,744 spider_ctz.py[line:59] INFO layer1 url is: http://www.ceratizit.com/products/metal-cutting/list/?category=107.
2017-05-24 18:21:05,348 spider_ctz.py[line:59] INFO layer1 url is: http://www.ceratizit.com/products/metal-cutting/list/?category=132.
2017-05-24 18:21:10,279 spider_ctz.py[line:59] INFO layer1 url is: http://www.ceratizit.com/products/metal-cutting/list/?category=144.
2017-05-24 18:21:16,141 spider_ctz.py[line:59] INFO layer1 url is: http://www.ceratizit.com/products/metal-cutting/list/?category=228.
2017-05-24 18:21:22,260 spider_ctz.py[line:59] INFO layer1 url is: http://www.ceratizit.com/products/metal-cutting/list/?category=230.
2017-05-24 18:21:25,237 spider_ctz.py[line:59] INFO layer1 url is: http://www.ceratizit.com/products/metal-cutting/list/?category=237.
2017-05-24 18:21:31,239 spider_ctz.py[line:59] INFO layer1 url is: http://www.ceratizit.com/products/metal-cutting/list/?category=240.
2017-05-24 18:21:36,900 spider_ctz.py[line:59] INFO layer1 url is: http://www.ceratizit.com/products/metal-cutting/list/?category=251.
2017-05-24 18:21:41,482 spider_ctz.py[line:59] INFO layer1 url is: http://www.ceratizit.com/products/metal-cutting/list/?category=270.
2017-05-24 18:21:46,188 spider_ctz.py[line:59] INFO layer1 url is: http://www.ceratizit.com/products/metal-cutting/list/?category=283.
2017-05-24 18:21:51,924 spider_ctz.py[line:59] INFO layer1 url is: http://www.ceratizit.com/products/metal-cutting/list/?category=290.
2017-05-24 18:21:55,467 spider_ctz.py[line:75] INFO layer2 is being parsed, url is: http://www.ceratizit.com/products/metal-cutting/list/detail/?product=36.
2017-05-24 18:22:00,085 spider_ctz.py[line:75] INFO layer2 is being parsed, url is: http://www.ceratizit.com/products/metal-cutting/list/detail/?product=37.
2017-05-24 18:22:04,976 spider_ctz.py[line:75] INFO layer2 is being parsed, url is: http://www.ceratizit.com/products/metal-cutting/list/detail/?product=38.
2017-05-24 18:22:11,046 spider_ctz.py[line:75] INFO layer2 is being parsed, url is: http://www.ceratizit.com/products/metal-cutting/list/detail/?product=66.
2017-05-24 18:22:15,197 spider_ctz.py[line:75] INFO layer2 is being parsed, url is: http://www.ceratizit.com/products/metal-cutting/list/detail/?product=69.
2017-05-24 18:22:20,788 spider_ctz.py[line:75] INFO layer2 is being parsed, url is: http://www.ceratizit.com/products/metal-cutting/list/detail/?product=70.
2017-05-24 18:22:26,670 spider_ctz.py[line:75] INFO layer2 is being parsed, url is: http://www.ceratizit.com/products/metal-cutting/list/detail/?product=469.
2017-05-24 18:22:30,276 spider_ctz.py[line:75] INFO layer2 is being parsed, url is: http://www.ceratizit.com/products/metal-cutting/list/detail/?product=470.
2017-05-24 18:22:30,292 spiders.py[line:95] DEBUG Read 16 requests from 'ctz:start_urls'
2017-05-24 18:22:37,174 spider_ctz.py[line:59] INFO layer1 url is: http://www.ceratizit.com/products/metal-cutting/list/?category=5.
2017-05-24 18:22:41,144 spider_ctz.py[line:59] INFO layer1 url is: http://www.ceratizit.com/products/metal-cutting/list/?category=15.
2017-05-24 18:22:46,951 spider_ctz.py[line:59] INFO layer1 url is: http://www.ceratizit.com/products/metal-cutting/list/?category=41.
2017-05-24 18:22:51,993 spider_ctz.py[line:59] INFO layer1 url is: http://www.ceratizit.com/products/metal-cutting/list/?category=54.
2017-05-24 18:22:56,226 spider_ctz.py[line:59] INFO layer1 url is: http://www.ceratizit.com/products/metal-cutting/list/?category=55.
2017-05-24 18:22:59,765 spider_ctz.py[line:59] INFO layer1 url is: http://www.ceratizit.com/products/metal-cutting/list/?category=77.
2017-05-24 18:23:05,059 spider_ctz.py[line:59] INFO layer1 url is: http://www.ceratizit.com/products/metal-cutting/list/?category=82.
2017-05-24 18:23:10,128 spider_ctz.py[line:59] INFO layer1 url is: http://www.ceratizit.com/products/metal-cutting/list/?category=88.
2017-05-24 18:23:14,746 spider_ctz.py[line:59] INFO layer1 url is: http://www.ceratizit.com/products/metal-cutting/list/?category=116.
2017-05-24 18:23:17,990 spider_ctz.py[line:59] INFO layer1 url is: http://www.ceratizit.com/products/metal-cutting/list/?category=125.
2017-05-24 18:23:23,592 spider_ctz.py[line:59] INFO layer1 url is: http://www.ceratizit.com/products/metal-cutting/list/?category=151.
2017-05-24 18:23:28,224 spider_ctz.py[line:59] INFO layer1 url is: http://www.ceratizit.com/products/metal-cutting/list/?category=160.
2017-05-24 18:23:31,674 spider_ctz.py[line:59] INFO layer1 url is: http://www.ceratizit.com/products/metal-cutting/list/?category=162.
2017-05-24 18:23:36,822 spider_ctz.py[line:59] INFO layer1 url is: http://www.ceratizit.com/products/metal-cutting/list/?category=166.
2017-05-24 18:23:40,088 spider_ctz.py[line:59] INFO layer1 url is: http://www.ceratizit.com/products/metal-cutting/list/?category=249.
2017-05-24 18:23:43,789 spider_ctz.py[line:59] INFO layer1 url is: http://www.ceratizit.com/products/metal-cutting/list/?category=257.
2017-05-24 18:23:48,437 spider_ctz.py[line:75] INFO layer2 is being parsed, url is: http://www.ceratizit.com/products/metal-cutting/list/detail/?product=3.
2017-05-24 18:23:54,463 spider_ctz.py[line:75] INFO layer2 is being parsed, url is: http://www.ceratizit.com/products/metal-cutting/list/detail/?product=4.
2017-05-24 18:23:58,676 spider_ctz.py[line:75] INFO layer2 is being parsed, url is: http://www.ceratizit.com/products/metal-cutting/list/detail/?product=5.
2017-05-24 18:24:02,204 spider_ctz.py[line:75] INFO layer2 is being parsed, url is: http://www.ceratizit.com/products/metal-cutting/list/detail/?product=6.
2017-05-24 18:24:07,227 spider_ctz.py[line:75] INFO layer2 is being parsed, url is: http://www.ceratizit.com/products/metal-cutting/list/detail/?product=7.
2017-05-24 18:24:12,548 spider_ctz.py[line:75] INFO layer2 is being parsed, url is: http://www.ceratizit.com/products/metal-cutting/list/detail/?product=513.
2017-05-24 18:24:18,336 spider_ctz.py[line:75] INFO layer2 is being parsed, url is: http://www.ceratizit.com/products/metal-cutting/list/detail/?product=60.
2017-05-24 18:24:23,361 spider_ctz.py[line:75] INFO layer2 is being parsed, url is: http://www.ceratizit.com/products/metal-cutting/list/detail/?product=61.
2017-05-24 18:24:29,335 spider_ctz.py[line:75] INFO layer2 is being parsed, url is: http://www.ceratizit.com/products/metal-cutting/list/detail/?product=62.
2017-05-24 18:24:33,734 spider_ctz.py[line:75] INFO layer2 is being parsed, url is: http://www.ceratizit.com/products/metal-cutting/list/detail/?product=63.
2017-05-24 18:24:39,164 spider_ctz.py[line:75] INFO layer2 is being parsed, url is: http://www.ceratizit.com/products/metal-cutting/list/detail/?product=471.
2017-05-24 18:24:44,671 spider_ctz.py[line:75] INFO layer2 is being parsed, url is: http://www.ceratizit.com/products/metal-cutting/list/detail/?product=518.
2017-05-24 18:24:44,687 spiders.py[line:95] DEBUG Read 16 requests from 'ctz:start_urls'
2017-05-24 18:24:48,433 spider_ctz.py[line:59] INFO layer1 url is: http://www.ceratizit.com/products/metal-cutting/list/?category=7.
2017-05-24 18:24:53,644 spider_ctz.py[line:59] INFO layer1 url is: http://www.ceratizit.com/products/metal-cutting/list/?category=13.
2017-05-24 18:24:57,091 spider_ctz.py[line:59] INFO layer1 url is: http://www.ceratizit.com/products/metal-cutting/list/?category=19.
2017-05-24 18:25:03,631 spider_ctz.py[line:59] INFO layer1 url is: http://www.ceratizit.com/products/metal-cutting/list/?category=32.
2017-05-24 18:25:08,256 spider_ctz.py[line:59] INFO layer1 url is: http://www.ceratizit.com/products/metal-cutting/list/?category=45.
2017-05-24 18:25:12,786 spider_ctz.py[line:59] INFO layer1 url is: http://www.ceratizit.com/products/metal-cutting/list/?category=70.
2017-05-24 18:25:17,391 spider_ctz.py[line:59] INFO layer1 url is: http://www.ceratizit.com/products/metal-cutting/list/?category=84.
2017-05-24 18:25:21,609 spider_ctz.py[line:59] INFO layer1 url is: http://www.ceratizit.com/products/metal-cutting/list/?category=90.
2017-05-24 18:25:26,430 spider_ctz.py[line:59] INFO layer1 url is: http://www.ceratizit.com/products/metal-cutting/list/?category=112.
2017-05-24 18:25:31,788 spider_ctz.py[line:59] INFO layer1 url is: http://www.ceratizit.com/products/metal-cutting/list/?category=115.
2017-05-24 18:25:36,910 spider_ctz.py[line:59] INFO layer1 url is: http://www.ceratizit.com/products/metal-cutting/list/?category=168.
2017-05-24 18:25:42,326 spider_ctz.py[line:59] INFO layer1 url is: http://www.ceratizit.com/products/metal-cutting/list/?category=177.
2017-05-24 18:25:47,650 spider_ctz.py[line:59] INFO layer1 url is: http://www.ceratizit.com/products/metal-cutting/list/?category=180.
2017-05-24 18:25:52,926 spider_ctz.py[line:59] INFO layer1 url is: http://www.ceratizit.com/products/metal-cutting/list/?category=241.
2017-05-24 18:25:57,539 spider_ctz.py[line:59] INFO layer1 url is: http://www.ceratizit.com/products/metal-cutting/list/?category=288.
2017-05-24 18:26:02,806 spider_ctz.py[line:59] INFO layer1 url is: http://www.ceratizit.com/products/metal-cutting/list/?category=292.
2017-05-24 18:26:08,628 spider_ctz.py[line:75] INFO layer2 is being parsed, url is: http://www.ceratizit.com/products/metal-cutting/list/detail/?product=22.
2017-05-24 18:26:12,201 spider_ctz.py[line:75] INFO layer2 is being parsed, url is: http://www.ceratizit.com/products/metal-cutting/list/detail/?product=23.
2017-05-24 18:26:17,927 spider_ctz.py[line:75] INFO layer2 is being parsed, url is: http://www.ceratizit.com/products/metal-cutting/list/detail/?product=24.
2017-05-24 18:26:23,263 spider_ctz.py[line:75] INFO layer2 is being parsed, url is: http://www.ceratizit.com/products/metal-cutting/list/detail/?product=56.
2017-05-24 18:26:30,720 spider_ctz.py[line:75] INFO layer2 is being parsed, url is: http://www.ceratizit.com/products/metal-cutting/list/detail/?product=57.
2017-05-24 18:26:31,812 spider_ctz.py[line:75] INFO layer2 is being parsed, url is: http://www.ceratizit.com/products/metal-cutting/list/detail/?product=59.
2017-05-24 18:26:36,851 spider_ctz.py[line:75] INFO layer2 is being parsed, url is: http://www.ceratizit.com/products/metal-cutting/list/detail/?product=60.
2017-05-24 18:26:41,767 spider_ctz.py[line:75] INFO layer2 is being parsed, url is: http://www.ceratizit.com/products/metal-cutting/list/detail/?product=61.
2017-05-24 18:26:47,979 spider_ctz.py[line:75] INFO layer2 is being parsed, url is: http://www.ceratizit.com/products/metal-cutting/list/detail/?product=62.
2017-05-24 18:26:53,651 spider_ctz.py[line:75] INFO layer2 is being parsed, url is: http://www.ceratizit.com/products/metal-cutting/list/detail/?product=63.
2017-05-24 18:26:58,289 spider_ctz.py[line:75] INFO layer2 is being parsed, url is: http://www.ceratizit.com/products/metal-cutting/list/detail/?product=64.
2017-05-24 18:27:02,233 spider_ctz.py[line:75] INFO layer2 is being parsed, url is: http://www.ceratizit.com/products/metal-cutting/list/detail/?product=65.
2017-05-24 18:27:07,459 spider_ctz.py[line:75] INFO layer2 is being parsed, url is: http://www.ceratizit.com/products/metal-cutting/list/detail/?product=471.
2017-05-24 18:27:13,480 spider_ctz.py[line:75] INFO layer2 is being parsed, url is: http://www.ceratizit.com/products/metal-cutting/list/detail/?product=518.
2017-05-24 18:27:18,144 spider_ctz.py[line:75] INFO layer2 is being parsed, url is: http://www.ceratizit.com/products/metal-cutting/list/detail/?product=67.
2017-05-24 18:27:22,155 spider_ctz.py[line:75] INFO layer2 is being parsed, url is: http://www.ceratizit.com/products/metal-cutting/list/detail/?product=68.
2017-05-24 18:27:26,757 spider_ctz.py[line:75] INFO layer2 is being parsed, url is: http://www.ceratizit.com/products/metal-cutting/list/detail/?product=497.
2017-05-24 18:27:31,720 spider_ctz.py[line:75] INFO layer2 is being parsed, url is: http://www.ceratizit.com/products/metal-cutting/list/detail/?product=433.
2017-05-24 18:27:37,148 spider_ctz.py[line:75] INFO layer2 is being parsed, url is: http://www.ceratizit.com/products/metal-cutting/list/detail/?product=434.
2017-05-24 18:27:42,282 spider_ctz.py[line:75] INFO layer2 is being parsed, url is: http://www.ceratizit.com/products/metal-cutting/list/detail/?product=435.
2017-05-24 18:27:47,742 spider_ctz.py[line:75] INFO layer2 is being parsed, url is: http://www.ceratizit.com/products/metal-cutting/list/detail/?product=436.
2017-05-24 18:27:47,757 spiders.py[line:95] DEBUG Read 16 requests from 'ctz:start_urls'
2017-05-24 18:27:51,239 spider_ctz.py[line:59] INFO layer1 url is: http://www.ceratizit.com/products/metal-cutting/list/?category=16.
2017-05-24 18:27:56,628 spider_ctz.py[line:59] INFO layer1 url is: http://www.ceratizit.com/products/metal-cutting/list/?category=53.
2017-05-24 18:28:01,831 spider_ctz.py[line:59] INFO layer1 url is: http://www.ceratizit.com/products/metal-cutting/list/?category=68.
2017-05-24 18:28:06,625 spider_ctz.py[line:59] INFO layer1 url is: http://www.ceratizit.com/products/metal-cutting/list/?category=85.
2017-05-24 18:28:11,749 spider_ctz.py[line:59] INFO layer1 url is: http://www.ceratizit.com/products/metal-cutting/list/?category=94.
2017-05-24 18:28:15,806 spider_ctz.py[line:59] INFO layer1 url is: http://www.ceratizit.com/products/metal-cutting/list/?category=95.
2017-05-24 18:28:18,661 spider_ctz.py[line:59] INFO layer1 url is: http://www.ceratizit.com/products/metal-cutting/list/?category=96.
2017-05-24 18:28:23,687 spider_ctz.py[line:59] INFO layer1 url is: http://www.ceratizit.com/products/metal-cutting/list/?category=156.
2017-05-24 18:28:26,967 spider_ctz.py[line:59] INFO layer1 url is: http://www.ceratizit.com/products/metal-cutting/list/?category=164.
2017-05-24 18:28:32,319 spider_ctz.py[line:59] INFO layer1 url is: http://www.ceratizit.com/products/metal-cutting/list/?category=167.
2017-05-24 18:28:36,625 spider_ctz.py[line:59] INFO layer1 url is: http://www.ceratizit.com/products/metal-cutting/list/?category=203.
