2017-06-06 13:01:33,385 spiders.py[line:68] INFO Reading start URLs from redis key 'dglx:start_urls' (batch size: 16, encoding: utf-8
2017-06-06 13:01:35,986 spiders.py[line:95] DEBUG Read 7 requests from 'dglx:start_urls'
2017-06-06 13:01:38,562 spider_dglx.py[line:54] INFO step into layer1, url is: http://www.lxtpc.com.cn/offerlist/41418.htm?spm=a262gm.8761431.0.0.0UZygC4.html.
2017-06-06 13:01:53,466 spider_dglx.py[line:54] INFO step into layer1, url is: http://www.lxtpc.com.cn/offerlist/41418.htm?spm=a262gm.8761431.0.0.0UZygC7.html.
2017-06-06 13:01:53,594 spider_dglx.py[line:54] INFO step into layer1, url is: http://www.lxtpc.com.cn/offerlist/41418.htm?spm=a262gm.8761431.0.0.0UZygC3.html.
2017-06-06 13:01:57,096 spider_dglx.py[line:54] INFO step into layer1, url is: http://www.lxtpc.com.cn/offerlist/41418.htm?spm=a262gm.8761431.0.0.0UZygC5.html.
2017-06-06 13:02:02,516 spider_dglx.py[line:54] INFO step into layer1, url is: http://www.lxtpc.com.cn/offerlist/41418.htm?spm=a262gm.8761431.0.0.0UZygC6.html.
2017-06-06 13:02:08,601 spider_dglx.py[line:54] INFO step into layer1, url is: http://www.lxtpc.com.cn/offerlist/41418.htm?spm=a262gm.8761431.0.0.0UZygC1.html.
2017-06-06 13:02:14,489 spider_dglx.py[line:54] INFO step into layer1, url is: http://www.lxtpc.com.cn/offerlist/41418.htm?spm=a262gm.8761431.0.0.0UZygC2.html.
2017-06-06 13:02:20,631 spider_dglx.py[line:68] INFO step into layer2, url is: http://www.lxtpc.com.cn/offerlist/40383.htm.
2017-06-06 13:02:26,117 spider_dglx.py[line:68] INFO step into layer2, url is: http://www.lxtpc.com.cn/offerlist/41418.htm.
2017-06-06 13:02:31,671 spider_dglx.py[line:68] INFO step into layer2, url is: http://www.lxtpc.com.cn/offerlist/850341.htm.
2017-06-06 13:02:36,786 spider_dglx.py[line:68] INFO step into layer2, url is: http://www.lxtpc.com.cn/offerlist/613417.htm.
2017-06-06 13:02:42,924 spider_dglx.py[line:68] INFO step into layer2, url is: http://www.lxtpc.com.cn/offerlist/613421.htm.
2017-06-06 13:02:47,315 spider_dglx.py[line:68] INFO step into layer2, url is: http://www.lxtpc.com.cn/offerlist/613961.htm.
2017-06-06 13:02:52,859 spider_dglx.py[line:68] INFO step into layer2, url is: http://www.lxtpc.com.cn/offerlist/728107.htm.
2017-06-06 13:02:57,763 spider_dglx.py[line:68] INFO step into layer2, url is: http://www.lxtpc.com.cn/offerlist/-2.htm.
2017-06-06 13:03:03,759 spider_dglx.py[line:68] INFO step into layer2, url is: http://www.lxtpc.com.cn/offerlist/613963.htm.
2017-06-06 13:03:08,165 spider_dglx.py[line:68] INFO step into layer2, url is: http://www.lxtpc.com.cn/offerlist/613967.htm.
2017-06-06 13:03:12,253 spider_dglx.py[line:68] INFO step into layer2, url is: http://www.lxtpc.com.cn/offerlist/613980.htm.
2017-06-06 13:03:17,203 spider_dglx.py[line:68] INFO step into layer2, url is: http://www.lxtpc.com.cn/offerlist/2082948.htm.
2017-06-06 13:03:22,239 spider_dglx.py[line:68] INFO step into layer2, url is: http://www.lxtpc.com.cn/offerlist/-2.htm.
2017-06-06 13:03:27,950 spider_dglx.py[line:68] INFO step into layer2, url is: http://www.lxtpc.com.cn/offerlist/40383.htm.
2017-06-06 13:03:32,069 spider_dglx.py[line:68] INFO step into layer2, url is: http://www.lxtpc.com.cn/offerlist/41418.htm.
2017-06-06 13:03:38,125 spider_dglx.py[line:68] INFO step into layer2, url is: http://www.lxtpc.com.cn/offerlist/-2.htm.
2017-06-06 13:03:42,878 spider_dglx.py[line:68] INFO step into layer2, url is: http://www.lxtpc.com.cn/offerlist/40383.htm.
2017-06-06 13:03:59,278 spider_dglx.py[line:84] INFO step into layer2, url is: http://www.lxtpc.com.cn/offer/132918185.html.
2017-06-06 13:05:27,517 spider_dglx.py[line:84] INFO step into layer2, url is: http://www.lxtpc.com.cn/offer/468219904.html.
2017-06-06 13:05:32,423 spider_dglx.py[line:84] INFO step into layer2, url is: http://www.lxtpc.com.cn/offer/215589736.html.
2017-06-06 13:05:38,211 spider_dglx.py[line:84] INFO step into layer2, url is: http://www.lxtpc.com.cn/offer/218008788.html.
2017-06-06 13:05:43,540 spider_dglx.py[line:84] INFO step into layer2, url is: http://www.lxtpc.com.cn/offer/126939537.html.
2017-06-06 13:05:49,128 spider_dglx.py[line:84] INFO step into layer2, url is: http://www.lxtpc.com.cn/offer/127733903.html.
2017-06-06 13:05:53,645 spider_dglx.py[line:84] INFO step into layer2, url is: http://www.lxtpc.com.cn/offer/128062018.html.
2017-06-06 13:05:56,967 spider_dglx.py[line:84] INFO step into layer2, url is: http://www.lxtpc.com.cn/offer/128062426.html.
2017-06-06 13:06:01,055 spider_dglx.py[line:84] INFO step into layer2, url is: http://www.lxtpc.com.cn/offer/128062657.html.
2017-06-06 13:06:06,885 spider_dglx.py[line:84] INFO step into layer2, url is: http://www.lxtpc.com.cn/offer/128066132.html.
2017-06-06 13:06:11,221 spider_dglx.py[line:84] INFO step into layer2, url is: http://www.lxtpc.com.cn/offer/130847199.html.
2017-06-06 13:06:16,740 spider_dglx.py[line:84] INFO step into layer2, url is: http://www.lxtpc.com.cn/offer/213856811.html.
2017-06-06 13:06:22,134 spider_dglx.py[line:84] INFO step into layer2, url is: http://www.lxtpc.com.cn/offer/531810489.html.
2017-06-06 13:06:26,971 spider_dglx.py[line:84] INFO step into layer2, url is: http://www.lxtpc.com.cn/offer/531821706.html.
2017-06-06 13:06:33,134 spider_dglx.py[line:84] INFO step into layer2, url is: http://www.lxtpc.com.cn/offer/850724105.html.
2017-06-06 13:06:36,062 spider_dglx.py[line:84] INFO step into layer2, url is: http://www.lxtpc.com.cn/offer/882237745.html.
2017-06-06 13:06:41,125 spider_dglx.py[line:84] INFO step into layer2, url is: http://www.lxtpc.com.cn/offer/128064729.html.
2017-06-06 13:06:44,974 spider_dglx.py[line:84] INFO step into layer2, url is: http://www.lxtpc.com.cn/offer/213836960.html.
2017-06-06 13:06:50,934 spider_dglx.py[line:84] INFO step into layer2, url is: http://www.lxtpc.com.cn/offer/213840573.html.
2017-06-06 13:06:56,355 spider_dglx.py[line:84] INFO step into layer2, url is: http://www.lxtpc.com.cn/offer/215593869.html.
2017-06-06 13:07:01,283 spider_dglx.py[line:84] INFO step into layer2, url is: http://www.lxtpc.com.cn/offer/215594626.html.
2017-06-06 13:07:05,573 spider_dglx.py[line:84] INFO step into layer2, url is: http://www.lxtpc.com.cn/offer/531839487.html.
2017-06-06 13:07:10,236 spider_dglx.py[line:84] INFO step into layer2, url is: http://www.lxtpc.com.cn/offer/850721621.html.
2017-06-06 13:07:15,565 spider_dglx.py[line:84] INFO step into layer2, url is: http://www.lxtpc.com.cn/offer/850729665.html.
2017-06-06 13:07:20,109 spider_dglx.py[line:84] INFO step into layer2, url is: http://www.lxtpc.com.cn/offer/882231982.html.
2017-06-06 13:07:26,013 spider_dglx.py[line:84] INFO step into layer2, url is: http://www.lxtpc.com.cn/offer/1255534623.html.
2017-06-06 13:07:31,651 spider_dglx.py[line:84] INFO step into layer2, url is: http://www.lxtpc.com.cn/offer/38739187603.html.
2017-06-06 13:07:35,921 spider_dglx.py[line:84] INFO step into layer2, url is: http://www.lxtpc.com.cn/offer/43645989820.html.
2017-06-06 13:07:39,645 spider_dglx.py[line:84] INFO step into layer2, url is: http://www.lxtpc.com.cn/offer/218009043.html.
2017-06-06 13:07:45,278 spider_dglx.py[line:84] INFO step into layer2, url is: http://www.lxtpc.com.cn/offer/218009355.html.
2017-06-06 13:07:50,855 spider_dglx.py[line:84] INFO step into layer2, url is: http://www.lxtpc.com.cn/offer/218010130.html.
2017-06-06 13:07:55,948 spider_dglx.py[line:84] INFO step into layer2, url is: http://www.lxtpc.com.cn/offer/218924997.html.
2017-06-06 13:08:00,022 spider_dglx.py[line:84] INFO step into layer2, url is: http://www.lxtpc.com.cn/offer/218927634.html.
2017-06-06 13:08:04,733 spider_dglx.py[line:84] INFO step into layer2, url is: http://www.lxtpc.com.cn/offer/675055941.html.
2017-06-06 13:08:09,444 spider_dglx.py[line:84] INFO step into layer2, url is: http://www.lxtpc.com.cn/offer/215594942.html.
2017-06-06 13:08:15,065 spider_dglx.py[line:84] INFO step into layer2, url is: http://www.lxtpc.com.cn/offer/128069590.html.
2017-06-06 13:08:17,378 spider_dglx.py[line:84] INFO step into layer2, url is: http://www.lxtpc.com.cn/offer/531851015.html.
2017-06-06 13:08:22,851 spider_dglx.py[line:84] INFO step into layer2, url is: http://www.lxtpc.com.cn/offer/126511313.html.
2017-06-06 13:08:26,582 spider_dglx.py[line:84] INFO step into layer2, url is: http://www.lxtpc.com.cn/offer/531785249.html.
2017-06-06 13:08:30,901 spider_dglx.py[line:84] INFO step into layer2, url is: http://www.lxtpc.com.cn/offer/531861362.html.
