2017-06-12 17:23:27,878 download_items_from_redis.py[line:113] INFO [process id 0] start to download items in 'woz:items' (server: localhost, port: 6379)
2017-06-12 17:23:28,898 download_items_from_redis.py[line:93] INFO [woz:items] Processing item: 数控气液折弯机 <http://www.woznc.com/index.php?_m=mod_product&_a=view&p_id=194>
2017-06-12 17:23:28,901 download_items_from_redis.py[line:93] INFO [woz:items] Processing item: JBS/JZS数控前送料液压剪板机 <http://www.woznc.com/index.php?_m=mod_product&_a=view&p_id=203>
2017-06-12 17:25:04,545 download_items_from_redis.py[line:93] INFO [woz:items] Processing item: 气控平衡吊VPL系列 <http://www.woznc.com/index.php?_m=mod_product&_a=view&p_id=220>
2017-06-12 17:25:06,186 download_items_from_redis.py[line:93] INFO [woz:items] Processing item: 悬臂吊 <http://www.woznc.com/index.php?_m=mod_product&_a=view&p_id=199>
2017-06-12 17:25:10,482 download_items_from_redis.py[line:93] INFO [woz:items] Processing item: 1吨悬臂吊 <http://www.woznc.com/index.php?_m=mod_product&_a=view&p_id=217>
2017-06-12 17:25:15,341 download_items_from_redis.py[line:93] INFO [woz:items] Processing item: AB3012 <http://www.woznc.com/index.php?_m=mod_product&_a=view&p_id=196>
2017-06-12 17:25:21,121 download_items_from_redis.py[line:93] INFO [woz:items] Processing item: 数控气液折弯机 <http://www.woznc.com/index.php?_m=mod_product&_a=view&p_id=194>
2017-06-12 17:25:25,561 download_items_from_redis.py[line:93] INFO [woz:items] Processing item: 数控气液折弯机 <http://www.woznc.com/index.php?_m=mod_product&_a=view&p_id=205>
2017-06-12 17:25:29,825 download_items_from_redis.py[line:93] INFO [woz:items] Processing item: AB3012数控气液折弯机 <http://www.woznc.com/index.php?_m=mod_product&_a=view&p_id=201>
2017-06-12 17:25:34,914 download_items_from_redis.py[line:93] INFO [woz:items] Processing item: 气动平衡吊 <http://www.woznc.com/index.php?_m=mod_product&_a=view&p_id=218>
2017-06-12 17:25:40,444 download_items_from_redis.py[line:93] INFO [woz:items] Processing item: PHD系列平衡吊 <http://www.woznc.com/index.php?_m=mod_product&_a=view&p_id=200>
2017-06-12 17:25:45,795 download_items_from_redis.py[line:93] INFO [woz:items] Processing item: 通快冲床上料 <http://www.woznc.com/index.php?_m=mod_product&_a=view&p_id=232>
2017-06-12 17:25:48,219 download_items_from_redis.py[line:93] INFO [woz:items] Processing item: 等离子自动上下料 <http://www.woznc.com/index.php?_m=mod_product&_a=view&p_id=230>
2017-06-12 17:25:53,361 download_items_from_redis.py[line:93] INFO [woz:items] Processing item: 玻璃吸吊机 <http://www.woznc.com/index.php?_m=mod_product&_a=view&p_id=221>
2017-06-12 17:25:59,026 download_items_from_redis.py[line:93] INFO [woz:items] Processing item: 玻璃吸吊机 <http://www.woznc.com/index.php?_m=mod_product&_a=view&p_id=225>
2017-06-12 17:26:03,608 download_items_from_redis.py[line:93] INFO [woz:items] Processing item: 吸盘上料 <http://www.woznc.com/index.php?_m=mod_product&_a=view&p_id=195>
2017-06-12 17:26:07,403 download_items_from_redis.py[line:93] INFO [woz:items] Processing item: 500KG吸盘上料装置 <http://www.woznc.com/index.php?_m=mod_product&_a=view&p_id=227>
2017-06-12 17:26:12,819 download_items_from_redis.py[line:93] INFO [woz:items] Processing item: 真空泵式吸盘上料装置 <http://www.woznc.com/index.php?_m=mod_product&_a=view&p_id=216>
2017-06-12 17:26:17,989 download_items_from_redis.py[line:93] INFO [woz:items] Processing item: JBS/JZS数控前送料液压剪板机 <http://www.woznc.com/index.php?_m=mod_product&_a=view&p_id=203>
2017-06-12 17:26:23,480 download_items_from_redis.py[line:93] INFO [woz:items] Processing item: 数控电液同步折弯机 <http://www.woznc.com/index.php?_m=mod_product&_a=view&p_id=204>
2017-06-12 17:26:25,961 download_items_from_redis.py[line:93] INFO [woz:items] Processing item: 数控折边机 <http://www.woznc.com/index.php?_m=mod_product&_a=view&p_id=226>
2017-06-12 17:26:30,897 download_items_from_redis.py[line:93] INFO [woz:items] Processing item: 钣金折边自动生产线 <http://www.woznc.com/index.php?_m=mod_product&_a=view&p_id=228>
2017-06-12 17:26:36,786 download_items_from_redis.py[line:93] INFO [woz:items] Processing item: 数控角成型机 <http://www.woznc.com/index.php?_m=mod_product&_a=view&p_id=198>
2017-06-12 17:26:42,516 download_items_from_redis.py[line:93] INFO [woz:items] Processing item: 板料上料装置 <http://www.woznc.com/index.php?_m=mod_product&_a=view&p_id=219>
2017-06-12 17:26:49,841 download_items_from_redis.py[line:93] INFO [woz:items] Processing item: 冲床自动上下料 <http://www.woznc.com/index.php?_m=mod_product&_a=view&p_id=223>
2017-06-12 17:26:52,246 download_items_from_redis.py[line:93] INFO [woz:items] Processing item: 冲床自动上下料 <http://www.woznc.com/index.php?_m=mod_product&_a=view&p_id=229>
2017-06-12 17:26:56,809 download_items_from_redis.py[line:93] INFO [woz:items] Processing item: 激光自动上下料 <http://www.woznc.com/index.php?_m=mod_product&_a=view&p_id=222>
2017-06-12 17:27:02,066 download_items_from_redis.py[line:93] INFO [woz:items] Processing item: 板材真空自动上料 <http://www.woznc.com/index.php?_m=mod_product&_a=view&p_id=224>
