2017-05-31 16:51:23,673 download_items_from_redis.py[line:113] INFO [process id 0] start to download items in 'by:items' (server: localhost, port: 6379)
2017-05-31 16:51:24,686 download_items_from_redis.py[line:93] INFO [by:items] Processing item: XKAV五轴龙门系列 <http://www.byjc.com.cn/newbyjc/products_2zs_1sklmtxc-XKAVwzlmxl.html>
2017-05-31 16:51:24,690 download_items_from_redis.py[line:93] INFO [by:items] Processing item: XKAU28超重型双龙门系列 <http://www.byjc.com.cn/newbyjc/products_2zs_1sklmtxc-XKAU28czxslmxl.html>
2017-05-31 16:51:24,694 download_items_from_redis.py[line:93] INFO [by:items] Processing item: 升降台式系列 <http://www.byjc.com.cn/newbyjc/products_2zs_7lsskxc-sjtsxl.html>
2017-05-31 16:51:24,697 download_items_from_redis.py[line:93] INFO [by:items] Processing item: 升降台式系列 <http://www.byjc.com.cn/newbyjc/products_2zs_8wsskxc-sjtsxl.html>
2017-05-31 16:51:24,701 download_items_from_redis.py[line:93] INFO [by:items] Processing item: 倒立式复合车削中心 <http://www.byjc.com.cn/newbyjc/products_2zs_11dlc-dlsfhcxzx.html>
2017-05-31 16:51:24,706 download_items_from_redis.py[line:93] INFO [by:items] Processing item: 汽车零件加工生产线 <http://www.byjc.com.cn/newbyjc/products_2zs_14scx-qcljjgscx.html>
2017-05-31 16:51:24,710 download_items_from_redis.py[line:93] INFO [by:items] Processing item: XHAE76系列 <http://www.byjc.com.cn/newbyjc/products_2zs_6wsjgzx_XHAE76xl.html>
2017-05-31 16:51:24,711 download_items_from_redis.py[line:93] INFO [by:items] Processing item: ZH51系列 <http://www.byjc.com.cn/newbyjc/products_2zs_9lszxjgzx-ZH51xl.html>
2017-05-31 16:51:24,713 download_items_from_redis.py[line:93] INFO [by:items] Processing item: 卧式升降台铣床 <http://www.byjc.com.cn/newbyjc/products_2zs_12ptsjsxc_wssjtxc.html>
2017-05-31 16:51:25,450 download_items_from_redis.py[line:93] INFO [by:items] Processing item: 北一大隈LBR370系列 <http://www.byjc.com.cn/newbyjc/products_2zs_10skcc_bydwLBR370xl.html>
2017-05-31 16:51:30,778 download_items_from_redis.py[line:93] INFO [by:items] Processing item: 简易数控升降台铣床 <http://www.byjc.com.cn/newbyjc/products_2zs_12ptsjsxc_jysksjtxc.html>
2017-05-31 16:51:33,970 download_items_from_redis.py[line:93] INFO [by:items] Processing item: XKA73数控立柱移动床身铣床系列 <http://www.byjc.com.cn/newbyjc/products_2zs_7lsskxc-XKA73sklzydcsxcxl.html>
2017-05-31 16:51:42,892 download_items_from_redis.py[line:93] INFO [by:items] Processing item: XKAV五轴龙门系列 <http://www.byjc.com.cn/newbyjc/products_2zs_1sklmtxc-XKAVwzlmxl.html>
2017-05-31 16:51:48,892 download_items_from_redis.py[line:93] INFO [by:items] Processing item: XKAU28超重型双龙门系列 <http://www.byjc.com.cn/newbyjc/products_2zs_1sklmtxc-XKAU28czxslmxl.html>
2017-05-31 16:51:53,094 download_items_from_redis.py[line:93] INFO [by:items] Processing item: 动梁工作台移动式（XKA21系列） <http://www.byjc.com.cn/newbyjc/products_2zs_1sklmtxc-dlgztyds-XKA21xl.html>
2017-05-31 16:51:57,775 download_items_from_redis.py[line:93] INFO [by:items] Processing item: 定梁工作台移动式（XKA24系列） <http://www.byjc.com.cn/newbyjc/products_2zs_1sklmtxc-dlgztyds-XKA24xl.html>
2017-05-31 16:52:02,480 download_items_from_redis.py[line:93] INFO [by:items] Processing item: 定梁龙门框架移动式（XKA27系列） <http://www.byjc.com.cn/newbyjc/products_2zs_1sklmtxc-dllmkjyds-XKA27xl.html>
2017-05-31 16:52:06,943 download_items_from_redis.py[line:93] INFO [by:items] Processing item: 定梁工作台移动式（XHAE24/XKAE24系列） <http://www.byjc.com.cn/newbyjc/products_2zs_1sklmtxc-dlgztyds-XHAE24-XKAE24xl.html>
2017-05-31 16:52:12,862 download_items_from_redis.py[line:93] INFO [by:items] Processing item: T2系列 <http://www.byjc.com.cn/newbyjc/products_2zs_3szlscx_T2xl.html>
2017-05-31 16:52:17,997 download_items_from_redis.py[line:93] INFO [by:items] Processing item: T3系列 <http://www.byjc.com.cn/newbyjc/products_2zs_3szlscx_T3xl.html>
2017-05-31 16:52:23,299 download_items_from_redis.py[line:93] INFO [by:items] Processing item: 中段龙门铣床 <http://www.byjc.com.cn/newbyjc/products_2zs_2ptlmtxc_zdlmxc.html>
2017-05-31 16:52:27,338 download_items_from_redis.py[line:93] INFO [by:items] Processing item: 数控高精度落地铣镗床 <http://www.byjc.com.cn/newbyjc/products_2zs_4ldt_skgjdldxtc.html>
2017-05-31 16:52:32,648 download_items_from_redis.py[line:93] INFO [by:items] Processing item: XHA71系列 <http://www.byjc.com.cn/newbyjc/products_2zs_5lsjgzx_XHA71xl.html>
2017-05-31 16:52:37,351 download_items_from_redis.py[line:93] INFO [by:items] Processing item: 精密立式加工中心 <http://www.byjc.com.cn/newbyjc/products_2zs_5lsjgzx_jmlsjgzx.html>
2017-05-31 16:52:42,137 download_items_from_redis.py[line:93] INFO [by:items] Processing item: XHAE76系列 <http://www.byjc.com.cn/newbyjc/products_2zs_6wsjgzx_XHAE76xl.html>
2017-05-31 16:52:46,423 download_items_from_redis.py[line:93] INFO [by:items] Processing item: XRAN21动梁龙门柔性加工单元 <http://www.byjc.com.cn/newbyjc/products_2zs_1sklmtxc-XRAN21dllmrxjgdy.html>
2017-05-31 16:52:50,901 download_items_from_redis.py[line:93] INFO [by:items] Processing item: 定梁工作台移动式（XHAD24/XKAD24系列） <http://www.byjc.com.cn/newbyjc/products_2zs_1sklmtxc-dlgztyds-XHAD24-XKAD24xl.html>
2017-05-31 16:53:01,391 download_items_from_redis.py[line:93] INFO [by:items] Processing item: B3HM专用系列 <http://www.byjc.com.cn/newbyjc/products_2zs_13hmj-B3HMzyxl.html>
2017-05-31 16:53:06,023 download_items_from_redis.py[line:93] INFO [by:items] Processing item: TH63系列 <http://www.byjc.com.cn/newbyjc/products_2zs_6wsjgzx_TH63xl.html>
2017-05-31 16:53:11,003 download_items_from_redis.py[line:93] INFO [by:items] Processing item: 升降台式系列 <http://www.byjc.com.cn/newbyjc/products_2zs_7lsskxc-sjtsxl.html>
2017-05-31 16:53:16,161 download_items_from_redis.py[line:93] INFO [by:items] Processing item: 升降台式系列 <http://www.byjc.com.cn/newbyjc/products_2zs_8wsskxc-sjtsxl.html>
2017-05-31 16:53:21,838 download_items_from_redis.py[line:93] INFO [by:items] Processing item: 倒立式复合车削中心 <http://www.byjc.com.cn/newbyjc/products_2zs_11dlc-dlsfhcxzx.html>
2017-05-31 16:53:25,881 download_items_from_redis.py[line:93] INFO [by:items] Processing item: 汽车零件加工生产线 <http://www.byjc.com.cn/newbyjc/products_2zs_14scx-qcljjgscx.html>
2017-05-31 16:53:29,180 download_items_from_redis.py[line:93] INFO [by:items] Processing item: ZH51系列 <http://www.byjc.com.cn/newbyjc/products_2zs_9lszxjgzx-ZH51xl.html>
2017-05-31 16:53:34,234 download_items_from_redis.py[line:93] INFO [by:items] Processing item: 卧式升降台铣床 <http://www.byjc.com.cn/newbyjc/products_2zs_12ptsjsxc_wssjtxc.html>
2017-05-31 16:53:39,815 download_items_from_redis.py[line:93] INFO [by:items] Processing item: 北一大隈LBR370系列 <http://www.byjc.com.cn/newbyjc/products_2zs_10skcc_bydwLBR370xl.html>
2017-05-31 16:53:44,589 download_items_from_redis.py[line:93] INFO [by:items] Processing item: 简易数控升降台铣床 <http://www.byjc.com.cn/newbyjc/products_2zs_12ptsjsxc_jysksjtxc.html>
2017-05-31 16:53:48,078 download_items_from_redis.py[line:93] INFO [by:items] Processing item: XKA73数控立柱移动床身铣床系列 <http://www.byjc.com.cn/newbyjc/products_2zs_7lsskxc-XKA73sklzydcsxcxl.html>
