2017-06-05 16:12:57,910 download_items_from_redis.py[line:113] INFO [process id 0] start to download items in 'cfled:items' (server: localhost, port: 6379)
2017-06-05 16:23:45,500 download_items_from_redis.py[line:93] INFO [cfled:items] Processing item: T5无影支架（塑胶单电压） <http://www.cfled.com/product1_show.aspx?ProId=602>
2017-06-05 16:23:49,641 download_items_from_redis.py[line:93] INFO [cfled:items] Processing item: T8无影支架(pc一体化) <http://www.cfled.com/product1_show.aspx?ProId=548>
2017-06-05 16:23:54,594 download_items_from_redis.py[line:93] INFO [cfled:items] Processing item: 吸顶灯（双层洁白月） <http://www.cfled.com/product1_show.aspx?ProId=573>
2017-06-05 16:23:58,736 download_items_from_redis.py[line:93] INFO [cfled:items] Processing item: 天花筒灯（金属） <http://www.cfled.com/product1_show.aspx?ProId=564>
2017-06-05 16:24:03,944 download_items_from_redis.py[line:93] INFO [cfled:items] Processing item: 面板灯（可调光） <http://www.cfled.com/product1_show.aspx?ProId=582>
2017-06-05 16:24:09,095 download_items_from_redis.py[line:93] INFO [cfled:items] Processing item: 面板灯（中高端） <http://www.cfled.com/product1_show.aspx?ProId=583>
2017-06-05 16:24:13,584 download_items_from_redis.py[line:93] INFO [cfled:items] Processing item: 吸顶灯（流通类） <http://www.cfled.com/product1_show.aspx?ProId=552>
2017-06-05 16:24:19,528 download_items_from_redis.py[line:93] INFO [cfled:items] Processing item: T5灯管(无影支架金属） <http://www.cfled.com/product1_show.aspx?ProId=397>
2017-06-05 16:24:23,358 download_items_from_redis.py[line:93] INFO [cfled:items] Processing item: 吸顶灯（中高端） <http://www.cfled.com/product1_show.aspx?ProId=553>
2017-06-05 16:24:28,109 download_items_from_redis.py[line:93] INFO [cfled:items] Processing item: 天花射灯(cob) <http://www.cfled.com/product1_show.aspx?ProId=560>
2017-06-05 16:24:33,999 download_items_from_redis.py[line:93] INFO [cfled:items] Processing item: 天花射灯（pc外环） <http://www.cfled.com/product1_show.aspx?ProId=557>
2017-06-05 16:24:37,211 download_items_from_redis.py[line:93] INFO [cfled:items] Processing item: cob天花灯（渠道） <http://www.cfled.com/product1_show.aspx?ProId=561>
2017-06-05 16:24:40,832 download_items_from_redis.py[line:93] INFO [cfled:items] Processing item: 天花射灯（防眩三高） <http://www.cfled.com/product1_show.aspx?ProId=559>
2017-06-05 16:24:46,696 download_items_from_redis.py[line:93] INFO [cfled:items] Processing item: 天花射灯（金属） <http://www.cfled.com/product1_show.aspx?ProId=556>
2017-06-05 16:24:51,653 download_items_from_redis.py[line:93] INFO [cfled:items] Processing item: 天花射灯(防眩PC外环) <http://www.cfled.com/product1_show.aspx?ProId=558>
2017-06-05 16:25:33,013 download_items_from_redis.py[line:93] INFO [cfled:items] Processing item: 1W光源 <http://www.cfled.com/product1_show.aspx?ProId=381>
2017-06-05 16:25:37,006 download_items_from_redis.py[line:93] INFO [cfled:items] Processing item: 厨卫灯（圆形） <http://www.cfled.com/product1_show.aspx?ProId=578>
2017-06-05 16:25:41,841 download_items_from_redis.py[line:93] INFO [cfled:items] Processing item: 厨卫灯（方形） <http://www.cfled.com/product1_show.aspx?ProId=579>
2017-06-05 16:25:47,684 download_items_from_redis.py[line:93] INFO [cfled:items] Processing item: 厨卫灯（方形圆板） <http://www.cfled.com/product1_show.aspx?ProId=580>
2017-06-05 16:25:50,961 download_items_from_redis.py[line:93] INFO [cfled:items] Processing item: 3W格栅射灯 <http://www.cfled.com/product1_show.aspx?ProId=416>
2017-06-05 16:25:54,334 download_items_from_redis.py[line:93] INFO [cfled:items] Processing item: 3W*2格栅射灯 <http://www.cfled.com/product1_show.aspx?ProId=417>
2017-06-05 16:25:58,645 download_items_from_redis.py[line:93] INFO [cfled:items] Processing item: 12W*2格栅射灯 <http://www.cfled.com/product1_show.aspx?ProId=423>
2017-06-05 16:26:04,299 download_items_from_redis.py[line:93] INFO [cfled:items] Processing item: 6W格栅射灯 <http://www.cfled.com/product1_show.aspx?ProId=419>
2017-06-05 16:26:08,141 download_items_from_redis.py[line:93] INFO [cfled:items] Processing item: 3W*3格栅射灯 <http://www.cfled.com/product1_show.aspx?ProId=418>
2017-06-05 16:26:13,859 download_items_from_redis.py[line:93] INFO [cfled:items] Processing item: 12W格栅射灯 <http://www.cfled.com/product1_show.aspx?ProId=422>
2017-06-05 16:26:18,914 download_items_from_redis.py[line:93] INFO [cfled:items] Processing item: 6W*2格栅射灯 <http://www.cfled.com/product1_show.aspx?ProId=420>
2017-06-05 16:26:24,355 download_items_from_redis.py[line:93] INFO [cfled:items] Processing item: 6W*3格栅射灯 <http://www.cfled.com/product1_show.aspx?ProId=421>
2017-06-05 16:26:26,967 download_items_from_redis.py[line:93] INFO [cfled:items] Processing item: 60WLED路灯 <http://www.cfled.com/product1_show.aspx?ProId=447>
2017-06-05 16:26:31,937 download_items_from_redis.py[line:93] INFO [cfled:items] Processing item: 90WLED路灯 <http://www.cfled.com/product1_show.aspx?ProId=448>
2017-06-05 16:26:34,653 download_items_from_redis.py[line:93] INFO [cfled:items] Processing item: 120WLED路灯 <http://www.cfled.com/product1_show.aspx?ProId=449>
2017-06-05 16:26:39,092 download_items_from_redis.py[line:93] INFO [cfled:items] Processing item: 120WLED路灯 <http://www.cfled.com/product1_show.aspx?ProId=450>
2017-06-05 16:26:42,072 download_items_from_redis.py[line:93] INFO [cfled:items] Processing item: 45WLED路灯 <http://www.cfled.com/product1_show.aspx?ProId=446>
2017-06-05 16:26:47,762 download_items_from_redis.py[line:93] INFO [cfled:items] Processing item: LED护眼台灯 <http://www.cfled.com/product1_show.aspx?ProId=586>
2017-06-05 16:26:52,492 download_items_from_redis.py[line:93] INFO [cfled:items] Processing item: LED护眼台灯 <http://www.cfled.com/product1_show.aspx?ProId=587>
2017-06-05 16:26:58,259 download_items_from_redis.py[line:93] INFO [cfled:items] Processing item: LED护眼台灯 <http://www.cfled.com/product1_show.aspx?ProId=588>
2017-06-05 16:27:03,969 download_items_from_redis.py[line:93] INFO [cfled:items] Processing item: LED护眼台灯 <http://www.cfled.com/product1_show.aspx?ProId=589>
2017-06-05 16:27:08,762 download_items_from_redis.py[line:93] INFO [cfled:items] Processing item: LED护眼台灯 <http://www.cfled.com/product1_show.aspx?ProId=590>
2017-06-05 16:27:12,694 download_items_from_redis.py[line:93] INFO [cfled:items] Processing item: LED儿童台灯 <http://www.cfled.com/product1_show.aspx?ProId=591>
2017-06-05 16:28:45,194 download_items_from_redis.py[line:93] INFO [cfled:items] Processing item: T8K灯管（G13） <http://www.cfled.com/product1_show.aspx?ProId=60>
2017-06-05 16:28:50,904 download_items_from_redis.py[line:93] INFO [cfled:items] Processing item: T8灯管（pc） <http://www.cfled.com/product1_show.aspx?ProId=546>
2017-06-05 16:28:56,200 download_items_from_redis.py[line:93] INFO [cfled:items] Processing item: T8灯管（pc三高） <http://www.cfled.com/product1_show.aspx?ProId=547>
2017-06-05 16:29:01,750 download_items_from_redis.py[line:93] INFO [cfled:items] Processing item: 防眩天花筒灯（三高） <http://www.cfled.com/product1_show.aspx?ProId=568>
2017-06-05 16:29:05,206 download_items_from_redis.py[line:93] INFO [cfled:items] Processing item: 吸顶灯（洁白月） <http://www.cfled.com/product1_show.aspx?ProId=571>
2017-06-05 16:29:09,480 download_items_from_redis.py[line:93] INFO [cfled:items] Processing item: 球泡灯（PC灯杯） <http://www.cfled.com/product1_show.aspx?ProId=549>
2017-06-05 16:29:14,253 download_items_from_redis.py[line:93] INFO [cfled:items] Processing item: 3W蜡烛灯 <http://www.cfled.com/product1_show.aspx?ProId=89>
2017-06-05 16:29:17,795 download_items_from_redis.py[line:93] INFO [cfled:items] Processing item: A60球泡灯 <http://www.cfled.com/product1_show.aspx?ProId=551>
2017-06-05 16:29:22,338 download_items_from_redis.py[line:93] INFO [cfled:items] Processing item: 15W/30WCOB导轨灯 <http://www.cfled.com/product1_show.aspx?ProId=577>
2017-06-05 16:29:27,519 download_items_from_redis.py[line:93] INFO [cfled:items] Processing item: 12W帕灯 <http://www.cfled.com/product1_show.aspx?ProId=249>
2017-06-05 16:29:33,157 download_items_from_redis.py[line:93] INFO [cfled:items] Processing item: 30WCOB导轨灯 <http://www.cfled.com/product1_show.aspx?ProId=576>
2017-06-05 16:29:36,684 download_items_from_redis.py[line:93] INFO [cfled:items] Processing item: 50WCOB导轨灯 <http://www.cfled.com/product1_show.aspx?ProId=581>
2017-06-05 16:29:42,520 download_items_from_redis.py[line:93] INFO [cfled:items] Processing item: 3WLED射灯 <http://www.cfled.com/product1_show.aspx?ProId=250>
2017-06-05 16:29:48,178 download_items_from_redis.py[line:93] INFO [cfled:items] Processing item: φ8MM草帽 <http://www.cfled.com/product1_show.aspx?ProId=370>
2017-06-05 16:29:53,532 download_items_from_redis.py[line:93] INFO [cfled:items] Processing item: SMD3528 <http://www.cfled.com/product1_show.aspx?ProId=371>
2017-06-05 16:30:00,325 download_items_from_redis.py[line:93] INFO [cfled:items] Processing item: φ4.8MM草帽 <http://www.cfled.com/product1_show.aspx?ProId=382>
2017-06-05 16:30:05,115 download_items_from_redis.py[line:93] INFO [cfled:items] Processing item: SMD5050 <http://www.cfled.com/product1_show.aspx?ProId=380>
2017-06-05 16:30:10,173 download_items_from_redis.py[line:93] INFO [cfled:items] Processing item: 9W帕灯 <http://www.cfled.com/product1_show.aspx?ProId=248>
2017-06-05 16:30:15,924 download_items_from_redis.py[line:93] INFO [cfled:items] Processing item: 球泡灯（金属） <http://www.cfled.com/product1_show.aspx?ProId=550>
2017-06-05 16:30:21,302 download_items_from_redis.py[line:93] INFO [cfled:items] Processing item: 防眩天花筒灯(PC外环) <http://www.cfled.com/product1_show.aspx?ProId=567>
2017-06-05 16:30:25,141 download_items_from_redis.py[line:93] INFO [cfled:items] Processing item: 吸顶灯（怡香2号） <http://www.cfled.com/product1_show.aspx?ProId=575>
2017-06-05 16:30:30,157 download_items_from_redis.py[line:93] INFO [cfled:items] Processing item: 吸顶灯（阑珊2号） <http://www.cfled.com/product1_show.aspx?ProId=572>
2017-06-05 16:30:35,375 download_items_from_redis.py[line:93] INFO [cfled:items] Processing item: 天花筒灯(PC外环) <http://www.cfled.com/product1_show.aspx?ProId=565>
2017-06-05 16:30:41,483 download_items_from_redis.py[line:93] INFO [cfled:items] Processing item: φ5MM圆头 <http://www.cfled.com/product1_show.aspx?ProId=369>
2017-06-05 16:30:46,348 download_items_from_redis.py[line:93] INFO [cfled:items] Processing item: 5W功率 <http://www.cfled.com/product1_show.aspx?ProId=372>
2017-06-05 16:30:50,698 download_items_from_redis.py[line:93] INFO [cfled:items] Processing item: 9W功率 <http://www.cfled.com/product1_show.aspx?ProId=373>
2017-06-05 16:30:55,865 download_items_from_redis.py[line:93] INFO [cfled:items] Processing item: 15W功率 <http://www.cfled.com/product1_show.aspx?ProId=374>
2017-06-05 16:30:59,112 download_items_from_redis.py[line:93] INFO [cfled:items] Processing item: 20W功率 <http://www.cfled.com/product1_show.aspx?ProId=375>
2017-06-05 16:31:04,970 download_items_from_redis.py[line:93] INFO [cfled:items] Processing item: 25W功率 <http://www.cfled.com/product1_show.aspx?ProId=376>
2017-06-05 16:31:10,614 download_items_from_redis.py[line:93] INFO [cfled:items] Processing item: 30W功率 <http://www.cfled.com/product1_show.aspx?ProId=377>
2017-06-05 16:31:14,335 download_items_from_redis.py[line:93] INFO [cfled:items] Processing item: 40W功率 <http://www.cfled.com/product1_show.aspx?ProId=378>
2017-06-05 16:31:19,828 download_items_from_redis.py[line:93] INFO [cfled:items] Processing item: 50W功率 <http://www.cfled.com/product1_show.aspx?ProId=379>
2017-06-05 16:31:25,332 download_items_from_redis.py[line:93] INFO [cfled:items] Processing item: 吸顶灯（小号灯笼） <http://www.cfled.com/product1_show.aspx?ProId=574>
2017-06-05 16:31:29,644 download_items_from_redis.py[line:93] INFO [cfled:items] Processing item: 吸顶灯（花边铁框） <http://www.cfled.com/product1_show.aspx?ProId=569>
2017-06-05 16:31:34,944 download_items_from_redis.py[line:93] INFO [cfled:items] Processing item: 3060面板灯|（高光铝） <http://www.cfled.com/product1_show.aspx?ProId=584>
2017-06-05 16:31:40,828 download_items_from_redis.py[line:93] INFO [cfled:items] Processing item: 3030面板灯（高光铝） <http://www.cfled.com/product1_show.aspx?ProId=585>
2017-06-05 16:31:45,750 download_items_from_redis.py[line:93] INFO [cfled:items] Processing item: T5无影支架（塑胶宽电压） <http://www.cfled.com/product1_show.aspx?ProId=545>
2017-06-05 16:31:51,144 download_items_from_redis.py[line:93] INFO [cfled:items] Processing item: T5无影支架（塑胶单电压） <http://www.cfled.com/product1_show.aspx?ProId=602>
2017-06-05 16:31:56,536 download_items_from_redis.py[line:93] INFO [cfled:items] Processing item: T8无影支架(pc一体化) <http://www.cfled.com/product1_show.aspx?ProId=548>
2017-06-05 16:32:01,250 download_items_from_redis.py[line:93] INFO [cfled:items] Processing item: 吸顶灯（双层洁白月） <http://www.cfled.com/product1_show.aspx?ProId=573>
2017-06-05 16:32:07,098 download_items_from_redis.py[line:93] INFO [cfled:items] Processing item: 天花筒灯（金属） <http://www.cfled.com/product1_show.aspx?ProId=564>
2017-06-05 16:32:12,818 download_items_from_redis.py[line:93] INFO [cfled:items] Processing item: 面板灯（可调光） <http://www.cfled.com/product1_show.aspx?ProId=582>
2017-06-05 16:32:17,288 download_items_from_redis.py[line:93] INFO [cfled:items] Processing item: 面板灯（中高端） <http://www.cfled.com/product1_show.aspx?ProId=583>
2017-06-05 16:32:21,433 download_items_from_redis.py[line:93] INFO [cfled:items] Processing item: 吸顶灯（流通类） <http://www.cfled.com/product1_show.aspx?ProId=552>
2017-06-05 16:32:26,378 download_items_from_redis.py[line:93] INFO [cfled:items] Processing item: T5灯管(无影支架金属） <http://www.cfled.com/product1_show.aspx?ProId=397>
2017-06-05 16:32:32,056 download_items_from_redis.py[line:93] INFO [cfled:items] Processing item: 吸顶灯（中高端） <http://www.cfled.com/product1_show.aspx?ProId=553>
2017-06-05 16:32:37,473 download_items_from_redis.py[line:93] INFO [cfled:items] Processing item: 天花射灯(cob) <http://www.cfled.com/product1_show.aspx?ProId=560>
2017-06-05 16:32:42,209 download_items_from_redis.py[line:93] INFO [cfled:items] Processing item: 天花射灯（pc外环） <http://www.cfled.com/product1_show.aspx?ProId=557>
2017-06-05 16:32:47,382 download_items_from_redis.py[line:93] INFO [cfled:items] Processing item: cob天花灯（渠道） <http://www.cfled.com/product1_show.aspx?ProId=561>
2017-06-05 16:32:52,950 download_items_from_redis.py[line:93] INFO [cfled:items] Processing item: 天花射灯（防眩三高） <http://www.cfled.com/product1_show.aspx?ProId=559>
2017-06-05 16:32:58,332 download_items_from_redis.py[line:93] INFO [cfled:items] Processing item: 天花射灯（金属） <http://www.cfled.com/product1_show.aspx?ProId=556>
2017-06-05 16:33:02,706 download_items_from_redis.py[line:93] INFO [cfled:items] Processing item: 天花射灯(防眩PC外环) <http://www.cfled.com/product1_show.aspx?ProId=558>
2017-06-05 16:33:39,516 download_items_from_redis.py[line:93] INFO [cfled:items] Processing item: 1W光源 <http://www.cfled.com/product1_show.aspx?ProId=381>
2017-06-05 16:33:44,882 download_items_from_redis.py[line:93] INFO [cfled:items] Processing item: 厨卫灯（圆形） <http://www.cfled.com/product1_show.aspx?ProId=578>
2017-06-05 16:33:49,690 download_items_from_redis.py[line:93] INFO [cfled:items] Processing item: 厨卫灯（方形） <http://www.cfled.com/product1_show.aspx?ProId=579>
2017-06-05 16:33:54,121 download_items_from_redis.py[line:93] INFO [cfled:items] Processing item: 厨卫灯（方形圆板） <http://www.cfled.com/product1_show.aspx?ProId=580>
2017-06-05 16:33:59,980 download_items_from_redis.py[line:93] INFO [cfled:items] Processing item: 3W格栅射灯 <http://www.cfled.com/product1_show.aspx?ProId=416>
2017-06-05 16:34:05,401 download_items_from_redis.py[line:93] INFO [cfled:items] Processing item: 3W*2格栅射灯 <http://www.cfled.com/product1_show.aspx?ProId=417>
2017-06-05 16:34:10,259 download_items_from_redis.py[line:93] INFO [cfled:items] Processing item: 12W*2格栅射灯 <http://www.cfled.com/product1_show.aspx?ProId=423>
2017-06-05 16:34:14,269 download_items_from_redis.py[line:93] INFO [cfled:items] Processing item: 6W格栅射灯 <http://www.cfled.com/product1_show.aspx?ProId=419>
2017-06-05 16:34:20,173 download_items_from_redis.py[line:93] INFO [cfled:items] Processing item: 3W*3格栅射灯 <http://www.cfled.com/product1_show.aspx?ProId=418>
2017-06-05 16:34:24,789 download_items_from_redis.py[line:93] INFO [cfled:items] Processing item: 12W格栅射灯 <http://www.cfled.com/product1_show.aspx?ProId=422>
2017-06-05 16:34:29,908 download_items_from_redis.py[line:93] INFO [cfled:items] Processing item: 6W*2格栅射灯 <http://www.cfled.com/product1_show.aspx?ProId=420>
2017-06-05 16:34:35,571 download_items_from_redis.py[line:93] INFO [cfled:items] Processing item: 6W*3格栅射灯 <http://www.cfled.com/product1_show.aspx?ProId=421>
2017-06-05 16:34:41,592 download_items_from_redis.py[line:93] INFO [cfled:items] Processing item: 60WLED路灯 <http://www.cfled.com/product1_show.aspx?ProId=447>
2017-06-05 16:34:47,427 download_items_from_redis.py[line:93] INFO [cfled:items] Processing item: 90WLED路灯 <http://www.cfled.com/product1_show.aspx?ProId=448>
2017-06-05 16:34:52,954 download_items_from_redis.py[line:93] INFO [cfled:items] Processing item: 120WLED路灯 <http://www.cfled.com/product1_show.aspx?ProId=449>
2017-06-05 16:34:58,039 download_items_from_redis.py[line:93] INFO [cfled:items] Processing item: 120WLED路灯 <http://www.cfled.com/product1_show.aspx?ProId=450>
2017-06-05 16:35:01,503 download_items_from_redis.py[line:93] INFO [cfled:items] Processing item: 45WLED路灯 <http://www.cfled.com/product1_show.aspx?ProId=446>
2017-06-05 16:35:05,535 download_items_from_redis.py[line:93] INFO [cfled:items] Processing item: LED护眼台灯 <http://www.cfled.com/product1_show.aspx?ProId=586>
2017-06-05 16:35:10,716 download_items_from_redis.py[line:93] INFO [cfled:items] Processing item: LED护眼台灯 <http://www.cfled.com/product1_show.aspx?ProId=587>
2017-06-05 16:35:15,630 download_items_from_redis.py[line:93] INFO [cfled:items] Processing item: LED护眼台灯 <http://www.cfled.com/product1_show.aspx?ProId=588>
2017-06-05 16:35:20,424 download_items_from_redis.py[line:93] INFO [cfled:items] Processing item: LED护眼台灯 <http://www.cfled.com/product1_show.aspx?ProId=589>
2017-06-05 16:35:26,198 download_items_from_redis.py[line:93] INFO [cfled:items] Processing item: LED护眼台灯 <http://www.cfled.com/product1_show.aspx?ProId=590>
2017-06-05 16:35:31,961 download_items_from_redis.py[line:93] INFO [cfled:items] Processing item: LED儿童台灯 <http://www.cfled.com/product1_show.aspx?ProId=591>
