2017-06-12 10:08:51,987 download_items_from_redis.py[line:113] INFO [process id 0] start to download items in 'easun:items' (server: localhost, port: 6379)
2017-06-12 10:08:53,005 download_items_from_redis.py[line:93] INFO [easun:items] Processing item: 产品名称：EAC系列三联件 <http://www.china-easun.com/products_detail/productId=33.html>
2017-06-12 10:08:53,009 download_items_from_redis.py[line:93] INFO [easun:items] Processing item: 产品名称：EAW系列过滤减压阀 <http://www.china-easun.com/products_detail/productId=35.html>
2017-06-12 10:08:53,015 download_items_from_redis.py[line:93] INFO [easun:items] Processing item: 产品名称：EMALD铝合金迷你气缸（双伸杆型） <http://www.china-easun.com/products_detail/productId=104.html>
2017-06-12 10:08:53,019 download_items_from_redis.py[line:93] INFO [easun:items] Processing item: 产品名称：EMCMI不锈钢迷你气缸（基本型） <http://www.china-easun.com/products_detail/productId=114.html>
2017-06-12 10:08:53,023 download_items_from_redis.py[line:93] INFO [easun:items] Processing item: 产品名称：3ES3系列二位三通电磁阀 <http://www.china-easun.com/products_detail/productId=55.html>
2017-06-12 10:08:53,026 download_items_from_redis.py[line:93] INFO [easun:items] Processing item: 产品名称：4M二位五通纳摩阀 <http://www.china-easun.com/products_detail/productId=64.html>
2017-06-12 10:08:53,029 download_items_from_redis.py[line:93] INFO [easun:items] Processing item: 产品名称：EMA不锈钢迷你气缸（基本型） <http://www.china-easun.com/products_detail/productId=110.html>
2017-06-12 10:08:53,032 download_items_from_redis.py[line:93] INFO [easun:items] Processing item: 产品名称：4V1系列二位五通电磁阀 <http://www.china-easun.com/products_detail/productId=60.html>
2017-06-12 10:08:53,032 download_items_from_redis.py[line:93] INFO [easun:items] Processing item: 产品名称：ESDAD薄型气缸（双伸杆型） <http://www.china-easun.com/products_detail/productId=117.html>
2017-06-12 10:08:53,035 download_items_from_redis.py[line:93] INFO [easun:items] Processing item: 产品名称：气管剪 <http://www.china-easun.com/products_detail/productId=159.html>
2017-06-12 10:08:53,036 download_items_from_redis.py[line:93] INFO [easun:items] Processing item: 产品名称：E型消声器BSLE <http://www.china-easun.com/products_detail/productId=162.html>
2017-06-12 10:08:53,038 download_items_from_redis.py[line:93] INFO [easun:items] Processing item: 产品名称：EAG-A <http://www.china-easun.com/products_detail/productId=168.html>
2017-06-12 10:08:53,040 download_items_from_redis.py[line:93] INFO [easun:items] Processing item: 产品名称：内螺纹直通EPCF/APCF <http://www.china-easun.com/products_detail/productId=198.html>
2017-06-12 10:08:53,042 download_items_from_redis.py[line:93] INFO [easun:items] Processing item: 产品名称：SDB型附件 <http://www.china-easun.com/products_detail/productId=129.html>
2017-06-12 10:08:53,045 download_items_from_redis.py[line:93] INFO [easun:items] Processing item: 产品名称：垂直真空接管型（不带缓冲） <http://www.china-easun.com/products_detail/productId=365.html>
2017-06-12 10:08:53,048 download_items_from_redis.py[line:93] INFO [easun:items] Processing item: 产品名称：磁性开关ES-07系列 <http://www.china-easun.com/products_detail/productId=175.html>
2017-06-12 10:08:53,049 download_items_from_redis.py[line:93] INFO [easun:items] Processing item: 产品名称：T型分支螺纹三通EPD/APD/ZPD <http://www.china-easun.com/products_detail/productId=208.html>
2017-06-12 10:08:55,296 download_items_from_redis.py[line:93] INFO [easun:items] Processing item: 产品名称：U型附件 <http://www.china-easun.com/products_detail/productId=140.html>
2017-06-12 10:09:01,141 download_items_from_redis.py[line:93] INFO [easun:items] Processing item: 产品名称：磁性开关ES-32系列 <http://www.china-easun.com/products_detail/productId=185.html>
2017-06-12 10:09:07,150 download_items_from_redis.py[line:93] INFO [easun:items] Processing item: 产品名称：Y型螺纹三通EPX/APX/ZPX <http://www.china-easun.com/products_detail/productId=212.html>
2017-06-12 10:09:12,744 download_items_from_redis.py[line:93] INFO [easun:items] Processing item: 产品名称：L型加长螺纹二通EGPLL/AGPLL <http://www.china-easun.com/products_detail/productId=204.html>
2017-06-12 10:09:18,637 download_items_from_redis.py[line:93] INFO [easun:items] Processing item: 产品名称：TC型附件 <http://www.china-easun.com/products_detail/productId=135.html>
2017-06-12 10:09:24,332 download_items_from_redis.py[line:93] INFO [easun:items] Processing item: 产品名称：磁性开关ES-20系列 <http://www.china-easun.com/products_detail/productId=181.html>
2017-06-12 10:09:28,801 download_items_from_redis.py[line:93] INFO [easun:items] Processing item: 产品名称：EAL系列油雾器 <http://www.china-easun.com/products_detail/productId=51.html>
2017-06-12 10:09:35,142 download_items_from_redis.py[line:93] INFO [easun:items] Processing item: 产品名称：T型螺纹三通EGPB/AGPB <http://www.china-easun.com/products_detail/productId=211.html>
2017-06-12 10:09:40,684 download_items_from_redis.py[line:93] INFO [easun:items] Processing item: 产品名称：磁性开关固定座 <http://www.china-easun.com/products_detail/productId=142.html>
2017-06-12 10:09:45,332 download_items_from_redis.py[line:93] INFO [easun:items] Processing item: 产品名称：磁性开关ES-37系列 <http://www.china-easun.com/products_detail/productId=188.html>
2017-06-12 10:09:50,335 download_items_from_redis.py[line:93] INFO [easun:items] Processing item: 产品名称：EH系列线圈 <http://www.china-easun.com/products_detail/productId=67.html>
2017-06-12 10:09:55,487 download_items_from_redis.py[line:93] INFO [easun:items] Processing item: 产品名称：EAG-M <http://www.china-easun.com/products_detail/productId=171.html>
2017-06-12 10:09:59,621 download_items_from_redis.py[line:93] INFO [easun:items] Processing item: 产品名称：L型隔板二通EPLM <http://www.china-easun.com/products_detail/productId=226.html>
2017-06-12 10:10:05,619 download_items_from_redis.py[line:93] INFO [easun:items] Processing item: 产品名称：Y型附件 <http://www.china-easun.com/products_detail/productId=139.html>
2017-06-12 10:10:11,941 download_items_from_redis.py[line:93] INFO [easun:items] Processing item: 产品名称：磁性开关ES-31系列 <http://www.china-easun.com/products_detail/productId=184.html>
2017-06-12 10:10:15,783 download_items_from_redis.py[line:93] INFO [easun:items] Processing item: 产品名称：EMAJ不锈钢迷你气缸（伸出可调型） <http://www.china-easun.com/products_detail/productId=113.html>
2017-06-12 10:10:20,431 download_items_from_redis.py[line:93] INFO [easun:items] Processing item: 产品名称：4V4系列二位五通电磁阀 <http://www.china-easun.com/products_detail/productId=63.html>
2017-06-12 10:10:26,848 download_items_from_redis.py[line:93] INFO [easun:items] Processing item: 产品名称：T型分支螺纹三通EGPD/AGPD <http://www.china-easun.com/products_detail/productId=210.html>
2017-06-12 10:10:32,302 download_items_from_redis.py[line:93] INFO [easun:items] Processing item: 产品名称：磁性开关 <http://www.china-easun.com/products_detail/productId=141.html>
2017-06-12 10:10:38,138 download_items_from_redis.py[line:93] INFO [easun:items] Processing item: 产品名称：磁性开关ES-36系列 <http://www.china-easun.com/products_detail/productId=187.html>
2017-06-12 10:10:44,114 download_items_from_redis.py[line:93] INFO [easun:items] Processing item: 产品名称：3V106系列二位三通集装式电磁阀 <http://www.china-easun.com/products_detail/productId=66.html>
2017-06-12 10:10:48,736 download_items_from_redis.py[line:93] INFO [easun:items] Processing item: 产品名称：CA型附件 <http://www.china-easun.com/products_detail/productId=144.html>
2017-06-12 10:10:53,740 download_items_from_redis.py[line:93] INFO [easun:items] Processing item: 产品名称：T型螺纹三通EPB/APB/ZPB <http://www.china-easun.com/products_detail/productId=225.html>
2017-06-12 10:10:59,354 download_items_from_redis.py[line:93] INFO [easun:items] Processing item: 产品名称：LB型附件 <http://www.china-easun.com/products_detail/productId=138.html>
