2017-06-07 10:30:02,305 download_items_from_redis.py[line:113] INFO [process id 0] start to download items in 'zbyb:items' (server: localhost, port: 6379)
2017-06-07 10:30:03,321 download_items_from_redis.py[line:93] INFO [zbyb:items] Processing item: RV系列精工蜗轮减速电动机 <http://www.zbyabo.cn//proview.asp?id=1433>
2017-06-07 10:30:03,326 download_items_from_redis.py[line:93] INFO [zbyb:items] Processing item: Y2系列三相异步电动机 <http://www.zbyabo.cn//proview.asp?id=1450>
2017-06-07 10:30:03,331 download_items_from_redis.py[line:93] INFO [zbyb:items] Processing item: YB(WK、SK)直流电机稳压控制电源 <http://www.zbyabo.cn//proview.asp?id=1451>
2017-06-07 10:30:03,334 download_items_from_redis.py[line:93] INFO [zbyb:items] Processing item: 低压大电流PWM脉宽调速电源 <http://www.zbyabo.cn//proview.asp?id=1452>
2017-06-07 10:30:03,338 download_items_from_redis.py[line:93] INFO [zbyb:items] Processing item: 115/230RT10/15AL可逆调速器 <http://www.zbyabo.cn/proview.asp?id=1484>
2017-06-07 10:30:03,342 download_items_from_redis.py[line:93] INFO [zbyb:items] Processing item: MMT-115/230RT10AL-01可逆调速器 <http://www.zbyabo.cn/proview.asp?id=1485>
2017-06-07 10:30:03,346 download_items_from_redis.py[line:93] INFO [zbyb:items] Processing item: 110/220DP06/08/10/13A/BL脉宽调速器 <http://www.zbyabo.cn/proview.asp?id=1486>
2017-06-07 10:30:03,351 download_items_from_redis.py[line:93] INFO [zbyb:items] Processing item: 110/220DP04/06/08/BL-FR脉宽调速器 <http://www.zbyabo.cn/proview.asp?id=1487>
2017-06-07 10:30:03,355 download_items_from_redis.py[line:93] INFO [zbyb:items] Processing item: AB系列重型行星减速机 <http://www.zbyabo.cn/proview.asp?id=1488>
2017-06-07 10:30:03,358 download_items_from_redis.py[line:93] INFO [zbyb:items] Processing item: ABR系列直角精密行星齿轮减速机 <http://www.zbyabo.cn/proview.asp?id=1489>
2017-06-07 10:30:03,361 download_items_from_redis.py[line:93] INFO [zbyb:items] Processing item: AER系列直角精密行星齿轮减速机 <http://www.zbyabo.cn/proview.asp?id=1490>
2017-06-07 10:30:03,365 download_items_from_redis.py[line:93] INFO [zbyb:items] Processing item: ZCFY-12型永磁直流测速发电机 <http://www.zbyabo.cn/proview.asp?id=1491>
2017-06-07 10:30:03,368 download_items_from_redis.py[line:93] INFO [zbyb:items] Processing item: S系列伺服电机 <http://www.zbyabo.cn/proview.asp?id=1492>
2017-06-07 10:30:03,372 download_items_from_redis.py[line:93] INFO [zbyb:items] Processing item: SZ系列直流伺服电动机 <http://www.zbyabo.cn//proview.asp?id=1418>
2017-06-07 10:30:03,377 download_items_from_redis.py[line:93] INFO [zbyb:items] Processing item: ZYT系列永磁直流电动机 <http://www.zbyabo.cn//proview.asp?id=1419>
2017-06-07 10:30:03,380 download_items_from_redis.py[line:93] INFO [zbyb:items] Processing item: J-SZ(ZYT)-PX系列微型直流减速电动机 <http://www.zbyabo.cn//proview.asp?id=1421>
2017-06-07 10:30:03,384 download_items_from_redis.py[line:93] INFO [zbyb:items] Processing item: GK系列方箱齿轮减速电动机 <http://www.zbyabo.cn//proview.asp?id=1430>
2017-06-07 10:30:06,696 download_items_from_redis.py[line:93] INFO [zbyb:items] Processing item: YYJ(T)系列微型齿轮减速电动机 <http://www.zbyabo.cn//proview.asp?id=1431>
2017-06-07 10:30:10,703 download_items_from_redis.py[line:93] INFO [zbyb:items] Processing item: US52型交流电子调速器 <http://www.zbyabo.cn//proview.asp?id=1432>
2017-06-07 10:30:13,525 download_items_from_redis.py[line:93] INFO [zbyb:items] Processing item: RV系列精工蜗轮减速电动机 <http://www.zbyabo.cn//proview.asp?id=1433>
2017-06-07 10:30:19,039 download_items_from_redis.py[line:93] INFO [zbyb:items] Processing item: Y2系列三相异步电动机 <http://www.zbyabo.cn//proview.asp?id=1450>
2017-06-07 10:30:24,986 download_items_from_redis.py[line:93] INFO [zbyb:items] Processing item: YB(WK、SK)直流电机稳压控制电源 <http://www.zbyabo.cn//proview.asp?id=1451>
2017-06-07 10:30:47,582 download_items_from_redis.py[line:93] INFO [zbyb:items] Processing item: SZ系列直流伺服电动机 <http://www.zbyabo.cn//proview.asp?id=1418>
2017-06-07 10:30:51,898 download_items_from_redis.py[line:93] INFO [zbyb:items] Processing item: ZYT系列永磁直流电动机 <http://www.zbyabo.cn//proview.asp?id=1419>
2017-06-07 10:30:55,250 download_items_from_redis.py[line:93] INFO [zbyb:items] Processing item: J-SZ(ZYT)-PX系列微型直流减速电动机 <http://www.zbyabo.cn//proview.asp?id=1421>
2017-06-07 10:31:00,474 download_items_from_redis.py[line:93] INFO [zbyb:items] Processing item: GK系列方箱齿轮减速电动机 <http://www.zbyabo.cn//proview.asp?id=1430>
2017-06-07 10:31:03,776 download_items_from_redis.py[line:93] INFO [zbyb:items] Processing item: YYJ(T)系列微型齿轮减速电动机 <http://www.zbyabo.cn//proview.asp?id=1431>
2017-06-07 10:31:09,372 download_items_from_redis.py[line:93] INFO [zbyb:items] Processing item: SZ系列直流伺服电动机 <http://www.zbyabo.cn/proview.asp?id=1418>
2017-06-07 10:31:13,720 download_items_from_redis.py[line:93] INFO [zbyb:items] Processing item: ZYT系列永磁直流电动机 <http://www.zbyabo.cn/proview.asp?id=1419>
2017-06-07 10:31:19,437 download_items_from_redis.py[line:93] INFO [zbyb:items] Processing item: J-SZ(ZYT)-PX系列微型直流减速电动机 <http://www.zbyabo.cn/proview.asp?id=1421>
2017-06-07 10:31:24,691 download_items_from_redis.py[line:93] INFO [zbyb:items] Processing item: US52型交流电子调速器 <http://www.zbyabo.cn//proview.asp?id=1432>
2017-06-07 10:31:30,141 download_items_from_redis.py[line:93] INFO [zbyb:items] Processing item: RV系列精工蜗轮减速电动机 <http://www.zbyabo.cn//proview.asp?id=1433>
2017-06-07 10:31:34,984 download_items_from_redis.py[line:93] INFO [zbyb:items] Processing item: Y2系列三相异步电动机 <http://www.zbyabo.cn//proview.asp?id=1450>
2017-06-07 10:31:37,923 download_items_from_redis.py[line:93] INFO [zbyb:items] Processing item: YB(WK、SK)直流电机稳压控制电源 <http://www.zbyabo.cn//proview.asp?id=1451>
2017-06-07 10:31:43,874 download_items_from_redis.py[line:93] INFO [zbyb:items] Processing item: 低压大电流PWM脉宽调速电源 <http://www.zbyabo.cn//proview.asp?id=1452>
2017-06-07 10:31:48,861 download_items_from_redis.py[line:93] INFO [zbyb:items] Processing item: GK系列方箱齿轮减速电动机 <http://www.zbyabo.cn/proview.asp?id=1430>
