2017-06-14 11:12:05,201 download_items_from_redis.py[line:113] INFO [process id 0] start to download items in 'yfazz:items' (server: localhost, port: 6379)
2017-06-14 11:12:06,244 download_items_from_redis.py[line:93] INFO [yfazz:items] Processing item: PVA抛光磨具 <http://www.yfazz.com/cn/Products.asp?id=14>
2017-06-14 11:12:06,244 download_items_from_redis.py[line:93] INFO [yfazz:items] Processing item: 树脂磨具 <http://www.yfazz.com/cn/Products.asp?id=13>
2017-06-14 11:12:06,260 download_items_from_redis.py[line:93] INFO [yfazz:items] Processing item: 涂覆磨具 <http://www.yfazz.com/cn/Products.asp?id=36>
2017-06-14 11:12:06,260 download_items_from_redis.py[line:93] INFO [yfazz:items] Processing item: 纤维磨具 <http://www.yfazz.com/cn/Products.asp?id=50>
2017-06-14 11:12:06,260 download_items_from_redis.py[line:93] INFO [yfazz:items] Processing item: 新产品展示 <http://www.yfazz.com/cn/Products.asp?id=52>
2017-06-14 11:12:06,260 download_items_from_redis.py[line:93] INFO [yfazz:items] Processing item: CNS黑金刚磨具 <http://www.yfazz.com/cn/Products.asp?id=51>
2017-06-14 11:12:06,276 download_items_from_redis.py[line:93] INFO [yfazz:items] Processing item: 玻璃抛光类磨具 <http://www.yfazz.com/cn/Products.asp?id=17>
2017-06-14 11:12:06,276 download_items_from_redis.py[line:93] INFO [yfazz:items] Processing item: 金刚石超硬磨具 <http://www.yfazz.com/cn/Products.asp?id=15>
2017-06-14 11:12:06,276 download_items_from_redis.py[line:93] INFO [yfazz:items] Processing item: 海绵陶瓷系列 <http://www.yfazz.com/cn/Products.asp?id=53>
2017-06-14 11:14:23,848 download_items_from_redis.py[line:93] INFO [yfazz:items] Processing item: 纤维磨具 <http://www.yfazz.com/cn/Products.asp?id=50>
2017-06-14 11:14:37,183 download_items_from_redis.py[line:93] INFO [yfazz:items] Processing item: 金刚石超硬磨具 <http://www.yfazz.com/cn/Products.asp?id=15>
2017-06-14 11:14:42,957 download_items_from_redis.py[line:93] INFO [yfazz:items] Processing item: 涂覆磨具 <http://www.yfazz.com/cn/Products.asp?id=36>
2017-06-14 11:14:48,016 download_items_from_redis.py[line:93] INFO [yfazz:items] Processing item: CNS黑金刚磨具 <http://www.yfazz.com/cn/Products.asp?id=51>
2017-06-14 11:14:52,145 download_items_from_redis.py[line:93] INFO [yfazz:items] Processing item: 新产品展示 <http://www.yfazz.com/cn/Products.asp?id=52>
2017-06-14 11:14:56,964 download_items_from_redis.py[line:93] INFO [yfazz:items] Processing item: 海绵陶瓷系列 <http://www.yfazz.com/cn/Products.asp?id=53>
2017-06-14 11:15:01,230 download_items_from_redis.py[line:93] INFO [yfazz:items] Processing item: PVA抛光磨具 <http://www.yfazz.com/cn/Products.asp?id=14>
2017-06-14 11:15:05,918 download_items_from_redis.py[line:93] INFO [yfazz:items] Processing item: PVA抛光磨具 <http://www.yfazz.com/cn/Products.asp?id=14>
2017-06-14 11:15:09,459 download_items_from_redis.py[line:93] INFO [yfazz:items] Processing item: 玻璃抛光类磨具 <http://www.yfazz.com/cn/Products.asp?id=17>
2017-06-14 11:15:10,566 download_items_from_redis.py[line:93] INFO [yfazz:items] Processing item: 玻璃抛光类磨具 <http://www.yfazz.com/cn/Products.asp?id=17>
2017-06-14 11:15:10,739 download_items_from_redis.py[line:93] INFO [yfazz:items] Processing item: 树脂磨具 <http://www.yfazz.com/cn/Products.asp?id=13>
2017-06-14 11:15:13,769 download_items_from_redis.py[line:93] INFO [yfazz:items] Processing item: 金刚石超硬磨具 <http://www.yfazz.com/cn/Products.asp?id=15>
2017-06-14 11:15:18,661 download_items_from_redis.py[line:93] INFO [yfazz:items] Processing item: 树脂磨具 <http://www.yfazz.com/cn/Products.asp?id=13>
2017-06-14 11:15:25,022 download_items_from_redis.py[line:93] INFO [yfazz:items] Processing item: 涂覆磨具 <http://www.yfazz.com/cn/Products.asp?id=36>
2017-06-14 11:15:33,177 download_items_from_redis.py[line:93] INFO [yfazz:items] Processing item: 纤维磨具 <http://www.yfazz.com/cn/Products.asp?id=50>
2017-06-14 11:15:36,596 download_items_from_redis.py[line:93] INFO [yfazz:items] Processing item: 新产品展示 <http://www.yfazz.com/cn/Products.asp?id=52>
2017-06-14 11:15:42,772 download_items_from_redis.py[line:93] INFO [yfazz:items] Processing item: CNS黑金刚磨具 <http://www.yfazz.com/cn/Products.asp?id=51>
2017-06-14 11:15:45,398 download_items_from_redis.py[line:93] INFO [yfazz:items] Processing item: 海绵陶瓷系列 <http://www.yfazz.com/cn/Products.asp?id=53>
2017-06-14 11:18:31,809 download_items_from_redis.py[line:93] INFO [yfazz:items] Processing item: PVA抛光磨具 <http://www.yfazz.com/cn/Products.asp?id=14>
2017-06-14 11:18:41,105 download_items_from_redis.py[line:93] INFO [yfazz:items] Processing item: 金刚石超硬磨具 <http://www.yfazz.com/cn/Products.asp?id=15>
2017-06-14 11:18:43,782 download_items_from_redis.py[line:93] INFO [yfazz:items] Processing item: 树脂磨具 <http://www.yfazz.com/cn/Products.asp?id=13>
2017-06-14 11:18:48,122 download_items_from_redis.py[line:93] INFO [yfazz:items] Processing item: 涂覆磨具 <http://www.yfazz.com/cn/Products.asp?id=36>
2017-06-14 11:18:51,062 download_items_from_redis.py[line:93] INFO [yfazz:items] Processing item: 纤维磨具 <http://www.yfazz.com/cn/Products.asp?id=50>
2017-06-14 11:19:02,434 download_items_from_redis.py[line:93] INFO [yfazz:items] Processing item: CNS黑金刚磨具 <http://www.yfazz.com/cn/Products.asp?id=51>
2017-06-14 11:19:08,923 download_items_from_redis.py[line:93] INFO [yfazz:items] Processing item: 海绵陶瓷系列 <http://www.yfazz.com/cn/Products.asp?id=53>
2017-06-14 11:19:16,796 download_items_from_redis.py[line:93] INFO [yfazz:items] Processing item: 玻璃抛光类磨具 <http://www.yfazz.com/cn/Products.asp?id=17>
2017-06-14 11:19:19,424 download_items_from_redis.py[line:93] INFO [yfazz:items] Processing item: 新产品展示 <http://www.yfazz.com/cn/Products.asp?id=52>
2017-06-14 11:19:46,609 download_items_from_redis.py[line:93] INFO [yfazz:items] Processing item: 树脂磨具 <http://www.yfazz.com/cn/Products.asp?id=13>
2017-06-14 11:19:48,345 download_items_from_redis.py[line:93] INFO [yfazz:items] Processing item: 涂覆磨具 <http://www.yfazz.com/cn/Products.asp?id=36>
2017-06-14 11:19:52,539 download_items_from_redis.py[line:93] INFO [yfazz:items] Processing item: 纤维磨具 <http://www.yfazz.com/cn/Products.asp?id=50>
2017-06-14 11:19:57,543 download_items_from_redis.py[line:93] INFO [yfazz:items] Processing item: PVA抛光磨具 <http://www.yfazz.com/cn/Products.asp?id=14>
2017-06-14 11:20:03,417 download_items_from_redis.py[line:93] INFO [yfazz:items] Processing item: 新产品展示 <http://www.yfazz.com/cn/Products.asp?id=52>
2017-06-14 11:20:10,494 download_items_from_redis.py[line:93] INFO [yfazz:items] Processing item: CNS黑金刚磨具 <http://www.yfazz.com/cn/Products.asp?id=51>
2017-06-14 11:20:14,016 download_items_from_redis.py[line:93] INFO [yfazz:items] Processing item: 海绵陶瓷系列 <http://www.yfazz.com/cn/Products.asp?id=53>
2017-06-14 11:20:19,234 download_items_from_redis.py[line:93] INFO [yfazz:items] Processing item: 玻璃抛光类磨具 <http://www.yfazz.com/cn/Products.asp?id=17>
2017-06-14 11:20:24,752 download_items_from_redis.py[line:93] INFO [yfazz:items] Processing item: 金刚石超硬磨具 <http://www.yfazz.com/cn/Products.asp?id=15>
2017-06-14 11:21:14,568 download_items_from_redis.py[line:93] INFO [yfazz:items] Processing item: PVA抛光磨具 <http://www.yfazz.com/cn/Products.asp?id=14>
2017-06-14 11:21:20,585 download_items_from_redis.py[line:93] INFO [yfazz:items] Processing item: 玻璃抛光类磨具 <http://www.yfazz.com/cn/Products.asp?id=17>
2017-06-14 11:21:26,072 download_items_from_redis.py[line:93] INFO [yfazz:items] Processing item: 金刚石超硬磨具 <http://www.yfazz.com/cn/Products.asp?id=15>
