2017-06-12 14:16:49,664 download_items_from_redis.py[line:113] INFO [process id 0] start to download items in 'xiya:items' (server: localhost, port: 6379)
2017-06-12 14:17:31,276 download_items_from_redis.py[line:93] INFO [xiya:items] Processing item: 商品名称：工艺喷水螺杆压缩机 <http://www.compressor-xy.com/products_detail/productId=45.html>
2017-06-12 14:17:32,076 download_items_from_redis.py[line:93] INFO [xiya:items] Processing item: 商品名称：工艺喷水螺杆压缩机 <http://www.compressor-xy.com/products_detail/productId=45.html>
2017-06-12 14:17:35,732 download_items_from_redis.py[line:93] INFO [xiya:items] Processing item: 商品名称：工艺喷油螺杆压缩机 <http://www.compressor-xy.com/products_detail/productId=22.html>
2017-06-12 14:17:40,789 download_items_from_redis.py[line:93] INFO [xiya:items] Processing item: 商品名称：工艺喷油螺杆压缩机 <http://www.compressor-xy.com/products_detail/productId=22.html>
2017-06-12 14:17:52,075 download_items_from_redis.py[line:93] INFO [xiya:items] Processing item: 商品名称：油气田用撬装式天然气压缩机 <http://www.compressor-xy.com/products_detail/productId=33.html>
2017-06-12 14:17:57,444 download_items_from_redis.py[line:93] INFO [xiya:items] Processing item: 商品名称：油气田用撬装式天然气压缩机 <http://www.compressor-xy.com/products_detail/productId=33.html>
2017-06-12 14:18:01,946 download_items_from_redis.py[line:93] INFO [xiya:items] Processing item: 商品名称：工艺喷水螺杆压缩机 <http://www.compressor-xy.com/products_detail/productId=45.html>
2017-06-12 14:18:06,821 download_items_from_redis.py[line:93] INFO [xiya:items] Processing item: 商品名称：工艺喷油螺杆压缩机 <http://www.compressor-xy.com/products_detail/productId=22.html>
2017-06-12 14:18:11,961 download_items_from_redis.py[line:93] INFO [xiya:items] Processing item: 商品名称：天然气液化装置运行的离心式压缩机 <http://www.compressor-xy.com/products_detail/productId=26.html>
2017-06-12 14:18:17,013 download_items_from_redis.py[line:93] INFO [xiya:items] Processing item: 商品名称：天然气液化装置运行的离心式压缩机 <http://www.compressor-xy.com/products_detail/productId=26.html>
2017-06-12 14:18:22,279 download_items_from_redis.py[line:93] INFO [xiya:items] Processing item: 商品名称：CNG天然气压缩机 <http://www.compressor-xy.com/products_detail/productId=43.html>
2017-06-12 14:18:26,950 download_items_from_redis.py[line:93] INFO [xiya:items] Processing item: 商品名称：200～450kW螺杆压缩机 <http://www.compressor-xy.com/products_detail/productId=25.html>
2017-06-12 14:18:32,029 download_items_from_redis.py[line:93] INFO [xiya:items] Processing item: 商品名称：通用移动喷油螺杆压缩机 <http://www.compressor-xy.com/products_detail/productId=38.html>
2017-06-12 14:18:38,036 download_items_from_redis.py[line:93] INFO [xiya:items] Processing item: 商品名称：5.5～200kW微油螺杆压缩机 <http://www.compressor-xy.com/products_detail/productId=36.html>
2017-06-12 14:18:52,549 download_items_from_redis.py[line:93] INFO [xiya:items] Processing item: 商品名称：飞机气源车 <http://www.compressor-xy.com/products_detail/productId=34.html>
2017-06-12 14:18:57,005 download_items_from_redis.py[line:93] INFO [xiya:items] Processing item: 商品名称：通用移动喷油螺杆压缩机 <http://www.compressor-xy.com/products_detail/productId=38.html>
2017-06-12 14:19:20,244 download_items_from_redis.py[line:93] INFO [xiya:items] Processing item: 商品名称：MVR离心式蒸汽压缩机 <http://www.compressor-xy.com/products_detail/productId=35.html>
2017-06-12 14:19:24,115 download_items_from_redis.py[line:93] INFO [xiya:items] Processing item: 商品名称：工艺往复压缩机 <http://www.compressor-xy.com/products_detail/productId=46.html>
2017-06-12 14:19:29,147 download_items_from_redis.py[line:93] INFO [xiya:items] Processing item: 商品名称：工艺往复压缩机 <http://www.compressor-xy.com/products_detail/productId=46.html>
2017-06-12 14:19:33,101 download_items_from_redis.py[line:93] INFO [xiya:items] Processing item: 商品名称：工艺干螺杆压缩机 <http://www.compressor-xy.com/products_detail/productId=24.html>
2017-06-12 14:19:38,946 download_items_from_redis.py[line:93] INFO [xiya:items] Processing item: 商品名称：工艺干螺杆压缩机 <http://www.compressor-xy.com/products_detail/productId=24.html>
2017-06-12 14:19:43,349 download_items_from_redis.py[line:93] INFO [xiya:items] Processing item: 商品名称：工艺干螺杆压缩机 <http://www.compressor-xy.com/products_detail/productId=24.html>
2017-06-12 14:20:14,191 download_items_from_redis.py[line:93] INFO [xiya:items] Processing item: 商品名称：飞机综合保障车 <http://www.compressor-xy.com/products_detail/productId=23.html>
2017-06-12 14:20:19,632 download_items_from_redis.py[line:93] INFO [xiya:items] Processing item: 商品名称：200～450kW螺杆压缩机 <http://www.compressor-xy.com/products_detail/productId=25.html>
2017-06-12 14:20:23,365 download_items_from_redis.py[line:93] INFO [xiya:items] Processing item: 商品名称：油气田用撬装式天然气压缩机 <http://www.compressor-xy.com/products_detail/productId=33.html>
2017-06-12 14:20:32,059 download_items_from_redis.py[line:93] INFO [xiya:items] Processing item: 商品名称：其它工程用的离心压缩机 <http://www.compressor-xy.com/products_detail/productId=32.html>
2017-06-12 14:20:37,790 download_items_from_redis.py[line:93] INFO [xiya:items] Processing item: 商品名称：TM系列离心式压缩机 <http://www.compressor-xy.com/products_detail/productId=44.html>
2017-06-12 14:20:43,365 download_items_from_redis.py[line:93] INFO [xiya:items] Processing item: 商品名称：化工流程压缩机 <http://www.compressor-xy.com/products_detail/productId=42.html>
2017-06-12 14:20:49,203 download_items_from_redis.py[line:93] INFO [xiya:items] Processing item: 商品名称：天然气液化装置运行的离心式压缩机 <http://www.compressor-xy.com/products_detail/productId=26.html>
2017-06-12 14:20:52,648 download_items_from_redis.py[line:93] INFO [xiya:items] Processing item: 商品名称：TM系列离心式压缩机 <http://www.compressor-xy.com/products_detail/productId=44.html>
2017-06-12 14:20:58,477 download_items_from_redis.py[line:93] INFO [xiya:items] Processing item: 商品名称：其它工程用的离心压缩机 <http://www.compressor-xy.com/products_detail/productId=32.html>
2017-06-12 14:21:03,201 download_items_from_redis.py[line:93] INFO [xiya:items] Processing item: 商品名称：SM系列离心式压缩机 <http://www.compressor-xy.com/products_detail/productId=21.html>
2017-06-12 14:22:31,042 download_items_from_redis.py[line:93] INFO [xiya:items] Processing item: 商品名称：工艺喷水螺杆压缩机 <http://www.compressor-xy.com/products_detail/productId=45.html>
2017-06-12 14:22:35,765 download_items_from_redis.py[line:93] INFO [xiya:items] Processing item: 商品名称：MVR离心式蒸汽压缩机 <http://www.compressor-xy.com/products_detail/productId=35.html>
2017-06-12 14:22:41,516 download_items_from_redis.py[line:93] INFO [xiya:items] Processing item: 商品名称：工艺喷油螺杆压缩机 <http://www.compressor-xy.com/products_detail/productId=22.html>
2017-06-12 14:22:47,510 download_items_from_redis.py[line:93] INFO [xiya:items] Processing item: 商品名称：工艺往复压缩机 <http://www.compressor-xy.com/products_detail/productId=46.html>
2017-06-12 14:22:51,776 download_items_from_redis.py[line:93] INFO [xiya:items] Processing item: 商品名称：油气田用撬装式天然气压缩机 <http://www.compressor-xy.com/products_detail/productId=33.html>
2017-06-12 14:22:56,530 download_items_from_redis.py[line:93] INFO [xiya:items] Processing item: 商品名称：工艺干螺杆压缩机 <http://www.compressor-xy.com/products_detail/productId=24.html>
2017-06-12 14:23:01,578 download_items_from_redis.py[line:93] INFO [xiya:items] Processing item: 商品名称：油气田用撬装式天然气压缩机 <http://www.compressor-xy.com/products_detail/productId=33.html>
2017-06-12 14:23:07,308 download_items_from_redis.py[line:93] INFO [xiya:items] Processing item: 商品名称：工艺喷水螺杆压缩机 <http://www.compressor-xy.com/products_detail/productId=45.html>
2017-06-12 14:23:11,217 download_items_from_redis.py[line:93] INFO [xiya:items] Processing item: 商品名称：工艺喷水螺杆压缩机 <http://www.compressor-xy.com/products_detail/productId=45.html>
2017-06-12 14:23:15,992 download_items_from_redis.py[line:93] INFO [xiya:items] Processing item: 商品名称：工艺喷油螺杆压缩机 <http://www.compressor-xy.com/products_detail/productId=22.html>
2017-06-12 14:23:20,181 download_items_from_redis.py[line:93] INFO [xiya:items] Processing item: 商品名称：200～450kW螺杆压缩机 <http://www.compressor-xy.com/products_detail/productId=25.html>
2017-06-12 14:23:25,944 download_items_from_redis.py[line:93] INFO [xiya:items] Processing item: 商品名称：通用移动喷油螺杆压缩机 <http://www.compressor-xy.com/products_detail/productId=38.html>
2017-06-12 14:23:31,500 download_items_from_redis.py[line:93] INFO [xiya:items] Processing item: 商品名称：工艺喷油螺杆压缩机 <http://www.compressor-xy.com/products_detail/productId=22.html>
2017-06-12 14:23:37,095 download_items_from_redis.py[line:93] INFO [xiya:items] Processing item: 商品名称：飞机综合保障车 <http://www.compressor-xy.com/products_detail/productId=23.html>
2017-06-12 14:23:42,760 download_items_from_redis.py[line:93] INFO [xiya:items] Processing item: 商品名称：200～450kW螺杆压缩机 <http://www.compressor-xy.com/products_detail/productId=25.html>
2017-06-12 14:23:48,519 download_items_from_redis.py[line:93] INFO [xiya:items] Processing item: 商品名称：飞机气源车 <http://www.compressor-xy.com/products_detail/productId=34.html>
2017-06-12 14:23:52,957 download_items_from_redis.py[line:93] INFO [xiya:items] Processing item: 商品名称：TM系列离心式压缩机 <http://www.compressor-xy.com/products_detail/productId=44.html>
2017-06-12 14:23:58,381 download_items_from_redis.py[line:93] INFO [xiya:items] Processing item: 商品名称：通用移动喷油螺杆压缩机 <http://www.compressor-xy.com/products_detail/productId=38.html>
2017-06-12 14:24:00,983 download_items_from_redis.py[line:93] INFO [xiya:items] Processing item: 商品名称：飞机地面空调车 <http://www.compressor-xy.com/products_detail/productId=28.html>
2017-06-12 14:24:06,492 download_items_from_redis.py[line:93] INFO [xiya:items] Processing item: 商品名称：5.5～200kW微油螺杆压缩机 <http://www.compressor-xy.com/products_detail/productId=36.html>
2017-06-12 14:24:10,605 download_items_from_redis.py[line:93] INFO [xiya:items] Processing item: 商品名称：5.5～200kW微油螺杆压缩机 <http://www.compressor-xy.com/products_detail/productId=36.html>
2017-06-12 14:24:16,599 download_items_from_redis.py[line:93] INFO [xiya:items] Processing item: 商品名称：其它工程用的离心压缩机 <http://www.compressor-xy.com/products_detail/productId=32.html>
2017-06-12 14:24:22,253 download_items_from_redis.py[line:93] INFO [xiya:items] Processing item: 商品名称：油气田用撬装式天然气压缩机 <http://www.compressor-xy.com/products_detail/productId=33.html>
2017-06-12 14:24:26,424 download_items_from_redis.py[line:93] INFO [xiya:items] Processing item: 商品名称：飞机充氧车 <http://www.compressor-xy.com/products_detail/productId=37.html>
2017-06-12 14:24:32,296 download_items_from_redis.py[line:93] INFO [xiya:items] Processing item: 商品名称：天然气液化装置运行的离心式压缩机 <http://www.compressor-xy.com/products_detail/productId=26.html>
2017-06-12 14:24:36,969 download_items_from_redis.py[line:93] INFO [xiya:items] Processing item: 商品名称：CNG天然气压缩机 <http://www.compressor-xy.com/products_detail/productId=43.html>
2017-06-12 14:24:42,063 download_items_from_redis.py[line:93] INFO [xiya:items] Processing item: 商品名称：CNG天然气压缩机 <http://www.compressor-xy.com/products_detail/productId=43.html>
2017-06-12 14:24:47,755 download_items_from_redis.py[line:93] INFO [xiya:items] Processing item: 商品名称：无油螺杆压缩机 <http://www.compressor-xy.com/products_detail/productId=31.html>
2017-06-12 14:24:53,319 download_items_from_redis.py[line:93] INFO [xiya:items] Processing item: 商品名称：无油螺杆压缩机 <http://www.compressor-xy.com/products_detail/productId=31.html>
2017-06-12 14:24:56,861 download_items_from_redis.py[line:93] INFO [xiya:items] Processing item: 商品名称：SM系列离心式压缩机 <http://www.compressor-xy.com/products_detail/productId=21.html>
2017-06-12 14:25:00,703 download_items_from_redis.py[line:93] INFO [xiya:items] Processing item: 商品名称：工艺离心式压缩机 <http://www.compressor-xy.com/products_detail/productId=30.html>
2017-06-12 14:25:03,358 download_items_from_redis.py[line:93] INFO [xiya:items] Processing item: 商品名称：通用活塞压缩机 <http://www.compressor-xy.com/products_detail/productId=27.html>
2017-06-12 14:25:08,832 download_items_from_redis.py[line:93] INFO [xiya:items] Processing item: 商品名称：通用活塞压缩机 <http://www.compressor-xy.com/products_detail/productId=27.html>
2017-06-12 14:25:13,395 download_items_from_redis.py[line:93] INFO [xiya:items] Processing item: 商品名称：化工流程压缩机 <http://www.compressor-xy.com/products_detail/productId=42.html>
2017-06-12 14:25:17,401 download_items_from_redis.py[line:93] INFO [xiya:items] Processing item: 商品名称：MVR离心式蒸汽压缩机 <http://www.compressor-xy.com/products_detail/productId=35.html>
2017-06-12 14:25:22,561 download_items_from_redis.py[line:93] INFO [xiya:items] Processing item: 商品名称：工艺往复压缩机 <http://www.compressor-xy.com/products_detail/productId=46.html>
2017-06-12 14:25:26,328 download_items_from_redis.py[line:93] INFO [xiya:items] Processing item: 商品名称：工艺干螺杆压缩机 <http://www.compressor-xy.com/products_detail/productId=24.html>
2017-06-12 14:25:29,426 download_items_from_redis.py[line:93] INFO [xiya:items] Processing item: 商品名称：工艺干螺杆压缩机 <http://www.compressor-xy.com/products_detail/productId=24.html>
2017-06-12 14:25:57,917 download_items_from_redis.py[line:93] INFO [xiya:items] Processing item: 商品名称：化工流程压缩机 <http://www.compressor-xy.com/products_detail/productId=42.html>
2017-06-12 14:26:01,398 download_items_from_redis.py[line:93] INFO [xiya:items] Processing item: 商品名称：天然气液化装置运行的离心式压缩机 <http://www.compressor-xy.com/products_detail/productId=26.html>
2017-06-12 14:26:06,374 download_items_from_redis.py[line:93] INFO [xiya:items] Processing item: 商品名称：CNG天然气压缩机 <http://www.compressor-xy.com/products_detail/productId=43.html>
