2017-06-07 18:30:13,767 download_items_from_redis.py[line:113] INFO [process id 0] start to download items in 'huarun:items' (server: localhost, port: 6379)
2017-06-07 18:30:14,808 download_items_from_redis.py[line:93] INFO [huarun:items] Processing item: 纯境A+纯环保净醛抗菌全效内墙漆 <http://www.huarun.com/product/productDetail/?p=187>
2017-06-07 18:30:14,811 download_items_from_redis.py[line:93] INFO [huarun:items] Processing item: 纯境A+纯环保净醛抗菌五合一内墙漆 <http://www.huarun.com/product/productDetail/?p=188>
2017-06-07 18:30:14,815 download_items_from_redis.py[line:93] INFO [huarun:items] Processing item: 纯境A+纯环保抗污全效内墙漆 <http://www.huarun.com/product/productDetail/?p=189>
2017-06-07 18:30:14,818 download_items_from_redis.py[line:93] INFO [huarun:items] Processing item: 纯境A+纯环保竹炭清新全效内墙漆 <http://www.huarun.com/product/productDetail/?p=190>
2017-06-07 18:30:14,821 download_items_from_redis.py[line:93] INFO [huarun:items] Processing item: 纯境A+纯环保全能底漆 <http://www.huarun.com/product/productDetail/?p=191>
2017-06-07 18:30:14,823 download_items_from_redis.py[line:93] INFO [huarun:items] Processing item: 纯境A+纯环保净醛抗菌全效内墙漆 <http://www.huarun.com/product/productDetail/?p=187>
2017-06-07 18:30:14,826 download_items_from_redis.py[line:93] INFO [huarun:items] Processing item: 纯境A+纯环保净醛抗菌五合一内墙漆 <http://www.huarun.com/product/productDetail/?p=188>
2017-06-07 18:30:14,829 download_items_from_redis.py[line:93] INFO [huarun:items] Processing item: 纯境A+纯环保抗污全效内墙漆 <http://www.huarun.com/product/productDetail/?p=189>
2017-06-07 18:30:14,832 download_items_from_redis.py[line:93] INFO [huarun:items] Processing item: 纯净520净味无添加二合一内墙漆 <http://www.huarun.com/product/productDetail/?p=350>
2017-06-07 18:30:14,835 download_items_from_redis.py[line:93] INFO [huarun:items] Processing item: 抗醛净味全效内墙漆超值促销套装 <http://www.huarun.com/product/productDetail/?p=13>
2017-06-07 18:30:14,838 download_items_from_redis.py[line:93] INFO [huarun:items] Processing item: 妙想A+纯环保儿童水性木器漆 <http://www.huarun.com/product/productDetail/?p=302>
2017-06-07 18:30:14,841 download_items_from_redis.py[line:93] INFO [huarun:items] Processing item: 清味靓饰居健康PU木器漆 <http://www.huarun.com/product/productDetail/?p=269>
2017-06-07 18:30:14,844 download_items_from_redis.py[line:93] INFO [huarun:items] Processing item: 低碳优纯家环保内墙漆 <http://www.huarun.com/product/productDetail/?p=3>
2017-06-07 18:30:14,845 download_items_from_redis.py[line:93] INFO [huarun:items] Processing item: 净味金装内墙漆 <http://www.huarun.com/product/productDetail/?p=30>
2017-06-07 18:30:14,848 download_items_from_redis.py[line:93] INFO [huarun:items] Processing item: 优质润泽健康PU木器漆（白漆） <http://www.huarun.com/product/productDetail/?p=84>
2017-06-07 18:30:14,849 download_items_from_redis.py[line:93] INFO [huarun:items] Processing item: 家易俪PU健康木器漆（清漆） <http://www.huarun.com/product/productDetail/?p=118>
2017-06-07 18:30:14,854 download_items_from_redis.py[line:93] INFO [huarun:items] Processing item: 金致植物油六合一PU木器漆 <http://www.huarun.com/product/productDetail/?p=125>
2017-06-07 18:30:14,857 download_items_from_redis.py[line:93] INFO [huarun:items] Processing item: 纯境A+纯环保净醛全效水性木器漆 <http://www.huarun.com/product/productDetail/?p=193>
2017-06-07 18:30:14,858 download_items_from_redis.py[line:93] INFO [huarun:items] Processing item: 金装明钻全效抗污PU木器漆 <http://www.huarun.com/product/productDetail/?p=305>
2017-06-07 18:30:14,861 download_items_from_redis.py[line:93] INFO [huarun:items] Processing item: 金致耐黄变PU木器白漆 <http://www.huarun.com/product/productDetail/?p=183>
2017-06-07 18:30:14,864 download_items_from_redis.py[line:93] INFO [huarun:items] Processing item: 实美净味二合一内墙漆 <http://www.huarun.com/product/productDetail/?p=274>
2017-06-07 18:30:14,867 download_items_from_redis.py[line:93] INFO [huarun:items] Processing item: 睿选净味优效柔光内墙漆 <http://www.huarun.com/product/productDetail/?p=255>
2017-06-07 18:30:14,868 download_items_from_redis.py[line:93] INFO [huarun:items] Processing item: 智选净味惠涂易高级内墙漆 <http://www.huarun.com/product/productDetail/?p=206>
2017-06-07 18:30:14,872 download_items_from_redis.py[line:93] INFO [huarun:items] Processing item: 净味高遮盖内墙漆超值套装 <http://www.huarun.com/product/productDetail/?p=34>
2017-06-07 18:30:14,875 download_items_from_redis.py[line:93] INFO [huarun:items] Processing item: 金赞耐黄变PU木器白漆 <http://www.huarun.com/product/productDetail/?p=153>
2017-06-07 18:30:23,232 download_items_from_redis.py[line:93] INFO [huarun:items] Processing item: 纯境A+纯环保抗划伤全效水性木器漆 <http://www.huarun.com/product/productDetail/?p=194>
2017-06-07 18:30:36,986 download_items_from_redis.py[line:93] INFO [huarun:items] Processing item: 抗醛净味全效内墙漆超值促销套装 <http://www.huarun.com/product/productDetail/?p=13>
2017-06-07 18:31:21,619 download_items_from_redis.py[line:93] INFO [huarun:items] Processing item: 纯境A+纯环保全能底漆 <http://www.huarun.com/product/productDetail/?p=191>
2017-06-07 18:31:26,279 download_items_from_redis.py[line:93] INFO [huarun:items] Processing item: 净味超强遮盖内墙漆 <http://www.huarun.com/product/productDetail/?p=240>
2017-06-07 18:31:37,404 download_items_from_redis.py[line:93] INFO [huarun:items] Processing item: 妙想A+纯环保儿童内墙漆 <http://www.huarun.com/product/productDetail/?p=299>
2017-06-07 18:31:41,987 download_items_from_redis.py[line:93] INFO [huarun:items] Processing item: 经典纯境A+硅藻抗甲醛环保五合一内墙漆 <http://www.huarun.com/product/productDetail/?p=321>
2017-06-07 18:31:47,690 download_items_from_redis.py[line:93] INFO [huarun:items] Processing item: 超白158 <http://www.huarun.com/product/productDetail/?p=363>
2017-06-07 18:32:39,269 download_items_from_redis.py[line:93] INFO [huarun:items] Processing item: 金致真净界环保内墙漆 <http://www.huarun.com/product/productDetail/?p=159>
2017-06-07 18:32:42,720 download_items_from_redis.py[line:93] INFO [huarun:items] Processing item: 智选植物油超耐磨木器漆 <http://www.huarun.com/product/productDetail/?p=219>
2017-06-07 18:32:45,342 download_items_from_redis.py[line:93] INFO [huarun:items] Processing item: 纯境A+纯环保易擦洗抗污优能内墙漆 <http://www.huarun.com/product/productDetail/?p=279>
2017-06-07 18:32:56,723 download_items_from_redis.py[line:93] INFO [huarun:items] Processing item: 睿选清味五合一PU木器漆 <http://www.huarun.com/product/productDetail/?p=369>
2017-06-07 18:33:40,285 download_items_from_redis.py[line:93] INFO [huarun:items] Processing item: 金致植物油六合一PU木器漆 <http://www.huarun.com/product/productDetail/?p=125>
2017-06-07 18:33:51,796 download_items_from_redis.py[line:93] INFO [huarun:items] Processing item: 尊享系列木器漆（面对面专供） <http://www.huarun.com/product/productDetail/?p=152>
2017-06-07 18:33:57,697 download_items_from_redis.py[line:93] INFO [huarun:items] Processing item: 净味优效内墙漆（柔光） <http://www.huarun.com/product/productDetail/?p=251>
2017-06-07 18:34:03,068 download_items_from_redis.py[line:93] INFO [huarun:items] Processing item: 妙想A+纯环保儿童水性木器漆 <http://www.huarun.com/product/productDetail/?p=302>
2017-06-07 18:34:05,780 download_items_from_redis.py[line:93] INFO [huarun:items] Processing item: 第二代惠涂易清味植物油耐黄变 <http://www.huarun.com/product/productDetail/?p=355>
2017-06-07 18:35:04,369 download_items_from_redis.py[line:93] INFO [huarun:items] Processing item: 恒久耐黄变 <http://www.huarun.com/product/productDetail/?p=272>
2017-06-07 18:35:16,305 download_items_from_redis.py[line:93] INFO [huarun:items] Processing item: 金装纯境A+纯环保强效防霉内墙漆 <http://www.huarun.com/product/productDetail/?p=345>
2017-06-07 18:35:21,471 download_items_from_redis.py[line:93] INFO [huarun:items] Processing item: 净味恒久俪内墙乳胶漆 <http://www.huarun.com/product/productDetail/?p=368>
2017-06-07 18:36:03,743 download_items_from_redis.py[line:93] INFO [huarun:items] Processing item: 天然油润PU木器漆 <http://www.huarun.com/product/productDetail/?p=91>
2017-06-07 18:36:30,987 download_items_from_redis.py[line:93] INFO [huarun:items] Processing item: 纯境A+纯环保水性封闭底漆 <http://www.huarun.com/product/productDetail/?p=218>
2017-06-07 18:36:32,094 download_items_from_redis.py[line:93] INFO [huarun:items] Processing item: 舒享无添加超强遮盖内墙漆 <http://www.huarun.com/product/productDetail/?p=296>
2017-06-07 18:36:42,068 download_items_from_redis.py[line:93] INFO [huarun:items] Processing item: 无添加通用内墙底漆 <http://www.huarun.com/product/productDetail/?p=331>
2017-06-07 18:36:45,549 download_items_from_redis.py[line:93] INFO [huarun:items] Processing item: 纯净520A+精装环保内墙漆 <http://www.huarun.com/product/productDetail/?p=347>
2017-06-07 18:36:54,278 download_items_from_redis.py[line:93] INFO [huarun:items] Processing item: 纯净520二合一环保内墙漆 <http://www.huarun.com/product/productDetail/?p=349>
2017-06-07 18:36:55,986 download_items_from_redis.py[line:93] INFO [huarun:items] Processing item: 净味金装5合1内墙漆（柔光） <http://www.huarun.com/product/productDetail/?p=353>
2017-06-07 18:37:08,520 download_items_from_redis.py[line:93] INFO [huarun:items] Processing item: 实美优质哑光内墙漆 <http://www.huarun.com/product/productDetail/?p=17>
2017-06-07 18:37:14,237 download_items_from_redis.py[line:93] INFO [huarun:items] Processing item: 净味慧饰家内墙乳胶漆（柔光） <http://www.huarun.com/product/productDetail/?p=32>
2017-06-07 18:37:29,496 download_items_from_redis.py[line:93] INFO [huarun:items] Processing item: 超饰易健康PU木器漆（白漆） <http://www.huarun.com/product/productDetail/?p=82>
2017-06-07 18:37:36,729 download_items_from_redis.py[line:93] INFO [huarun:items] Processing item: 恒久俪PU环保木器漆（清漆） <http://www.huarun.com/product/productDetail/?p=120>
2017-06-07 18:37:40,641 download_items_from_redis.py[line:93] INFO [huarun:items] Processing item: 纯净520五合一环保内墙漆 <http://www.huarun.com/product/productDetail/?p=164>
2017-06-07 18:37:50,469 download_items_from_redis.py[line:93] INFO [huarun:items] Processing item: 第二代惠涂易健康PU木器漆 <http://www.huarun.com/product/productDetail/?p=268>
2017-06-07 18:37:56,078 download_items_from_redis.py[line:93] INFO [huarun:items] Processing item: 倍丽360 <http://www.huarun.com/product/productDetail/?p=271>
2017-06-07 18:38:01,486 download_items_from_redis.py[line:93] INFO [huarun:items] Processing item: 金装明钻清味PU木器漆 <http://www.huarun.com/product/productDetail/?p=307>
2017-06-07 18:38:10,144 download_items_from_redis.py[line:93] INFO [huarun:items] Processing item: 睿选五合一植物油 <http://www.huarun.com/product/productDetail/?p=359>
2017-06-07 18:38:17,621 download_items_from_redis.py[line:93] INFO [huarun:items] Processing item: 低碳优纯家环保内墙漆 <http://www.huarun.com/product/productDetail/?p=3>
2017-06-07 18:38:50,930 download_items_from_redis.py[line:93] INFO [huarun:items] Processing item: 睿选净味五合一内墙漆 <http://www.huarun.com/product/productDetail/?p=208>
2017-06-07 18:39:15,661 download_items_from_redis.py[line:93] INFO [huarun:items] Processing item: 清味植物油全能PU木器漆 <http://www.huarun.com/product/productDetail/?p=266>
2017-06-07 18:39:23,888 download_items_from_redis.py[line:93] INFO [huarun:items] Processing item: 纯净520净味无添加二合一内墙漆 <http://www.huarun.com/product/productDetail/?p=350>
2017-06-07 18:39:37,832 download_items_from_redis.py[line:93] INFO [huarun:items] Processing item: 纯环保真净界柔光金装内墙漆 <http://www.huarun.com/product/productDetail/?p=2>
2017-06-07 18:40:05,219 download_items_from_redis.py[line:93] INFO [huarun:items] Processing item: 金装净味优效三合一内墙漆 <http://www.huarun.com/product/productDetail/?p=170>
2017-06-07 18:40:12,269 download_items_from_redis.py[line:93] INFO [huarun:items] Processing item: 金选净味多效内墙漆 <http://www.huarun.com/product/productDetail/?p=177>
2017-06-07 18:40:29,450 download_items_from_redis.py[line:93] INFO [huarun:items] Processing item: 金装明钻双效除醛PU木器漆 <http://www.huarun.com/product/productDetail/?p=310>
2017-06-07 18:40:38,312 download_items_from_redis.py[line:93] INFO [huarun:items] Processing item: 倍丽无添加二合一内墙漆 <http://www.huarun.com/product/productDetail/?p=326>
2017-06-07 18:40:43,503 download_items_from_redis.py[line:93] INFO [huarun:items] Processing item: 优好家优质内墙漆 <http://www.huarun.com/product/productDetail/?p=336>
2017-06-07 18:40:48,592 download_items_from_redis.py[line:93] INFO [huarun:items] Processing item: 净味佳益白内墙乳胶漆 <http://www.huarun.com/product/productDetail/?p=366>
2017-06-07 18:41:18,973 download_items_from_redis.py[line:93] INFO [huarun:items] Processing item: 尊享系列木器漆（名匠装饰） <http://www.huarun.com/product/productDetail/?p=149>
2017-06-07 18:41:23,385 download_items_from_redis.py[line:93] INFO [huarun:items] Processing item: 尊享系列木器漆（精艺系列） <http://www.huarun.com/product/productDetail/?p=151>
2017-06-07 18:41:29,540 download_items_from_redis.py[line:93] INFO [huarun:items] Processing item: 金装全能净味内墙漆 <http://www.huarun.com/product/productDetail/?p=169>
2017-06-07 18:41:49,378 download_items_from_redis.py[line:93] INFO [huarun:items] Processing item: 真钻抗冲击PU木器漆 <http://www.huarun.com/product/productDetail/?p=262>
2017-06-07 18:41:54,551 download_items_from_redis.py[line:93] INFO [huarun:items] Processing item: 通用高效抗碱内墙底漆 <http://www.huarun.com/product/productDetail/?p=365>
2017-06-07 18:42:30,418 download_items_from_redis.py[line:93] INFO [huarun:items] Processing item: 家易俪PU健康木器漆（清漆） <http://www.huarun.com/product/productDetail/?p=118>
2017-06-07 18:42:45,451 download_items_from_redis.py[line:93] INFO [huarun:items] Processing item: 尊享系列木器漆（华浔品味装饰） <http://www.huarun.com/product/productDetail/?p=150>
2017-06-07 18:42:58,471 download_items_from_redis.py[line:93] INFO [huarun:items] Processing item: 智选清味植物油五合一木器漆 <http://www.huarun.com/product/productDetail/?p=221>
2017-06-07 18:43:09,628 download_items_from_redis.py[line:93] INFO [huarun:items] Processing item: 纯境A+纯环保无铅抗菌优能内墙漆 <http://www.huarun.com/product/productDetail/?p=278>
2017-06-07 18:43:21,323 download_items_from_redis.py[line:93] INFO [huarun:items] Processing item: 致白无添加雅润内墙漆 <http://www.huarun.com/product/productDetail/?p=329>
2017-06-07 18:43:25,378 download_items_from_redis.py[line:93] INFO [huarun:items] Processing item: 净味优好家优质内墙漆 <http://www.huarun.com/product/productDetail/?p=335>
2017-06-07 18:43:35,752 download_items_from_redis.py[line:93] INFO [huarun:items] Processing item: 华润水性环保内墙漆 <http://www.huarun.com/product/productDetail/?p=51>
2017-06-07 18:43:48,700 download_items_from_redis.py[line:93] INFO [huarun:items] Processing item: 盈润晶彩清味金装PU木器漆 <http://www.huarun.com/product/productDetail/?p=110>
2017-06-07 18:44:12,016 download_items_from_redis.py[line:93] INFO [huarun:items] Processing item: 纯境A+纯环保卧室系列水性木器漆 <http://www.huarun.com/product/productDetail/?p=216>
2017-06-07 18:44:24,812 download_items_from_redis.py[line:93] INFO [huarun:items] Processing item: 纯境A+纯环保防褪色五合一内墙漆 <http://www.huarun.com/product/productDetail/?p=281>
2017-06-07 18:44:30,134 download_items_from_redis.py[line:93] INFO [huarun:items] Processing item: 金装明钻全效抗污PU木器漆 <http://www.huarun.com/product/productDetail/?p=305>
2017-06-07 18:44:35,007 download_items_from_redis.py[line:93] INFO [huarun:items] Processing item: 智选水性抗碱通用底漆 <http://www.huarun.com/product/productDetail/?p=341>
2017-06-07 18:44:47,861 download_items_from_redis.py[line:93] INFO [huarun:items] Processing item: 金致清味全效PU木器漆 <http://www.huarun.com/product/productDetail/?p=127>
2017-06-07 18:45:03,983 download_items_from_redis.py[line:93] INFO [huarun:items] Processing item: 智选居饰易专业内墙漆 <http://www.huarun.com/product/productDetail/?p=207>
2017-06-07 18:45:26,170 download_items_from_redis.py[line:93] INFO [huarun:items] Processing item: 优质润泽健康PU木器漆（清漆） <http://www.huarun.com/product/productDetail/?p=260>
2017-06-07 18:45:28,102 download_items_from_redis.py[line:93] INFO [huarun:items] Processing item: 纯境A+纯环保防霉防潮五合一内墙漆 <http://www.huarun.com/product/productDetail/?p=280>
2017-06-07 18:45:36,677 download_items_from_redis.py[line:93] INFO [huarun:items] Processing item: 净味家易俪多用途水性漆 <http://www.huarun.com/product/productDetail/?p=292>
2017-06-07 18:45:37,043 download_items_from_redis.py[line:93] INFO [huarun:items] Processing item: 舒享无添加净白宽居内墙漆 <http://www.huarun.com/product/productDetail/?p=298>
2017-06-07 18:45:41,066 download_items_from_redis.py[line:93] INFO [huarun:items] Processing item: 睿选清味多功能健康 <http://www.huarun.com/product/productDetail/?p=360>
2017-06-07 18:45:45,497 download_items_from_redis.py[line:93] INFO [huarun:items] Processing item: 惠涂易高级内墙漆 <http://www.huarun.com/product/productDetail/?p=364>
2017-06-07 18:46:21,017 download_items_from_redis.py[line:93] INFO [huarun:items] Processing item: 金钻雅家全效PU木器漆 <http://www.huarun.com/product/productDetail/?p=133>
2017-06-07 18:46:26,084 download_items_from_redis.py[line:93] INFO [huarun:items] Processing item: 金装全效PU木器漆 <http://www.huarun.com/product/productDetail/?p=139>
2017-06-07 18:46:29,233 download_items_from_redis.py[line:93] INFO [huarun:items] Processing item: 纯境A+纯环保净醛全效水性木器漆 <http://www.huarun.com/product/productDetail/?p=193>
2017-06-07 18:46:35,032 download_items_from_redis.py[line:93] INFO [huarun:items] Processing item: 智选A+纯环保水性漆 <http://www.huarun.com/product/productDetail/?p=289>
2017-06-07 18:46:44,073 download_items_from_redis.py[line:93] INFO [huarun:items] Processing item: 智选A+全净界纯环保优能内墙漆 <http://www.huarun.com/product/productDetail/?p=338>
2017-06-07 18:46:48,920 download_items_from_redis.py[line:93] INFO [huarun:items] Processing item: 智选净味全易涂二合一环保内墙漆 <http://www.huarun.com/product/productDetail/?p=340>
2017-06-07 18:46:52,845 download_items_from_redis.py[line:93] INFO [huarun:items] Processing item: 金致净味清易白内墙漆 <http://www.huarun.com/product/productDetail/?p=351>
2017-06-07 18:47:01,279 download_items_from_redis.py[line:93] INFO [huarun:items] Processing item: 恒久超耐候PU白底漆 <http://www.huarun.com/product/productDetail/?p=354>
2017-06-07 18:47:05,512 download_items_from_redis.py[line:93] INFO [huarun:items] Processing item: 睿选植物油多功能PU木器漆 <http://www.huarun.com/product/productDetail/?p=370>
2017-06-07 18:47:34,381 download_items_from_redis.py[line:93] INFO [huarun:items] Processing item: 优质润泽健康PU木器漆（白漆） <http://www.huarun.com/product/productDetail/?p=84>
2017-06-07 18:47:49,075 download_items_from_redis.py[line:93] INFO [huarun:items] Processing item: 金选净味三合一内墙漆 <http://www.huarun.com/product/productDetail/?p=176>
2017-06-07 18:48:06,184 download_items_from_redis.py[line:93] INFO [huarun:items] Processing item: 舒享无添加优好家内墙漆 <http://www.huarun.com/product/productDetail/?p=297>
2017-06-07 18:48:12,065 download_items_from_redis.py[line:93] INFO [huarun:items] Processing item: 纯境A+纯环保净醛竹炭清新优能内墙漆 <http://www.huarun.com/product/productDetail/?p=317>
2017-06-07 18:48:19,440 download_items_from_redis.py[line:93] INFO [huarun:items] Processing item: 经典纯境A+竹炭环保全效内墙漆 <http://www.huarun.com/product/productDetail/?p=322>
2017-06-07 18:48:22,414 download_items_from_redis.py[line:93] INFO [huarun:items] Processing item: 睿选清味优效PU木器漆 <http://www.huarun.com/product/productDetail/?p=371>
2017-06-07 18:48:32,007 download_items_from_redis.py[line:93] INFO [huarun:items] Processing item: 净味金装内墙漆 <http://www.huarun.com/product/productDetail/?p=30>
2017-06-07 18:48:47,230 download_items_from_redis.py[line:93] INFO [huarun:items] Processing item: 金装清味5in1系列木器漆 <http://www.huarun.com/product/productDetail/?p=85>
2017-06-07 18:48:53,263 download_items_from_redis.py[line:93] INFO [huarun:items] Processing item: 家易俪PU健康木器漆（白漆） <http://www.huarun.com/product/productDetail/?p=119>
2017-06-07 18:49:11,917 download_items_from_redis.py[line:93] INFO [huarun:items] Processing item: 智选清味植物油超全效木器漆 <http://www.huarun.com/product/productDetail/?p=220>
2017-06-07 18:49:17,529 download_items_from_redis.py[line:93] INFO [huarun:items] Processing item: 智选植物油五合一木器漆 <http://www.huarun.com/product/productDetail/?p=222>
2017-06-07 18:49:21,740 download_items_from_redis.py[line:93] INFO [huarun:items] Processing item: 金选净味超能五合一内墙漆 <http://www.huarun.com/product/productDetail/?p=248>
2017-06-07 18:49:23,680 download_items_from_redis.py[line:93] INFO [huarun:items] Processing item: 金选净味优效内墙漆 <http://www.huarun.com/product/productDetail/?p=250>
2017-06-07 18:49:41,770 download_items_from_redis.py[line:93] INFO [huarun:items] Processing item: 致白无添加防霉内墙漆 <http://www.huarun.com/product/productDetail/?p=327>
2017-06-07 18:49:42,211 download_items_from_redis.py[line:93] INFO [huarun:items] Processing item: 净味净白宽居内墙漆 <http://www.huarun.com/product/productDetail/?p=334>
2017-06-07 18:49:51,061 download_items_from_redis.py[line:93] INFO [huarun:items] Processing item: 工美内墙漆 <http://www.huarun.com/product/productDetail/?p=47>
2017-06-07 18:50:00,276 download_items_from_redis.py[line:93] INFO [huarun:items] Processing item: 清味超易涂PU木器漆 <http://www.huarun.com/product/productDetail/?p=101>
2017-06-07 18:50:12,444 download_items_from_redis.py[line:93] INFO [huarun:items] Processing item: 金选超白优效内墙漆 <http://www.huarun.com/product/productDetail/?p=178>
2017-06-07 18:50:14,792 download_items_from_redis.py[line:93] INFO [huarun:items] Processing item: 纯境A+纯环保净醛抗菌五合一内墙漆 <http://www.huarun.com/product/productDetail/?p=188>
2017-06-07 18:50:33,072 download_items_from_redis.py[line:93] INFO [huarun:items] Processing item: 净味7效多功能内墙漆 <http://www.huarun.com/product/productDetail/?p=241>
2017-06-07 18:50:34,089 download_items_from_redis.py[line:93] INFO [huarun:items] Processing item: 美润家净味防霉内墙漆 <http://www.huarun.com/product/productDetail/?p=245>
2017-06-07 18:50:43,204 download_items_from_redis.py[line:93] INFO [huarun:items] Processing item: 智选净味居立白内墙漆 <http://www.huarun.com/product/productDetail/?p=277>
2017-06-07 18:50:50,835 download_items_from_redis.py[line:93] INFO [huarun:items] Processing item: 竹炭A+纯环保抗甲醛五合一内墙漆 <http://www.huarun.com/product/productDetail/?p=288>
2017-06-07 18:50:51,200 download_items_from_redis.py[line:93] INFO [huarun:items] Processing item: 妙想A+纯环保儿童内墙底漆 <http://www.huarun.com/product/productDetail/?p=300>
2017-06-07 18:50:56,670 download_items_from_redis.py[line:93] INFO [huarun:items] Processing item: 美润家净味防内墙漆 <http://www.huarun.com/product/productDetail/?p=361>
2017-06-07 18:51:20,785 download_items_from_redis.py[line:93] INFO [huarun:items] Processing item: 纯境A+纯环保抗污全效内墙漆 <http://www.huarun.com/product/productDetail/?p=189>
2017-06-07 18:51:33,276 download_items_from_redis.py[line:93] INFO [huarun:items] Processing item: 超饰易健康PU木器漆（清漆） <http://www.huarun.com/product/productDetail/?p=259>
2017-06-07 18:51:41,141 download_items_from_redis.py[line:93] INFO [huarun:items] Processing item: 第二代双效除醛健康PU木器漆 <http://www.huarun.com/product/productDetail/?p=267>
2017-06-07 18:51:46,582 download_items_from_redis.py[line:93] INFO [huarun:items] Processing item: 金装恒久耐黄变白面漆 <http://www.huarun.com/product/productDetail/?p=273>
2017-06-07 18:51:54,480 download_items_from_redis.py[line:93] INFO [huarun:items] Processing item: 金装纯境A+纯环保防潮透气内墙漆 <http://www.huarun.com/product/productDetail/?p=295>
2017-06-07 18:52:03,174 download_items_from_redis.py[line:93] INFO [huarun:items] Processing item: 金装明钻植物油耐磨PU木器漆 <http://www.huarun.com/product/productDetail/?p=308>
2017-06-07 18:52:05,984 download_items_from_redis.py[line:93] INFO [huarun:items] Processing item: 倍丽无添加三合一内墙漆 <http://www.huarun.com/product/productDetail/?p=325>
2017-06-07 18:52:13,160 download_items_from_redis.py[line:93] INFO [huarun:items] Processing item: 润白无添加二合一内墙漆 <http://www.huarun.com/product/productDetail/?p=332>
2017-06-07 18:52:16,523 download_items_from_redis.py[line:93] INFO [huarun:items] Processing item: 净味无添加防潮二合一内墙漆 <http://www.huarun.com/product/productDetail/?p=333>
2017-06-07 18:52:21,311 download_items_from_redis.py[line:93] INFO [huarun:items] Processing item: 智选净味耐擦洗纯环保内墙漆 <http://www.huarun.com/product/productDetail/?p=339>
2017-06-07 18:52:37,516 download_items_from_redis.py[line:93] INFO [huarun:items] Processing item: 金钻雅家五合一PU木器漆 <http://www.huarun.com/product/productDetail/?p=134>
2017-06-07 18:52:50,999 download_items_from_redis.py[line:93] INFO [huarun:items] Processing item: 纯境A+纯环保抗裂优能内墙漆 <http://www.huarun.com/product/productDetail/?p=198>
2017-06-07 18:53:01,872 download_items_from_redis.py[line:93] INFO [huarun:items] Processing item: 净味惠涂易多用途环保水性漆 <http://www.huarun.com/product/productDetail/?p=217>
2017-06-07 18:53:08,759 download_items_from_redis.py[line:93] INFO [huarun:items] Processing item: 金装超耐候PU木器白底漆 <http://www.huarun.com/product/productDetail/?p=227>
2017-06-07 18:53:13,713 download_items_from_redis.py[line:93] INFO [huarun:items] Processing item: 金赞植物油PU木器清漆 <http://www.huarun.com/product/productDetail/?p=229>
2017-06-07 18:53:27,904 download_items_from_redis.py[line:93] INFO [huarun:items] Processing item: 竹炭无添加五合一内墙漆 <http://www.huarun.com/product/productDetail/?p=314>
2017-06-07 18:53:29,473 download_items_from_redis.py[line:93] INFO [huarun:items] Processing item: 竹炭无添加二合一内墙漆 <http://www.huarun.com/product/productDetail/?p=330>
2017-06-07 18:53:33,283 download_items_from_redis.py[line:93] INFO [huarun:items] Processing item: 金装净味全效内墙漆（柔光） <http://www.huarun.com/product/productDetail/?p=352>
2017-06-07 18:53:52,964 download_items_from_redis.py[line:93] INFO [huarun:items] Processing item: 金装惠涂易内墙漆 <http://www.huarun.com/product/productDetail/?p=46>
2017-06-07 18:54:17,887 download_items_from_redis.py[line:93] INFO [huarun:items] Processing item: 金赞清味PU木器清漆 <http://www.huarun.com/product/productDetail/?p=154>
2017-06-07 18:54:40,569 download_items_from_redis.py[line:93] INFO [huarun:items] Processing item: 纯境A+纯环保竹炭清新全效内墙漆 <http://www.huarun.com/product/productDetail/?p=190>
2017-06-07 18:54:41,651 download_items_from_redis.py[line:93] INFO [huarun:items] Processing item: 真钻耐黄变PU木器漆 <http://www.huarun.com/product/productDetail/?p=261>
2017-06-07 18:54:45,642 download_items_from_redis.py[line:93] INFO [huarun:items] Processing item: 高效耐磨PU木器漆 <http://www.huarun.com/product/productDetail/?p=270>
2017-06-07 18:54:50,144 download_items_from_redis.py[line:93] INFO [huarun:items] Processing item: 纯净520A+无瑕环保内墙漆 <http://www.huarun.com/product/productDetail/?p=348>
2017-06-07 18:54:59,029 download_items_from_redis.py[line:93] INFO [huarun:items] Processing item: 新佳益白内墙乳胶漆 <http://www.huarun.com/product/productDetail/?p=367>
2017-06-07 18:55:14,351 download_items_from_redis.py[line:93] INFO [huarun:items] Processing item: 恒久俪PU环保木器漆（白漆） <http://www.huarun.com/product/productDetail/?p=121>
2017-06-07 18:55:22,013 download_items_from_redis.py[line:93] INFO [huarun:items] Processing item: 尊享系列木器漆（星艺装饰） <http://www.huarun.com/product/productDetail/?p=148>
2017-06-07 18:55:53,982 download_items_from_redis.py[line:93] INFO [huarun:items] Processing item: 金装明钻清味五合一PU木器漆 <http://www.huarun.com/product/productDetail/?p=311>
2017-06-07 18:55:58,084 download_items_from_redis.py[line:93] INFO [huarun:items] Processing item: 竹炭无添加三合一内墙漆 <http://www.huarun.com/product/productDetail/?p=315>
2017-06-07 18:56:03,460 download_items_from_redis.py[line:93] INFO [huarun:items] Processing item: 致白无添加防潮内墙漆 <http://www.huarun.com/product/productDetail/?p=328>
2017-06-07 18:56:07,772 download_items_from_redis.py[line:93] INFO [huarun:items] Processing item: 睿选植物油优效五合一 <http://www.huarun.com/product/productDetail/?p=357>
2017-06-07 18:56:11,157 download_items_from_redis.py[line:93] INFO [huarun:items] Processing item: 净味工美内墙乳胶漆 <http://www.huarun.com/product/productDetail/?p=362>
2017-06-07 18:56:19,969 download_items_from_redis.py[line:93] INFO [huarun:items] Processing item: 纯净味五合一内墙漆超值促销套装 <http://www.huarun.com/product/productDetail/?p=5>
2017-06-07 18:56:27,551 download_items_from_redis.py[line:93] INFO [huarun:items] Processing item: 精装全效系列木器漆 <http://www.huarun.com/product/productDetail/?p=147>
2017-06-07 18:56:43,561 download_items_from_redis.py[line:93] INFO [huarun:items] Processing item: 纯境A+纯环保净醛抗菌全效内墙漆 <http://www.huarun.com/product/productDetail/?p=187>
2017-06-07 18:56:55,783 download_items_from_redis.py[line:93] INFO [huarun:items] Processing item: 嘉家易 <http://www.huarun.com/product/productDetail/?p=233>
2017-06-07 18:56:59,161 download_items_from_redis.py[line:93] INFO [huarun:items] Processing item: 金选净味优美内墙漆 <http://www.huarun.com/product/productDetail/?p=249>
2017-06-07 18:57:04,816 download_items_from_redis.py[line:93] INFO [huarun:items] Processing item: 清味靓饰居健康PU木器漆 <http://www.huarun.com/product/productDetail/?p=269>
2017-06-07 18:57:10,711 download_items_from_redis.py[line:93] INFO [huarun:items] Processing item: 金选A+竹炭优能内墙漆 <http://www.huarun.com/product/productDetail/?p=285>
2017-06-07 18:57:18,927 download_items_from_redis.py[line:93] INFO [huarun:items] Processing item: 金装纯境A+纯环保防褪色内墙漆 <http://www.huarun.com/product/productDetail/?p=346>
2017-06-07 18:57:23,772 download_items_from_redis.py[line:93] INFO [huarun:items] Processing item: 金致双效除醛PU木器漆 <http://www.huarun.com/product/productDetail/?p=356>
