2017-06-08 11:02:35,259 download_items_from_redis.py[line:113] INFO [process id 0] start to download items in 'fsjr:items' (server: localhost, port: 6379)
2017-06-08 11:02:36,275 download_items_from_redis.py[line:93] INFO [fsjr:items] Processing item:  HJ-H25/H38三面护角 <http://www.fsjr.cn/pro_Show.asp?id=699>
2017-06-08 11:02:36,280 download_items_from_redis.py[line:93] INFO [fsjr:items] Processing item:  YTS-19Q# <http://www.fsjr.cn/pro_Show.asp?id=312>
2017-06-08 11:02:36,283 download_items_from_redis.py[line:93] INFO [fsjr:items] Processing item:  ￠8胶钉  <http://www.fsjr.cn/pro_Show.asp?id=643>
2017-06-08 11:02:36,289 download_items_from_redis.py[line:93] INFO [fsjr:items] Processing item:  YTX-￠22MM <http://www.fsjr.cn/pro_Show.asp?id=532>
2017-06-08 11:02:36,293 download_items_from_redis.py[line:93] INFO [fsjr:items] Processing item:  YS-Φ50 <http://www.fsjr.cn/pro_Show.asp?id=465>
2017-06-08 11:02:36,298 download_items_from_redis.py[line:93] INFO [fsjr:items] Processing item:  FS-25X50拱形 <http://www.fsjr.cn/pro_Show.asp?id=723>
2017-06-08 11:02:36,301 download_items_from_redis.py[line:93] INFO [fsjr:items] Processing item:  KT-S-￠38 <http://www.fsjr.cn/pro_Show.asp?id=410>
2017-06-08 11:02:36,305 download_items_from_redis.py[line:93] INFO [fsjr:items] Processing item:  GJS-76XH27 <http://www.fsjr.cn/pro_Show.asp?id=279>
2017-06-08 11:02:36,309 download_items_from_redis.py[line:93] INFO [fsjr:items] Processing item:  QFS-20X30 <http://www.fsjr.cn/pro_Show.asp?id=487>
2017-06-08 11:02:36,313 download_items_from_redis.py[line:93] INFO [fsjr:items] Processing item:  FS-M8-25X25 <http://www.fsjr.cn/pro_Show.asp?id=422>
2017-06-08 11:02:36,318 download_items_from_redis.py[line:93] INFO [fsjr:items] Processing item:  ￠9孔塞 <http://www.fsjr.cn/pro_Show.asp?id=710>
2017-06-08 11:02:36,321 download_items_from_redis.py[line:93] INFO [fsjr:items] Processing item:  FS-20X40斜面 <http://www.fsjr.cn/pro_Show.asp?id=702>
2017-06-08 11:02:36,326 download_items_from_redis.py[line:93] INFO [fsjr:items] Processing item:  YTP-8D# <http://www.fsjr.cn/pro_Show.asp?id=543>
2017-06-08 11:02:36,331 download_items_from_redis.py[line:93] INFO [fsjr:items] Processing item:  HJ-77X41B <http://www.fsjr.cn/pro_Show.asp?id=606>
2017-06-08 11:02:36,335 download_items_from_redis.py[line:93] INFO [fsjr:items] Processing item:  KT-S-￠50 <http://www.fsjr.cn/pro_Show.asp?id=412>
2017-06-08 11:02:46,270 download_items_from_redis.py[line:93] INFO [fsjr:items] Processing item:  橡胶机脚垫系列 <http://www.fsjr.cn/pro_Show.asp?id=269>
2017-06-08 11:02:50,062 download_items_from_redis.py[line:93] INFO [fsjr:items] Processing item:  TYS-20X40 <http://www.fsjr.cn/pro_Show.asp?id=476>
2017-06-08 11:03:05,246 download_items_from_redis.py[line:93] INFO [fsjr:items] Processing item:  QFS-40X80 <http://www.fsjr.cn/pro_Show.asp?id=501>
2017-06-08 11:03:21,858 download_items_from_redis.py[line:93] INFO [fsjr:items] Processing item:  SFJ-￠60X60 <http://www.fsjr.cn/pro_Show.asp?id=514>
2017-06-08 11:05:17,934 download_items_from_redis.py[line:93] INFO [fsjr:items] Processing item:  FS-100X100 <http://www.fsjr.cn/pro_Show.asp?id=448>
2017-06-08 11:05:22,588 download_items_from_redis.py[line:93] INFO [fsjr:items] Processing item:  SFJ-￠50DXH22 <http://www.fsjr.cn/pro_Show.asp?id=510>
2017-06-08 11:05:28,339 download_items_from_redis.py[line:93] INFO [fsjr:items] Processing item:  ZG-38/40# <http://www.fsjr.cn/pro_Show.asp?id=599>
2017-06-08 11:05:36,230 download_items_from_redis.py[line:93] INFO [fsjr:items] Processing item:  JTX-63x63 <http://www.fsjr.cn/pro_Show.asp?id=783>
2017-06-08 11:05:40,155 download_items_from_redis.py[line:93] INFO [fsjr:items] Processing item:  SFJ-￠48XH22带钉 <http://www.fsjr.cn/pro_Show.asp?id=796>
2017-06-08 11:09:22,391 download_items_from_redis.py[line:93] INFO [fsjr:items] Processing item:  QFS-40X60 <http://www.fsjr.cn/pro_Show.asp?id=500>
2017-06-08 11:09:25,696 download_items_from_redis.py[line:93] INFO [fsjr:items] Processing item:  FTX-60X60 <http://www.fsjr.cn/pro_Show.asp?id=551>
2017-06-08 11:09:31,075 download_items_from_redis.py[line:93] INFO [fsjr:items] Processing item:  QFS-15X60 <http://www.fsjr.cn/pro_Show.asp?id=671>
2017-06-08 11:09:35,799 download_items_from_redis.py[line:93] INFO [fsjr:items] Processing item:  FS-20X40斜面 <http://www.fsjr.cn/pro_Show.asp?id=702>
2017-06-08 11:09:42,928 download_items_from_redis.py[line:93] INFO [fsjr:items] Processing item:  FS-25X50拱形 <http://www.fsjr.cn/pro_Show.asp?id=723>
