2017-05-31 14:44:09,540 download_items_from_redis.py[line:113] INFO [process id 0] start to download items in 'juwei:items' (server: localhost, port: 6379)
2017-05-31 14:44:10,555 download_items_from_redis.py[line:93] INFO [juwei:items] Processing item: 开式可倾压力机 <http://www.tianjinjuwei.com/admin/chanpin1/main.asp?id=765>
2017-05-31 14:44:10,558 download_items_from_redis.py[line:93] INFO [juwei:items] Processing item: 开式可倾压力机 <http://www.tianjinjuwei.com/admin/chanpin1/main.asp?id=765>
2017-05-31 14:44:10,561 download_items_from_redis.py[line:93] INFO [juwei:items] Processing item: 校平机 <http://www.tianjinjuwei.com/admin/chanpin1/main.asp?id=766>
2017-05-31 14:44:10,563 download_items_from_redis.py[line:93] INFO [juwei:items] Processing item: 全液压水平下调式三辊卷板机 <http://www.tianjinjuwei.com/admin/chanpin1/main.asp?id=767>
2017-05-31 14:44:10,566 download_items_from_redis.py[line:93] INFO [juwei:items] Processing item: W11S三辊万能卷板机 <http://www.tianjinjuwei.com/admin/chanpin1/main.asp?id=768>
2017-05-31 14:44:10,569 download_items_from_redis.py[line:93] INFO [juwei:items] Processing item: 摆式剪板机 <http://www.tianjinjuwei.com/admin/chanpin1/main.asp?id=769>
2017-05-31 14:44:10,569 download_items_from_redis.py[line:93] INFO [juwei:items] Processing item: 折弯机 <http://www.tianjinjuwei.com/admin/chanpin1/main.asp?id=770>
2017-05-31 14:44:10,571 download_items_from_redis.py[line:93] INFO [juwei:items] Processing item: 液压剪板机 <http://www.tianjinjuwei.com/admin/chanpin1/main.asp?id=771>
2017-05-31 14:44:13,263 download_items_from_redis.py[line:93] INFO [juwei:items] Processing item: 数控双击联动折弯机 <http://www.tianjinjuwei.com/admin/chanpin1/main.asp?id=772>
2017-05-31 14:44:18,207 download_items_from_redis.py[line:93] INFO [juwei:items] Processing item: 液压折弯机 <http://www.tianjinjuwei.com/admin/chanpin1/main.asp?id=773>
2017-05-31 14:44:22,720 download_items_from_redis.py[line:93] INFO [juwei:items] Processing item: 880S电液同步折弯机 <http://www.tianjinjuwei.com/admin/chanpin1/main.asp?id=774>
2017-05-31 14:44:27,878 download_items_from_redis.py[line:93] INFO [juwei:items] Processing item: 摆式剪板机 <http://www.tianjinjuwei.com/admin/chanpin1/main.asp?id=775>
2017-05-31 14:44:33,032 download_items_from_redis.py[line:93] INFO [juwei:items] Processing item: 液压折弯机 <http://www.tianjinjuwei.com/admin/chanpin1/main.asp?id=776>
2017-05-31 15:02:03,499 download_items_from_redis.py[line:93] INFO [juwei:items] Processing item: 组合滚剪刀图片 <http://www.tianjinjuwei.com/admin/chanpin1/main.asp?id=789>
2017-05-31 15:02:08,068 download_items_from_redis.py[line:93] INFO [juwei:items] Processing item: 组合滚剪刀图片 <http://www.tianjinjuwei.com/admin/chanpin1/main.asp?id=790>
2017-05-31 15:02:13,430 download_items_from_redis.py[line:93] INFO [juwei:items] Processing item: 开式可倾压力机 <http://www.tianjinjuwei.com/admin/chanpin1/main.asp?id=765>
2017-05-31 15:02:19,369 download_items_from_redis.py[line:93] INFO [juwei:items] Processing item: 校平机 <http://www.tianjinjuwei.com/admin/chanpin1/main.asp?id=766>
2017-05-31 15:02:23,756 download_items_from_redis.py[line:93] INFO [juwei:items] Processing item: 全液压水平下调式三辊卷板机 <http://www.tianjinjuwei.com/admin/chanpin1/main.asp?id=767>
2017-05-31 15:02:29,601 download_items_from_redis.py[line:93] INFO [juwei:items] Processing item: W11S三辊万能卷板机 <http://www.tianjinjuwei.com/admin/chanpin1/main.asp?id=768>
2017-05-31 15:02:34,967 download_items_from_redis.py[line:93] INFO [juwei:items] Processing item: 摆式剪板机 <http://www.tianjinjuwei.com/admin/chanpin1/main.asp?id=769>
2017-05-31 15:02:40,354 download_items_from_redis.py[line:93] INFO [juwei:items] Processing item: 折弯机 <http://www.tianjinjuwei.com/admin/chanpin1/main.asp?id=770>
2017-05-31 15:02:43,657 download_items_from_redis.py[line:93] INFO [juwei:items] Processing item: 液压剪板机 <http://www.tianjinjuwei.com/admin/chanpin1/main.asp?id=771>
2017-05-31 15:02:49,289 download_items_from_redis.py[line:93] INFO [juwei:items] Processing item: 数控双击联动折弯机 <http://www.tianjinjuwei.com/admin/chanpin1/main.asp?id=772>
2017-05-31 15:02:54,230 download_items_from_redis.py[line:93] INFO [juwei:items] Processing item: 液压折弯机 <http://www.tianjinjuwei.com/admin/chanpin1/main.asp?id=773>
2017-05-31 15:02:59,089 download_items_from_redis.py[line:93] INFO [juwei:items] Processing item: 880S电液同步折弯机 <http://www.tianjinjuwei.com/admin/chanpin1/main.asp?id=774>
2017-05-31 15:03:03,716 download_items_from_redis.py[line:93] INFO [juwei:items] Processing item: 摆式剪板机 <http://www.tianjinjuwei.com/admin/chanpin1/main.asp?id=775>
2017-05-31 15:03:08,487 download_items_from_redis.py[line:93] INFO [juwei:items] Processing item: 液压折弯机 <http://www.tianjinjuwei.com/admin/chanpin1/main.asp?id=776>
2017-05-31 15:03:14,285 download_items_from_redis.py[line:93] INFO [juwei:items] Processing item: 液压折弯机 <http://www.tianjinjuwei.com/admin/chanpin1/main.asp?id=777>
2017-05-31 15:03:19,479 download_items_from_redis.py[line:93] INFO [juwei:items] Processing item: 液压剪板机 <http://www.tianjinjuwei.com/admin/chanpin1/main.asp?id=778>
2017-05-31 15:03:25,035 download_items_from_redis.py[line:93] INFO [juwei:items] Processing item: 880S电液同步折弯机 <http://www.tianjinjuwei.com/admin/chanpin1/main.asp?id=779>
2017-05-31 15:03:30,901 download_items_from_redis.py[line:93] INFO [juwei:items] Processing item: 液压折弯机 <http://www.tianjinjuwei.com/admin/chanpin1/main.asp?id=780>
2017-05-31 15:03:35,263 download_items_from_redis.py[line:93] INFO [juwei:items] Processing item: 分切上下圆刀 <http://www.tianjinjuwei.com/admin/chanpin1/main.asp?id=781>
