2017-05-24 18:02:53,296 download_items_from_redis.py[line:112] INFO [process id 0] start to download items in 'ctz:items' (server: localhost, port: 6379)
2017-05-24 18:02:53,296 download_items_from_redis.py[line:92] INFO [ctz:items] Processing item: None <None>
2017-05-24 18:02:55,201 download_items_from_redis.py[line:92] INFO [ctz:items] Processing item: None <None>
2017-05-24 18:02:56,293 download_items_from_redis.py[line:92] INFO [ctz:items] Processing item: None <None>
2017-05-24 18:02:57,121 download_items_from_redis.py[line:92] INFO [ctz:items] Processing item: None <None>
2017-05-24 18:02:58,493 download_items_from_redis.py[line:92] INFO [ctz:items] Processing item: None <None>
2017-05-24 18:03:00,130 download_items_from_redis.py[line:92] INFO [ctz:items] Processing item: None <None>
2017-05-24 18:03:02,536 download_items_from_redis.py[line:92] INFO [ctz:items] Processing item: None <None>
2017-05-24 18:03:03,381 download_items_from_redis.py[line:92] INFO [ctz:items] Processing item: None <None>
2017-05-24 18:03:06,032 download_items_from_redis.py[line:92] INFO [ctz:items] Processing item: None <None>
2017-05-24 18:03:07,657 download_items_from_redis.py[line:92] INFO [ctz:items] Processing item: None <None>
2017-05-24 18:03:09,563 download_items_from_redis.py[line:92] INFO [ctz:items] Processing item: None <None>
2017-05-24 18:03:11,203 download_items_from_redis.py[line:92] INFO [ctz:items] Processing item: None <None>
2017-05-24 18:03:12,576 download_items_from_redis.py[line:92] INFO [ctz:items] Processing item: None <None>
2017-05-24 18:03:14,683 download_items_from_redis.py[line:92] INFO [ctz:items] Processing item: None <None>
2017-05-24 18:03:16,852 download_items_from_redis.py[line:92] INFO [ctz:items] Processing item: None <None>
2017-05-24 18:03:18,226 download_items_from_redis.py[line:92] INFO [ctz:items] Processing item: None <None>
2017-05-24 18:03:20,128 download_items_from_redis.py[line:92] INFO [ctz:items] Processing item: None <None>
2017-05-24 18:03:21,766 download_items_from_redis.py[line:92] INFO [ctz:items] Processing item: None <None>
2017-05-24 18:03:23,407 download_items_from_redis.py[line:92] INFO [ctz:items] Processing item: None <None>
2017-05-24 18:03:24,673 download_items_from_redis.py[line:48] ERROR failed to download image(url: http://www.ceratizit.com/uploads/tx_extproduct/1005391247/PIC_TIB_S-Stanz-1_SALL_AIN_V1.jpg ), retry_num:1 reason:timed out
2017-05-24 18:03:25,765 download_items_from_redis.py[line:92] INFO [ctz:items] Processing item: None <None>
2017-05-24 18:03:27,605 download_items_from_redis.py[line:92] INFO [ctz:items] Processing item: None <None>
2017-05-24 18:03:29,180 download_items_from_redis.py[line:92] INFO [ctz:items] Processing item: None <None>
2017-05-24 18:03:34,578 download_items_from_redis.py[line:92] INFO [ctz:items] Processing item: None <None>
2017-05-24 18:03:36,482 download_items_from_redis.py[line:92] INFO [ctz:items] Processing item: None <None>
2017-05-24 18:03:38,401 download_items_from_redis.py[line:92] INFO [ctz:items] Processing item: None <None>
2017-05-24 18:03:39,430 download_items_from_redis.py[line:48] ERROR failed to download image(url: http://www.ceratizit.com/uploads/tx_extproduct/1005391726/Carbide_solutions_for_plastic_industry.jpg ), retry_num:1 reason:<urlopen error timed out>
2017-05-24 18:03:40,788 download_items_from_redis.py[line:92] INFO [ctz:items] Processing item: None <None>
2017-05-24 18:03:42,239 download_items_from_redis.py[line:92] INFO [ctz:items] Processing item: None <None>
2017-05-24 18:03:43,891 download_items_from_redis.py[line:92] INFO [ctz:items] Processing item: None <None>
2017-05-24 18:03:45,796 download_items_from_redis.py[line:92] INFO [ctz:items] Processing item: None <None>
2017-05-24 18:03:52,118 download_items_from_redis.py[line:92] INFO [ctz:items] Processing item: None <None>
2017-05-24 18:03:54,292 download_items_from_redis.py[line:92] INFO [ctz:items] Processing item: None <None>
2017-05-24 18:03:55,305 download_items_from_redis.py[line:48] ERROR failed to download image(url: http://www.ceratizit.com/uploads/tx_extproduct/1008412001/Hot_rolls.jpg ), retry_num:1 reason:<urlopen error timed out>
2017-05-24 18:03:57,209 download_items_from_redis.py[line:92] INFO [ctz:items] Processing item: None <None>
2017-05-24 18:03:58,862 download_items_from_redis.py[line:92] INFO [ctz:items] Processing item: None <None>
2017-05-24 18:04:01,046 download_items_from_redis.py[line:92] INFO [ctz:items] Processing item: None <None>
2017-05-24 18:04:02,950 download_items_from_redis.py[line:92] INFO [ctz:items] Processing item: None <None>
2017-05-24 18:04:05,121 download_items_from_redis.py[line:92] INFO [ctz:items] Processing item: None <None>
2017-05-24 18:04:09,460 download_items_from_redis.py[line:92] INFO [ctz:items] Processing item: None <None>
2017-05-24 18:04:10,466 download_items_from_redis.py[line:48] ERROR failed to download image(url: http://www.ceratizit.com/uploads/tx_extproduct/1005389339/Carbide_blanks_for_profiling.jpg ), retry_num:1 reason:<urlopen error timed out>
2017-05-24 18:04:11,289 download_items_from_redis.py[line:92] INFO [ctz:items] Processing item: None <None>
2017-05-24 18:04:12,289 download_items_from_redis.py[line:48] ERROR failed to download image(url: http://www.ceratizit.com/uploads/tx_extproduct/1005389335/Saw_tips_for_metal_working.jpg ), retry_num:1 reason:<urlopen error timed out>
2017-05-24 18:04:13,928 download_items_from_redis.py[line:92] INFO [ctz:items] Processing item: None <None>
2017-05-24 18:04:15,039 download_items_from_redis.py[line:92] INFO [ctz:items] Processing item: None <None>
2017-05-24 18:04:16,140 download_items_from_redis.py[line:92] INFO [ctz:items] Processing item: None <None>
2017-05-24 18:04:20,046 download_items_from_redis.py[line:92] INFO [ctz:items] Processing item: None <None>
2017-05-24 18:04:24,543 download_items_from_redis.py[line:92] INFO [ctz:items] Processing item: None <None>
2017-05-24 18:04:28,528 download_items_from_redis.py[line:92] INFO [ctz:items] Processing item: None <None>
2017-05-24 18:04:31,618 download_items_from_redis.py[line:92] INFO [ctz:items] Processing item: None <None>
2017-05-24 18:04:36,572 download_items_from_redis.py[line:92] INFO [ctz:items] Processing item: None <None>
2017-05-24 18:04:40,989 download_items_from_redis.py[line:92] INFO [ctz:items] Processing item: None <None>
2017-05-24 18:04:46,588 download_items_from_redis.py[line:92] INFO [ctz:items] Processing item: None <None>
2017-05-24 18:04:51,244 download_items_from_redis.py[line:92] INFO [ctz:items] Processing item: None <None>
2017-05-24 18:04:57,400 download_items_from_redis.py[line:92] INFO [ctz:items] Processing item: None <None>
2017-05-24 18:05:00,239 download_items_from_redis.py[line:92] INFO [ctz:items] Processing item: None <None>
2017-05-24 18:05:05,520 download_items_from_redis.py[line:92] INFO [ctz:items] Processing item: None <None>
2017-05-24 18:05:13,023 download_items_from_redis.py[line:92] INFO [ctz:items] Processing item: None <None>
2017-05-24 18:05:16,111 download_items_from_redis.py[line:92] INFO [ctz:items] Processing item: None <None>
2017-05-24 18:05:21,881 download_items_from_redis.py[line:92] INFO [ctz:items] Processing item: None <None>
2017-05-24 18:05:25,596 download_items_from_redis.py[line:92] INFO [ctz:items] Processing item: None <None>
2017-05-24 18:05:31,257 download_items_from_redis.py[line:92] INFO [ctz:items] Processing item: None <None>
2017-05-24 18:05:36,517 download_items_from_redis.py[line:92] INFO [ctz:items] Processing item: None <None>
2017-05-24 18:05:42,671 download_items_from_redis.py[line:92] INFO [ctz:items] Processing item: None <None>
2017-05-24 18:05:45,950 download_items_from_redis.py[line:92] INFO [ctz:items] Processing item: None <None>
2017-05-24 18:05:50,851 download_items_from_redis.py[line:92] INFO [ctz:items] Processing item: None <None>
2017-05-24 18:06:06,372 download_items_from_redis.py[line:92] INFO [ctz:items] Processing item: None <None>
2017-05-24 18:06:09,096 download_items_from_redis.py[line:92] INFO [ctz:items] Processing item: None <None>
2017-05-24 18:06:10,736 download_items_from_redis.py[line:92] INFO [ctz:items] Processing item: None <None>
2017-05-24 18:06:13,273 download_items_from_redis.py[line:92] INFO [ctz:items] Processing item: None <None>
2017-05-24 18:06:14,591 download_items_from_redis.py[line:92] INFO [ctz:items] Processing item: None <None>
2017-05-24 18:06:17,329 download_items_from_redis.py[line:92] INFO [ctz:items] Processing item: None <None>
2017-05-24 18:06:18,966 download_items_from_redis.py[line:92] INFO [ctz:items] Processing item: None <None>
2017-05-24 18:06:23,223 download_items_from_redis.py[line:48] ERROR failed to download image(url: http://www.ceratizit.com/uploads/tx_extproduct/1005391199/MaxiMill_A270.jpg ), retry_num:1 reason:timed out
2017-05-24 18:06:26,204 download_items_from_redis.py[line:92] INFO [ctz:items] Processing item: None <None>
2017-05-24 18:06:29,526 download_items_from_redis.py[line:92] INFO [ctz:items] Processing item: None <None>
2017-05-24 18:06:30,549 download_items_from_redis.py[line:48] ERROR failed to download image(url: http://www.ceratizit.com/uploads/tx_extproduct/1005391203/MaxiMill_A273.jpg ), retry_num:1 reason:<urlopen error timed out>
2017-05-24 18:06:34,898 download_items_from_redis.py[line:92] INFO [ctz:items] Processing item: None <None>
2017-05-24 18:06:39,180 download_items_from_redis.py[line:92] INFO [ctz:items] Processing item: None <None>
2017-05-24 18:06:44,174 download_items_from_redis.py[line:92] INFO [ctz:items] Processing item: None <None>
2017-05-24 18:07:00,752 download_items_from_redis.py[line:92] INFO [ctz:items] Processing item: None <None>
2017-05-24 18:07:02,387 download_items_from_redis.py[line:92] INFO [ctz:items] Processing item: None <None>
2017-05-24 18:07:03,576 download_items_from_redis.py[line:92] INFO [ctz:items] Processing item: None <None>
2017-05-24 18:07:04,624 download_items_from_redis.py[line:92] INFO [ctz:items] Processing item: None <None>
2017-05-24 18:07:09,354 download_items_from_redis.py[line:92] INFO [ctz:items] Processing item: None <None>
2017-05-24 18:07:13,417 download_items_from_redis.py[line:92] INFO [ctz:items] Processing item: None <None>
2017-05-24 18:07:19,717 download_items_from_redis.py[line:92] INFO [ctz:items] Processing item: None <None>
2017-05-24 18:07:21,497 download_items_from_redis.py[line:92] INFO [ctz:items] Processing item: None <None>
2017-05-24 18:07:27,394 download_items_from_redis.py[line:92] INFO [ctz:items] Processing item: None <None>
2017-05-24 18:07:33,431 download_items_from_redis.py[line:92] INFO [ctz:items] Processing item: None <None>
2017-05-24 18:07:37,125 download_items_from_redis.py[line:92] INFO [ctz:items] Processing item: None <None>
2017-05-24 18:07:42,029 download_items_from_redis.py[line:92] INFO [ctz:items] Processing item: None <None>
2017-05-24 18:07:47,154 download_items_from_redis.py[line:92] INFO [ctz:items] Processing item: None <None>
2017-05-24 18:07:51,529 download_items_from_redis.py[line:92] INFO [ctz:items] Processing item: None <None>
2017-05-24 18:07:57,335 download_items_from_redis.py[line:92] INFO [ctz:items] Processing item: None <None>
2017-05-24 18:08:00,385 download_items_from_redis.py[line:92] INFO [ctz:items] Processing item: None <None>
2017-05-24 18:08:05,266 download_items_from_redis.py[line:92] INFO [ctz:items] Processing item: None <None>
2017-05-24 18:08:09,509 download_items_from_redis.py[line:92] INFO [ctz:items] Processing item: None <None>
2017-05-24 18:08:13,551 download_items_from_redis.py[line:92] INFO [ctz:items] Processing item: None <None>
2017-05-24 18:08:19,553 download_items_from_redis.py[line:92] INFO [ctz:items] Processing item: None <None>
2017-05-24 18:08:25,809 download_items_from_redis.py[line:92] INFO [ctz:items] Processing item: None <None>
2017-05-24 18:08:30,019 download_items_from_redis.py[line:92] INFO [ctz:items] Processing item: None <None>
2017-05-24 18:08:35,822 download_items_from_redis.py[line:92] INFO [ctz:items] Processing item: None <None>
2017-05-24 18:08:38,867 download_items_from_redis.py[line:92] INFO [ctz:items] Processing item: None <None>
2017-05-24 18:08:42,584 download_items_from_redis.py[line:92] INFO [ctz:items] Processing item: None <None>
2017-05-24 18:08:43,588 download_items_from_redis.py[line:48] ERROR failed to download image(url: http://www.ceratizit.com/uploads/tx_extproduct/1005394434/MaxiMill_A_HSC.jpg ), retry_num:1 reason:<urlopen error timed out>
2017-05-24 18:08:44,864 download_items_from_redis.py[line:48] ERROR failed to download image(url: http://www.ceratizit.com/uploads/tx_extproduct/1005394434/MaxiMill_A_HSC.jpg ), retry_num:2 reason:timed out
2017-05-24 18:08:47,299 download_items_from_redis.py[line:92] INFO [ctz:items] Processing item: None <None>
2017-05-24 18:08:52,365 download_items_from_redis.py[line:92] INFO [ctz:items] Processing item: None <None>
2017-05-24 18:08:58,013 download_items_from_redis.py[line:92] INFO [ctz:items] Processing item: None <None>
2017-05-24 18:09:04,365 download_items_from_redis.py[line:92] INFO [ctz:items] Processing item: None <None>
2017-05-24 18:09:05,378 download_items_from_redis.py[line:48] ERROR failed to download image(url: http://www.ceratizit.com/uploads/tx_extproduct/1005398337/MaxiMill_A490.jpg ), retry_num:1 reason:<urlopen error timed out>
2017-05-24 18:09:21,640 download_items_from_redis.py[line:92] INFO [ctz:items] Processing item: None <None>
2017-05-24 18:09:24,361 download_items_from_redis.py[line:92] INFO [ctz:items] Processing item: None <None>
2017-05-24 18:09:26,000 download_items_from_redis.py[line:92] INFO [ctz:items] Processing item: None <None>
2017-05-24 18:10:44,380 download_items_from_redis.py[line:92] INFO [ctz:items] Processing item: None <None>
2017-05-24 18:10:48,805 download_items_from_redis.py[line:92] INFO [ctz:items] Processing item: None <None>
2017-05-24 18:10:51,826 download_items_from_redis.py[line:92] INFO [ctz:items] Processing item: None <None>
2017-05-24 18:10:56,275 download_items_from_redis.py[line:92] INFO [ctz:items] Processing item: None <None>
2017-05-24 18:11:00,183 download_items_from_redis.py[line:92] INFO [ctz:items] Processing item: None <None>
2017-05-24 18:11:07,585 download_items_from_redis.py[line:92] INFO [ctz:items] Processing item: None <None>
2017-05-24 18:11:11,479 download_items_from_redis.py[line:92] INFO [ctz:items] Processing item: None <None>
2017-05-24 18:11:14,848 download_items_from_redis.py[line:92] INFO [ctz:items] Processing item: None <None>
2017-05-24 18:11:18,296 download_items_from_redis.py[line:92] INFO [ctz:items] Processing item: None <None>
2017-05-24 18:11:23,601 download_items_from_redis.py[line:92] INFO [ctz:items] Processing item: None <None>
2017-05-24 18:11:30,066 download_items_from_redis.py[line:92] INFO [ctz:items] Processing item: None <None>
2017-05-24 18:11:35,303 download_items_from_redis.py[line:92] INFO [ctz:items] Processing item: None <None>
2017-05-24 18:11:40,308 download_items_from_redis.py[line:92] INFO [ctz:items] Processing item: None <None>
2017-05-24 18:11:45,017 download_items_from_redis.py[line:92] INFO [ctz:items] Processing item: None <None>
2017-05-24 18:11:48,823 download_items_from_redis.py[line:92] INFO [ctz:items] Processing item: None <None>
2017-05-24 18:11:50,099 download_items_from_redis.py[line:48] ERROR failed to download image(url: http://www.ceratizit.com/uploads/tx_extproduct/1005389359/MaxiLock_S.jpg ), retry_num:1 reason:timed out
2017-05-24 18:11:54,005 download_items_from_redis.py[line:92] INFO [ctz:items] Processing item: None <None>
2017-05-24 18:11:57,321 download_items_from_redis.py[line:92] INFO [ctz:items] Processing item: None <None>
2017-05-24 18:12:02,954 download_items_from_redis.py[line:92] INFO [ctz:items] Processing item: None <None>
2017-05-24 18:12:08,865 download_items_from_redis.py[line:92] INFO [ctz:items] Processing item: None <None>
2017-05-24 18:12:09,871 download_items_from_redis.py[line:48] ERROR failed to download image(url: http://www.ceratizit.com/uploads/tx_extproduct/1005391629/Parting_System_GX.jpg ), retry_num:1 reason:<urlopen error timed out>
2017-05-24 18:13:30,105 download_items_from_redis.py[line:92] INFO [ctz:items] Processing item: None <None>
2017-05-24 18:13:35,502 download_items_from_redis.py[line:92] INFO [ctz:items] Processing item: None <None>
2017-05-24 18:16:19,703 download_items_from_redis.py[line:92] INFO [ctz:items] Processing item: None <None>
2017-05-24 18:16:24,404 download_items_from_redis.py[line:92] INFO [ctz:items] Processing item: None <None>
2017-05-24 18:16:34,775 download_items_from_redis.py[line:92] INFO [ctz:items] Processing item: None <None>
2017-05-24 18:16:37,697 download_items_from_redis.py[line:92] INFO [ctz:items] Processing item: None <None>
2017-05-24 18:16:39,328 download_items_from_redis.py[line:92] INFO [ctz:items] Processing item: None <None>
2017-05-24 18:16:42,253 download_items_from_redis.py[line:92] INFO [ctz:items] Processing item: None <None>
2017-05-24 18:16:43,796 download_items_from_redis.py[line:92] INFO [ctz:items] Processing item: None <None>
2017-05-24 18:16:44,811 download_items_from_redis.py[line:48] ERROR failed to download image(url: http://www.ceratizit.com/uploads/tx_extproduct/1005391201/MaxiMill_A271.jpg ), retry_num:1 reason:<urlopen error timed out>
2017-05-24 18:16:48,808 download_items_from_redis.py[line:92] INFO [ctz:items] Processing item: None <None>
2017-05-24 18:16:54,407 download_items_from_redis.py[line:92] INFO [ctz:items] Processing item: None <None>
2017-05-24 18:17:00,174 download_items_from_redis.py[line:92] INFO [ctz:items] Processing item: None <None>
2017-05-24 18:17:04,604 download_items_from_redis.py[line:92] INFO [ctz:items] Processing item: None <None>
2017-05-24 18:17:09,983 download_items_from_redis.py[line:92] INFO [ctz:items] Processing item: None <None>
2017-05-24 18:17:15,640 download_items_from_redis.py[line:92] INFO [ctz:items] Processing item: None <None>
2017-05-24 18:17:19,823 download_items_from_redis.py[line:92] INFO [ctz:items] Processing item: None <None>
2017-05-24 18:17:31,897 download_items_from_redis.py[line:92] INFO [ctz:items] Processing item: None <None>
2017-05-24 18:17:34,283 download_items_from_redis.py[line:48] ERROR failed to download image(url: http://www.ceratizit.com/uploads/tx_extproduct/1005394424/MaxiMill_AHPC-12.jpg ), retry_num:1 reason:timed out
2017-05-24 18:17:35,719 download_items_from_redis.py[line:92] INFO [ctz:items] Processing item: None <None>
2017-05-24 18:17:37,838 download_items_from_redis.py[line:92] INFO [ctz:items] Processing item: None <None>
2017-05-24 18:17:38,852 download_items_from_redis.py[line:48] ERROR failed to download image(url: http://www.ceratizit.com/uploads/tx_extproduct/1005394434/MaxiMill_A_HSC.jpg ), retry_num:1 reason:<urlopen error timed out>
2017-05-24 18:17:40,210 download_items_from_redis.py[line:92] INFO [ctz:items] Processing item: None <None>
2017-05-24 18:17:41,318 download_items_from_redis.py[line:92] INFO [ctz:items] Processing item: None <None>
2017-05-24 18:17:49,717 download_items_from_redis.py[line:92] INFO [ctz:items] Processing item: None <None>
2017-05-24 18:17:52,895 download_items_from_redis.py[line:92] INFO [ctz:items] Processing item: None <None>
2017-05-24 18:17:57,871 download_items_from_redis.py[line:92] INFO [ctz:items] Processing item: None <None>
2017-05-24 18:18:03,394 download_items_from_redis.py[line:92] INFO [ctz:items] Processing item: None <None>
2017-05-24 18:18:07,918 download_items_from_redis.py[line:92] INFO [ctz:items] Processing item: None <None>
2017-05-24 18:18:14,454 download_items_from_redis.py[line:92] INFO [ctz:items] Processing item: None <None>
2017-05-24 18:18:19,134 download_items_from_redis.py[line:92] INFO [ctz:items] Processing item: None <None>
2017-05-24 18:18:24,688 download_items_from_redis.py[line:92] INFO [ctz:items] Processing item: None <None>
2017-05-24 18:18:30,822 download_items_from_redis.py[line:92] INFO [ctz:items] Processing item: None <None>
2017-05-24 18:18:36,236 download_items_from_redis.py[line:92] INFO [ctz:items] Processing item: None <None>
2017-05-24 18:18:41,914 download_items_from_redis.py[line:92] INFO [ctz:items] Processing item: None <None>
2017-05-24 18:18:45,385 download_items_from_redis.py[line:92] INFO [ctz:items] Processing item: None <None>
2017-05-24 18:18:49,161 download_items_from_redis.py[line:92] INFO [ctz:items] Processing item: None <None>
2017-05-24 18:18:50,176 download_items_from_redis.py[line:48] ERROR failed to download image(url: http://www.ceratizit.com/uploads/tx_extproduct/1005391225/MaxiMill_A_HSC.jpg ), retry_num:1 reason:<urlopen error timed out>
2017-05-24 18:18:55,045 download_items_from_redis.py[line:92] INFO [ctz:items] Processing item: None <None>
2017-05-24 18:18:59,621 download_items_from_redis.py[line:92] INFO [ctz:items] Processing item: None <None>
2017-05-24 18:19:16,144 download_items_from_redis.py[line:92] INFO [ctz:items] Processing item: None <None>
2017-05-24 18:19:17,456 download_items_from_redis.py[line:92] INFO [ctz:items] Processing item: None <None>
2017-05-24 18:19:24,729 download_items_from_redis.py[line:92] INFO [ctz:items] Processing item: None <None>
2017-05-24 18:19:26,430 download_items_from_redis.py[line:92] INFO [ctz:items] Processing item: None <None>
2017-05-24 18:19:27,631 download_items_from_redis.py[line:92] INFO [ctz:items] Processing item: None <None>
2017-05-24 18:19:28,739 download_items_from_redis.py[line:92] INFO [ctz:items] Processing item: None <None>
2017-05-24 18:19:32,173 download_items_from_redis.py[line:92] INFO [ctz:items] Processing item: None <None>
2017-05-24 18:19:37,132 download_items_from_redis.py[line:92] INFO [ctz:items] Processing item: None <None>
2017-05-24 18:19:43,358 download_items_from_redis.py[line:92] INFO [ctz:items] Processing item: None <None>
2017-05-24 18:19:48,772 download_items_from_redis.py[line:92] INFO [ctz:items] Processing item: None <None>
2017-05-24 18:19:50,332 download_items_from_redis.py[line:48] ERROR failed to download image(url: http://www.ceratizit.com/uploads/tx_extproduct/1005391621/Profile_Master.jpg ), retry_num:1 reason:timed out
2017-05-24 18:19:53,467 download_items_from_redis.py[line:92] INFO [ctz:items] Processing item: None <None>
2017-05-24 18:19:58,118 download_items_from_redis.py[line:92] INFO [ctz:items] Processing item: None <None>
2017-05-24 18:20:01,911 download_items_from_redis.py[line:92] INFO [ctz:items] Processing item: None <None>
2017-05-24 18:20:10,290 download_items_from_redis.py[line:92] INFO [ctz:items] Processing item: None <None>
2017-05-24 18:20:11,382 download_items_from_redis.py[line:92] INFO [ctz:items] Processing item: None <None>
2017-05-24 18:20:16,559 download_items_from_redis.py[line:92] INFO [ctz:items] Processing item: None <None>
2017-05-24 18:20:22,476 download_items_from_redis.py[line:92] INFO [ctz:items] Processing item: None <None>
2017-05-24 18:20:28,124 download_items_from_redis.py[line:92] INFO [ctz:items] Processing item: None <None>
2017-05-24 18:21:55,467 download_items_from_redis.py[line:92] INFO [ctz:items] Processing item: None <None>
2017-05-24 18:22:00,092 download_items_from_redis.py[line:92] INFO [ctz:items] Processing item: None <None>
2017-05-24 18:22:04,983 download_items_from_redis.py[line:92] INFO [ctz:items] Processing item: None <None>
2017-05-24 18:22:11,055 download_items_from_redis.py[line:92] INFO [ctz:items] Processing item: None <None>
2017-05-24 18:22:25,598 download_items_from_redis.py[line:92] INFO [ctz:items] Processing item: None <None>
2017-05-24 18:22:26,904 download_items_from_redis.py[line:92] INFO [ctz:items] Processing item: None <None>
2017-05-24 18:22:28,283 download_items_from_redis.py[line:92] INFO [ctz:items] Processing item: None <None>
2017-05-24 18:22:30,276 download_items_from_redis.py[line:92] INFO [ctz:items] Processing item: None <None>
2017-05-24 18:23:48,437 download_items_from_redis.py[line:92] INFO [ctz:items] Processing item: None <None>
2017-05-24 18:23:54,463 download_items_from_redis.py[line:92] INFO [ctz:items] Processing item: None <None>
2017-05-24 18:23:58,676 download_items_from_redis.py[line:92] INFO [ctz:items] Processing item: None <None>
2017-05-24 18:24:02,204 download_items_from_redis.py[line:92] INFO [ctz:items] Processing item: None <None>
2017-05-24 18:24:07,227 download_items_from_redis.py[line:92] INFO [ctz:items] Processing item: None <None>
2017-05-24 18:24:12,548 download_items_from_redis.py[line:92] INFO [ctz:items] Processing item: None <None>
2017-05-24 18:24:18,336 download_items_from_redis.py[line:92] INFO [ctz:items] Processing item: None <None>
2017-05-24 18:24:23,361 download_items_from_redis.py[line:92] INFO [ctz:items] Processing item: None <None>
2017-05-24 18:24:29,335 download_items_from_redis.py[line:92] INFO [ctz:items] Processing item: None <None>
2017-05-24 18:24:33,734 download_items_from_redis.py[line:92] INFO [ctz:items] Processing item: None <None>
2017-05-24 18:24:39,164 download_items_from_redis.py[line:92] INFO [ctz:items] Processing item: None <None>
2017-05-24 18:24:44,671 download_items_from_redis.py[line:92] INFO [ctz:items] Processing item: None <None>
2017-05-24 18:26:08,628 download_items_from_redis.py[line:92] INFO [ctz:items] Processing item: None <None>
2017-05-24 18:26:12,201 download_items_from_redis.py[line:92] INFO [ctz:items] Processing item: None <None>
2017-05-24 18:26:17,927 download_items_from_redis.py[line:92] INFO [ctz:items] Processing item: None <None>
2017-05-24 18:26:23,263 download_items_from_redis.py[line:92] INFO [ctz:items] Processing item: None <None>
2017-05-24 18:26:30,720 download_items_from_redis.py[line:92] INFO [ctz:items] Processing item: None <None>
2017-05-24 18:26:31,812 download_items_from_redis.py[line:92] INFO [ctz:items] Processing item: None <None>
2017-05-24 18:26:36,851 download_items_from_redis.py[line:92] INFO [ctz:items] Processing item: None <None>
2017-05-24 18:26:41,767 download_items_from_redis.py[line:92] INFO [ctz:items] Processing item: None <None>
2017-05-24 18:26:47,979 download_items_from_redis.py[line:92] INFO [ctz:items] Processing item: None <None>
2017-05-24 18:26:49,260 download_items_from_redis.py[line:48] ERROR failed to download image(url: http://www.ceratizit.com/uploads/tx_extproduct/1005391148/Solid_Carbide_Drill_W0172.jpg ), retry_num:1 reason:timed out
2017-05-24 18:26:53,651 download_items_from_redis.py[line:92] INFO [ctz:items] Processing item: None <None>
2017-05-24 18:26:58,289 download_items_from_redis.py[line:92] INFO [ctz:items] Processing item: None <None>
2017-05-24 18:27:02,233 download_items_from_redis.py[line:92] INFO [ctz:items] Processing item: None <None>
2017-05-24 18:27:07,459 download_items_from_redis.py[line:92] INFO [ctz:items] Processing item: None <None>
2017-05-24 18:27:13,480 download_items_from_redis.py[line:92] INFO [ctz:items] Processing item: None <None>
2017-05-24 18:27:18,144 download_items_from_redis.py[line:92] INFO [ctz:items] Processing item: None <None>
2017-05-24 18:27:22,155 download_items_from_redis.py[line:92] INFO [ctz:items] Processing item: None <None>
2017-05-24 18:27:26,757 download_items_from_redis.py[line:92] INFO [ctz:items] Processing item: None <None>
2017-05-24 18:27:31,720 download_items_from_redis.py[line:92] INFO [ctz:items] Processing item: None <None>
2017-05-24 18:27:37,148 download_items_from_redis.py[line:92] INFO [ctz:items] Processing item: None <None>
2017-05-24 18:27:42,282 download_items_from_redis.py[line:92] INFO [ctz:items] Processing item: None <None>
2017-05-24 18:27:47,742 download_items_from_redis.py[line:92] INFO [ctz:items] Processing item: None <None>
