2017-06-02 15:11:37,822 download_items_from_redis.py[line:113] INFO [process id 0] start to download items in 'qg:items' (server: localhost, port: 6379)
2017-06-02 15:11:38,838 download_items_from_redis.py[line:93] INFO [qg:items] Processing item: ·吸顶式斜边净化灯 <http://www.qgjhdj.com/product.asp?id=1>
2017-06-02 15:11:38,841 download_items_from_redis.py[line:93] INFO [qg:items] Processing item: ·直螺筒灯 <http://www.qgjhdj.com/product.asp?id=29>
2017-06-02 15:11:38,842 download_items_from_redis.py[line:93] INFO [qg:items] Processing item: ·嵌入式金卤灯 <http://www.qgjhdj.com/product.asp?id=27>
2017-06-02 15:11:38,844 download_items_from_redis.py[line:93] INFO [qg:items] Processing item: ·明装式金卤灯 <http://www.qgjhdj.com/product.asp?id=28>
2017-06-02 15:11:38,845 download_items_from_redis.py[line:93] INFO [qg:items] Processing item: ·无极灯泛光灯具 <http://www.qgjhdj.com/product.asp?id=24>
2017-06-02 15:11:38,845 download_items_from_redis.py[line:93] INFO [qg:items] Processing item: ·无极灯道路灯具 <http://www.qgjhdj.com/product.asp?id=25>
2017-06-02 15:11:38,846 download_items_from_redis.py[line:93] INFO [qg:items] Processing item: ·无极灯隧道灯具 <http://www.qgjhdj.com/product.asp?id=26>
2017-06-02 15:11:38,848 download_items_from_redis.py[line:93] INFO [qg:items] Processing item: ·支架灯 <http://www.qgjhdj.com/product.asp?id=13>
2017-06-02 15:11:38,848 download_items_from_redis.py[line:93] INFO [qg:items] Processing item: ·格栅灯盘系列 <http://www.qgjhdj.com/product.asp?id=19>
2017-06-02 15:11:38,848 download_items_from_redis.py[line:93] INFO [qg:items] Processing item: ·棱晶罩支架灯 <http://www.qgjhdj.com/product.asp?id=14>
2017-06-02 15:11:38,849 download_items_from_redis.py[line:93] INFO [qg:items] Processing item: ·HR-SF 三防支架灯 <http://www.qgjhdj.com/product.asp?id=16>
2017-06-02 15:11:38,851 download_items_from_redis.py[line:93] INFO [qg:items] Processing item: ·带反光罩支架灯 <http://www.qgjhdj.com/product.asp?id=15>
2017-06-02 15:11:38,851 download_items_from_redis.py[line:93] INFO [qg:items] Processing item: ·吸顶式斜边净化灯 <http://www.qgjhdj.com/product.asp?id=1>
2017-06-02 15:11:38,852 download_items_from_redis.py[line:93] INFO [qg:items] Processing item: ·格栅灯盘系列 <http://www.qgjhdj.com/product.asp?id=18>
2017-06-02 15:11:38,854 download_items_from_redis.py[line:93] INFO [qg:items] Processing item: ·泪滴型净化灯 <http://www.qgjhdj.com/product.asp?id=9>
2017-06-02 15:11:38,855 download_items_from_redis.py[line:93] INFO [qg:items] Processing item: ·格栅灯盘系列 <http://www.qgjhdj.com/product.asp?id=20>
2017-06-02 15:11:38,855 download_items_from_redis.py[line:93] INFO [qg:items] Processing item: ·HR -TMX/TTX泪滴灯 <http://www.qgjhdj.com/product.asp?id=11>
2017-06-02 15:11:38,855 download_items_from_redis.py[line:93] INFO [qg:items] Processing item: ·格栅灯盘系列 <http://www.qgjhdj.com/product.asp?id=21>
2017-06-02 15:11:38,858 download_items_from_redis.py[line:93] INFO [qg:items] Processing item: ·嵌入式上开启净化灯 <http://www.qgjhdj.com/product.asp?id=5>
2017-06-02 15:11:38,858 download_items_from_redis.py[line:93] INFO [qg:items] Processing item: ·投光灯系列 <http://www.qgjhdj.com/product.asp?id=33>
2017-06-02 15:11:38,858 download_items_from_redis.py[line:93] INFO [qg:items] Processing item: ·铝合金框嵌入式灯带 <http://www.qgjhdj.com/product.asp?id=43>
2017-06-02 15:11:39,079 download_items_from_redis.py[line:93] INFO [qg:items] Processing item: ·LED洁净平板灯 <http://www.qgjhdj.com/product.asp?id=41>
2017-06-02 15:11:44,140 download_items_from_redis.py[line:93] INFO [qg:items] Processing item: ·防爆净化灯 <http://www.qgjhdj.com/product.asp?id=39>
2017-06-02 15:11:44,494 download_items_from_redis.py[line:93] INFO [qg:items] Processing item: ·横插筒灯 <http://www.qgjhdj.com/product.asp?id=30>
2017-06-02 15:11:49,825 download_items_from_redis.py[line:93] INFO [qg:items] Processing item: ·无极灯工矿灯具 <http://www.qgjhdj.com/product.asp?id=22>
2017-06-02 15:11:50,061 download_items_from_redis.py[line:93] INFO [qg:items] Processing item: ·工矿灯系列 <http://www.qgjhdj.com/product.asp?id=35>
2017-06-02 15:11:53,901 download_items_from_redis.py[line:93] INFO [qg:items] Processing item: ·无极灯投光灯具 <http://www.qgjhdj.com/product.asp?id=23>
2017-06-02 15:11:58,367 download_items_from_redis.py[line:93] INFO [qg:items] Processing item: ·一体化支架灯 <http://www.qgjhdj.com/product.asp?id=12>
2017-06-02 15:12:06,209 download_items_from_redis.py[line:93] INFO [qg:items] Processing item: ·格栅灯盘系列 <http://www.qgjhdj.com/product.asp?id=17>
2017-06-02 15:12:06,493 download_items_from_redis.py[line:93] INFO [qg:items] Processing item: ·投光灯系列 <http://www.qgjhdj.com/product.asp?id=32>
2017-06-02 15:12:12,480 download_items_from_redis.py[line:93] INFO [qg:items] Processing item: ·LED工矿灯 <http://www.qgjhdj.com/product.asp?id=44>
2017-06-02 15:12:16,766 download_items_from_redis.py[line:93] INFO [qg:items] Processing item: ·全塑防爆灯 <http://www.qgjhdj.com/product.asp?id=42>
2017-06-02 15:12:22,325 download_items_from_redis.py[line:93] INFO [qg:items] Processing item: ·工矿灯系列 <http://www.qgjhdj.com/product.asp?id=34>
2017-06-02 15:12:27,950 download_items_from_redis.py[line:93] INFO [qg:items] Processing item: ·道路灯系列 <http://www.qgjhdj.com/product.asp?id=36>
2017-06-02 15:12:33,852 download_items_from_redis.py[line:93] INFO [qg:items] Processing item: ·道路灯系列 <http://www.qgjhdj.com/product.asp?id=37>
