2017-06-02 15:07:57,665 download_items_from_redis.py[line:113] INFO [process id 0] start to download items in 'qg:items' (server: localhost, port: 6379)
2017-06-02 15:07:58,674 download_items_from_redis.py[line:93] INFO [qg:items] Processing item: ·无极灯投光灯具 <http://www.qgjhdj.com/product.asp?id=23>
2017-06-02 15:07:58,676 download_items_from_redis.py[line:93] INFO [qg:items] Processing item: ·无极灯泛光灯具 <http://www.qgjhdj.com/product.asp?id=24>
2017-06-02 15:07:58,677 download_items_from_redis.py[line:93] INFO [qg:items] Processing item: ·无极灯道路灯具 <http://www.qgjhdj.com/product.asp?id=25>
2017-06-02 15:07:58,680 download_items_from_redis.py[line:93] INFO [qg:items] Processing item: ·无极灯隧道灯具 <http://www.qgjhdj.com/product.asp?id=26>
2017-06-02 15:07:58,680 download_items_from_redis.py[line:93] INFO [qg:items] Processing item: ·一体化支架灯 <http://www.qgjhdj.com/product.asp?id=12>
2017-06-02 15:07:58,681 download_items_from_redis.py[line:93] INFO [qg:items] Processing item: ·格栅灯盘系列 <http://www.qgjhdj.com/product.asp?id=19>
2017-06-02 15:07:58,683 download_items_from_redis.py[line:93] INFO [qg:items] Processing item: ·棱晶罩支架灯 <http://www.qgjhdj.com/product.asp?id=14>
2017-06-02 15:08:00,417 download_items_from_redis.py[line:93] INFO [qg:items] Processing item: ·HR-SF 三防支架灯 <http://www.qgjhdj.com/product.asp?id=16>
2017-06-02 15:08:03,595 download_items_from_redis.py[line:93] INFO [qg:items] Processing item: ·带反光罩支架灯 <http://www.qgjhdj.com/product.asp?id=15>
2017-06-02 15:08:08,980 download_items_from_redis.py[line:93] INFO [qg:items] Processing item: ·格栅灯盘系列 <http://www.qgjhdj.com/product.asp?id=18>
2017-06-02 15:08:14,704 download_items_from_redis.py[line:93] INFO [qg:items] Processing item: ·格栅灯盘系列 <http://www.qgjhdj.com/product.asp?id=20>
2017-06-02 15:08:18,713 download_items_from_redis.py[line:93] INFO [qg:items] Processing item: ·格栅灯盘系列 <http://www.qgjhdj.com/product.asp?id=21>
2017-06-02 15:08:23,852 download_items_from_redis.py[line:93] INFO [qg:items] Processing item: ·吸顶式斜边净化灯 <http://www.qgjhdj.com/product.asp?id=1>
2017-06-02 15:08:24,299 download_items_from_redis.py[line:93] INFO [qg:items] Processing item: ·LED洁净平板灯 <http://www.qgjhdj.com/product.asp?id=41>
2017-06-02 15:08:27,769 download_items_from_redis.py[line:93] INFO [qg:items] Processing item: ·直螺筒灯 <http://www.qgjhdj.com/product.asp?id=29>
2017-06-02 15:08:28,427 download_items_from_redis.py[line:93] INFO [qg:items] Processing item: ·嵌入式上开启净化灯 <http://www.qgjhdj.com/product.asp?id=5>
2017-06-02 15:08:32,240 download_items_from_redis.py[line:93] INFO [qg:items] Processing item: ·嵌入式金卤灯 <http://www.qgjhdj.com/product.asp?id=27>
2017-06-02 15:08:33,796 download_items_from_redis.py[line:93] INFO [qg:items] Processing item: ·铝合金框嵌入式灯带 <http://www.qgjhdj.com/product.asp?id=43>
2017-06-02 15:08:37,316 download_items_from_redis.py[line:93] INFO [qg:items] Processing item: ·明装式金卤灯 <http://www.qgjhdj.com/product.asp?id=28>
