2017-05-31 12:59:11,043 download_items_from_redis.py[line:113] INFO [process id 0] start to download items in 'nsk:items' (server: localhost, port: 6379)
2017-05-31 12:59:12,085 download_items_from_redis.py[line:93] INFO [nsk:items] Processing item: 深沟球轴承 <http://www.cn.nsk.com/products/ballbearing/deepgroove/>
2017-05-31 12:59:12,088 download_items_from_redis.py[line:93] INFO [nsk:items] Processing item: 推力球轴承 <http://www.cn.nsk.com/products/ballbearing/thrust/>
2017-05-31 12:59:12,092 download_items_from_redis.py[line:93] INFO [nsk:items] Processing item: N系列薄壁轴承 <http://www.cn.nsk.com/products/ballbearing/nseries/>
2017-05-31 12:59:12,098 download_items_from_redis.py[line:93] INFO [nsk:items] Processing item: 调心球轴承 <http://www.cn.nsk.com/products/ballbearing/selfaligning/>
2017-05-31 12:59:12,101 download_items_from_redis.py[line:93] INFO [nsk:items] Processing item: 角接触球轴承 <http://www.cn.nsk.com/products/ballbearing/angularcontact/>
2017-05-31 12:59:12,107 download_items_from_redis.py[line:93] INFO [nsk:items] Processing item: 滚针轴承 <http://www.cn.nsk.com/products/rollerbearing/needle/>
2017-05-31 12:59:12,111 download_items_from_redis.py[line:93] INFO [nsk:items] Processing item: 推力滚子轴承 <http://www.cn.nsk.com/products/rollerbearing/thrust/>
2017-05-31 12:59:12,114 download_items_from_redis.py[line:93] INFO [nsk:items] Processing item: 圆锥滚子轴承 <http://www.cn.nsk.com/products/rollerbearing/tapered/>
2017-05-31 12:59:12,115 download_items_from_redis.py[line:93] INFO [nsk:items] Processing item: 调心滚子轴承 <http://www.cn.nsk.com/products/rollerbearing/spherical/>
2017-05-31 12:59:12,117 download_items_from_redis.py[line:93] INFO [nsk:items] Processing item: 圆柱滚子轴承 <http://www.cn.nsk.com/products/rollerbearing/cylindrical/>
2017-05-31 12:59:12,118 download_items_from_redis.py[line:93] INFO [nsk:items] Processing item: 带座外球面球轴承组件 <http://www.cn.nsk.com/products/bearingunit/ball/>
2017-05-31 12:59:12,121 download_items_from_redis.py[line:93] INFO [nsk:items] Processing item: 精密角接触球轴承 <http://www.cn.nsk.com/products/spb/angularcontact/>
2017-05-31 12:59:16,747 download_items_from_redis.py[line:93] INFO [nsk:items] Processing item: 立式带座调心轴承 <http://www.cn.nsk.com/products/bearingunit/plummer/>
2017-05-31 12:59:22,627 download_items_from_redis.py[line:93] INFO [nsk:items] Processing item: 机床旋转轴专用轴承 <http://www.cn.nsk.com/products/spb/swiveling/>
2017-05-31 12:59:28,471 download_items_from_redis.py[line:93] INFO [nsk:items] Processing item: 精密圆柱滚子轴承 <http://www.cn.nsk.com/products/spb/cylindrical/>
2017-05-31 12:59:33,059 download_items_from_redis.py[line:93] INFO [nsk:items] Processing item: 滚珠丝杆支承用轴承 <http://www.cn.nsk.com/products/spb/ballscrewsupport/>
2017-05-31 12:59:37,596 download_items_from_redis.py[line:93] INFO [nsk:items] Processing item: 洁净工况专用轴承 <http://www.cn.nsk.com/products/spacea/clean/>
2017-05-31 12:59:47,180 download_items_from_redis.py[line:93] INFO [nsk:items] Processing item: 耐腐蚀轴承 <http://www.cn.nsk.com/products/spacea/corrosive/>
2017-05-31 12:59:52,490 download_items_from_redis.py[line:93] INFO [nsk:items] Processing item: XY工作台 <http://www.cn.nsk.com/products/precisionmachine/xy/>
2017-05-31 12:59:57,790 download_items_from_redis.py[line:93] INFO [nsk:items] Processing item: 非磁性工况专用轴承 <http://www.cn.nsk.com/products/spacea/non-magnetic/>
2017-05-31 13:00:03,644 download_items_from_redis.py[line:93] INFO [nsk:items] Processing item: 自动变速箱 <http://www.cn.nsk.com/products/automotive/drive/auto/>
2017-05-31 13:00:09,448 download_items_from_redis.py[line:93] INFO [nsk:items] Processing item: 半环形无级变速器 POWERTOROS Unit <http://www.cn.nsk.com/products/automotive/drive/hcvt/>
2017-05-31 13:00:15,220 download_items_from_redis.py[line:93] INFO [nsk:items] Processing item: 手动变速箱 <http://www.cn.nsk.com/products/automotive/drive/manual/>
2017-05-31 13:00:20,743 download_items_from_redis.py[line:93] INFO [nsk:items] Processing item: 发动机相关零部件 <http://www.cn.nsk.com/products/automotive/power/engine/>
2017-05-31 13:00:26,444 download_items_from_redis.py[line:93] INFO [nsk:items] Processing item: 高温工况专用轴承 <http://www.cn.nsk.com/products/spacea/high-temperature/>
2017-05-31 13:00:30,049 download_items_from_redis.py[line:93] INFO [nsk:items] Processing item: 粉尘工况专用轴承 <http://www.cn.nsk.com/products/spacea/dust-contaminated/>
2017-05-31 13:00:34,431 download_items_from_redis.py[line:93] INFO [nsk:items] Processing item: 滚珠丝杠 <http://www.cn.nsk.com/products/precisionmachine/ballscrew/>
2017-05-31 13:00:38,868 download_items_from_redis.py[line:93] INFO [nsk:items] Processing item: 轮毂轴承单元  <http://www.cn.nsk.com/products/automotive/chassis/wheelhub/>
2017-05-31 13:00:43,088 download_items_from_redis.py[line:93] INFO [nsk:items] Processing item: 电子附件相关产品 <http://www.cn.nsk.com/products/automotive/power/electrical/>
2017-05-31 13:00:48,351 download_items_from_redis.py[line:93] INFO [nsk:items] Processing item: 摩托车与四轮轻便车 <http://www.cn.nsk.com/products/automotive/drive/motorcycles/>
2017-05-31 13:00:54,030 download_items_from_redis.py[line:93] INFO [nsk:items] Processing item: 矿山机械用轴承 <http://www.cn.nsk.com/products/miningconstruction/machinery/>
2017-05-31 13:00:58,213 download_items_from_redis.py[line:93] INFO [nsk:items] Processing item: 精密机械相关产品 <http://www.cn.nsk.com/products/precisionmachine/accessories/>
2017-05-31 13:01:03,391 download_items_from_redis.py[line:93] INFO [nsk:items] Processing item: NSK直线导轨 <http://www.cn.nsk.com/products/precisionmachine/linearguide/>
2017-05-31 13:01:08,993 download_items_from_redis.py[line:93] INFO [nsk:items] Processing item: 作业台 <http://www.cn.nsk.com/products/precisionmachine/monocarrier/>
2017-05-31 13:01:14,928 download_items_from_redis.py[line:93] INFO [nsk:items] Processing item: 建設機械用軸受 <http://www.cn.nsk.com/products/miningconstruction/construction/>
2017-05-31 13:01:20,539 download_items_from_redis.py[line:93] INFO [nsk:items] Processing item: 转向管柱・中间轴 <http://www.cn.nsk.com/products/automotive/chassis/steeringcolumns/>
2017-05-31 13:01:23,109 download_items_from_redis.py[line:93] INFO [nsk:items] Processing item: 电动助力转向装置 <http://www.cn.nsk.com/products/automotive/chassis/electricsteering/>
2017-05-31 13:01:28,875 download_items_from_redis.py[line:93] INFO [nsk:items] Processing item: 差速器半轴齿轮与传动轴（万向节轴） <http://www.cn.nsk.com/products/automotive/drive/differentialpropeller/>
