2017-06-12 10:15:26,940 download_items_from_redis.py[line:113] INFO [process id 0] start to download items in 'easun:items' (server: localhost, port: 6379)
2017-06-12 10:15:27,956 download_items_from_redis.py[line:93] INFO [easun:items] Processing item: 产品名称：ESC标准气缸 <http://www.china-easun.com/products_detail/productId=86.html>
2017-06-12 10:15:27,959 download_items_from_redis.py[line:93] INFO [easun:items] Processing item: 产品名称：ESCJ标准气缸（伸出可调型） <http://www.china-easun.com/products_detail/productId=88.html>
2017-06-12 10:15:31,559 download_items_from_redis.py[line:93] INFO [easun:items] Processing item: 产品名称：ESF标准气缸 <http://www.china-easun.com/products_detail/productId=98.html>
2017-06-12 10:15:37,239 download_items_from_redis.py[line:93] INFO [easun:items] Processing item: 产品名称：ESU米型气缸 <http://www.china-easun.com/products_detail/productId=94.html>
2017-06-12 10:15:42,934 download_items_from_redis.py[line:93] INFO [easun:items] Processing item: 产品名称：ESUY米型气缸 <http://www.china-easun.com/products_detail/productId=97.html>
2017-06-12 10:15:48,453 download_items_from_redis.py[line:93] INFO [easun:items] Processing item: 产品名称：ESCC标准气缸（串联型） <http://www.china-easun.com/products_detail/productId=90.html>
2017-06-12 10:15:51,812 download_items_from_redis.py[line:93] INFO [easun:items] Processing item: 产品名称：ESCE标准气缸（返回可调型） <http://www.china-easun.com/products_detail/productId=89.html>
2017-06-12 10:15:56,615 download_items_from_redis.py[line:93] INFO [easun:items] Processing item: 产品名称：ESCP标准气缸（多行程型） <http://www.china-easun.com/products_detail/productId=92.html>
2017-06-12 10:16:01,661 download_items_from_redis.py[line:93] INFO [easun:items] Processing item: 产品名称：ESCT标准气缸（双行程型） <http://www.china-easun.com/products_detail/productId=91.html>
2017-06-12 10:16:06,645 download_items_from_redis.py[line:93] INFO [easun:items] Processing item: 产品名称：ESUJ米型气缸（伸出可调型） <http://www.china-easun.com/products_detail/productId=96.html>
2017-06-12 10:16:12,884 download_items_from_redis.py[line:93] INFO [easun:items] Processing item: 产品名称：ESCV标准气缸（带阀气缸） <http://www.china-easun.com/products_detail/productId=93.html>
2017-06-12 10:16:14,792 download_items_from_redis.py[line:93] INFO [easun:items] Processing item: 产品名称：ESCD标准气缸（双伸杆型） <http://www.china-easun.com/products_detail/productId=87.html>
2017-06-12 10:16:17,788 download_items_from_redis.py[line:93] INFO [easun:items] Processing item: 产品名称：ESUD米型气缸（双伸杆型） <http://www.china-easun.com/products_detail/productId=95.html>
2017-06-12 10:16:23,710 download_items_from_redis.py[line:93] INFO [easun:items] Processing item: 产品名称：ESIISO标准气缸 <http://www.china-easun.com/products_detail/productId=101.html>
2017-06-12 10:16:29,792 download_items_from_redis.py[line:93] INFO [easun:items] Processing item: 产品名称：ESFJ标准气缸（伸出可调型） <http://www.china-easun.com/products_detail/productId=100.html>
2017-06-12 10:16:38,483 download_items_from_redis.py[line:93] INFO [easun:items] Processing item: 产品名称：ESFD标准气缸 <http://www.china-easun.com/products_detail/productId=99.html>
2017-06-12 10:17:56,141 download_items_from_redis.py[line:93] INFO [easun:items] Processing item: 产品名称：ESIYISO标准气缸 <http://www.china-easun.com/products_detail/productId=103.html>
2017-06-12 10:18:02,025 download_items_from_redis.py[line:93] INFO [easun:items] Processing item: 产品名称：气管剪 <http://www.china-easun.com/products_detail/productId=159.html>
2017-06-12 10:18:06,332 download_items_from_redis.py[line:93] INFO [easun:items] Processing item: 产品名称：E型消声器BSLE <http://www.china-easun.com/products_detail/productId=162.html>
2017-06-12 10:18:11,861 download_items_from_redis.py[line:93] INFO [easun:items] Processing item: 产品名称：EAG-A <http://www.china-easun.com/products_detail/productId=168.html>
2017-06-12 10:18:16,996 download_items_from_redis.py[line:93] INFO [easun:items] Processing item: 产品名称：内螺纹直通EPCF/APCF <http://www.china-easun.com/products_detail/productId=198.html>
2017-06-12 10:18:20,920 download_items_from_redis.py[line:93] INFO [easun:items] Processing item: 产品名称：T型分支螺纹三通EPD/APD/ZPD <http://www.china-easun.com/products_detail/productId=208.html>
2017-06-12 10:18:25,798 download_items_from_redis.py[line:93] INFO [easun:items] Processing item: 产品名称：Y型螺纹三通EPX/APX/ZPX <http://www.china-easun.com/products_detail/productId=212.html>
2017-06-12 10:18:31,243 download_items_from_redis.py[line:93] INFO [easun:items] Processing item: 产品名称：ESCJ标准气缸（伸出可调型） <http://www.china-easun.com/products_detail/productId=88.html>
2017-06-12 10:18:35,555 download_items_from_redis.py[line:93] INFO [easun:items] Processing item: 产品名称：ESF标准气缸 <http://www.china-easun.com/products_detail/productId=98.html>
2017-06-12 10:18:41,043 download_items_from_redis.py[line:93] INFO [easun:items] Processing item: 产品名称：SDB型附件 <http://www.china-easun.com/products_detail/productId=129.html>
2017-06-12 10:18:46,871 download_items_from_redis.py[line:93] INFO [easun:items] Processing item: 产品名称：磁性开关ES-07系列 <http://www.china-easun.com/products_detail/productId=175.html>
2017-06-12 10:18:52,096 download_items_from_redis.py[line:93] INFO [easun:items] Processing item: 产品名称：ESDAD薄型气缸（双伸杆型） <http://www.china-easun.com/products_detail/productId=117.html>
2017-06-12 10:18:57,467 download_items_from_redis.py[line:93] INFO [easun:items] Processing item: 产品名称：EMALD铝合金迷你气缸（双伸杆型） <http://www.china-easun.com/products_detail/productId=104.html>
