2017-05-24 15:46:28,987 download_items_from_redis.py[line:112] INFO [process id 0] start to download items in 'imc:items' (server: localhost, port: 6379)
2017-05-24 15:46:29,019 download_items_from_redis.py[line:92] INFO [imc:items] Processing item: None <None>
2017-05-24 15:46:31,078 download_items_from_redis.py[line:92] INFO [imc:items] Processing item: None <None>
2017-05-24 15:46:32,331 download_items_from_redis.py[line:48] ERROR failed to download image(url: http://www.imc-companies.com/taegutec/ttkCatalogFiles/datafile/PICTURE/192.gif ), retry_num:1 reason:timed out
2017-05-24 15:46:33,075 download_items_from_redis.py[line:92] INFO [imc:items] Processing item: None <None>
2017-05-24 15:46:33,826 download_items_from_redis.py[line:92] INFO [imc:items] Processing item: None <None>
2017-05-24 15:46:38,015 download_items_from_redis.py[line:92] INFO [imc:items] Processing item: None <None>
2017-05-24 15:46:39,500 download_items_from_redis.py[line:92] INFO [imc:items] Processing item: None <None>
2017-05-24 15:46:41,240 download_items_from_redis.py[line:92] INFO [imc:items] Processing item: None <None>
2017-05-24 15:46:41,990 download_items_from_redis.py[line:92] INFO [imc:items] Processing item: None <None>
2017-05-24 15:46:42,739 download_items_from_redis.py[line:92] INFO [imc:items] Processing item: None <None>
2017-05-24 15:46:45,102 download_items_from_redis.py[line:92] INFO [imc:items] Processing item: None <None>
2017-05-24 15:46:46,849 download_items_from_redis.py[line:92] INFO [imc:items] Processing item: None <None>
2017-05-24 15:46:49,408 download_items_from_redis.py[line:92] INFO [imc:items] Processing item: None <None>
2017-05-24 15:46:50,391 download_items_from_redis.py[line:92] INFO [imc:items] Processing item: None <None>
2017-05-24 15:46:54,328 download_items_from_redis.py[line:92] INFO [imc:items] Processing item: None <None>
2017-05-24 15:46:58,910 download_items_from_redis.py[line:92] INFO [imc:items] Processing item: None <None>
2017-05-24 15:47:03,694 download_items_from_redis.py[line:92] INFO [imc:items] Processing item: None <None>
2017-05-24 15:47:08,631 download_items_from_redis.py[line:92] INFO [imc:items] Processing item: None <None>
2017-05-24 15:47:13,374 download_items_from_redis.py[line:92] INFO [imc:items] Processing item: None <None>
2017-05-24 15:47:19,533 download_items_from_redis.py[line:92] INFO [imc:items] Processing item: None <None>
2017-05-24 15:47:24,490 download_items_from_redis.py[line:92] INFO [imc:items] Processing item: None <None>
2017-05-24 15:47:28,808 download_items_from_redis.py[line:92] INFO [imc:items] Processing item: None <None>
2017-05-24 15:47:32,002 download_items_from_redis.py[line:92] INFO [imc:items] Processing item: None <None>
2017-05-24 15:47:37,555 download_items_from_redis.py[line:92] INFO [imc:items] Processing item: None <None>
2017-05-24 15:47:41,286 download_items_from_redis.py[line:92] INFO [imc:items] Processing item: None <None>
2017-05-24 15:47:44,859 download_items_from_redis.py[line:92] INFO [imc:items] Processing item: None <None>
2017-05-24 15:47:50,242 download_items_from_redis.py[line:92] INFO [imc:items] Processing item: None <None>
2017-05-24 15:47:54,516 download_items_from_redis.py[line:92] INFO [imc:items] Processing item: None <None>
2017-05-24 15:47:59,723 download_items_from_redis.py[line:92] INFO [imc:items] Processing item: None <None>
2017-05-24 15:48:04,516 download_items_from_redis.py[line:92] INFO [imc:items] Processing item: None <None>
2017-05-24 15:48:09,476 download_items_from_redis.py[line:92] INFO [imc:items] Processing item: None <None>
2017-05-24 15:48:13,549 download_items_from_redis.py[line:92] INFO [imc:items] Processing item: None <None>
2017-05-24 15:48:18,563 download_items_from_redis.py[line:92] INFO [imc:items] Processing item: None <None>
2017-05-24 15:48:25,226 download_items_from_redis.py[line:92] INFO [imc:items] Processing item: None <None>
2017-05-24 15:48:26,131 download_items_from_redis.py[line:92] INFO [imc:items] Processing item: None <None>
2017-05-24 15:48:28,943 download_items_from_redis.py[line:92] INFO [imc:items] Processing item: None <None>
2017-05-24 15:48:34,696 download_items_from_redis.py[line:92] INFO [imc:items] Processing item: None <None>
2017-05-24 15:48:36,436 download_items_from_redis.py[line:48] ERROR failed to download image(url: http://www.imc-companies.com/taegutec/ttkCatalogFiles/datafile/PICTURE/76.gif ), retry_num:1 reason:timed out
2017-05-24 15:48:37,440 download_items_from_redis.py[line:48] ERROR failed to download image(url: http://www.imc-companies.com/taegutec/ttkCatalogFiles/datafile/PICTURE/76.gif ), retry_num:2 reason:<urlopen error timed out>
2017-05-24 15:48:41,088 download_items_from_redis.py[line:92] INFO [imc:items] Processing item: None <None>
2017-05-24 15:48:45,362 download_items_from_redis.py[line:92] INFO [imc:items] Processing item: None <None>
2017-05-24 15:48:51,846 download_items_from_redis.py[line:92] INFO [imc:items] Processing item: None <None>
2017-05-24 15:48:54,558 download_items_from_redis.py[line:92] INFO [imc:items] Processing item: None <None>
2017-05-24 15:49:00,984 download_items_from_redis.py[line:92] INFO [imc:items] Processing item: None <None>
2017-05-24 15:49:03,526 download_items_from_redis.py[line:92] INFO [imc:items] Processing item: None <None>
2017-05-24 15:49:09,321 download_items_from_redis.py[line:92] INFO [imc:items] Processing item: None <None>
2017-05-24 15:49:12,361 download_items_from_redis.py[line:92] INFO [imc:items] Processing item: None <None>
2017-05-24 15:49:16,997 download_items_from_redis.py[line:92] INFO [imc:items] Processing item: None <None>
2017-05-24 15:49:22,569 download_items_from_redis.py[line:92] INFO [imc:items] Processing item: None <None>
2017-05-24 15:49:27,305 download_items_from_redis.py[line:92] INFO [imc:items] Processing item: None <None>
2017-05-24 15:49:33,177 download_items_from_redis.py[line:92] INFO [imc:items] Processing item: None <None>
2017-05-24 15:49:39,783 download_items_from_redis.py[line:92] INFO [imc:items] Processing item: None <None>
2017-05-24 15:49:43,262 download_items_from_redis.py[line:92] INFO [imc:items] Processing item: None <None>
2017-05-24 15:49:48,434 download_items_from_redis.py[line:92] INFO [imc:items] Processing item: None <None>
2017-05-24 15:49:54,164 download_items_from_redis.py[line:92] INFO [imc:items] Processing item: None <None>
2017-05-24 15:49:58,848 download_items_from_redis.py[line:92] INFO [imc:items] Processing item: None <None>
2017-05-24 15:50:02,872 download_items_from_redis.py[line:92] INFO [imc:items] Processing item: None <None>
2017-05-24 15:50:08,711 download_items_from_redis.py[line:92] INFO [imc:items] Processing item: None <None>
2017-05-24 15:50:13,957 download_items_from_redis.py[line:92] INFO [imc:items] Processing item: None <None>
2017-05-24 15:50:17,140 download_items_from_redis.py[line:92] INFO [imc:items] Processing item: None <None>
2017-05-24 15:50:23,119 download_items_from_redis.py[line:92] INFO [imc:items] Processing item: None <None>
2017-05-24 15:50:27,818 download_items_from_redis.py[line:92] INFO [imc:items] Processing item: None <None>
2017-05-24 15:50:33,210 download_items_from_redis.py[line:92] INFO [imc:items] Processing item: None <None>
2017-05-24 15:50:37,394 download_items_from_redis.py[line:92] INFO [imc:items] Processing item: None <None>
2017-05-24 15:50:41,394 download_items_from_redis.py[line:92] INFO [imc:items] Processing item: None <None>
2017-05-24 15:50:45,614 download_items_from_redis.py[line:92] INFO [imc:items] Processing item: None <None>
2017-05-24 15:50:51,384 download_items_from_redis.py[line:92] INFO [imc:items] Processing item: None <None>
2017-05-24 15:50:54,588 download_items_from_redis.py[line:92] INFO [imc:items] Processing item: None <None>
2017-05-24 15:51:00,494 download_items_from_redis.py[line:92] INFO [imc:items] Processing item: None <None>
2017-05-24 15:51:06,497 download_items_from_redis.py[line:92] INFO [imc:items] Processing item: None <None>
2017-05-24 15:51:11,375 download_items_from_redis.py[line:92] INFO [imc:items] Processing item: None <None>
2017-05-24 15:51:16,887 download_items_from_redis.py[line:92] INFO [imc:items] Processing item: None <None>
2017-05-24 15:51:20,257 download_items_from_redis.py[line:92] INFO [imc:items] Processing item: None <None>
2017-05-24 15:51:26,596 download_items_from_redis.py[line:92] INFO [imc:items] Processing item: None <None>
2017-05-24 15:51:31,963 download_items_from_redis.py[line:92] INFO [imc:items] Processing item: None <None>
2017-05-24 15:51:35,178 download_items_from_redis.py[line:92] INFO [imc:items] Processing item: None <None>
2017-05-24 15:51:40,983 download_items_from_redis.py[line:92] INFO [imc:items] Processing item: None <None>
2017-05-24 15:51:46,631 download_items_from_redis.py[line:92] INFO [imc:items] Processing item: None <None>
2017-05-24 15:51:52,566 download_items_from_redis.py[line:92] INFO [imc:items] Processing item: None <None>
2017-05-24 15:51:57,687 download_items_from_redis.py[line:92] INFO [imc:items] Processing item: None <None>
2017-05-24 15:52:03,546 download_items_from_redis.py[line:92] INFO [imc:items] Processing item: None <None>
2017-05-24 15:52:09,746 download_items_from_redis.py[line:92] INFO [imc:items] Processing item: None <None>
2017-05-24 15:52:14,260 download_items_from_redis.py[line:92] INFO [imc:items] Processing item: None <None>
2017-05-24 15:52:20,424 download_items_from_redis.py[line:92] INFO [imc:items] Processing item: None <None>
2017-05-24 15:52:21,424 download_items_from_redis.py[line:48] ERROR failed to download image(url: http://www.imc-companies.com/taegutec/ttkCatalogFiles/datafile/PICTURE/1784.gif ), retry_num:1 reason:<urlopen error timed out>
2017-05-24 15:52:24,381 download_items_from_redis.py[line:92] INFO [imc:items] Processing item: None <None>
2017-05-24 15:52:27,838 download_items_from_redis.py[line:92] INFO [imc:items] Processing item: None <None>
2017-05-24 15:52:30,331 download_items_from_redis.py[line:92] INFO [imc:items] Processing item: None <None>
2017-05-24 15:52:36,082 download_items_from_redis.py[line:92] INFO [imc:items] Processing item: None <None>
2017-05-24 15:52:39,102 download_items_from_redis.py[line:92] INFO [imc:items] Processing item: None <None>
2017-05-24 15:52:44,559 download_items_from_redis.py[line:92] INFO [imc:items] Processing item: None <None>
2017-05-24 15:52:51,318 download_items_from_redis.py[line:92] INFO [imc:items] Processing item: None <None>
2017-05-24 15:52:59,142 download_items_from_redis.py[line:92] INFO [imc:items] Processing item: None <None>
2017-05-24 15:53:01,555 download_items_from_redis.py[line:92] INFO [imc:items] Processing item: None <None>
2017-05-24 15:53:07,443 download_items_from_redis.py[line:92] INFO [imc:items] Processing item: None <None>
2017-05-24 15:53:09,996 download_items_from_redis.py[line:92] INFO [imc:items] Processing item: None <None>
2017-05-24 15:53:15,095 download_items_from_redis.py[line:92] INFO [imc:items] Processing item: None <None>
2017-05-24 15:53:20,290 download_items_from_redis.py[line:92] INFO [imc:items] Processing item: None <None>
2017-05-24 15:53:23,509 download_items_from_redis.py[line:92] INFO [imc:items] Processing item: None <None>
2017-05-24 15:53:29,364 download_items_from_redis.py[line:92] INFO [imc:items] Processing item: None <None>
2017-05-24 15:53:33,747 download_items_from_redis.py[line:92] INFO [imc:items] Processing item: None <None>
2017-05-24 15:53:36,683 download_items_from_redis.py[line:48] ERROR failed to download image(url: http://www.imc-companies.com/taegutec/ttkCatalogFiles/datafile/PICTURE/558.gif ), retry_num:1 reason:timed out
2017-05-24 15:53:40,367 download_items_from_redis.py[line:92] INFO [imc:items] Processing item: None <None>
2017-05-24 15:53:42,117 download_items_from_redis.py[line:48] ERROR failed to download image(url: http://www.imc-companies.com/taegutec/ttkCatalogFiles/datafile/PICTURE/560.gif ), retry_num:1 reason:timed out
2017-05-24 15:53:43,118 download_items_from_redis.py[line:48] ERROR failed to download image(url: http://www.imc-companies.com/taegutec/ttkCatalogFiles/datafile/PICTURE/560.gif ), retry_num:2 reason:<urlopen error timed out>
2017-05-24 15:53:44,118 download_items_from_redis.py[line:48] ERROR failed to download image(url: http://www.imc-companies.com/taegutec/ttkCatalogFiles/datafile/PICTURE/560.gif ), retry_num:3 reason:<urlopen error timed out>
2017-05-24 15:53:44,312 download_items_from_redis.py[line:92] INFO [imc:items] Processing item: None <None>
2017-05-24 15:53:48,709 download_items_from_redis.py[line:92] INFO [imc:items] Processing item: None <None>
2017-05-24 15:53:54,066 download_items_from_redis.py[line:92] INFO [imc:items] Processing item: None <None>
2017-05-24 15:53:59,845 download_items_from_redis.py[line:92] INFO [imc:items] Processing item: None <None>
2017-05-24 15:54:05,082 download_items_from_redis.py[line:92] INFO [imc:items] Processing item: None <None>
2017-05-24 15:54:09,920 download_items_from_redis.py[line:92] INFO [imc:items] Processing item: None <None>
2017-05-24 15:54:12,762 download_items_from_redis.py[line:92] INFO [imc:items] Processing item: None <None>
2017-05-24 15:54:17,344 download_items_from_redis.py[line:92] INFO [imc:items] Processing item: None <None>
2017-05-24 15:54:25,305 download_items_from_redis.py[line:92] INFO [imc:items] Processing item: None <None>
2017-05-24 15:54:28,691 download_items_from_redis.py[line:92] INFO [imc:items] Processing item: None <None>
2017-05-24 15:54:35,135 download_items_from_redis.py[line:92] INFO [imc:items] Processing item: None <None>
2017-05-24 15:54:37,938 download_items_from_redis.py[line:92] INFO [imc:items] Processing item: None <None>
2017-05-24 15:54:40,864 download_items_from_redis.py[line:92] INFO [imc:items] Processing item: None <None>
2017-05-24 15:54:46,368 download_items_from_redis.py[line:92] INFO [imc:items] Processing item: None <None>
2017-05-24 15:54:52,678 download_items_from_redis.py[line:92] INFO [imc:items] Processing item: None <None>
2017-05-24 15:54:55,503 download_items_from_redis.py[line:92] INFO [imc:items] Processing item: None <None>
2017-05-24 15:55:01,328 download_items_from_redis.py[line:92] INFO [imc:items] Processing item: None <None>
2017-05-24 15:55:07,737 download_items_from_redis.py[line:92] INFO [imc:items] Processing item: None <None>
2017-05-24 15:55:13,260 download_items_from_redis.py[line:92] INFO [imc:items] Processing item: None <None>
2017-05-24 15:55:18,431 download_items_from_redis.py[line:92] INFO [imc:items] Processing item: None <None>
2017-05-24 15:55:21,964 download_items_from_redis.py[line:92] INFO [imc:items] Processing item: None <None>
2017-05-24 15:55:27,348 download_items_from_redis.py[line:92] INFO [imc:items] Processing item: None <None>
2017-05-24 15:55:31,414 download_items_from_redis.py[line:92] INFO [imc:items] Processing item: None <None>
2017-05-24 15:55:36,581 download_items_from_redis.py[line:92] INFO [imc:items] Processing item: None <None>
2017-05-24 15:55:42,523 download_items_from_redis.py[line:92] INFO [imc:items] Processing item: None <None>
2017-05-24 15:55:47,770 download_items_from_redis.py[line:92] INFO [imc:items] Processing item: None <None>
2017-05-24 15:55:52,433 download_items_from_redis.py[line:92] INFO [imc:items] Processing item: None <None>
2017-05-24 15:55:55,730 download_items_from_redis.py[line:92] INFO [imc:items] Processing item: None <None>
2017-05-24 15:55:59,530 download_items_from_redis.py[line:92] INFO [imc:items] Processing item: None <None>
2017-05-24 15:56:04,076 download_items_from_redis.py[line:92] INFO [imc:items] Processing item: None <None>
2017-05-24 15:56:09,321 download_items_from_redis.py[line:92] INFO [imc:items] Processing item: None <None>
2017-05-24 15:56:12,927 download_items_from_redis.py[line:92] INFO [imc:items] Processing item: None <None>
2017-05-24 15:56:18,372 download_items_from_redis.py[line:92] INFO [imc:items] Processing item: None <None>
2017-05-24 15:56:21,523 download_items_from_redis.py[line:92] INFO [imc:items] Processing item: None <None>
2017-05-24 15:56:26,016 download_items_from_redis.py[line:92] INFO [imc:items] Processing item: None <None>
2017-05-24 15:56:31,055 download_items_from_redis.py[line:92] INFO [imc:items] Processing item: None <None>
2017-05-24 15:56:36,440 download_items_from_redis.py[line:92] INFO [imc:items] Processing item: None <None>
2017-05-24 15:56:42,296 download_items_from_redis.py[line:92] INFO [imc:items] Processing item: None <None>
2017-05-24 15:56:47,000 download_items_from_redis.py[line:92] INFO [imc:items] Processing item: None <None>
2017-05-24 15:56:50,121 download_items_from_redis.py[line:92] INFO [imc:items] Processing item: None <None>
2017-05-24 15:56:56,095 download_items_from_redis.py[line:92] INFO [imc:items] Processing item: None <None>
2017-05-24 15:56:58,276 download_items_from_redis.py[line:92] INFO [imc:items] Processing item: None <None>
2017-05-24 15:57:04,065 download_items_from_redis.py[line:92] INFO [imc:items] Processing item: None <None>
2017-05-24 15:57:08,388 download_items_from_redis.py[line:92] INFO [imc:items] Processing item: None <None>
2017-05-24 15:57:18,825 download_items_from_redis.py[line:92] INFO [imc:items] Processing item: None <None>
2017-05-24 15:57:20,792 download_items_from_redis.py[line:92] INFO [imc:items] Processing item: None <None>
2017-05-24 15:57:25,644 download_items_from_redis.py[line:92] INFO [imc:items] Processing item: None <None>
2017-05-24 15:57:31,697 download_items_from_redis.py[line:92] INFO [imc:items] Processing item: None <None>
2017-05-24 15:57:37,407 download_items_from_redis.py[line:92] INFO [imc:items] Processing item: None <None>
2017-05-24 15:57:46,142 download_items_from_redis.py[line:92] INFO [imc:items] Processing item: None <None>
2017-05-24 15:57:48,858 download_items_from_redis.py[line:92] INFO [imc:items] Processing item: None <None>
2017-05-24 15:57:52,977 download_items_from_redis.py[line:92] INFO [imc:items] Processing item: None <None>
2017-05-24 15:57:58,078 download_items_from_redis.py[line:92] INFO [imc:items] Processing item: None <None>
2017-05-24 15:58:03,963 download_items_from_redis.py[line:92] INFO [imc:items] Processing item: None <None>
2017-05-24 15:58:08,707 download_items_from_redis.py[line:92] INFO [imc:items] Processing item: None <None>
2017-05-24 15:58:13,934 download_items_from_redis.py[line:92] INFO [imc:items] Processing item: None <None>
2017-05-24 15:58:18,848 download_items_from_redis.py[line:92] INFO [imc:items] Processing item: None <None>
2017-05-24 15:58:24,885 download_items_from_redis.py[line:92] INFO [imc:items] Processing item: None <None>
2017-05-24 15:58:29,487 download_items_from_redis.py[line:92] INFO [imc:items] Processing item: None <None>
2017-05-24 15:58:35,213 download_items_from_redis.py[line:92] INFO [imc:items] Processing item: None <None>
2017-05-24 15:58:40,720 download_items_from_redis.py[line:92] INFO [imc:items] Processing item: None <None>
2017-05-24 15:58:44,841 download_items_from_redis.py[line:92] INFO [imc:items] Processing item: None <None>
2017-05-24 15:58:52,530 download_items_from_redis.py[line:92] INFO [imc:items] Processing item: None <None>
2017-05-24 15:58:55,884 download_items_from_redis.py[line:92] INFO [imc:items] Processing item: None <None>
2017-05-24 15:59:00,785 download_items_from_redis.py[line:92] INFO [imc:items] Processing item: None <None>
2017-05-24 15:59:04,749 download_items_from_redis.py[line:92] INFO [imc:items] Processing item: None <None>
2017-05-24 15:59:08,321 download_items_from_redis.py[line:92] INFO [imc:items] Processing item: None <None>
2017-05-24 15:59:13,782 download_items_from_redis.py[line:92] INFO [imc:items] Processing item: None <None>
2017-05-24 15:59:15,546 download_items_from_redis.py[line:48] ERROR failed to download image(url: http://www.imc-companies.com/taegutec/ttkCatalogFiles/datafile/PICTURE/1731.gif ), retry_num:1 reason:timed out
2017-05-24 15:59:17,776 download_items_from_redis.py[line:92] INFO [imc:items] Processing item: None <None>
2017-05-24 15:59:21,894 download_items_from_redis.py[line:92] INFO [imc:items] Processing item: None <None>
2017-05-24 15:59:26,716 download_items_from_redis.py[line:92] INFO [imc:items] Processing item: None <None>
2017-05-24 15:59:31,691 download_items_from_redis.py[line:92] INFO [imc:items] Processing item: None <None>
2017-05-24 15:59:36,638 download_items_from_redis.py[line:92] INFO [imc:items] Processing item: None <None>
2017-05-24 15:59:40,710 download_items_from_redis.py[line:92] INFO [imc:items] Processing item: None <None>
2017-05-24 15:59:46,078 download_items_from_redis.py[line:92] INFO [imc:items] Processing item: None <None>
2017-05-24 15:59:50,750 download_items_from_redis.py[line:92] INFO [imc:items] Processing item: None <None>
2017-05-24 15:59:56,573 download_items_from_redis.py[line:92] INFO [imc:items] Processing item: None <None>
2017-05-24 16:00:01,907 download_items_from_redis.py[line:92] INFO [imc:items] Processing item: None <None>
2017-05-24 16:00:05,201 download_items_from_redis.py[line:92] INFO [imc:items] Processing item: None <None>
2017-05-24 16:00:08,400 download_items_from_redis.py[line:92] INFO [imc:items] Processing item: None <None>
2017-05-24 16:00:12,144 download_items_from_redis.py[line:92] INFO [imc:items] Processing item: None <None>
2017-05-24 16:00:17,934 download_items_from_redis.py[line:92] INFO [imc:items] Processing item: None <None>
2017-05-24 16:00:23,690 download_items_from_redis.py[line:92] INFO [imc:items] Processing item: None <None>
2017-05-24 16:00:28,980 download_items_from_redis.py[line:92] INFO [imc:items] Processing item: None <None>
2017-05-24 16:00:34,704 download_items_from_redis.py[line:92] INFO [imc:items] Processing item: None <None>
2017-05-24 16:00:40,492 download_items_from_redis.py[line:92] INFO [imc:items] Processing item: None <None>
2017-05-24 16:00:46,092 download_items_from_redis.py[line:92] INFO [imc:items] Processing item: None <None>
2017-05-24 16:00:50,628 download_items_from_redis.py[line:92] INFO [imc:items] Processing item: None <None>
2017-05-24 16:00:54,007 download_items_from_redis.py[line:92] INFO [imc:items] Processing item: None <None>
2017-05-24 16:00:59,177 download_items_from_redis.py[line:92] INFO [imc:items] Processing item: None <None>
2017-05-24 16:01:01,713 download_items_from_redis.py[line:48] ERROR failed to download image(url: http://www.imc-companies.com/taegutec/ttkCatalogFiles/datafile/PICTURE/1862.gif ), retry_num:1 reason:timed out
2017-05-24 16:01:05,032 download_items_from_redis.py[line:92] INFO [imc:items] Processing item: None <None>
2017-05-24 16:01:09,628 download_items_from_redis.py[line:92] INFO [imc:items] Processing item: None <None>
2017-05-24 16:01:12,348 download_items_from_redis.py[line:48] ERROR failed to download image(url: http://www.imc-companies.com/taegutec/ttkCatalogFiles/datafile/PICTURE/1865.gif ), retry_num:1 reason:timed out
2017-05-24 16:01:15,292 download_items_from_redis.py[line:92] INFO [imc:items] Processing item: None <None>
2017-05-24 16:01:18,780 download_items_from_redis.py[line:92] INFO [imc:items] Processing item: None <None>
2017-05-24 16:01:19,782 download_items_from_redis.py[line:48] ERROR failed to download image(url: http://www.imc-companies.com/taegutec/ttkCatalogFiles/datafile/PICTURE/1867.gif ), retry_num:1 reason:<urlopen error timed out>
2017-05-24 16:01:20,783 download_items_from_redis.py[line:48] ERROR failed to download image(url: http://www.imc-companies.com/taegutec/ttkCatalogFiles/datafile/PICTURE/1867.gif ), retry_num:2 reason:<urlopen error timed out>
2017-05-24 16:01:24,683 download_items_from_redis.py[line:92] INFO [imc:items] Processing item: None <None>
2017-05-24 16:01:29,033 download_items_from_redis.py[line:92] INFO [imc:items] Processing item: None <None>
2017-05-24 16:01:33,569 download_items_from_redis.py[line:92] INFO [imc:items] Processing item: None <None>
2017-05-24 16:01:36,049 download_items_from_redis.py[line:48] ERROR failed to download image(url: http://www.imc-companies.com/taegutec/ttkCatalogFiles/datafile/PICTURE/1870.gif ), retry_num:1 reason:timed out
2017-05-24 16:01:38,430 download_items_from_redis.py[line:92] INFO [imc:items] Processing item: None <None>
2017-05-24 16:01:44,045 download_items_from_redis.py[line:92] INFO [imc:items] Processing item: None <None>
2017-05-24 16:01:49,963 download_items_from_redis.py[line:92] INFO [imc:items] Processing item: None <None>
2017-05-24 16:01:54,290 download_items_from_redis.py[line:92] INFO [imc:items] Processing item: None <None>
2017-05-24 16:01:58,801 download_items_from_redis.py[line:92] INFO [imc:items] Processing item: None <None>
2017-05-24 16:01:59,806 download_items_from_redis.py[line:48] ERROR failed to download image(url: http://www.imc-companies.com/taegutec/ttkCatalogFiles/datafile/PICTURE/1884.gif ), retry_num:1 reason:<urlopen error timed out>
2017-05-24 16:02:02,285 download_items_from_redis.py[line:48] ERROR failed to download image(url: http://www.imc-companies.com/taegutec/ttkCatalogFiles/datafile/PICTURE/1884.gif ), retry_num:2 reason:timed out
2017-05-24 16:02:05,315 download_items_from_redis.py[line:92] INFO [imc:items] Processing item: None <None>
2017-05-24 16:02:08,068 download_items_from_redis.py[line:92] INFO [imc:items] Processing item: None <None>
2017-05-24 16:02:13,990 download_items_from_redis.py[line:92] INFO [imc:items] Processing item: None <None>
2017-05-24 16:02:18,713 download_items_from_redis.py[line:92] INFO [imc:items] Processing item: None <None>
2017-05-24 16:02:23,417 download_items_from_redis.py[line:92] INFO [imc:items] Processing item: None <None>
2017-05-24 16:02:27,740 download_items_from_redis.py[line:92] INFO [imc:items] Processing item: None <None>
2017-05-24 16:02:31,219 download_items_from_redis.py[line:92] INFO [imc:items] Processing item: None <None>
2017-05-24 16:02:36,585 download_items_from_redis.py[line:92] INFO [imc:items] Processing item: None <None>
2017-05-24 16:02:39,970 download_items_from_redis.py[line:92] INFO [imc:items] Processing item: None <None>
2017-05-24 16:02:44,431 download_items_from_redis.py[line:92] INFO [imc:items] Processing item: None <None>
2017-05-24 16:02:49,454 download_items_from_redis.py[line:92] INFO [imc:items] Processing item: None <None>
2017-05-24 16:02:54,961 download_items_from_redis.py[line:92] INFO [imc:items] Processing item: None <None>
2017-05-24 16:02:59,362 download_items_from_redis.py[line:92] INFO [imc:items] Processing item: None <None>
2017-05-24 16:03:04,730 download_items_from_redis.py[line:92] INFO [imc:items] Processing item: None <None>
2017-05-24 16:03:09,644 download_items_from_redis.py[line:92] INFO [imc:items] Processing item: None <None>
2017-05-24 16:03:15,352 download_items_from_redis.py[line:92] INFO [imc:items] Processing item: None <None>
2017-05-24 16:03:19,799 download_items_from_redis.py[line:92] INFO [imc:items] Processing item: None <None>
2017-05-24 16:03:25,174 download_items_from_redis.py[line:92] INFO [imc:items] Processing item: None <None>
2017-05-24 16:03:28,516 download_items_from_redis.py[line:92] INFO [imc:items] Processing item: None <None>
2017-05-24 16:03:31,819 download_items_from_redis.py[line:92] INFO [imc:items] Processing item: None <None>
2017-05-24 16:03:36,414 download_items_from_redis.py[line:92] INFO [imc:items] Processing item: None <None>
2017-05-24 16:03:42,109 download_items_from_redis.py[line:92] INFO [imc:items] Processing item: None <None>
2017-05-24 16:03:46,025 download_items_from_redis.py[line:92] INFO [imc:items] Processing item: None <None>
2017-05-24 16:03:51,796 download_items_from_redis.py[line:92] INFO [imc:items] Processing item: None <None>
2017-05-24 16:03:54,864 download_items_from_redis.py[line:92] INFO [imc:items] Processing item: None <None>
2017-05-24 16:04:00,677 download_items_from_redis.py[line:92] INFO [imc:items] Processing item: None <None>
2017-05-24 16:04:04,101 download_items_from_redis.py[line:92] INFO [imc:items] Processing item: None <None>
2017-05-24 16:04:08,233 download_items_from_redis.py[line:92] INFO [imc:items] Processing item: None <None>
2017-05-24 16:04:11,714 download_items_from_redis.py[line:92] INFO [imc:items] Processing item: None <None>
2017-05-24 16:04:16,913 download_items_from_redis.py[line:92] INFO [imc:items] Processing item: None <None>
2017-05-24 16:04:22,030 download_items_from_redis.py[line:92] INFO [imc:items] Processing item: None <None>
2017-05-24 16:04:25,025 download_items_from_redis.py[line:92] INFO [imc:items] Processing item: None <None>
2017-05-24 16:04:28,960 download_items_from_redis.py[line:92] INFO [imc:items] Processing item: None <None>
2017-05-24 16:04:33,497 download_items_from_redis.py[line:92] INFO [imc:items] Processing item: None <None>
2017-05-24 16:04:34,497 download_items_from_redis.py[line:48] ERROR failed to download image(url: http://www.imc-companies.com/taegutec/ttkCatalogFiles/datafile/PICTURE/10146.gif ), retry_num:1 reason:<urlopen error timed out>
2017-05-24 16:04:40,519 download_items_from_redis.py[line:92] INFO [imc:items] Processing item: None <None>
2017-05-24 16:04:42,213 download_items_from_redis.py[line:92] INFO [imc:items] Processing item: None <None>
2017-05-24 16:04:44,950 download_items_from_redis.py[line:48] ERROR failed to download image(url: http://www.imc-companies.com/taegutec/ttkCatalogFiles/datafile/PICTURE/10166.gif ), retry_num:1 reason:timed out
2017-05-24 16:04:46,424 download_items_from_redis.py[line:92] INFO [imc:items] Processing item: None <None>
2017-05-24 16:04:51,914 download_items_from_redis.py[line:92] INFO [imc:items] Processing item: None <None>
2017-05-24 16:04:57,795 download_items_from_redis.py[line:92] INFO [imc:items] Processing item: None <None>
2017-05-24 16:05:03,644 download_items_from_redis.py[line:92] INFO [imc:items] Processing item: None <None>
2017-05-24 16:05:09,621 download_items_from_redis.py[line:92] INFO [imc:items] Processing item: None <None>
2017-05-24 16:05:14,441 download_items_from_redis.py[line:92] INFO [imc:items] Processing item: None <None>
2017-05-24 16:05:19,263 download_items_from_redis.py[line:92] INFO [imc:items] Processing item: None <None>
2017-05-24 16:05:23,459 download_items_from_redis.py[line:92] INFO [imc:items] Processing item: None <None>
2017-05-24 16:05:29,456 download_items_from_redis.py[line:92] INFO [imc:items] Processing item: None <None>
2017-05-24 16:05:34,750 download_items_from_redis.py[line:92] INFO [imc:items] Processing item: None <None>
2017-05-24 16:05:40,549 download_items_from_redis.py[line:92] INFO [imc:items] Processing item: None <None>
2017-05-24 16:05:45,762 download_items_from_redis.py[line:92] INFO [imc:items] Processing item: None <None>
2017-05-24 16:05:50,601 download_items_from_redis.py[line:92] INFO [imc:items] Processing item: None <None>
2017-05-24 16:05:54,423 download_items_from_redis.py[line:92] INFO [imc:items] Processing item: None <None>
2017-05-24 16:05:58,790 download_items_from_redis.py[line:92] INFO [imc:items] Processing item: None <None>
2017-05-24 16:06:04,766 download_items_from_redis.py[line:92] INFO [imc:items] Processing item: None <None>
2017-05-24 16:06:10,134 download_items_from_redis.py[line:92] INFO [imc:items] Processing item: None <None>
2017-05-24 16:06:14,128 download_items_from_redis.py[line:92] INFO [imc:items] Processing item: None <None>
2017-05-24 16:06:16,641 download_items_from_redis.py[line:92] INFO [imc:items] Processing item: None <None>
2017-05-24 16:06:19,181 download_items_from_redis.py[line:92] INFO [imc:items] Processing item: None <None>
2017-05-24 16:06:24,915 download_items_from_redis.py[line:92] INFO [imc:items] Processing item: None <None>
2017-05-24 16:06:29,200 download_items_from_redis.py[line:92] INFO [imc:items] Processing item: None <None>
2017-05-24 16:06:32,599 download_items_from_redis.py[line:92] INFO [imc:items] Processing item: None <None>
2017-05-24 16:06:37,963 download_items_from_redis.py[line:92] INFO [imc:items] Processing item: None <None>
2017-05-24 16:06:42,921 download_items_from_redis.py[line:92] INFO [imc:items] Processing item: None <None>
2017-05-24 16:06:48,444 download_items_from_redis.py[line:92] INFO [imc:items] Processing item: None <None>
2017-05-24 16:06:51,325 download_items_from_redis.py[line:92] INFO [imc:items] Processing item: None <None>
2017-05-24 16:06:56,819 download_items_from_redis.py[line:92] INFO [imc:items] Processing item: None <None>
2017-05-24 16:07:01,219 download_items_from_redis.py[line:92] INFO [imc:items] Processing item: None <None>
2017-05-24 16:07:05,946 download_items_from_redis.py[line:92] INFO [imc:items] Processing item: None <None>
2017-05-24 16:07:10,782 download_items_from_redis.py[line:92] INFO [imc:items] Processing item: None <None>
2017-05-24 16:07:15,884 download_items_from_redis.py[line:92] INFO [imc:items] Processing item: None <None>
2017-05-24 16:07:21,411 download_items_from_redis.py[line:92] INFO [imc:items] Processing item: None <None>
2017-05-24 16:07:27,244 download_items_from_redis.py[line:92] INFO [imc:items] Processing item: None <None>
2017-05-24 16:07:32,081 download_items_from_redis.py[line:92] INFO [imc:items] Processing item: None <None>
2017-05-24 16:07:35,980 download_items_from_redis.py[line:92] INFO [imc:items] Processing item: None <None>
2017-05-24 16:07:41,846 download_items_from_redis.py[line:92] INFO [imc:items] Processing item: None <None>
2017-05-24 16:07:47,496 download_items_from_redis.py[line:92] INFO [imc:items] Processing item: None <None>
2017-05-24 16:07:50,381 download_items_from_redis.py[line:92] INFO [imc:items] Processing item: None <None>
2017-05-24 16:07:55,423 download_items_from_redis.py[line:92] INFO [imc:items] Processing item: None <None>
2017-05-24 16:08:01,342 download_items_from_redis.py[line:92] INFO [imc:items] Processing item: None <None>
2017-05-24 16:08:07,160 download_items_from_redis.py[line:92] INFO [imc:items] Processing item: None <None>
2017-05-24 16:08:11,107 download_items_from_redis.py[line:92] INFO [imc:items] Processing item: None <None>
2017-05-24 16:08:15,023 download_items_from_redis.py[line:92] INFO [imc:items] Processing item: None <None>
2017-05-24 16:08:16,036 download_items_from_redis.py[line:48] ERROR failed to download image(url: http://www.imc-companies.com/taegutec/ttkCatalogFiles/datafile/PICTURE/579.gif ), retry_num:1 reason:<urlopen error timed out>
2017-05-24 16:08:20,954 download_items_from_redis.py[line:92] INFO [imc:items] Processing item: None <None>
2017-05-24 16:08:23,950 download_items_from_redis.py[line:48] ERROR failed to download image(url: http://www.imc-companies.com/taegutec/ttkCatalogFiles/datafile/PICTURE/598.gif ), retry_num:1 reason:timed out
2017-05-24 16:08:26,414 download_items_from_redis.py[line:92] INFO [imc:items] Processing item: None <None>
2017-05-24 16:08:30,698 download_items_from_redis.py[line:92] INFO [imc:items] Processing item: None <None>
2017-05-24 16:08:36,240 download_items_from_redis.py[line:92] INFO [imc:items] Processing item: None <None>
2017-05-24 16:08:40,997 download_items_from_redis.py[line:92] INFO [imc:items] Processing item: None <None>
2017-05-24 16:08:46,786 download_items_from_redis.py[line:92] INFO [imc:items] Processing item: None <None>
2017-05-24 16:08:50,374 download_items_from_redis.py[line:92] INFO [imc:items] Processing item: None <None>
2017-05-24 16:08:55,339 download_items_from_redis.py[line:92] INFO [imc:items] Processing item: None <None>
2017-05-24 16:09:00,223 download_items_from_redis.py[line:92] INFO [imc:items] Processing item: None <None>
2017-05-24 16:09:05,404 download_items_from_redis.py[line:92] INFO [imc:items] Processing item: None <None>
2017-05-24 16:09:11,082 download_items_from_redis.py[line:92] INFO [imc:items] Processing item: None <None>
2017-05-24 16:09:18,305 download_items_from_redis.py[line:92] INFO [imc:items] Processing item: None <None>
2017-05-24 16:09:21,631 download_items_from_redis.py[line:92] INFO [imc:items] Processing item: None <None>
2017-05-24 16:09:27,279 download_items_from_redis.py[line:92] INFO [imc:items] Processing item: None <None>
2017-05-24 16:09:30,882 download_items_from_redis.py[line:92] INFO [imc:items] Processing item: None <None>
2017-05-24 16:09:33,753 download_items_from_redis.py[line:92] INFO [imc:items] Processing item: None <None>
2017-05-24 16:09:38,153 download_items_from_redis.py[line:92] INFO [imc:items] Processing item: None <None>
2017-05-24 16:09:41,351 download_items_from_redis.py[line:92] INFO [imc:items] Processing item: None <None>
2017-05-24 16:09:45,111 download_items_from_redis.py[line:92] INFO [imc:items] Processing item: None <None>
2017-05-24 16:09:50,072 download_items_from_redis.py[line:92] INFO [imc:items] Processing item: None <None>
2017-05-24 16:09:55,082 download_items_from_redis.py[line:92] INFO [imc:items] Processing item: None <None>
2017-05-24 16:09:59,921 download_items_from_redis.py[line:92] INFO [imc:items] Processing item: None <None>
2017-05-24 16:10:05,476 download_items_from_redis.py[line:92] INFO [imc:items] Processing item: None <None>
2017-05-24 16:10:11,200 download_items_from_redis.py[line:92] INFO [imc:items] Processing item: None <None>
2017-05-24 16:10:15,490 download_items_from_redis.py[line:92] INFO [imc:items] Processing item: None <None>
2017-05-24 16:10:21,078 download_items_from_redis.py[line:92] INFO [imc:items] Processing item: None <None>
2017-05-24 16:10:26,974 download_items_from_redis.py[line:92] INFO [imc:items] Processing item: None <None>
2017-05-24 16:10:32,579 download_items_from_redis.py[line:92] INFO [imc:items] Processing item: None <None>
2017-05-24 16:10:37,229 download_items_from_redis.py[line:92] INFO [imc:items] Processing item: None <None>
2017-05-24 16:10:41,535 download_items_from_redis.py[line:92] INFO [imc:items] Processing item: None <None>
2017-05-24 16:10:45,966 download_items_from_redis.py[line:92] INFO [imc:items] Processing item: None <None>
2017-05-24 16:10:51,036 download_items_from_redis.py[line:92] INFO [imc:items] Processing item: None <None>
2017-05-24 16:10:55,171 download_items_from_redis.py[line:92] INFO [imc:items] Processing item: None <None>
2017-05-24 16:10:59,341 download_items_from_redis.py[line:92] INFO [imc:items] Processing item: None <None>
2017-05-24 16:11:04,492 download_items_from_redis.py[line:92] INFO [imc:items] Processing item: None <None>
2017-05-24 16:11:05,506 download_items_from_redis.py[line:48] ERROR failed to download image(url: http://www.imc-companies.com/taegutec/ttkCatalogFiles/datafile/PICTURE/794.gif ), retry_num:1 reason:<urlopen error timed out>
2017-05-24 16:11:09,828 download_items_from_redis.py[line:92] INFO [imc:items] Processing item: None <None>
2017-05-24 16:11:14,928 download_items_from_redis.py[line:92] INFO [imc:items] Processing item: None <None>
2017-05-24 16:11:19,157 download_items_from_redis.py[line:92] INFO [imc:items] Processing item: None <None>
2017-05-24 16:11:23,230 download_items_from_redis.py[line:92] INFO [imc:items] Processing item: None <None>
2017-05-24 16:11:26,474 download_items_from_redis.py[line:48] ERROR failed to download image(url: http://www.imc-companies.com/taegutec/ttkCatalogFiles/datafile/PICTURE/895.gif ), retry_num:1 reason:timed out
2017-05-24 16:11:27,941 download_items_from_redis.py[line:92] INFO [imc:items] Processing item: None <None>
2017-05-24 16:11:30,657 download_items_from_redis.py[line:92] INFO [imc:items] Processing item: None <None>
2017-05-24 16:11:35,433 download_items_from_redis.py[line:92] INFO [imc:items] Processing item: None <None>
2017-05-24 16:11:40,361 download_items_from_redis.py[line:92] INFO [imc:items] Processing item: None <None>
2017-05-24 16:11:43,279 download_items_from_redis.py[line:92] INFO [imc:items] Processing item: None <None>
2017-05-24 16:11:48,473 download_items_from_redis.py[line:92] INFO [imc:items] Processing item: None <None>
2017-05-24 16:11:53,812 download_items_from_redis.py[line:92] INFO [imc:items] Processing item: None <None>
2017-05-24 16:11:58,631 download_items_from_redis.py[line:92] INFO [imc:items] Processing item: None <None>
2017-05-24 16:12:04,726 download_items_from_redis.py[line:92] INFO [imc:items] Processing item: None <None>
2017-05-24 16:12:10,042 download_items_from_redis.py[line:92] INFO [imc:items] Processing item: None <None>
2017-05-24 16:12:15,688 download_items_from_redis.py[line:92] INFO [imc:items] Processing item: None <None>
2017-05-24 16:12:21,571 download_items_from_redis.py[line:92] INFO [imc:items] Processing item: None <None>
2017-05-24 16:12:26,075 download_items_from_redis.py[line:92] INFO [imc:items] Processing item: None <None>
2017-05-24 16:12:31,357 download_items_from_redis.py[line:92] INFO [imc:items] Processing item: None <None>
2017-05-24 16:12:32,276 download_items_from_redis.py[line:92] INFO [imc:items] Processing item: None <None>
2017-05-24 16:12:38,688 download_items_from_redis.py[line:92] INFO [imc:items] Processing item: None <None>
2017-05-24 16:12:42,917 download_items_from_redis.py[line:92] INFO [imc:items] Processing item: None <None>
2017-05-24 16:12:48,440 download_items_from_redis.py[line:92] INFO [imc:items] Processing item: None <None>
2017-05-24 16:12:55,197 download_items_from_redis.py[line:92] INFO [imc:items] Processing item: None <None>
2017-05-24 16:12:58,832 download_items_from_redis.py[line:92] INFO [imc:items] Processing item: None <None>
2017-05-24 16:13:04,112 download_items_from_redis.py[line:92] INFO [imc:items] Processing item: None <None>
2017-05-24 16:13:10,150 download_items_from_redis.py[line:92] INFO [imc:items] Processing item: None <None>
2017-05-24 16:13:15,505 download_items_from_redis.py[line:92] INFO [imc:items] Processing item: None <None>
2017-05-24 16:13:19,766 download_items_from_redis.py[line:92] INFO [imc:items] Processing item: None <None>
2017-05-24 16:13:24,740 download_items_from_redis.py[line:92] INFO [imc:items] Processing item: None <None>
2017-05-24 16:13:27,234 download_items_from_redis.py[line:48] ERROR failed to download image(url: http://www.imc-companies.com/taegutec/ttkCatalogFiles/datafile/PICTURE/1168.gif ), retry_num:1 reason:timed out
2017-05-24 16:13:30,049 download_items_from_redis.py[line:92] INFO [imc:items] Processing item: None <None>
2017-05-24 16:13:31,062 download_items_from_redis.py[line:48] ERROR failed to download image(url: http://www.imc-companies.com/taegutec/ttkCatalogFiles/datafile/PICTURE/1281.gif ), retry_num:1 reason:<urlopen error timed out>
2017-05-24 16:13:36,259 download_items_from_redis.py[line:92] INFO [imc:items] Processing item: None <None>
2017-05-24 16:13:40,119 download_items_from_redis.py[line:92] INFO [imc:items] Processing item: None <None>
2017-05-24 16:13:43,923 download_items_from_redis.py[line:92] INFO [imc:items] Processing item: None <None>
2017-05-24 16:13:45,664 download_items_from_redis.py[line:48] ERROR failed to download image(url: http://www.imc-companies.com/taegutec/ttkCatalogFiles/datafile/PICTURE/1287.gif ), retry_num:1 reason:timed out
2017-05-24 16:13:49,134 download_items_from_redis.py[line:92] INFO [imc:items] Processing item: None <None>
2017-05-24 16:13:54,415 download_items_from_redis.py[line:92] INFO [imc:items] Processing item: None <None>
2017-05-24 16:13:59,625 download_items_from_redis.py[line:92] INFO [imc:items] Processing item: None <None>
2017-05-24 16:14:05,292 download_items_from_redis.py[line:92] INFO [imc:items] Processing item: None <None>
2017-05-24 16:14:10,299 download_items_from_redis.py[line:92] INFO [imc:items] Processing item: None <None>
2017-05-24 16:14:16,335 download_items_from_redis.py[line:92] INFO [imc:items] Processing item: None <None>
2017-05-24 16:14:21,907 download_items_from_redis.py[line:92] INFO [imc:items] Processing item: None <None>
2017-05-24 16:14:22,908 download_items_from_redis.py[line:48] ERROR failed to download image(url: http://www.imc-companies.com/taegutec/ttkCatalogFiles/datafile/PICTURE/1704.gif ), retry_num:1 reason:<urlopen error timed out>
2017-05-24 16:14:26,191 download_items_from_redis.py[line:92] INFO [imc:items] Processing item: None <None>
2017-05-24 16:14:30,092 download_items_from_redis.py[line:92] INFO [imc:items] Processing item: None <None>
2017-05-24 16:14:35,903 download_items_from_redis.py[line:92] INFO [imc:items] Processing item: None <None>
2017-05-24 16:14:41,667 download_items_from_redis.py[line:92] INFO [imc:items] Processing item: None <None>
2017-05-24 16:14:46,678 download_items_from_redis.py[line:92] INFO [imc:items] Processing item: None <None>
2017-05-24 16:14:50,477 download_items_from_redis.py[line:92] INFO [imc:items] Processing item: None <None>
2017-05-24 16:14:55,286 download_items_from_redis.py[line:92] INFO [imc:items] Processing item: None <None>
2017-05-24 16:14:59,923 download_items_from_redis.py[line:92] INFO [imc:items] Processing item: None <None>
2017-05-24 16:15:03,542 download_items_from_redis.py[line:92] INFO [imc:items] Processing item: None <None>
2017-05-24 16:15:08,881 download_items_from_redis.py[line:92] INFO [imc:items] Processing item: None <None>
2017-05-24 16:15:14,200 download_items_from_redis.py[line:92] INFO [imc:items] Processing item: None <None>
2017-05-24 16:15:20,299 download_items_from_redis.py[line:92] INFO [imc:items] Processing item: None <None>
2017-05-24 16:15:22,749 download_items_from_redis.py[line:92] INFO [imc:items] Processing item: None <None>
2017-05-24 16:15:28,459 download_items_from_redis.py[line:92] INFO [imc:items] Processing item: None <None>
2017-05-24 16:15:29,709 download_items_from_redis.py[line:48] ERROR failed to download image(url: http://www.imc-companies.com/taegutec/ttkCatalogFiles/datafile/PICTURE/1748.gif ), retry_num:1 reason:timed out
2017-05-24 16:15:32,720 download_items_from_redis.py[line:92] INFO [imc:items] Processing item: None <None>
2017-05-24 16:15:37,517 download_items_from_redis.py[line:92] INFO [imc:items] Processing item: None <None>
2017-05-24 16:15:43,035 download_items_from_redis.py[line:92] INFO [imc:items] Processing item: None <None>
2017-05-24 16:15:47,642 download_items_from_redis.py[line:92] INFO [imc:items] Processing item: None <None>
2017-05-24 16:15:51,407 download_items_from_redis.py[line:92] INFO [imc:items] Processing item: None <None>
2017-05-24 16:15:55,313 download_items_from_redis.py[line:92] INFO [imc:items] Processing item: None <None>
2017-05-24 16:16:01,305 download_items_from_redis.py[line:92] INFO [imc:items] Processing item: None <None>
2017-05-24 16:16:06,493 download_items_from_redis.py[line:92] INFO [imc:items] Processing item: None <None>
2017-05-24 16:16:12,355 download_items_from_redis.py[line:92] INFO [imc:items] Processing item: None <None>
2017-05-24 16:16:16,641 download_items_from_redis.py[line:92] INFO [imc:items] Processing item: None <None>
2017-05-24 16:16:23,559 download_items_from_redis.py[line:92] INFO [imc:items] Processing item: None <None>
2017-05-24 16:16:25,072 download_items_from_redis.py[line:48] ERROR failed to download image(url: http://www.imc-companies.com/taegutec/ttkCatalogFiles/datafile/PICTURE/1843.gif ), retry_num:1 reason:timed out
2017-05-24 16:16:29,456 download_items_from_redis.py[line:92] INFO [imc:items] Processing item: None <None>
2017-05-24 16:16:33,483 download_items_from_redis.py[line:92] INFO [imc:items] Processing item: None <None>
2017-05-24 16:16:36,615 download_items_from_redis.py[line:92] INFO [imc:items] Processing item: None <None>
2017-05-24 16:16:42,273 download_items_from_redis.py[line:92] INFO [imc:items] Processing item: None <None>
2017-05-24 16:16:47,417 download_items_from_redis.py[line:92] INFO [imc:items] Processing item: None <None>
2017-05-24 16:16:51,345 download_items_from_redis.py[line:92] INFO [imc:items] Processing item: None <None>
2017-05-24 16:16:57,096 download_items_from_redis.py[line:92] INFO [imc:items] Processing item: None <None>
2017-05-24 16:16:59,572 download_items_from_redis.py[line:48] ERROR failed to download image(url: http://www.imc-companies.com/taegutec/ttkCatalogFiles/datafile/PICTURE/1868.gif ), retry_num:1 reason:timed out
2017-05-24 16:17:03,365 download_items_from_redis.py[line:48] ERROR failed to download image(url: http://www.imc-companies.com/taegutec/ttkCatalogFiles/datafile/PICTURE/1868.gif ), retry_num:2 reason:timed out
2017-05-24 16:17:04,849 download_items_from_redis.py[line:92] INFO [imc:items] Processing item: None <None>
2017-05-24 16:17:07,753 download_items_from_redis.py[line:92] INFO [imc:items] Processing item: None <None>
2017-05-24 16:17:10,209 download_items_from_redis.py[line:92] INFO [imc:items] Processing item: None <None>
2017-05-24 16:17:17,578 download_items_from_redis.py[line:92] INFO [imc:items] Processing item: None <None>
2017-05-24 16:17:20,480 download_items_from_redis.py[line:92] INFO [imc:items] Processing item: None <None>
2017-05-24 16:17:25,648 download_items_from_redis.py[line:92] INFO [imc:items] Processing item: None <None>
2017-05-24 16:17:31,187 download_items_from_redis.py[line:92] INFO [imc:items] Processing item: None <None>
2017-05-24 16:17:34,479 download_items_from_redis.py[line:92] INFO [imc:items] Processing item: None <None>
2017-05-24 16:17:39,631 download_items_from_redis.py[line:92] INFO [imc:items] Processing item: None <None>
2017-05-24 16:17:45,086 download_items_from_redis.py[line:92] INFO [imc:items] Processing item: None <None>
2017-05-24 16:17:50,237 download_items_from_redis.py[line:92] INFO [imc:items] Processing item: None <None>
2017-05-24 16:17:55,197 download_items_from_redis.py[line:92] INFO [imc:items] Processing item: None <None>
2017-05-24 16:17:59,473 download_items_from_redis.py[line:92] INFO [imc:items] Processing item: None <None>
2017-05-24 16:18:04,377 download_items_from_redis.py[line:92] INFO [imc:items] Processing item: None <None>
2017-05-24 16:18:11,269 download_items_from_redis.py[line:92] INFO [imc:items] Processing item: None <None>
2017-05-24 16:18:15,809 download_items_from_redis.py[line:92] INFO [imc:items] Processing item: None <None>
2017-05-24 16:18:17,104 download_items_from_redis.py[line:48] ERROR failed to download image(url: http://www.imc-companies.com/taegutec/ttkCatalogFiles/datafile/PICTURE/10097.gif ), retry_num:1 reason:timed out
2017-05-24 16:18:21,036 download_items_from_redis.py[line:92] INFO [imc:items] Processing item: None <None>
2017-05-24 16:18:25,982 download_items_from_redis.py[line:92] INFO [imc:items] Processing item: None <None>
2017-05-24 16:18:31,598 download_items_from_redis.py[line:92] INFO [imc:items] Processing item: None <None>
2017-05-24 16:18:32,611 download_items_from_redis.py[line:48] ERROR failed to download image(url: http://www.imc-companies.com/taegutec/ttkCatalogFiles/datafile/PICTURE/10100.gif ), retry_num:1 reason:<urlopen error timed out>
2017-05-24 16:18:36,967 download_items_from_redis.py[line:92] INFO [imc:items] Processing item: None <None>
2017-05-24 16:18:43,194 download_items_from_redis.py[line:92] INFO [imc:items] Processing item: None <None>
2017-05-24 16:18:47,868 download_items_from_redis.py[line:92] INFO [imc:items] Processing item: None <None>
2017-05-24 16:18:54,233 download_items_from_redis.py[line:92] INFO [imc:items] Processing item: None <None>
2017-05-24 16:19:00,769 download_items_from_redis.py[line:92] INFO [imc:items] Processing item: None <None>
2017-05-24 16:19:04,108 download_items_from_redis.py[line:92] INFO [imc:items] Processing item: None <None>
2017-05-24 16:19:07,526 download_items_from_redis.py[line:92] INFO [imc:items] Processing item: None <None>
2017-05-24 16:19:12,348 download_items_from_redis.py[line:92] INFO [imc:items] Processing item: None <None>
