2017-05-25 13:08:18,108 download_items_from_redis.py[line:112] INFO [process id 0] start to download items in 'xww:items' (server: localhost, port: 6379)
2017-05-25 13:08:59,408 download_items_from_redis.py[line:91] INFO [xww:items] Processing item: 发动机缸孔精镗刀 <http://www.xawinway.com:80/front/product_type_detaile.shtml?productDetaileId=11956f0fc04c48a5af232f38616186d1>
2017-05-25 13:09:00,410 download_items_from_redis.py[line:47] ERROR failed to download image(url: http://125.76.249.115:8085/wwweb/upload/images/1485056109448.jpg ), retry_num:1 reason:<urlopen error timed out>
2017-05-25 13:09:01,417 download_items_from_redis.py[line:47] ERROR failed to download image(url: http://125.76.249.115:8085/wwweb/upload/images/1485056109448.jpg ), retry_num:2 reason:<urlopen error timed out>
2017-05-25 13:09:02,434 download_items_from_redis.py[line:47] ERROR failed to download image(url: http://125.76.249.115:8085/wwweb/upload/images/1485056109448.jpg ), retry_num:3 reason:<urlopen error timed out>
2017-05-25 13:09:02,976 download_items_from_redis.py[line:91] INFO [xww:items] Processing item: 金属切削刀具设计服务 <http://www.xawinway.com:80/front/product_type_detaile.shtml?productDetaileId=4e1d8a59f6cd477cb621fd3314ded1e9>
2017-05-25 13:09:57,717 download_items_from_redis.py[line:47] ERROR failed to download image(url: http://www.xawinway.com:80/upload/images/1485328843174.jpg ), retry_num:1 reason:<urlopen error timed out>
2017-05-25 13:10:55,974 download_items_from_redis.py[line:47] ERROR failed to download image(url: http://www.xawinway.com:80/upload/images/1485328843174.jpg ), retry_num:2 reason:timed out
2017-05-25 13:10:56,983 download_items_from_redis.py[line:47] ERROR failed to download image(url: http://www.xawinway.com:80/upload/images/1485328843174.jpg ), retry_num:3 reason:<urlopen error timed out>
2017-05-25 13:10:56,983 download_items_from_redis.py[line:91] INFO [xww:items] Processing item: 汽车涡轮增压壳体零件加工 <http://www.xawinway.com:80/front/product_type_detaile.shtml?productDetaileId=ce024d2979964087ad5c6c36e86b051c>
2017-05-25 13:10:57,983 download_items_from_redis.py[line:47] ERROR failed to download image(url: http://www.xawinway.com:80/upload/images/1485328927988.jpg ), retry_num:1 reason:<urlopen error timed out>
2017-05-25 13:10:58,996 download_items_from_redis.py[line:47] ERROR failed to download image(url: http://www.xawinway.com:80/upload/images/1485328927988.jpg ), retry_num:2 reason:<urlopen error timed out>
2017-05-25 13:10:59,996 download_items_from_redis.py[line:47] ERROR failed to download image(url: http://www.xawinway.com:80/upload/images/1485328927988.jpg ), retry_num:3 reason:<urlopen error timed out>
2017-05-25 13:10:59,996 download_items_from_redis.py[line:91] INFO [xww:items] Processing item: 飞机自动钻铆工具 <http://www.xawinway.com:80/front/product_type_detaile.shtml?productDetaileId=4b0ea2d8b3d24f3c86769f840e5fa07e>
2017-05-25 13:11:01,009 download_items_from_redis.py[line:47] ERROR failed to download image(url: http://www.xawinway.com:80/upload/images/1485331809364.png ), retry_num:1 reason:<urlopen error timed out>
2017-05-25 13:11:02,025 download_items_from_redis.py[line:47] ERROR failed to download image(url: http://www.xawinway.com:80/upload/images/1485331809364.png ), retry_num:2 reason:<urlopen error timed out>
2017-05-25 13:11:03,039 download_items_from_redis.py[line:47] ERROR failed to download image(url: http://www.xawinway.com:80/upload/images/1485331809364.png ), retry_num:3 reason:<urlopen error timed out>
2017-05-25 13:11:03,039 download_items_from_redis.py[line:91] INFO [xww:items] Processing item: 航空精密零部件的加工 <http://www.xawinway.com:80/front/product_type_detaile.shtml?productDetaileId=dc56936b074744afa6b3673856d2a3ad>
2017-05-25 13:11:04,046 download_items_from_redis.py[line:47] ERROR failed to download image(url: http://www.xawinway.com:80/upload/images/1485331269267.jpg ), retry_num:1 reason:<urlopen error timed out>
2017-05-25 13:11:05,055 download_items_from_redis.py[line:47] ERROR failed to download image(url: http://www.xawinway.com:80/upload/images/1485331269267.jpg ), retry_num:2 reason:<urlopen error timed out>
2017-05-25 13:11:06,068 download_items_from_redis.py[line:47] ERROR failed to download image(url: http://www.xawinway.com:80/upload/images/1485331269267.jpg ), retry_num:3 reason:<urlopen error timed out>
2017-05-25 13:11:06,068 download_items_from_redis.py[line:91] INFO [xww:items] Processing item: 航空发动机零件切槽加工 <http://www.xawinway.com:80/front/product_type_detaile.shtml?productDetaileId=7cf4c5e265ed4133abdee350cbae3474>
2017-05-25 13:11:07,068 download_items_from_redis.py[line:47] ERROR failed to download image(url: http://www.xawinway.com:80/upload/images/1485329158850.jpg ), retry_num:1 reason:<urlopen error timed out>
2017-05-25 13:11:08,072 download_items_from_redis.py[line:47] ERROR failed to download image(url: http://www.xawinway.com:80/upload/images/1485329158850.jpg ), retry_num:2 reason:<urlopen error timed out>
2017-05-25 13:11:09,078 download_items_from_redis.py[line:47] ERROR failed to download image(url: http://www.xawinway.com:80/upload/images/1485329158850.jpg ), retry_num:3 reason:<urlopen error timed out>
2017-05-25 13:11:09,078 download_items_from_redis.py[line:91] INFO [xww:items] Processing item: 变径镗刀 <http://www.xawinway.com:80/front/product_type_detaile.shtml?productDetaileId=120a9a5a973c4f4b96d1721c70bb9826>
2017-05-25 13:11:10,089 download_items_from_redis.py[line:47] ERROR failed to download image(url: http://www.xawinway.com:80/upload/images/1485332396261.jpg ), retry_num:1 reason:<urlopen error timed out>
2017-05-25 13:11:11,089 download_items_from_redis.py[line:47] ERROR failed to download image(url: http://www.xawinway.com:80/upload/images/1485332396261.jpg ), retry_num:2 reason:<urlopen error timed out>
2017-05-25 13:11:12,101 download_items_from_redis.py[line:47] ERROR failed to download image(url: http://www.xawinway.com:80/upload/images/1485332396261.jpg ), retry_num:3 reason:<urlopen error timed out>
2017-05-25 13:11:12,101 download_items_from_redis.py[line:91] INFO [xww:items] Processing item: 深孔加工 抗振刀杆 <http://www.xawinway.com:80/front/product_type_detaile.shtml?productDetaileId=f68474bd260d4f79b3d5f4947aaf442b>
2017-05-25 13:11:13,115 download_items_from_redis.py[line:47] ERROR failed to download image(url: http://www.xawinway.com:80/upload/images/1485332041043.jpg ), retry_num:1 reason:<urlopen error timed out>
2017-05-25 13:11:14,125 download_items_from_redis.py[line:47] ERROR failed to download image(url: http://www.xawinway.com:80/upload/images/1485332041043.jpg ), retry_num:2 reason:<urlopen error timed out>
2017-05-25 13:11:15,131 download_items_from_redis.py[line:47] ERROR failed to download image(url: http://www.xawinway.com:80/upload/images/1485332041043.jpg ), retry_num:3 reason:<urlopen error timed out>
2017-05-25 13:11:15,131 download_items_from_redis.py[line:91] INFO [xww:items] Processing item: 铆钉孔刀具、压力衬套—飞机部装工具 <http://www.xawinway.com:80/front/product_type_detaile.shtml?productDetaileId=7caf884f70cf41c29ee0353d846dea6c>
2017-05-25 13:11:16,131 download_items_from_redis.py[line:47] ERROR failed to download image(url: http://www.xawinway.com:80/upload/images/1485332197189.jpg ), retry_num:1 reason:<urlopen error timed out>
2017-05-25 13:11:17,134 download_items_from_redis.py[line:47] ERROR failed to download image(url: http://www.xawinway.com:80/upload/images/1485332197189.jpg ), retry_num:2 reason:<urlopen error timed out>
2017-05-25 13:11:18,140 download_items_from_redis.py[line:47] ERROR failed to download image(url: http://www.xawinway.com:80/upload/images/1485332197189.jpg ), retry_num:3 reason:<urlopen error timed out>
2017-05-25 13:11:18,140 download_items_from_redis.py[line:91] INFO [xww:items] Processing item: 高速钢刀具 <http://www.xawinway.com:80/front/product_type_detaile.shtml?productDetaileId=8c846d9a7b8d4282bad4cc02e690af99>
2017-05-25 13:11:19,151 download_items_from_redis.py[line:47] ERROR failed to download image(url: http://www.xawinway.com:80/upload/images/1485334097984.png ), retry_num:1 reason:<urlopen error timed out>
2017-05-25 13:11:20,151 download_items_from_redis.py[line:47] ERROR failed to download image(url: http://www.xawinway.com:80/upload/images/1485334097984.png ), retry_num:2 reason:<urlopen error timed out>
2017-05-25 13:11:21,167 download_items_from_redis.py[line:47] ERROR failed to download image(url: http://www.xawinway.com:80/upload/images/1485334097984.png ), retry_num:3 reason:<urlopen error timed out>
2017-05-25 13:11:21,167 download_items_from_redis.py[line:91] INFO [xww:items] Processing item: 低成本高效铣削加工 <http://www.xawinway.com:80/front/product_type_detaile.shtml?productDetaileId=b7df4d6f3c52463dbf36829a1c13ce3f>
2017-05-25 13:11:22,167 download_items_from_redis.py[line:47] ERROR failed to download image(url: http://www.xawinway.com:80/upload/images/1485334141301.jpg ), retry_num:1 reason:<urlopen error timed out>
2017-05-25 13:11:23,178 download_items_from_redis.py[line:47] ERROR failed to download image(url: http://www.xawinway.com:80/upload/images/1485334141301.jpg ), retry_num:2 reason:<urlopen error timed out>
2017-05-25 13:11:24,191 download_items_from_redis.py[line:47] ERROR failed to download image(url: http://www.xawinway.com:80/upload/images/1485334141301.jpg ), retry_num:3 reason:<urlopen error timed out>
2017-05-25 13:11:24,191 download_items_from_redis.py[line:91] INFO [xww:items] Processing item: 飞雪系列铣刀 <http://www.xawinway.com:80/front/product_type_detaile.shtml?productDetaileId=c14dbb2e6db74e44b72a612f50d7e621>
2017-05-25 13:11:25,207 download_items_from_redis.py[line:47] ERROR failed to download image(url: http://www.xawinway.com:80/upload/images/1485333313945.png ), retry_num:1 reason:<urlopen error timed out>
2017-05-25 13:11:26,219 download_items_from_redis.py[line:47] ERROR failed to download image(url: http://www.xawinway.com:80/upload/images/1485333313945.png ), retry_num:2 reason:<urlopen error timed out>
2017-05-25 13:11:27,219 download_items_from_redis.py[line:47] ERROR failed to download image(url: http://www.xawinway.com:80/upload/images/1485333313945.png ), retry_num:3 reason:<urlopen error timed out>
2017-05-25 13:11:27,219 download_items_from_redis.py[line:91] INFO [xww:items] Processing item: 变脸王系列铣刀 <http://www.xawinway.com:80/front/product_type_detaile.shtml?productDetaileId=ed74a5ecdc174aa58c2542b980ad44f1>
