2017-06-01 09:45:42,302 download_items_from_redis.py[line:113] INFO [process id 0] start to download items in 'ty:items' (server: localhost, port: 6379)
2017-06-01 09:45:43,318 download_items_from_redis.py[line:93] INFO [ty:items] Processing item: LMJ_100/250/300防音螺旋振动研磨机 <http://www.wuxitaiyuan.com/products/product_3wj8w.html>
2017-06-01 09:45:43,321 download_items_from_redis.py[line:93] INFO [ty:items] Processing item: WLM250水涡流式研磨机 <http://www.wuxitaiyuan.com/products/product_ojWuj.html>
2017-06-01 09:45:43,328 download_items_from_redis.py[line:93] INFO [ty:items] Processing item: 卧式离心研磨机300L <http://www.wuxitaiyuan.com/products/product_E0vK9.html>
2017-06-01 09:45:43,332 download_items_from_redis.py[line:93] INFO [ty:items] Processing item: 电解清洗机 <http://www.wuxitaiyuan.com/products/product_uBN43.html>
2017-06-01 09:45:43,338 download_items_from_redis.py[line:93] INFO [ty:items] Processing item: 连续通过式清洗机 <http://www.wuxitaiyuan.com/products/product_72nB1.html>
2017-06-01 09:45:43,342 download_items_from_redis.py[line:93] INFO [ty:items] Processing item: 缸筒清洗机 <http://www.wuxitaiyuan.com/products/product_IDzNC.html>
2017-06-01 09:45:43,345 download_items_from_redis.py[line:93] INFO [ty:items] Processing item: 柴油机机体清洗机 <http://www.wuxitaiyuan.com/products/product_XSEdR.html>
2017-06-01 09:45:43,348 download_items_from_redis.py[line:93] INFO [ty:items] Processing item: 9080F-A轨道转台式喷砂机 <http://www.wuxitaiyuan.com/products/product_3xk9x.html>
2017-06-01 09:45:43,349 download_items_from_redis.py[line:93] INFO [ty:items] Processing item: LP-40型立式双头抛光机 <http://www.wuxitaiyuan.com/products/product_ZUHfU.html>
2017-06-01 09:45:43,352 download_items_from_redis.py[line:93] INFO [ty:items] Processing item: QS-150可倾式砂带机（单机除尘器） <http://www.wuxitaiyuan.com/products/product_eZMkZ.html>
2017-06-01 09:45:43,355 download_items_from_redis.py[line:93] INFO [ty:items] Processing item: SSM05双头砂带机 <http://www.wuxitaiyuan.com/products/product_jdQod.html>
2017-06-01 09:45:43,358 download_items_from_redis.py[line:93] INFO [ty:items] Processing item: WSM02无心砂带磨床 <http://www.wuxitaiyuan.com/products/product_kfRqe.html>
2017-06-01 09:45:43,361 download_items_from_redis.py[line:93] INFO [ty:items] Processing item: SSM05双头砂带机 <http://www.wuxitaiyuan.com/products/product_nhUsh.html>
2017-06-01 09:45:43,364 download_items_from_redis.py[line:93] INFO [ty:items] Processing item: QPL60履带式抛丸清理机 <http://www.wuxitaiyuan.com/products/product_TNAYN.html>
2017-06-01 09:45:43,367 download_items_from_redis.py[line:93] INFO [ty:items] Processing item: QPL300橡胶/金属履带式抛丸清理机 <http://www.wuxitaiyuan.com/products/product_aVIgV.html>
2017-06-01 09:45:43,369 download_items_from_redis.py[line:93] INFO [ty:items] Processing item: QPL30履带式抛丸清理机 <http://www.wuxitaiyuan.com/products/product_eZLkY.html>
2017-06-01 09:45:43,372 download_items_from_redis.py[line:93] INFO [ty:items] Processing item: QPL300橡胶（金属）自动上料抛丸机 <http://www.wuxitaiyuan.com/products/product_mhTsg.html>
2017-06-01 09:45:43,375 download_items_from_redis.py[line:93] INFO [ty:items] Processing item: QPL100HZ/130HZ履带抛丸机(出口型) <http://www.wuxitaiyuan.com/products/product_wre3r.html>
2017-06-01 09:45:43,378 download_items_from_redis.py[line:93] INFO [ty:items] Processing item: DC15-Ⅱ型单机除尘器 <http://www.wuxitaiyuan.com/products/product_83oD2.html>
2017-06-01 09:45:43,380 download_items_from_redis.py[line:93] INFO [ty:items] Processing item: 不锈钢上热式离心干燥机 <http://www.wuxitaiyuan.com/products/product_FAwL0.html>
2017-06-01 09:45:43,381 download_items_from_redis.py[line:93] INFO [ty:items] Processing item: ZF50自动分选机 <http://www.wuxitaiyuan.com/products/product_QL8VK.html>
2017-06-01 09:45:43,384 download_items_from_redis.py[line:93] INFO [ty:items] Processing item: LMP100/250/300型振动研磨机 <http://www.wuxitaiyuan.com/products/product_OJ7UJ.html>
2017-06-01 09:45:43,388 download_items_from_redis.py[line:93] INFO [ty:items] Processing item: LMJ400PU振动研磨机（普通电机） <http://www.wuxitaiyuan.com/products/product_SN0YM.html>
2017-06-01 09:45:43,390 download_items_from_redis.py[line:93] INFO [ty:items] Processing item: LMP-100/250/300/600/1200振动研磨机 <http://www.wuxitaiyuan.com/products/product_YTGeT.html>
2017-06-01 09:45:43,391 download_items_from_redis.py[line:93] INFO [ty:items] Processing item: LMJ100-600全自动上液防音螺旋振动研磨机 <http://www.wuxitaiyuan.com/products/product_cXJiW.html>
2017-06-01 09:45:43,394 download_items_from_redis.py[line:93] INFO [ty:items] Processing item: XMW30N卧式离心研磨机 <http://www.wuxitaiyuan.com/products/product_lgTrg.html>
2017-06-01 09:45:43,397 download_items_from_redis.py[line:93] INFO [ty:items] Processing item: XMW36升卧式离心研磨机 <http://www.wuxitaiyuan.com/products/product_toazn.html>
2017-06-01 09:45:43,400 download_items_from_redis.py[line:93] INFO [ty:items] Processing item: XMW120卧式倾斜离心研磨机 <http://www.wuxitaiyuan.com/products/product_ytf4s.html>
2017-06-01 09:45:43,407 download_items_from_redis.py[line:93] INFO [ty:items] Processing item: 超声波清洗机 <http://www.wuxitaiyuan.com/products/product_n4Gvv.html>
2017-06-01 09:46:27,997 download_items_from_redis.py[line:93] INFO [ty:items] Processing item: SSMO1双头砂带机 <http://www.wuxitaiyuan.com/products/product_A5rF5.html>
2017-06-01 09:46:30,418 download_items_from_redis.py[line:93] INFO [ty:items] Processing item: DMS09型单头砂带磨床 <http://www.wuxitaiyuan.com/products/product_QL8WK.html>
2017-06-01 09:46:36,401 download_items_from_redis.py[line:93] INFO [ty:items] Processing item: SSMO1双头砂带机（改进型） <http://www.wuxitaiyuan.com/products/product_UOBZO.html>
2017-06-01 09:46:41,013 download_items_from_redis.py[line:93] INFO [ty:items] Processing item: 台式砂带机(550W) <http://www.wuxitaiyuan.com/products/product_JE1PD.html>
2017-06-01 09:46:45,226 download_items_from_redis.py[line:93] INFO [ty:items] Processing item: LP-40型立式双头抛光机 <http://www.wuxitaiyuan.com/products/product_ZUHfU.html>
2017-06-01 09:46:50,509 download_items_from_redis.py[line:93] INFO [ty:items] Processing item: QS-150可倾式砂带机（单机除尘器） <http://www.wuxitaiyuan.com/products/product_eZMkZ.html>
2017-06-01 09:46:56,203 download_items_from_redis.py[line:93] INFO [ty:items] Processing item: SSM05双头砂带机 <http://www.wuxitaiyuan.com/products/product_jdQod.html>
