2017-06-12 11:11:23,269 download_items_from_redis.py[line:113] INFO [process id 0] start to download items in 'sse:items' (server: localhost, port: 6379)
2017-06-12 11:11:24,289 download_items_from_redis.py[line:93] INFO [sse:items] Processing item: 电动汽车智能高压配电箱 <http://www.ssechina.com/products/ZCpeidianxiang.htm>
2017-06-12 11:11:24,292 download_items_from_redis.py[line:93] INFO [sse:items] Processing item: 储能电站 <http://www.ssechina.com/products/DYchunengdianzhan.htm>
2017-06-12 11:11:24,296 download_items_from_redis.py[line:93] INFO [sse:items] Processing item: 电动汽车车载DC-DC转换器 <http://www.ssechina.com/products/DYdc-dc-zhuanhuanqi.htm>
2017-06-12 11:11:24,302 download_items_from_redis.py[line:93] INFO [sse:items] Processing item: 双向DC/DC变流器 <http://www.ssechina.com/products/shuangxiangdcdcbianliuqi.htm>
2017-06-12 11:11:24,308 download_items_from_redis.py[line:93] INFO [sse:items] Processing item: 电动汽车光伏动力系统 <http://www.ssechina.com/products/ZCgfdydl.htm>
2017-06-12 11:13:19,361 download_items_from_redis.py[line:93] INFO [sse:items] Processing item: 电动汽车光伏动力系统 <http://www.ssechina.com/products/ZCgfdydl.htm>
2017-06-12 11:15:16,572 download_items_from_redis.py[line:93] INFO [sse:items] Processing item: 电动汽车光伏动力系统 <http://www.ssechina.com/products/ZCgfdydl.htm>
2017-06-12 11:16:55,799 download_items_from_redis.py[line:93] INFO [sse:items] Processing item: ZBMS电池管理系统 <http://www.ssechina.com/products/ZCbms.htm>
2017-06-12 11:16:58,351 download_items_from_redis.py[line:93] INFO [sse:items] Processing item: ZICO便携式充电机 <http://www.ssechina.com/products/DYzico.htm>
2017-06-12 11:17:03,345 download_items_from_redis.py[line:93] INFO [sse:items] Processing item: ZMCD模块化充电机 <http://www.ssechina.com/products/DYzmcd.htm>
2017-06-12 11:17:08,842 download_items_from_redis.py[line:93] INFO [sse:items] Processing item: 电动汽车电机控制器 <http://www.ssechina.com/products/ZCdjkz.htm>
2017-06-12 11:17:13,193 download_items_from_redis.py[line:93] INFO [sse:items] Processing item: ZEVQC电动汽车快速充电机 <http://www.ssechina.com/products/DYzevqc.htm>
2017-06-12 11:17:17,040 download_items_from_redis.py[line:93] INFO [sse:items] Processing item: SCM(Bi)充放电一体机 <http://www.ssechina.com/products/DYscm-bi.htm>
2017-06-12 11:17:21,193 download_items_from_redis.py[line:93] INFO [sse:items] Processing item: 无功补偿组合套件 <http://www.ssechina.com/products/DNhdr-t-lc.htm>
2017-06-12 11:17:23,180 download_items_from_redis.py[line:93] INFO [sse:items] Processing item: HDR-C电容器系列 <http://www.ssechina.com/products/DNhdr-c.htm>
2017-06-12 11:17:23,184 download_items_from_redis.py[line:93] INFO [sse:items] Processing item: ZECD-B壁挂式交流充电桩 <http://www.ssechina.com/products/DYzecd-b.htm>
2017-06-12 11:17:26,331 download_items_from_redis.py[line:93] INFO [sse:items] Processing item: HDR-L串联电抗器系列 <http://www.ssechina.com/products/DNhdr-l.htm>
2017-06-12 11:17:27,648 download_items_from_redis.py[line:93] INFO [sse:items] Processing item: ZECD-R路灯式交流充电桩 <http://www.ssechina.com/products/DYzecd-r.htm>
2017-06-12 11:17:31,209 download_items_from_redis.py[line:93] INFO [sse:items] Processing item: HDR-LC滤波补偿模块系列 <http://www.ssechina.com/products/DNhdr-lc.htm>
2017-06-12 11:17:33,709 download_items_from_redis.py[line:93] INFO [sse:items] Processing item: ZEVBOX电动汽车智能充电宝 <http://www.ssechina.com/products/DYzevbox.htm>
2017-06-12 11:17:36,588 download_items_from_redis.py[line:93] INFO [sse:items] Processing item: HDR-PF控制器系列 <http://www.ssechina.com/products/DNhdr-pf.htm>
2017-06-12 11:17:38,868 download_items_from_redis.py[line:93] INFO [sse:items] Processing item: 动力电池系统总成服务 <http://www.ssechina.com/products/ZCxitong.htm>
2017-06-12 11:17:42,387 download_items_from_redis.py[line:93] INFO [sse:items] Processing item: HDR-LCR滤波补偿模块系列 <http://www.ssechina.com/products/DNhdr-lcr.htm>
2017-06-12 11:17:44,092 download_items_from_redis.py[line:93] INFO [sse:items] Processing item: ZEVPACK多功能柔性连接电池箱 <http://www.ssechina.com/products/ZCzevpack.htm>
2017-06-12 11:17:45,789 download_items_from_redis.py[line:93] INFO [sse:items] Processing item: 充电站解决方案 <http://www.ssechina.com/products/DYcdz.htm>
2017-06-12 11:17:48,575 download_items_from_redis.py[line:93] INFO [sse:items] Processing item: 电动汽车智能高压配电箱 <http://www.ssechina.com/products/ZCpeidianxiang.htm>
2017-06-12 11:17:50,331 download_items_from_redis.py[line:93] INFO [sse:items] Processing item: 电动汽车光伏动力系统 <http://www.ssechina.com/products/ZCgfdydl.htm>
2017-06-12 11:17:54,585 download_items_from_redis.py[line:93] INFO [sse:items] Processing item: 储能电站 <http://www.ssechina.com/products/DYchunengdianzhan.htm>
2017-06-12 11:17:56,319 download_items_from_redis.py[line:93] INFO [sse:items] Processing item: SCM智能充放电控制装置 <http://www.ssechina.com/products/DYscm.htm>
2017-06-12 11:17:58,276 download_items_from_redis.py[line:93] INFO [sse:items] Processing item: 电动汽车车载DC-DC转换器 <http://www.ssechina.com/products/DYdc-dc-zhuanhuanqi.htm>
2017-06-12 11:18:01,670 download_items_from_redis.py[line:93] INFO [sse:items] Processing item: ZACD智能广告屏电动汽车充电机 <http://www.ssechina.com/products/DYzacd.htm>
2017-06-12 11:18:04,230 download_items_from_redis.py[line:93] INFO [sse:items] Processing item: 双向DC/DC变流器 <http://www.ssechina.com/products/shuangxiangdcdcbianliuqi.htm>
2017-06-12 11:18:07,325 download_items_from_redis.py[line:93] INFO [sse:items] Processing item: ZPC系列无环流进相控制装置 <http://www.ssechina.com/products/RQzpc.htm>
2017-06-12 11:18:07,463 download_items_from_redis.py[line:93] INFO [sse:items] Processing item: ZECD落地式交流充电桩 <http://www.ssechina.com/products/DYzecd.htm>
2017-06-12 11:18:12,355 download_items_from_redis.py[line:93] INFO [sse:items] Processing item: ZICB车载充电机 <http://www.ssechina.com/products/DYzicb.htm>
2017-06-12 11:18:13,427 download_items_from_redis.py[line:93] INFO [sse:items] Processing item: GZRQ中高压电动机智能固态软起动装置 <http://www.ssechina.com/products/RQgzrq.htm>
2017-06-12 11:18:17,638 download_items_from_redis.py[line:93] INFO [sse:items] Processing item: GZDQ系列大功率高压电动机增容起动补偿装置 <http://www.ssechina.com/products/RQgzdq.htm>
2017-06-12 11:18:18,700 download_items_from_redis.py[line:93] INFO [sse:items] Processing item: GZYQ高压交流电动机液态软起动装置 <http://www.ssechina.com/products/RQgzyq.htm>
2017-06-12 11:18:20,372 download_items_from_redis.py[line:93] INFO [sse:items] Processing item: ZDBK系列自动电液变阻起动补偿控制装置 <http://www.ssechina.com/products/RQzdbk.htm>
2017-06-12 11:18:23,914 download_items_from_redis.py[line:93] INFO [sse:items] Processing item: ZYQ2系列自动电液变阻软起动控制装置 <http://www.ssechina.com/products/RQzyq2.htm>
2017-06-12 11:18:24,046 download_items_from_redis.py[line:93] INFO [sse:items] Processing item: MSCC系列电动机智能软起动节能控制装置 <http://www.ssechina.com/products/RQmscc.htm>
2017-06-12 11:18:26,654 download_items_from_redis.py[line:93] INFO [sse:items] Processing item: ZYQT系列自动电液变阻起动调速控制装置 <http://www.ssechina.com/products/RQzyqt.htm>
2017-06-12 11:18:29,973 download_items_from_redis.py[line:93] INFO [sse:items] Processing item: ZRSD系列水电阻负载装置 <http://www.ssechina.com/products/RQzrsd.htm>
2017-06-12 11:18:31,345 download_items_from_redis.py[line:93] INFO [sse:items] Processing item: MSCC-C系列电动机智能软起动补偿控制装置 <http://www.ssechina.com/products/RQmscc-c.htm>
2017-06-12 11:18:35,125 download_items_from_redis.py[line:93] INFO [sse:items] Processing item: ZYQ3系列自动电液变阻软起动控制装置 <http://www.ssechina.com/products/RQzyq3.htm>
2017-06-12 11:18:36,148 download_items_from_redis.py[line:93] INFO [sse:items] Processing item: 软起动装置智遥及远程监控平台 <http://www.ssechina.com/products/RQjiankong.htm>
2017-06-12 11:18:39,642 download_items_from_redis.py[line:93] INFO [sse:items] Processing item: GZRQ中高压电动机智能固态软起动三合一装置 <http://www.ssechina.com/products/RQgzrq3.htm>
2017-06-12 11:18:40,601 download_items_from_redis.py[line:93] INFO [sse:items] Processing item: GCS型低压抽出式开关柜 <http://www.ssechina.com/products/GFgcs.htm>
2017-06-12 11:18:44,476 download_items_from_redis.py[line:93] INFO [sse:items] Processing item: GZDW系列直流屏 <http://www.ssechina.com/products/GFgzdw.htm>
2017-06-12 11:18:45,734 download_items_from_redis.py[line:93] INFO [sse:items] Processing item: 光伏并网电站系统及解决方案 <http://www.ssechina.com/products/GFEPC.htm>
2017-06-12 11:18:49,124 download_items_from_redis.py[line:93] INFO [sse:items] Processing item: SPV-D直流防雷配电柜 <http://www.ssechina.com/products/GFspv-d.htm>
2017-06-12 11:18:50,233 download_items_from_redis.py[line:93] INFO [sse:items] Processing item: GGD系列交流低压配电柜 <http://www.ssechina.com/products/GFggd.htm>
2017-06-12 11:18:53,092 download_items_from_redis.py[line:93] INFO [sse:items] Processing item: KYN28A-12系列户内铠装移开式交流金属封闭开关设备 <http://www.ssechina.com/products/GFkyn28a-12.htm>
2017-06-12 11:18:54,431 download_items_from_redis.py[line:93] INFO [sse:items] Processing item: SPV-B系列光伏防雷汇流箱 <http://www.ssechina.com/products/GFspv-b.htm>
2017-06-12 11:18:57,206 download_items_from_redis.py[line:93] INFO [sse:items] Processing item: 追日光伏发电能量优化系统MagicSystem <http://www.ssechina.com/products/GFmagicsystem.htm>
2017-06-12 11:19:00,529 download_items_from_redis.py[line:93] INFO [sse:items] Processing item: ZRSVG系列高压动态无功补偿装置 <http://www.ssechina.com/products/GFzrsvg.htm>
2017-06-12 11:19:02,405 download_items_from_redis.py[line:93] INFO [sse:items] Processing item: 无线监控系统解决方案 <http://www.ssechina.com/products/GFwuxianjiankong.htm>
2017-06-12 11:19:04,529 download_items_from_redis.py[line:93] INFO [sse:items] Processing item: KYN61-40.5(Z)系列铠装移开式交流金属封闭开关设备 <http://www.ssechina.com/products/GFkyn61-40.5z.htm>
2017-06-12 11:19:07,339 download_items_from_redis.py[line:93] INFO [sse:items] Processing item: ZGS11-H(Z)系列组合式变压器 <http://www.ssechina.com/products/GFzgs11-h-bianyaqi.htm>
2017-06-12 11:19:09,184 download_items_from_redis.py[line:93] INFO [sse:items] Processing item: SMS系列-集装箱式光储智能微电网装置 <http://www.ssechina.com/products/GFsms-jzx-gcnwdw.htm>
2017-06-12 11:19:12,683 download_items_from_redis.py[line:93] INFO [sse:items] Processing item: 预装式逆变装置 <http://www.ssechina.com/products/GFyzs-solar-inverter.htm>
2017-06-12 11:19:14,405 download_items_from_redis.py[line:93] INFO [sse:items] Processing item: YB系列预装式变电站 <http://www.ssechina.com/products/GFyb-biandianzhan.htm>
2017-06-12 11:19:15,946 download_items_from_redis.py[line:93] INFO [sse:items] Processing item: 单相光伏并网逆变器4-6kW <http://www.ssechina.com/products/GF4-6kw-solar-inverter.htm>
2017-06-12 11:19:19,141 download_items_from_redis.py[line:93] INFO [sse:items] Processing item: 三相光伏并网逆变器630kW <http://www.ssechina.com/products/GF630kw-solar-inverter.htm>
2017-06-12 11:19:20,411 download_items_from_redis.py[line:93] INFO [sse:items] Processing item: SPG-1000K3TL-T光伏逆变装置 <http://www.ssechina.com/products/GFjzx-solar-inverter.htm>
2017-06-12 11:19:22,898 download_items_from_redis.py[line:93] INFO [sse:items] Processing item: 单相光伏并网逆变器1.5-3kW <http://www.ssechina.com/products/GF1-3kw-solar-inverter.htm>
2017-06-12 11:19:23,311 download_items_from_redis.py[line:93] INFO [sse:items] Processing item: 三相光伏并网逆变器20-30kW <http://www.ssechina.com/products/GF20-30kw-solar-inverter.htm>
2017-06-12 11:19:27,638 download_items_from_redis.py[line:93] INFO [sse:items] Processing item: 直流1500V大功率光伏并网逆变器 <http://www.ssechina.com/products/GF1500V-solar-inverter.htm>
2017-06-12 11:19:29,150 download_items_from_redis.py[line:93] INFO [sse:items] Processing item: 1500V/2MW集装箱式光伏逆变装置 <http://www.ssechina.com/products/GF1500V-2MW-solar-inverter.htm>
2017-06-12 11:19:33,483 download_items_from_redis.py[line:93] INFO [sse:items] Processing item: 三相光伏并网逆变器10-17kW <http://www.ssechina.com/products/GF10-17kw-solar-inverter.htm>
2017-06-12 11:19:34,214 download_items_from_redis.py[line:93] INFO [sse:items] Processing item: 三相光伏并网逆变器500kW <http://www.ssechina.com/products/sanxiangguangfubingwangnibianqi500kw.htm>
2017-06-12 11:19:38,855 download_items_from_redis.py[line:93] INFO [sse:items] Processing item: SPSH系列-组合式储能逆变器 <http://www.ssechina.com/products/GFspsh-cn-solar-inverter.htm>
2017-06-12 11:19:39,355 download_items_from_redis.py[line:93] INFO [sse:items] Processing item: ZS动态补偿模块系列 <http://www.ssechina.com/products/DNzs.htm>
2017-06-12 11:19:42,546 download_items_from_redis.py[line:93] INFO [sse:items] Processing item: 三相光伏并网逆变器30-250kW <http://www.ssechina.com/products/sanxiangguangfubingwangnibianqi30250kw.htm>
2017-06-12 11:19:45,266 download_items_from_redis.py[line:93] INFO [sse:items] Processing item: ZFK系列低压复合开关 <http://www.ssechina.com/products/DNzfk.htm>
2017-06-12 11:19:47,641 download_items_from_redis.py[line:93] INFO [sse:items] Processing item: TBB系列高压无功集中补偿装置 <http://www.ssechina.com/products/DNtbb.htm>
2017-06-12 11:19:50,443 download_items_from_redis.py[line:93] INFO [sse:items] Processing item: ZAHP谐波保护器 <http://www.ssechina.com/products/DNzahp.htm>
2017-06-12 11:19:51,674 download_items_from_redis.py[line:93] INFO [sse:items] Processing item: GWBK系列高压电动机无功就地补偿装置 <http://www.ssechina.com/products/DNgwbk.htm>
2017-06-12 11:19:54,052 download_items_from_redis.py[line:93] INFO [sse:items] Processing item: ZMAF智能模块式混合滤波补偿装置 <http://www.ssechina.com/products/DNzmaf.htm>
2017-06-12 11:19:57,168 download_items_from_redis.py[line:93] INFO [sse:items] Processing item: ZHPF并联型混合滤波装置 <http://www.ssechina.com/products/DNzhpf.htm>
2017-06-12 11:19:58,362 download_items_from_redis.py[line:93] INFO [sse:items] Processing item: ZPSR系列纯净电源修复装置 <http://www.ssechina.com/products/DNzpsr.htm>
2017-06-12 11:20:01,832 download_items_from_redis.py[line:93] INFO [sse:items] Processing item: ZRCE系列自愈式低压并联电容器 <http://www.ssechina.com/products/DNzrce.htm>
2017-06-12 11:20:04,359 download_items_from_redis.py[line:93] INFO [sse:items] Processing item: ZRFC系列高压无源滤波装置 <http://www.ssechina.com/products/DNzrfc.htm>
2017-06-12 11:20:07,101 download_items_from_redis.py[line:93] INFO [sse:items] Processing item: ZRLE系列干式串联电抗器 <http://www.ssechina.com/products/DNzrle.htm>
2017-06-12 11:20:08,701 download_items_from_redis.py[line:93] INFO [sse:items] Processing item: ZSVC智能补偿滤波装置 <http://www.ssechina.com/products/DNzsvc.htm>
2017-06-12 11:20:12,720 download_items_from_redis.py[line:93] INFO [sse:items] Processing item: ZSVG有源无功发生装置 <http://www.ssechina.com/products/DNzsvg.htm>
2017-06-12 11:20:14,476 download_items_from_redis.py[line:93] INFO [sse:items] Processing item: ZTFC低压动态滤波补偿装置 <http://www.ssechina.com/products/DNztfc.htm>
2017-06-12 11:20:18,671 download_items_from_redis.py[line:93] INFO [sse:items] Processing item: ZTSC低压动态无功补偿装置 <http://www.ssechina.com/products/DNztsc.htm>
2017-06-12 11:20:19,243 download_items_from_redis.py[line:93] INFO [sse:items] Processing item: ZMSVC磁控式高压动态无功补偿装置 <http://www.ssechina.com/products/DNzmsvc.htm>
2017-06-12 11:20:23,119 download_items_from_redis.py[line:93] INFO [sse:items] Processing item: ZMSVG智能模块式混合无功发生装置 <http://www.ssechina.com/products/DNzmsvg.htm>
2017-06-12 11:20:24,517 download_items_from_redis.py[line:93] INFO [sse:items] Processing item: ZRSVG高压有源无功补偿装置 <http://www.ssechina.com/products/DNzrsvg.htm>
2017-06-12 11:20:28,299 download_items_from_redis.py[line:93] INFO [sse:items] Processing item: ZRWKA系列低压无功补偿控制器 <http://www.ssechina.com/products/DNzrwka.htm>
2017-06-12 11:20:30,638 download_items_from_redis.py[line:93] INFO [sse:items] Processing item: ZAPF三相三线并联有源电力滤波装置(有源滤波器) <http://www.ssechina.com/products/DN3L-zapf.htm>
2017-06-12 11:20:33,035 download_items_from_redis.py[line:93] INFO [sse:items] Processing item: ZAPF三相四线并联有源电力滤波装置(有源滤波器) <http://www.ssechina.com/products/DN4L-zapf.htm>
2017-06-12 11:20:36,256 download_items_from_redis.py[line:93] INFO [sse:items] Processing item: GCK型低压抽出式开关设备 <http://www.ssechina.com/products/CTgck.htm>
2017-06-12 11:20:39,148 download_items_from_redis.py[line:93] INFO [sse:items] Processing item: GGD型低压开关设备 <http://www.ssechina.com/products/CTggd.htm>
2017-06-12 11:20:40,573 download_items_from_redis.py[line:93] INFO [sse:items] Processing item: GCS型低压抽出式开关设备 <http://www.ssechina.com/products/CTgcs.htm>
2017-06-12 11:20:43,825 download_items_from_redis.py[line:93] INFO [sse:items] Processing item: MNS型低压抽出式开关柜 <http://www.ssechina.com/products/CTmns.htm>
2017-06-12 11:20:44,400 download_items_from_redis.py[line:93] INFO [sse:items] Processing item: JXF动力配电箱 <http://www.ssechina.com/products/CTjxf.htm>
2017-06-12 11:20:46,585 download_items_from_redis.py[line:93] INFO [sse:items] Processing item: XL-21型动力配电柜 <http://www.ssechina.com/products/CTxl-21.htm>
2017-06-12 11:20:48,753 download_items_from_redis.py[line:93] INFO [sse:items] Processing item: GZDW系列直流电源柜 <http://www.ssechina.com/products/CTgzdw.htm>
2017-06-12 11:20:51,710 download_items_from_redis.py[line:93] INFO [sse:items] Processing item: GG-1A(F)型固定式户内交流金属封闭开关设备 <http://www.ssechina.com/products/CTgg-1a-f.htm>
2017-06-12 11:20:54,043 download_items_from_redis.py[line:93] INFO [sse:items] Processing item: ZGS11系列组合式变压器 <http://www.ssechina.com/products/CTzgs11.htm>
2017-06-12 11:20:57,592 download_items_from_redis.py[line:93] INFO [sse:items] Processing item: XGN2-12系列箱型固定式金属封闭开关设备 <http://www.ssechina.com/products/CTxgn2-12.htm>
2017-06-12 11:20:58,107 download_items_from_redis.py[line:93] INFO [sse:items] Processing item: HXGN-12系列箱型固定式交流金属封闭环网高压开关柜 <http://www.ssechina.com/products/CThxgn-12.htm>
2017-06-12 11:21:02,325 download_items_from_redis.py[line:93] INFO [sse:items] Processing item: KYN28A-12铠装中置式金属封闭开关设备 <http://www.ssechina.com/products/CTkyn28a-12.htm>
2017-06-12 11:21:03,588 download_items_from_redis.py[line:93] INFO [sse:items] Processing item: KYN61-40.5型铠装移开式交流金属封闭开关设备 <http://www.ssechina.com/products/CTkyn61-40.5.htm>
2017-06-12 11:21:04,631 download_items_from_redis.py[line:93] INFO [sse:items] Processing item: YB系列预装式变电站 <http://www.ssechina.com/products/CTyb-biandianzhan.htm>
