2017-05-30 09:05:39,957 download_items_from_redis.py[line:113] INFO [process id 0] start to download items in 'tt:items' (server: localhost, port: 6379)
2017-05-30 09:05:41,000 download_items_from_redis.py[line:93] INFO [tt:items] Processing item: 1220/1280轴承 <http://www.timken-timken.cn/1220/1280.html>
2017-05-30 09:05:41,000 download_items_from_redis.py[line:93] INFO [tt:items] Processing item: 08231-B/8125轴承 <http://www.timken-timken.cn/08231-B/8125.html>
2017-05-30 09:05:41,015 download_items_from_redis.py[line:93] INFO [tt:items] Processing item: 09196/9074轴承 <http://www.timken-timken.cn/09196/9074.html>
2017-05-30 09:05:41,015 download_items_from_redis.py[line:93] INFO [tt:items] Processing item: 02820/02872轴承 <http://www.timken-timken.cn/02820/02872.html>
2017-05-30 09:05:41,015 download_items_from_redis.py[line:93] INFO [tt:items] Processing item: 02820/02875轴承 <http://www.timken-timken.cn/02820/02875.html>
2017-05-30 09:05:41,030 download_items_from_redis.py[line:93] INFO [tt:items] Processing item: 02823D/02876轴承 <http://www.timken-timken.cn/02823D/02876.html>
2017-05-30 09:05:41,030 download_items_from_redis.py[line:93] INFO [tt:items] Processing item: 02820/02877轴承 <http://www.timken-timken.cn/02820/02877.html>
2017-05-30 09:05:41,030 download_items_from_redis.py[line:93] INFO [tt:items] Processing item: 02820/02878轴承 <http://www.timken-timken.cn/02820/02878.html>
2017-05-30 09:05:41,030 download_items_from_redis.py[line:93] INFO [tt:items] Processing item: 03062/03162轴承 <http://www.timken-timken.cn/03062/03162.html>
2017-05-30 09:05:41,046 download_items_from_redis.py[line:93] INFO [tt:items] Processing item: 05062/05185轴承 <http://www.timken-timken.cn/05062/05185.html>
2017-05-30 09:05:41,046 download_items_from_redis.py[line:93] INFO [tt:items] Processing item: 05066/05185轴承 <http://www.timken-timken.cn/05066/05185.html>
2017-05-30 09:05:41,046 download_items_from_redis.py[line:93] INFO [tt:items] Processing item: 05068/05175轴承 <http://www.timken-timken.cn/05068/05175.html>
2017-05-30 09:05:41,046 download_items_from_redis.py[line:93] INFO [tt:items] Processing item: 05075/05185轴承 <http://www.timken-timken.cn/05075/05185.html>
2017-05-30 09:05:43,834 download_items_from_redis.py[line:93] INFO [tt:items] Processing item: 05079/05180D轴承 <http://www.timken-timken.cn/05079/05180D.html>
2017-05-30 09:05:49,282 download_items_from_redis.py[line:93] INFO [tt:items] Processing item: 07079/07196D轴承 <http://www.timken-timken.cn/07079/07196D.html>
2017-05-30 09:05:54,595 download_items_from_redis.py[line:93] INFO [tt:items] Processing item: 07087/07196轴承 <http://www.timken-timken.cn/07087/07196.html>
2017-05-30 09:05:58,321 download_items_from_redis.py[line:93] INFO [tt:items] Processing item: 07093/07196轴承 <http://www.timken-timken.cn/07093/07196.html>
2017-05-30 09:06:02,721 download_items_from_redis.py[line:93] INFO [tt:items] Processing item: 07097/07196轴承 <http://www.timken-timken.cn/07097/07196.html>
2017-05-30 09:06:08,382 download_items_from_redis.py[line:93] INFO [tt:items] Processing item: 07098/07196轴承 <http://www.timken-timken.cn/07098/07196.html>
2017-05-30 09:06:14,227 download_items_from_redis.py[line:93] INFO [tt:items] Processing item: 08118/08231轴承 <http://www.timken-timken.cn/08118/08231.html>
2017-05-30 09:06:19,457 download_items_from_redis.py[line:93] INFO [tt:items] Processing item: 08125/08231轴承 <http://www.timken-timken.cn/08125/08231.html>
2017-05-30 09:06:21,918 download_items_from_redis.py[line:93] INFO [tt:items] Processing item: 09062/09194轴承 <http://www.timken-timken.cn/09062/09194.html>
2017-05-30 09:06:26,901 download_items_from_redis.py[line:93] INFO [tt:items] Processing item: 09067/09194轴承 <http://www.timken-timken.cn/09067/09194.html>
2017-05-30 09:06:31,838 download_items_from_redis.py[line:93] INFO [tt:items] Processing item: 09074/09194轴承 <http://www.timken-timken.cn/09074/09194.html>
2017-05-30 09:06:34,400 download_items_from_redis.py[line:93] INFO [tt:items] Processing item: 09078/09194轴承 <http://www.timken-timken.cn/09078/09194.html>
2017-05-30 09:06:41,944 download_items_from_redis.py[line:93] INFO [tt:items] Processing item: 09081/09195AB轴承 <http://www.timken-timken.cn/09081/09195AB.html>
2017-05-30 09:06:42,772 download_items_from_redis.py[line:93] INFO [tt:items] Processing item: 11162/11300轴承 <http://www.timken-timken.cn/11162/11300.html>
2017-05-30 09:06:46,875 download_items_from_redis.py[line:93] INFO [tt:items] Processing item: 11163/11300轴承 <http://www.timken-timken.cn/11163/11300.html>
2017-05-30 09:06:50,522 download_items_from_redis.py[line:93] INFO [tt:items] Processing item: 11520/11590轴承 <http://www.timken-timken.cn/11520/11590.html>
2017-05-30 09:06:55,838 download_items_from_redis.py[line:93] INFO [tt:items] Processing item: 12168/12303轴承 <http://www.timken-timken.cn/12168/12303.html>
2017-05-30 09:07:01,809 download_items_from_redis.py[line:93] INFO [tt:items] Processing item: 12175/12303轴承 <http://www.timken-timken.cn/12175/12303.html>
2017-05-30 09:07:05,351 download_items_from_redis.py[line:93] INFO [tt:items] Processing item: 12520/12580轴承 <http://www.timken-timken.cn/12520/12580.html>
2017-05-30 09:07:10,625 download_items_from_redis.py[line:93] INFO [tt:items] Processing item: 05070X/05185-S轴承 <http://www.timken-timken.cn/05070X/05185-S.html>
2017-05-30 09:07:21,901 download_items_from_redis.py[line:93] INFO [tt:items] Processing item: 07079X/07204轴承 <http://www.timken-timken.cn/07079X/07204.html>
