2017-06-05 15:59:25,819 download_items_from_redis.py[line:113] INFO [process id 0] start to download items in 'cfled:items' (server: localhost, port: 6379)
2017-06-05 15:59:26,858 download_items_from_redis.py[line:93] INFO [cfled:items] Processing item: T8灯管（pc） <http://www.cfled.com/product1_show.aspx?ProId=546>
2017-06-05 15:59:26,861 download_items_from_redis.py[line:93] INFO [cfled:items] Processing item: φ5MM圆头 <http://www.cfled.com/product1_show.aspx?ProId=369>
2017-06-05 15:59:26,862 download_items_from_redis.py[line:93] INFO [cfled:items] Processing item: 5W功率 <http://www.cfled.com/product1_show.aspx?ProId=372>
2017-06-05 15:59:26,865 download_items_from_redis.py[line:93] INFO [cfled:items] Processing item: SMD5050 <http://www.cfled.com/product1_show.aspx?ProId=380>
2017-06-05 15:59:26,867 download_items_from_redis.py[line:93] INFO [cfled:items] Processing item: 1W光源 <http://www.cfled.com/product1_show.aspx?ProId=381>
2017-06-05 15:59:26,868 download_items_from_redis.py[line:93] INFO [cfled:items] Processing item: 45WLED路灯 <http://www.cfled.com/product1_show.aspx?ProId=446>
2017-06-05 15:59:26,871 download_items_from_redis.py[line:93] INFO [cfled:items] Processing item: LED护眼台灯 <http://www.cfled.com/product1_show.aspx?ProId=590>
2017-06-05 15:59:26,872 download_items_from_redis.py[line:93] INFO [cfled:items] Processing item: LED儿童台灯 <http://www.cfled.com/product1_show.aspx?ProId=591>
2017-06-05 15:59:26,875 download_items_from_redis.py[line:93] INFO [cfled:items] Processing item: 球泡灯（PC灯杯） <http://www.cfled.com/product1_show.aspx?ProId=549>
2017-06-05 15:59:26,877 download_items_from_redis.py[line:93] INFO [cfled:items] Processing item: φ8MM草帽 <http://www.cfled.com/product1_show.aspx?ProId=370>
2017-06-05 15:59:26,878 download_items_from_redis.py[line:93] INFO [cfled:items] Processing item: 3WLED射灯 <http://www.cfled.com/product1_show.aspx?ProId=250>
2017-06-05 15:59:26,881 download_items_from_redis.py[line:93] INFO [cfled:items] Processing item: SMD3528 <http://www.cfled.com/product1_show.aspx?ProId=371>
2017-06-05 15:59:26,881 download_items_from_redis.py[line:93] INFO [cfled:items] Processing item: 吸顶灯（阑珊2号） <http://www.cfled.com/product1_show.aspx?ProId=572>
2017-06-05 15:59:26,882 download_items_from_redis.py[line:93] INFO [cfled:items] Processing item: 9W帕灯 <http://www.cfled.com/product1_show.aspx?ProId=248>
2017-06-05 15:59:26,884 download_items_from_redis.py[line:93] INFO [cfled:items] Processing item: 50WCOB导轨灯 <http://www.cfled.com/product1_show.aspx?ProId=581>
2017-06-05 15:59:26,888 download_items_from_redis.py[line:93] INFO [cfled:items] Processing item: 3W蜡烛灯 <http://www.cfled.com/product1_show.aspx?ProId=89>
2017-06-05 15:59:26,888 download_items_from_redis.py[line:93] INFO [cfled:items] Processing item: 面板灯（可调光） <http://www.cfled.com/product1_show.aspx?ProId=582>
2017-06-05 15:59:26,891 download_items_from_redis.py[line:93] INFO [cfled:items] Processing item: T8灯管（pc） <http://www.cfled.com/product1_show.aspx?ProId=546>
2017-06-05 15:59:26,892 download_items_from_redis.py[line:93] INFO [cfled:items] Processing item: 球泡灯（PC灯杯） <http://www.cfled.com/product1_show.aspx?ProId=549>
2017-06-05 15:59:26,894 download_items_from_redis.py[line:93] INFO [cfled:items] Processing item: 3W蜡烛灯 <http://www.cfled.com/product1_show.aspx?ProId=89>
2017-06-05 15:59:26,897 download_items_from_redis.py[line:93] INFO [cfled:items] Processing item: 50WCOB导轨灯 <http://www.cfled.com/product1_show.aspx?ProId=581>
2017-06-05 15:59:26,898 download_items_from_redis.py[line:93] INFO [cfled:items] Processing item: 3WLED射灯 <http://www.cfled.com/product1_show.aspx?ProId=250>
2017-06-05 15:59:26,900 download_items_from_redis.py[line:93] INFO [cfled:items] Processing item: φ8MM草帽 <http://www.cfled.com/product1_show.aspx?ProId=370>
2017-06-05 15:59:26,903 download_items_from_redis.py[line:93] INFO [cfled:items] Processing item: SMD3528 <http://www.cfled.com/product1_show.aspx?ProId=371>
2017-06-05 15:59:26,904 download_items_from_redis.py[line:93] INFO [cfled:items] Processing item: φ4.8MM草帽 <http://www.cfled.com/product1_show.aspx?ProId=382>
2017-06-05 15:59:26,905 download_items_from_redis.py[line:93] INFO [cfled:items] Processing item: SMD5050 <http://www.cfled.com/product1_show.aspx?ProId=380>
2017-06-05 15:59:26,907 download_items_from_redis.py[line:93] INFO [cfled:items] Processing item: 9W帕灯 <http://www.cfled.com/product1_show.aspx?ProId=248>
2017-06-05 15:59:26,911 download_items_from_redis.py[line:93] INFO [cfled:items] Processing item: 吸顶灯（阑珊2号） <http://www.cfled.com/product1_show.aspx?ProId=572>
2017-06-05 15:59:26,914 download_items_from_redis.py[line:93] INFO [cfled:items] Processing item: φ5MM圆头 <http://www.cfled.com/product1_show.aspx?ProId=369>
2017-06-05 15:59:26,917 download_items_from_redis.py[line:93] INFO [cfled:items] Processing item: 5W功率 <http://www.cfled.com/product1_show.aspx?ProId=372>
2017-06-05 15:59:26,921 download_items_from_redis.py[line:93] INFO [cfled:items] Processing item: T5无影支架（塑胶单电压） <http://www.cfled.com/product1_show.aspx?ProId=602>
2017-06-05 15:59:26,926 download_items_from_redis.py[line:93] INFO [cfled:items] Processing item: 天花筒灯（金属） <http://www.cfled.com/product1_show.aspx?ProId=564>
2017-06-05 15:59:26,936 download_items_from_redis.py[line:93] INFO [cfled:items] Processing item: 面板灯（可调光） <http://www.cfled.com/product1_show.aspx?ProId=582>
2017-06-05 15:59:26,940 download_items_from_redis.py[line:93] INFO [cfled:items] Processing item: cob天花灯（渠道） <http://www.cfled.com/product1_show.aspx?ProId=561>
2017-06-05 15:59:26,943 download_items_from_redis.py[line:93] INFO [cfled:items] Processing item: 1W光源 <http://www.cfled.com/product1_show.aspx?ProId=381>
2017-06-05 15:59:26,946 download_items_from_redis.py[line:93] INFO [cfled:items] Processing item: 厨卫灯（圆形） <http://www.cfled.com/product1_show.aspx?ProId=578>
2017-06-05 15:59:26,951 download_items_from_redis.py[line:93] INFO [cfled:items] Processing item: 3W格栅射灯 <http://www.cfled.com/product1_show.aspx?ProId=416>
2017-06-05 15:59:26,954 download_items_from_redis.py[line:93] INFO [cfled:items] Processing item: 45WLED路灯 <http://www.cfled.com/product1_show.aspx?ProId=446>
2017-06-05 15:59:26,959 download_items_from_redis.py[line:93] INFO [cfled:items] Processing item: LED护眼台灯 <http://www.cfled.com/product1_show.aspx?ProId=590>
2017-06-05 15:59:26,963 download_items_from_redis.py[line:93] INFO [cfled:items] Processing item: LED儿童台灯 <http://www.cfled.com/product1_show.aspx?ProId=591>
2017-06-05 15:59:26,969 download_items_from_redis.py[line:93] INFO [cfled:items] Processing item: T8灯管（pc） <http://www.cfled.com/product1_show.aspx?ProId=546>
2017-06-05 15:59:26,971 download_items_from_redis.py[line:93] INFO [cfled:items] Processing item: SMD3528 <http://www.cfled.com/product1_show.aspx?ProId=371>
2017-06-05 15:59:26,976 download_items_from_redis.py[line:93] INFO [cfled:items] Processing item: 5W功率 <http://www.cfled.com/product1_show.aspx?ProId=372>
2017-06-05 15:59:26,980 download_items_from_redis.py[line:93] INFO [cfled:items] Processing item: SMD5050 <http://www.cfled.com/product1_show.aspx?ProId=380>
2017-06-05 15:59:37,661 download_items_from_redis.py[line:93] INFO [cfled:items] Processing item: 1W光源 <http://www.cfled.com/product1_show.aspx?ProId=381>
2017-06-05 15:59:46,433 download_items_from_redis.py[line:93] INFO [cfled:items] Processing item: LED护眼台灯 <http://www.cfled.com/product1_show.aspx?ProId=590>
2017-06-05 16:00:03,749 download_items_from_redis.py[line:93] INFO [cfled:items] Processing item: LED儿童台灯 <http://www.cfled.com/product1_show.aspx?ProId=591>
