2017-06-02 12:57:22,013 download_items_from_redis.py[line:113] INFO [process id 0] start to download items in 'opple:items' (server: localhost, port: 6379)
2017-06-02 12:57:23,043 download_items_from_redis.py[line:93] INFO [opple:items] Processing item:  JQMP-18-L型阳角收边条-2-深木纹 <http://www.opple.com.cn/product/d/1/305/?type=diaoding>
2017-06-02 12:57:23,091 download_items_from_redis.py[line:93] INFO [opple:items] Processing item:  电器-JSNW01-速暖王 <http://www.opple.com.cn/product/d/1/91/?type=diaoding>
2017-06-02 12:57:23,091 download_items_from_redis.py[line:93] INFO [opple:items] Processing item: 吊灯-MD6966-D0.5*20*8 雪晶-8头-4000K  <http://www.opple.com.cn/product/d/1/197/?type=home>
2017-06-02 12:57:23,105 download_items_from_redis.py[line:93] INFO [opple:items] Processing item: 落地灯-ML340-D0.5*36-静厢  <http://www.opple.com.cn/product/d/1/692/?type=home>
2017-06-02 12:57:23,105 download_items_from_redis.py[line:93] INFO [opple:items] Processing item: 台灯-MZT400A-Y8-E27-金丽-无光源 <http://www.opple.com.cn/product/d/1/697/?type=home>
2017-06-02 12:57:23,105 download_items_from_redis.py[line:93] INFO [opple:items] Processing item: 台灯-MZT400B-Y8-E27-蒂斯-无光源 <http://www.opple.com.cn/product/d/1/699/?type=home>
2017-06-02 12:57:23,105 download_items_from_redis.py[line:93] INFO [opple:items] Processing item: 台灯-MZT400C-Y8-E27-铂欣-无光源 <http://www.opple.com.cn/product/d/1/701/?type=home>
2017-06-02 12:57:23,121 download_items_from_redis.py[line:93] INFO [opple:items] Processing item: 吸顶灯-MZD930-D1×180-YT-柏晶-5700K+2700K  <http://www.opple.com.cn/product/d/1/710/?type=home>
2017-06-02 12:57:23,121 download_items_from_redis.py[line:93] INFO [opple:items] Processing item: 餐吊灯-MZD8017-Y8×3-E14-欧曼-无光源  <http://www.opple.com.cn/product/d/1/807/?type=home>
2017-06-02 12:57:23,121 download_items_from_redis.py[line:93] INFO [opple:items] Processing item: 吊灯-MZD980-D0.2*570WT-莉亚-调光调色 <http://www.opple.com.cn/product/d/1/812/?type=home>
2017-06-02 12:57:23,121 download_items_from_redis.py[line:93] INFO [opple:items] Processing item: 吊灯-MZX485-D0.2×152WT-馨园-调光调色  <http://www.opple.com.cn/product/d/1/845/?type=home>
2017-06-02 12:57:23,121 download_items_from_redis.py[line:93] INFO [opple:items] Processing item: 吊灯-MZX385-D0.2×114WT-晶耀-调光调色  <http://www.opple.com.cn/product/d/1/846/?type=home>
2017-06-02 12:57:23,138 download_items_from_redis.py[line:93] INFO [opple:items] Processing item: 吊灯-MZX495-D0.2×152WT-晶耀-调光调色  <http://www.opple.com.cn/product/d/1/847/?type=home>
2017-06-02 12:57:23,138 download_items_from_redis.py[line:93] INFO [opple:items] Processing item: 吊灯-MZX340-D0.2×114WT-梦莲-调光调色  <http://www.opple.com.cn/product/d/1/848/?type=home>
2017-06-02 12:57:23,138 download_items_from_redis.py[line:93] INFO [opple:items] Processing item: 吊灯-MZX560-D0.2×228WT-梦莲-调光调色  <http://www.opple.com.cn/product/d/1/849/?type=home>
2017-06-02 12:57:23,138 download_items_from_redis.py[line:93] INFO [opple:items] Processing item:  电器-JSNW01-速暖王 <http://www.opple.com.cn/product/d/1/91/?type=diaoding>
2017-06-02 12:57:23,153 download_items_from_redis.py[line:93] INFO [opple:items] Processing item: LED筒灯-LED MTD0700612-皓柔 <http://www.opple.com.cn/product/d/1/109/?type=commercial>
2017-06-02 12:57:23,153 download_items_from_redis.py[line:93] INFO [opple:items] Processing item: LED筒灯-LED MTD0700812-皓柔  <http://www.opple.com.cn/product/d/1/110/?type=commercial>
2017-06-02 12:57:26,753 download_items_from_redis.py[line:93] INFO [opple:items] Processing item: 落地灯-MZL450B-Y14-E27-蒂斯-无光源 <http://www.opple.com.cn/product/d/1/700/?type=home>
2017-06-02 12:57:30,604 download_items_from_redis.py[line:93] INFO [opple:items] Processing item: 壁灯-MZB420-Y8×2-E14-卡丽熙-无光源  <http://www.opple.com.cn/product/d/1/703/?type=home>
2017-06-02 12:57:34,894 download_items_from_redis.py[line:93] INFO [opple:items] Processing item: 壁灯-MZB150E-Y8-E14-琼思-无光源 <http://www.opple.com.cn/product/d/1/744/?type=home>
2017-06-02 12:57:39,058 download_items_from_redis.py[line:93] INFO [opple:items] Processing item: 壁灯 -MZB440-Y8×2-E14-琼思-无光源 <http://www.opple.com.cn/product/d/1/747/?type=home>
2017-06-02 12:57:44,778 download_items_from_redis.py[line:93] INFO [opple:items] Processing item: 吊灯-MZD870B-D0.2*456WT-塔尔-调光调色 <http://www.opple.com.cn/product/d/1/752/?type=home>
2017-06-02 12:57:49,575 download_items_from_redis.py[line:93] INFO [opple:items] Processing item: 壁灯-MZB370-Y8×2-E14-雅兰-无光源 <http://www.opple.com.cn/product/d/1/753/?type=home>
2017-06-02 12:57:55,427 download_items_from_redis.py[line:93] INFO [opple:items] Processing item: 壁灯-MZB260-Y8-E14-风灵-无光源 <http://www.opple.com.cn/product/d/1/757/?type=home>
2017-06-02 12:58:00,536 download_items_from_redis.py[line:93] INFO [opple:items] Processing item: 壁灯-MZB150C-Y8-E14-莉亚-无光源 <http://www.opple.com.cn/product/d/1/765/?type=home>
2017-06-02 12:58:06,240 download_items_from_redis.py[line:93] INFO [opple:items] Processing item: 壁灯-MZB150B-Y8-E14-美勒-无光源 <http://www.opple.com.cn/product/d/1/785/?type=home>
2017-06-02 12:58:11,703 download_items_from_redis.py[line:93] INFO [opple:items] Processing item: 壁灯-MZB150A-Y8-E14-洛特-无光源  <http://www.opple.com.cn/product/d/1/792/?type=home>
2017-06-02 12:58:16,898 download_items_from_redis.py[line:93] INFO [opple:items] Processing item: 吊灯-MZD770-D0.2*304WT-法兰诗-调光调色 <http://www.opple.com.cn/product/d/1/815/?type=home>
2017-06-02 12:58:22,644 download_items_from_redis.py[line:93] INFO [opple:items] Processing item: 吊灯-MZD710B-D0.2×228WT-莉薇-调光调色  <http://www.opple.com.cn/product/d/1/836/?type=home>
2017-06-02 12:58:28,447 download_items_from_redis.py[line:93] INFO [opple:items] Processing item:  电器-JSNW01-速暖王 <http://www.opple.com.cn/product/d/1/91/?type=diaoding>
2017-06-02 12:58:33,980 download_items_from_redis.py[line:93] INFO [opple:items] Processing item:  电器-JSNW01-速暖王 <http://www.opple.com.cn/product/d/1/91/?type=diaoding>
2017-06-02 12:58:39,216 download_items_from_redis.py[line:93] INFO [opple:items] Processing item: 吸顶灯-MX8259-D0.5*324-YT-片刻  <http://www.opple.com.cn/product/d/1/401/?type=home>
2017-06-02 12:58:44,926 download_items_from_redis.py[line:93] INFO [opple:items] Processing item: 吊灯-MZX1280-D0.5x216+0.5x9-T-扁舟-4000K  <http://www.opple.com.cn/product/d/1/408/?type=home>
2017-06-02 12:58:50,414 download_items_from_redis.py[line:93] INFO [opple:items] Processing item: 壁灯-MB310-D0.5×18-扁舟-4000K  <http://www.opple.com.cn/product/d/1/410/?type=home>
2017-06-02 12:58:53,262 download_items_from_redis.py[line:93] INFO [opple:items] Processing item: 吊灯-MZD1080-D1*72-梅香-4000K  <http://www.opple.com.cn/product/d/1/413/?type=home>
2017-06-02 12:58:55,390 download_items_from_redis.py[line:93] INFO [opple:items] Processing item: 吊灯-MZD150-D0.2×30-铃兰-4000K  <http://www.opple.com.cn/product/d/1/425/?type=home>
2017-06-02 12:59:00,176 download_items_from_redis.py[line:93] INFO [opple:items] Processing item: 壁灯-MZB300-D0.2*150-兰影-4000K  <http://www.opple.com.cn/product/d/1/452/?type=home>
2017-06-02 12:59:06,028 download_items_from_redis.py[line:93] INFO [opple:items] Processing item: 吸顶灯-MZX7070-D0.2*400-碧落-调光调色  <http://www.opple.com.cn/product/d/1/455/?type=home>
2017-06-02 12:59:08,802 download_items_from_redis.py[line:93] INFO [opple:items] Processing item: 吊灯-MZD850-D0.2*180-玉如-4000K  <http://www.opple.com.cn/product/d/1/462/?type=home>
2017-06-02 12:59:14,408 download_items_from_redis.py[line:93] INFO [opple:items] Processing item: 壁灯-MZB383-D0.5*36-清竹-4000K  <http://www.opple.com.cn/product/d/1/475/?type=home>
2017-06-02 12:59:19,668 download_items_from_redis.py[line:93] INFO [opple:items] Processing item: 吊灯-MZD800-D0.2*540-1-新环耀-5700K  <http://www.opple.com.cn/product/d/1/643/?type=home>
2017-06-02 12:59:25,668 download_items_from_redis.py[line:93] INFO [opple:items] Processing item: 吊灯-MZX910-D1*72+D0.2*40-SD-馨缘-4000K  <http://www.opple.com.cn/product/d/1/652/?type=home>
2017-06-02 12:59:30,055 download_items_from_redis.py[line:93] INFO [opple:items] Processing item: 落地灯-MZL1500-D0.2*78-鹤影-4000K  <http://www.opple.com.cn/product/d/1/656/?type=home>
2017-06-02 12:59:34,894 download_items_from_redis.py[line:93] INFO [opple:items] Processing item:  电器-JSNW01-速暖王 <http://www.opple.com.cn/product/d/1/91/?type=diaoding>
2017-06-02 12:59:40,483 download_items_from_redis.py[line:93] INFO [opple:items] Processing item: 壁灯-MB145-D9×1-晨露-4000K  <http://www.opple.com.cn/product/d/1/464/?type=home>
2017-06-02 12:59:46,279 download_items_from_redis.py[line:93] INFO [opple:items] Processing item: 吊灯-MZD750-D1*72-朗阁-4000K  <http://www.opple.com.cn/product/d/1/646/?type=home>
2017-06-02 12:59:52,236 download_items_from_redis.py[line:93] INFO [opple:items] Processing item: 吊灯-MZD550-D1*40-朗阁-4000K  <http://www.opple.com.cn/product/d/1/647/?type=home>
2017-06-02 12:59:57,644 download_items_from_redis.py[line:93] INFO [opple:items] Processing item: 吊灯-MZD750-D1×72-1-锦轩-4000K  <http://www.opple.com.cn/product/d/1/648/?type=home>
2017-06-02 13:00:03,477 download_items_from_redis.py[line:93] INFO [opple:items] Processing item: 吊灯-MZD570-D1*40-锦轩-4000K  <http://www.opple.com.cn/product/d/1/649/?type=home>
2017-06-02 13:00:06,937 download_items_from_redis.py[line:93] INFO [opple:items] Processing item: 吊灯-MZD750-D1*72-SD-晶品-4000K  <http://www.opple.com.cn/product/d/1/650/?type=home>
2017-06-02 13:00:09,924 download_items_from_redis.py[line:93] INFO [opple:items] Processing item: 吊灯-MZD600-D1*36-晶品-4000K  <http://www.opple.com.cn/product/d/1/651/?type=home>
2017-06-02 13:00:15,094 download_items_from_redis.py[line:93] INFO [opple:items] Processing item: 吊灯-MZX641-D1*24+D0.2*40-SD-馨缘-4000K  <http://www.opple.com.cn/product/d/1/653/?type=home>
2017-06-02 13:00:18,262 download_items_from_redis.py[line:93] INFO [opple:items] Processing item: 吸顶灯-MZX1212-D1*108-晶格-4000K  <http://www.opple.com.cn/product/d/1/654/?type=home>
2017-06-02 13:00:22,177 download_items_from_redis.py[line:93] INFO [opple:items] Processing item: 吸顶灯-MZX8080-D1*72-晶格-4000K  <http://www.opple.com.cn/product/d/1/655/?type=home>
2017-06-02 13:00:25,404 download_items_from_redis.py[line:93] INFO [opple:items] Processing item: 台灯-MT340-D0.5*36-静厢  <http://www.opple.com.cn/product/d/1/693/?type=home>
2017-06-02 13:00:30,996 download_items_from_redis.py[line:93] INFO [opple:items] Processing item: 餐吊灯-MD290-D0.5*36-单头-静厢  <http://www.opple.com.cn/product/d/1/695/?type=home>
2017-06-02 13:00:33,477 download_items_from_redis.py[line:93] INFO [opple:items] Processing item:  电器-JSNW01-速暖王 <http://www.opple.com.cn/product/d/1/91/?type=diaoding>
2017-06-02 13:00:38,789 download_items_from_redis.py[line:93] INFO [opple:items] Processing item: 落地灯-ML400-D0.5*18-片刻  <http://www.opple.com.cn/product/d/1/404/?type=home>
2017-06-02 13:00:44,453 download_items_from_redis.py[line:93] INFO [opple:items] Processing item: 壁灯-MB3522-D0.5*60-壁灯-如玉-4000K  <http://www.opple.com.cn/product/d/1/407/?type=home>
2017-06-02 13:00:50,434 download_items_from_redis.py[line:93] INFO [opple:items] Processing item: 吊灯-MZD850-D0.5x108-扁舟-4000K  <http://www.opple.com.cn/product/d/1/409/?type=home>
2017-06-02 13:00:56,282 download_items_from_redis.py[line:93] INFO [opple:items] Processing item: 吊灯-MZD1010-D1*189-SD-梅香-4000K  <http://www.opple.com.cn/product/d/1/412/?type=home>
2017-06-02 13:01:02,005 download_items_from_redis.py[line:93] INFO [opple:items] Processing item: 吊灯-MZD590-D1*63-梅香-4000K  <http://www.opple.com.cn/product/d/1/414/?type=home>
2017-06-02 13:01:06,013 download_items_from_redis.py[line:93] INFO [opple:items] Processing item: 吸顶灯-MX7676-D0.5*240-四头客厅灯-如玉-4000K  <http://www.opple.com.cn/product/d/1/423/?type=home>
2017-06-02 13:01:11,506 download_items_from_redis.py[line:93] INFO [opple:items] Processing item: 吸顶灯-MX9696-D0.5*360-六头客厅灯-如玉-4000K  <http://www.opple.com.cn/product/d/1/424/?type=home>
2017-06-02 13:01:15,479 download_items_from_redis.py[line:93] INFO [opple:items] Processing item: 吊灯-MZD440-D0.5×9×6+0.2×18×6T-铃兰  <http://www.opple.com.cn/product/d/1/426/?type=home>
2017-06-02 13:01:21,132 download_items_from_redis.py[line:93] INFO [opple:items] Processing item: 吊灯-MZD6890-D0.5×9×3+0.2×18×3T-铃兰  <http://www.opple.com.cn/product/d/1/427/?type=home>
2017-06-02 13:01:24,105 download_items_from_redis.py[line:93] INFO [opple:items] Processing item: 吊灯-MZD1100-D0.5*360-SD-竹韵-4000K  <http://www.opple.com.cn/product/d/1/428/?type=home>
2017-06-02 13:01:29,381 download_items_from_redis.py[line:93] INFO [opple:items] Processing item: 吊灯-MZD786-D0.5*216-SD-竹韵-4000K  <http://www.opple.com.cn/product/d/1/429/?type=home>
2017-06-02 13:01:34,290 download_items_from_redis.py[line:93] INFO [opple:items] Processing item: 壁灯-MZB210-D0.5×36-云烟-4000K  <http://www.opple.com.cn/product/d/1/637/?type=home>
2017-06-02 13:01:38,911 download_items_from_redis.py[line:93] INFO [opple:items] Processing item:  电器-JSNW01-速暖王 <http://www.opple.com.cn/product/d/1/91/?type=diaoding>
2017-06-02 13:01:43,753 download_items_from_redis.py[line:93] INFO [opple:items] Processing item: 餐吊灯-MD550F-Y15*3(雅洁)-黑纹-无光源  <http://www.opple.com.cn/product/d/1/26/?type=home>
2017-06-02 13:01:48,966 download_items_from_redis.py[line:93] INFO [opple:items] Processing item: 台灯-MT-HY03T-13-和悦-白色-4000K  <http://www.opple.com.cn/product/d/1/64/?type=home>
2017-06-02 13:01:53,469 download_items_from_redis.py[line:93] INFO [opple:items] Processing item: 吊灯-MD6926-D0.5*20*3 雪晶-3头-4000K  <http://www.opple.com.cn/product/d/1/196/?type=home>
2017-06-02 13:01:58,223 download_items_from_redis.py[line:93] INFO [opple:items] Processing item: 吊灯-MD8626-D0.5*20*3 碟韵-3头-4000K  <http://www.opple.com.cn/product/d/1/198/?type=home>
2017-06-02 13:02:02,075 download_items_from_redis.py[line:93] INFO [opple:items] Processing item: 吊灯-MD750-D0.5*20*6 碟韵-6头-4000K  <http://www.opple.com.cn/product/d/1/199/?type=home>
2017-06-02 13:02:07,503 download_items_from_redis.py[line:93] INFO [opple:items] Processing item: 吸顶灯-MRX450-D0.2×120-星月-4000K  <http://www.opple.com.cn/product/d/1/557/?type=home>
2017-06-02 13:02:12,197 download_items_from_redis.py[line:93] INFO [opple:items] Processing item: 餐吊灯-MD6212-Y15×3-2-清澜-无光源  <http://www.opple.com.cn/product/d/1/566/?type=home>
2017-06-02 13:02:17,447 download_items_from_redis.py[line:93] INFO [opple:items] Processing item: 台灯-MT420-D0.2×84+0.1×30-智爵-珠光白  <http://www.opple.com.cn/product/d/1/576/?type=home>
2017-06-02 13:02:22,903 download_items_from_redis.py[line:93] INFO [opple:items] Processing item: 餐吊灯-MD620B-D0.2×180-冰晶-3000K+5700K  <http://www.opple.com.cn/product/d/1/607/?type=home>
2017-06-02 13:02:26,006 download_items_from_redis.py[line:93] INFO [opple:items] Processing item: 餐吊灯-MD6514-D1×18-赏烁-4000K <http://www.opple.com.cn/product/d/1/608/?type=home>
2017-06-02 13:02:30,736 download_items_from_redis.py[line:93] INFO [opple:items] Processing item: 吊灯-MD6966-D0.5×20×8 雪晶-8头-4000K  <http://www.opple.com.cn/product/d/1/612/?type=home>
2017-06-02 13:02:35,834 download_items_from_redis.py[line:93] INFO [opple:items] Processing item: 吊灯-MD750-D0.5×20×6 碟韵-6头-4000K  <http://www.opple.com.cn/product/d/1/613/?type=home>
2017-06-02 13:02:41,473 download_items_from_redis.py[line:93] INFO [opple:items] Processing item:  电器-JSNW01-速暖王 <http://www.opple.com.cn/product/d/1/91/?type=diaoding>
2017-06-02 13:02:45,548 download_items_from_redis.py[line:93] INFO [opple:items] Processing item: 氛围灯-OP-MT03-2-旅行者-6500K(渠道)  <http://www.opple.com.cn/product/d/1/85/?type=home>
2017-06-02 13:02:49,703 download_items_from_redis.py[line:93] INFO [opple:items] Processing item: 吸顶灯-面罩组件-MX5050-红韵-红木框  <http://www.opple.com.cn/product/d/1/210/?type=home>
2017-06-02 13:02:55,010 download_items_from_redis.py[line:93] INFO [opple:items] Processing item: 吸顶灯-面罩组件-650-峻美-白色  <http://www.opple.com.cn/product/d/1/213/?type=home>
2017-06-02 13:03:00,963 download_items_from_redis.py[line:93] INFO [opple:items] Processing item: 吸顶灯-面罩组件-960-晶岚-白色  <http://www.opple.com.cn/product/d/1/219/?type=home>
2017-06-02 13:03:05,454 download_items_from_redis.py[line:93] INFO [opple:items] Processing item: 吸顶灯-面罩组件-960-峻美-白色  <http://www.opple.com.cn/product/d/1/220/?type=home>
2017-06-02 13:03:08,378 download_items_from_redis.py[line:93] INFO [opple:items] Processing item: 吸顶灯-面罩组件-MX1100-红韵-红木框  <http://www.opple.com.cn/product/d/1/221/?type=home>
2017-06-02 13:03:13,615 download_items_from_redis.py[line:93] INFO [opple:items] Processing item: 吸顶灯-面罩组件-MX1100-宫格-白色  <http://www.opple.com.cn/product/d/1/222/?type=home>
2017-06-02 13:03:18,351 download_items_from_redis.py[line:93] INFO [opple:items] Processing item: 吸顶灯-面罩组件-MX1100-繁星-白色  <http://www.opple.com.cn/product/d/1/223/?type=home>
2017-06-02 13:03:24,346 download_items_from_redis.py[line:93] INFO [opple:items] Processing item: 吸顶灯-面罩组件-MX550-燕语-白色  <http://www.opple.com.cn/product/d/1/230/?type=home>
2017-06-02 13:03:29,513 download_items_from_redis.py[line:93] INFO [opple:items] Processing item: 吸顶灯-面罩组件-MX5050-繁星-白色  <http://www.opple.com.cn/product/d/1/232/?type=home>
2017-06-02 13:03:33,073 download_items_from_redis.py[line:93] INFO [opple:items] Processing item: 吸顶灯-面罩组件-MX480-繁星-白色  <http://www.opple.com.cn/product/d/1/233/?type=home>
2017-06-02 13:03:38,742 download_items_from_redis.py[line:93] INFO [opple:items] Processing item: 吸顶灯-面罩组件-MX480-流年-白色  <http://www.opple.com.cn/product/d/1/234/?type=home>
2017-06-02 13:03:44,430 download_items_from_redis.py[line:93] INFO [opple:items] Processing item:  电器-JSNW01-速暖王 <http://www.opple.com.cn/product/d/1/91/?type=diaoding>
2017-06-02 13:03:48,427 download_items_from_redis.py[line:93] INFO [opple:items] Processing item: 吸顶灯-MX480-D0.5×48ST-11 -星钻-3000K/4500K  <http://www.opple.com.cn/product/d/1/347/?type=home>
2017-06-02 13:03:53,920 download_items_from_redis.py[line:93] INFO [opple:items] Processing item: 台灯-MZT267-Y14-童谣-无光源  <http://www.opple.com.cn/product/d/1/355/?type=home>
2017-06-02 13:03:59,082 download_items_from_redis.py[line:93] INFO [opple:items] Processing item: 台灯-MZT267A-Y14-童谣-无光源  <http://www.opple.com.cn/product/d/1/356/?type=home>
2017-06-02 13:04:04,312 download_items_from_redis.py[line:93] INFO [opple:items] Processing item: 吊灯-MZD845-D0.2*412WT-琼思-调光调色 <http://www.opple.com.cn/product/d/1/768/?type=home>
2017-06-02 13:04:10,177 download_items_from_redis.py[line:93] INFO [opple:items] Processing item: 吊灯-MZD800-D0.2*304WT-莉亚-调光调色 <http://www.opple.com.cn/product/d/1/769/?type=home>
2017-06-02 13:04:15,700 download_items_from_redis.py[line:93] INFO [opple:items] Processing item: 吊灯-MZD450-D0.2*108WT-琼思-调光调色 <http://www.opple.com.cn/product/d/1/770/?type=home>
2017-06-02 13:04:20,315 download_items_from_redis.py[line:93] INFO [opple:items] Processing item: 吊灯-MZD1055-D0.2×570WT-贝蒂-调光调色  <http://www.opple.com.cn/product/d/1/772/?type=home>
2017-06-02 13:04:25,414 download_items_from_redis.py[line:93] INFO [opple:items] Processing item: 吊灯-MZD870B-D0.2×304WT-莉薇-调光调色  <http://www.opple.com.cn/product/d/1/774/?type=home>
2017-06-02 13:04:30,536 download_items_from_redis.py[line:93] INFO [opple:items] Processing item: 吊灯-MZD940-D0.2×456WT-玉锦-调光调色  <http://www.opple.com.cn/product/d/1/775/?type=home>
2017-06-02 13:04:36,134 download_items_from_redis.py[line:93] INFO [opple:items] Processing item: 吊灯-MZX430-D0.2×152WT-梦莲-调光调色  <http://www.opple.com.cn/product/d/1/776/?type=home>
2017-06-02 13:04:41,865 download_items_from_redis.py[line:93] INFO [opple:items] Processing item: 吊灯-MZX625-D0.2×228WT-晶耀-调光调色  <http://www.opple.com.cn/product/d/1/777/?type=home>
2017-06-02 13:04:47,789 download_items_from_redis.py[line:93] INFO [opple:items] Processing item:  电器-JSNW01-速暖王 <http://www.opple.com.cn/product/d/1/91/?type=diaoding>
2017-06-02 13:04:51,993 download_items_from_redis.py[line:93] INFO [opple:items] Processing item: 吊灯-MZD747-D0.2*228WT-伯伦-调光调色 <http://www.opple.com.cn/product/d/1/793/?type=home>
2017-06-02 13:04:57,456 download_items_from_redis.py[line:93] INFO [opple:items] Processing item: 吊灯-MZD870A-D0.2*456WT-布鲁斯-调光调色  <http://www.opple.com.cn/product/d/1/795/?type=home>
2017-06-02 13:05:01,102 download_items_from_redis.py[line:93] INFO [opple:items] Processing item: 餐吊灯-MZD8347-Y8×8-E14-兰琪-无光源  <http://www.opple.com.cn/product/d/1/796/?type=home>
2017-06-02 13:05:03,796 download_items_from_redis.py[line:93] INFO [opple:items] Processing item: 吊灯-MZD1100-D0.2*570WT-苏叶-调光调色  <http://www.opple.com.cn/product/d/1/797/?type=home>
2017-06-02 13:05:09,535 download_items_from_redis.py[line:93] INFO [opple:items] Processing item: 吊灯-MZD870-D0.2*304WT-苏叶-调光调色  <http://www.opple.com.cn/product/d/1/798/?type=home>
2017-06-02 13:05:15,345 download_items_from_redis.py[line:93] INFO [opple:items] Processing item: 吊灯-MZD720-D0.2*228WT-苏叶-调光调色  <http://www.opple.com.cn/product/d/1/799/?type=home>
2017-06-02 13:05:20,634 download_items_from_redis.py[line:93] INFO [opple:items] Processing item: 吊灯-MZD980-D0.2*304WT-欣芸-调光调色  <http://www.opple.com.cn/product/d/1/801/?type=home>
2017-06-02 13:05:25,397 download_items_from_redis.py[line:93] INFO [opple:items] Processing item: 吊灯-MZD810-D0.2*228WT-欣芸-调光调色 <http://www.opple.com.cn/product/d/1/802/?type=home>
2017-06-02 13:05:28,171 download_items_from_redis.py[line:93] INFO [opple:items] Processing item: 吊灯-MZD870-D0.2*418WT-莎依-调光调色  <http://www.opple.com.cn/product/d/1/803/?type=home>
2017-06-02 13:05:33,871 download_items_from_redis.py[line:93] INFO [opple:items] Processing item: 吊灯-MZD780-D0.2*304WT-莎依-调光调色  <http://www.opple.com.cn/product/d/1/804/?type=home>
2017-06-02 13:05:37,961 download_items_from_redis.py[line:93] INFO [opple:items] Processing item: 吊灯-MZD1000-D0.2*532WT-欧曼-调光调色 <http://www.opple.com.cn/product/d/1/805/?type=home>
2017-06-02 13:05:42,733 download_items_from_redis.py[line:93] INFO [opple:items] Processing item: 吊灯-MZD875-D0.2*380WT-欧曼-调光调色  <http://www.opple.com.cn/product/d/1/806/?type=home>
2017-06-02 13:05:46,848 download_items_from_redis.py[line:93] INFO [opple:items] Processing item:  电器-JSNW01-速暖王 <http://www.opple.com.cn/product/d/1/91/?type=diaoding>
2017-06-02 13:05:49,736 download_items_from_redis.py[line:93] INFO [opple:items] Processing item:  JCPF18-S-光波管+LED+换气-300*600 <http://www.opple.com.cn/product/d/1/86/?type=diaoding>
2017-06-02 13:05:54,572 download_items_from_redis.py[line:93] INFO [opple:items] Processing item:  JCPF18-S-光波管+LED+换气-土豪金300*600 <http://www.opple.com.cn/product/d/1/87/?type=diaoding>
2017-06-02 13:05:58,453 download_items_from_redis.py[line:93] INFO [opple:items] Processing item:  JCPF19-S-PTC+LED+换气-300*600 <http://www.opple.com.cn/product/d/1/88/?type=diaoding>
2017-06-02 13:06:04,108 download_items_from_redis.py[line:93] INFO [opple:items] Processing item:  JCPF19-S-PTC+LED+换气-土豪金300*600 <http://www.opple.com.cn/product/d/1/89/?type=diaoding>
2017-06-02 13:06:09,282 download_items_from_redis.py[line:93] INFO [opple:items] Processing item:  电器-JSNW01-速暖王 <http://www.opple.com.cn/product/d/1/91/?type=diaoding>
2017-06-02 13:06:13,602 download_items_from_redis.py[line:93] INFO [opple:items] Processing item:  JYLF21-热波管LED换气吹风理疗300*600-智控 <http://www.opple.com.cn/product/d/1/93/?type=diaoding>
2017-06-02 13:06:19,362 download_items_from_redis.py[line:93] INFO [opple:items] Processing item:  JYLQ34-单风暖-300*300 <http://www.opple.com.cn/product/d/1/232/?type=diaoding>
2017-06-02 13:06:25,217 download_items_from_redis.py[line:93] INFO [opple:items] Processing item:  JBOF31-两灯暖+PTC+换气+温显-300*450  <http://www.opple.com.cn/product/d/1/234/?type=diaoding>
2017-06-02 13:06:28,802 download_items_from_redis.py[line:93] INFO [opple:items] Processing item:  JYLH27-单换气模组-300*300 <http://www.opple.com.cn/product/d/1/236/?type=diaoding>
2017-06-02 13:06:33,467 download_items_from_redis.py[line:93] INFO [opple:items] Processing item:  JBOZ32-北欧风情LED照明-300*450  <http://www.opple.com.cn/product/d/1/237/?type=diaoding>
2017-06-02 13:06:38,388 download_items_from_redis.py[line:93] INFO [opple:items] Processing item:  JYLQ36-热波取暖-300*300 <http://www.opple.com.cn/product/d/1/238/?type=diaoding>
2017-06-02 13:06:42,288 download_items_from_redis.py[line:93] INFO [opple:items] Processing item:  JYLF37-PTC+LED+换气+数显+遥控-300*600 <http://www.opple.com.cn/product/d/1/239/?type=diaoding>
2017-06-02 13:06:48,289 download_items_from_redis.py[line:93] INFO [opple:items] Processing item:  电器-JSNW01-速暖王 <http://www.opple.com.cn/product/d/1/91/?type=diaoding>
2017-06-02 13:06:53,434 download_items_from_redis.py[line:93] INFO [opple:items] Processing item:  居室顶-JKG67-晨光-150*150扣板  <http://www.opple.com.cn/product/d/1/132/?type=diaoding>
2017-06-02 13:06:58,520 download_items_from_redis.py[line:93] INFO [opple:items] Processing item:  居室顶-JKG68-华庭兰苑-150*150扣板  <http://www.opple.com.cn/product/d/1/133/?type=diaoding>
2017-06-02 13:07:03,964 download_items_from_redis.py[line:93] INFO [opple:items] Processing item:  扣板-JKGJ07-皇室印记 <http://www.opple.com.cn/product/d/1/191/?type=diaoding>
2017-06-02 13:07:09,424 download_items_from_redis.py[line:93] INFO [opple:items] Processing item:  扣板-JCKB-GT-DS-D006 <http://www.opple.com.cn/product/d/1/192/?type=diaoding>
2017-06-02 13:07:14,499 download_items_from_redis.py[line:93] INFO [opple:items] Processing item:  扣板-JKGJ08-麻艺空间 <http://www.opple.com.cn/product/d/1/193/?type=diaoding>
2017-06-02 13:07:19,433 download_items_from_redis.py[line:93] INFO [opple:items] Processing item:  扣板-JKGJ10-域外风情 <http://www.opple.com.cn/product/d/1/194/?type=diaoding>
2017-06-02 13:07:25,023 download_items_from_redis.py[line:93] INFO [opple:items] Processing item:  扣板-JKGY24-闪光银 <http://www.opple.com.cn/product/d/1/195/?type=diaoding>
2017-06-02 13:07:30,127 download_items_from_redis.py[line:93] INFO [opple:items] Processing item:  扣板-JKGY25-闪光白 <http://www.opple.com.cn/product/d/1/196/?type=diaoding>
2017-06-02 13:07:33,815 download_items_from_redis.py[line:93] INFO [opple:items] Processing item:  扣板-JKGY26-抗刮白 <http://www.opple.com.cn/product/d/1/197/?type=diaoding>
2017-06-02 13:07:39,201 download_items_from_redis.py[line:93] INFO [opple:items] Processing item:  扣板-JKGY27-暗香 <http://www.opple.com.cn/product/d/1/198/?type=diaoding>
2017-06-02 13:07:44,795 download_items_from_redis.py[line:93] INFO [opple:items] Processing item:  扣板-JKGY28-芙蓉花 <http://www.opple.com.cn/product/d/1/199/?type=diaoding>
2017-06-02 13:07:50,760 download_items_from_redis.py[line:93] INFO [opple:items] Processing item:  扣板-JKGY31-抗刮金 <http://www.opple.com.cn/product/d/1/200/?type=diaoding>
2017-06-02 13:07:56,520 download_items_from_redis.py[line:93] INFO [opple:items] Processing item:  电器-JSNW01-速暖王 <http://www.opple.com.cn/product/d/1/91/?type=diaoding>
2017-06-02 13:08:01,516 download_items_from_redis.py[line:93] INFO [opple:items] Processing item:  居室顶-JKG58-古城岁月-300*300高边扣板(角)  <http://www.opple.com.cn/product/d/1/117/?type=diaoding>
2017-06-02 13:08:07,207 download_items_from_redis.py[line:93] INFO [opple:items] Processing item:  居室顶-斯帝华沙-150*600花格灯 <http://www.opple.com.cn/product/d/1/118/?type=diaoding>
2017-06-02 13:08:11,069 download_items_from_redis.py[line:93] INFO [opple:items] Processing item:  居室顶-JKG59-玛格丽-300*300高边扣板(边)  <http://www.opple.com.cn/product/d/1/119/?type=diaoding>
2017-06-02 13:08:16,391 download_items_from_redis.py[line:93] INFO [opple:items] Processing item:  居室顶-JKG62-枫丹白露-150*600条扣  <http://www.opple.com.cn/product/d/1/121/?type=diaoding>
2017-06-02 13:08:22,263 download_items_from_redis.py[line:93] INFO [opple:items] Processing item:  居室顶-JKG69-玉栋梁-二级顶铝梁  <http://www.opple.com.cn/product/d/1/122/?type=diaoding>
2017-06-02 13:08:27,240 download_items_from_redis.py[line:93] INFO [opple:items] Processing item:  居室顶-JKG65-白玉兰-450*450扣板  <http://www.opple.com.cn/product/d/1/123/?type=diaoding>
2017-06-02 13:08:33,109 download_items_from_redis.py[line:93] INFO [opple:items] Processing item:  居室顶-JKG70-金栋梁-二级顶铝梁  <http://www.opple.com.cn/product/d/1/125/?type=diaoding>
2017-06-02 13:08:38,109 download_items_from_redis.py[line:93] INFO [opple:items] Processing item:  居室顶-JKG64-锦绣皇城-300*300扣板  <http://www.opple.com.cn/product/d/1/126/?type=diaoding>
2017-06-02 13:08:43,450 download_items_from_redis.py[line:93] INFO [opple:items] Processing item:  居室顶-铂金锦绣-300*300花格灯 <http://www.opple.com.cn/product/d/1/127/?type=diaoding>
2017-06-02 13:08:47,224 download_items_from_redis.py[line:93] INFO [opple:items] Processing item:  居室顶-JKG66-四方进宝-450*450扣板  <http://www.opple.com.cn/product/d/1/128/?type=diaoding>
2017-06-02 13:08:51,082 download_items_from_redis.py[line:93] INFO [opple:items] Processing item:  居室顶-鎏金岁月-收边条 <http://www.opple.com.cn/product/d/1/129/?type=diaoding>
2017-06-02 13:08:56,394 download_items_from_redis.py[line:93] INFO [opple:items] Processing item:  居室顶-奥古拉斯-收边条 <http://www.opple.com.cn/product/d/1/130/?type=diaoding>
2017-06-02 13:09:00,851 download_items_from_redis.py[line:93] INFO [opple:items] Processing item:  电器-JSNW01-速暖王 <http://www.opple.com.cn/product/d/1/91/?type=diaoding>
