2017-05-31 14:08:48,546 download_items_from_redis.py[line:113] INFO [process id 0] start to download items in 'ruili:items' (server: localhost, port: 6379)
2017-05-31 14:08:49,563 download_items_from_redis.py[line:93] INFO [ruili:items] Processing item: WC67Y三缸折弯机 <http://www.rljc.net/product_view_75_164.html>
2017-05-31 14:08:49,569 download_items_from_redis.py[line:93] INFO [ruili:items] Processing item: WC67K数控双缸折弯机 <http://www.rljc.net/product_view_69_164.html>
2017-05-31 14:08:49,572 download_items_from_redis.py[line:93] INFO [ruili:items] Processing item: WE67K电液同步数控折 <http://www.rljc.net/product_view_70_164.html>
2017-05-31 14:08:49,576 download_items_from_redis.py[line:93] INFO [ruili:items] Processing item: WC67K数控双机联动折 <http://www.rljc.net/product_view_71_164.html>
2017-05-31 14:08:52,880 download_items_from_redis.py[line:93] INFO [ruili:items] Processing item: WC67Y-300T×4000mm双 <http://www.rljc.net/product_view_72_164.html>
2017-05-31 14:08:56,809 download_items_from_redis.py[line:93] INFO [ruili:items] Processing item: WC67Y三缸液压板料折 <http://www.rljc.net/product_view_73_164.html>
2017-05-31 14:09:00,236 download_items_from_redis.py[line:93] INFO [ruili:items] Processing item: WC67Y双缸折弯机 <http://www.rljc.net/product_view_74_164.html>
2017-05-31 14:09:05,424 download_items_from_redis.py[line:93] INFO [ruili:items] Processing item: 挂车超长上辊万能式卷 <http://www.rljc.net/product_view_55_109.html>
2017-05-31 14:09:10,808 download_items_from_redis.py[line:93] INFO [ruili:items] Processing item: 四辊卷板机 <http://www.rljc.net/product_view_56_109.html>
2017-05-31 14:09:16,253 download_items_from_redis.py[line:93] INFO [ruili:items] Processing item: 机械三辊非对称式卷板 <http://www.rljc.net/product_view_57_109.html>
2017-05-31 14:09:22,164 download_items_from_redis.py[line:93] INFO [ruili:items] Processing item: 水平下调式卷板机 <http://www.rljc.net/product_view_58_109.html>
2017-05-31 14:09:28,160 download_items_from_redis.py[line:93] INFO [ruili:items] Processing item: W11S大型上辊万能式卷 <http://www.rljc.net/product_view_59_109.html>
2017-05-31 14:09:34,148 download_items_from_redis.py[line:93] INFO [ruili:items] Processing item: 半挂车专用卷板机 <http://www.rljc.net/product_view_60_109.html>
2017-05-31 14:09:39,923 download_items_from_redis.py[line:93] INFO [ruili:items] Processing item: 不锈钢专用卷板机 <http://www.rljc.net/product_view_61_109.html>
2017-05-31 14:09:45,220 download_items_from_redis.py[line:93] INFO [ruili:items] Processing item: 大型船用液压对称卷板 <http://www.rljc.net/product_view_54_109.html>
2017-05-31 14:09:50,132 download_items_from_redis.py[line:93] INFO [ruili:items] Processing item: 水平下调式卷板机 <http://www.rljc.net/product_view_62_109.html>
2017-05-31 14:09:55,644 download_items_from_redis.py[line:93] INFO [ruili:items] Processing item: W11X-160*3200大型水 <http://www.rljc.net/product_view_63_109.html>
2017-05-31 14:10:00,543 download_items_from_redis.py[line:93] INFO [ruili:items] Processing item: 液压上辊万能式卷板机 <http://www.rljc.net/product_view_64_109.html>
2017-05-31 14:10:05,706 download_items_from_redis.py[line:93] INFO [ruili:items] Processing item: YRL32四柱液压机 <http://www.rljc.net/product_view_46_148.html>
2017-05-31 14:10:09,308 download_items_from_redis.py[line:93] INFO [ruili:items] Processing item: YRL27四柱式单动薄板 <http://www.rljc.net/product_view_47_148.html>
2017-05-31 14:10:14,763 download_items_from_redis.py[line:93] INFO [ruili:items] Processing item: YRL27框架式单动薄板 <http://www.rljc.net/product_view_48_148.html>
2017-05-31 14:10:18,961 download_items_from_redis.py[line:93] INFO [ruili:items] Processing item: YRL28四柱式双动薄板 <http://www.rljc.net/product_view_49_148.html>
2017-05-31 14:10:24,302 download_items_from_redis.py[line:93] INFO [ruili:items] Processing item: YRL41单柱液压机 <http://www.rljc.net/product_view_50_148.html>
2017-05-31 14:10:29,818 download_items_from_redis.py[line:93] INFO [ruili:items] Processing item: YRL78龙门式液压机 <http://www.rljc.net/product_view_51_148.html>
2017-05-31 14:10:33,275 download_items_from_redis.py[line:93] INFO [ruili:items] Processing item: YRL磁性材料成型液压 <http://www.rljc.net/product_view_52_148.html>
2017-05-31 14:10:38,753 download_items_from_redis.py[line:93] INFO [ruili:items] Processing item: Q11机械剪板机 <http://www.rljc.net/product_view_65_163.html>
2017-05-31 14:10:42,558 download_items_from_redis.py[line:93] INFO [ruili:items] Processing item: QC12Y液压摆式剪板机 <http://www.rljc.net/product_view_66_163.html>
2017-05-31 14:10:48,490 download_items_from_redis.py[line:93] INFO [ruili:items] Processing item: QC11Y液压闸式剪板机 <http://www.rljc.net/product_view_67_163.html>
2017-05-31 14:10:52,209 download_items_from_redis.py[line:93] INFO [ruili:items] Processing item: QC11K数控液压闸式剪 <http://www.rljc.net/product_view_68_163.html>
