2017-05-27 11:32:29,125 download_items_from_redis.py[line:113] INFO [process id 0] start to download items in 'tox:items' (server: localhost, port: 6379)
2017-05-27 11:32:30,170 download_items_from_redis.py[line:93] INFO [tox:items] Processing item: Q系列 <https://www.tox-cn.com/products/drives/pneumohydraulic-drives/lineq/>
2017-05-27 11:32:30,186 download_items_from_redis.py[line:93] INFO [tox:items] Processing item: X系列 <https://www.tox-cn.com/products/drives/pneumohydraulic-drives/line-x/>
2017-05-27 11:32:30,186 download_items_from_redis.py[line:93] INFO [tox:items] Processing item: 系统X-KT <https://www.tox-cn.com/products/drives/pneumohydraulic-drives/x-kt-system/>
2017-05-27 11:32:30,186 download_items_from_redis.py[line:93] INFO [tox:items] Processing item: S型/K型 <https://www.tox-cn.com/products/drives/pneumohydraulic-drives/type-s-type-k/>
2017-05-27 11:36:11,489 download_items_from_redis.py[line:93] INFO [tox:items] Processing item: Q系列 <https://www.tox-cn.com/products/drives/pneumohydraulic-drives/lineq/>
2017-05-27 11:36:21,506 download_items_from_redis.py[line:93] INFO [tox:items] Processing item: X系列 <https://www.tox-cn.com/products/drives/pneumohydraulic-drives/line-x/>
2017-05-27 11:36:23,664 download_items_from_redis.py[line:93] INFO [tox:items] Processing item: 系统X-KT <https://www.tox-cn.com/products/drives/pneumohydraulic-drives/x-kt-system/>
2017-05-27 11:36:26,792 download_items_from_redis.py[line:93] INFO [tox:items] Processing item: 机械手夹钳驱动装置 <https://www.tox-cn.com/products/drives/pneumohydraulic-drives/type-rz/>
2017-05-27 11:36:29,690 download_items_from_redis.py[line:93] INFO [tox:items] Processing item: S型/K型 <https://www.tox-cn.com/products/drives/pneumohydraulic-drives/type-s-type-k/>
2017-05-27 11:36:35,040 download_items_from_redis.py[line:93] INFO [tox:items] Processing item: 专用解决方案 <https://www.tox-cn.com/products/drives/pneumohydraulic-drives/special-solutions/>
2017-05-27 11:36:40,841 download_items_from_redis.py[line:93] INFO [tox:items] Processing item: TOX-Powerpackage的附件 <https://www.tox-cn.com/products/drives/pneumohydraulic-drives/powerpackage-accessories/>
2017-05-27 11:36:46,983 download_items_from_redis.py[line:93] INFO [tox:items] Processing item: 软件 <https://www.tox-cn.com/products/drives/electric-drive-technology/software/>
2017-05-27 11:36:47,369 download_items_from_redis.py[line:93] INFO [tox:items] Processing item: 附件 <https://www.tox-cn.com/products/drives/electric-drive-technology/accessories/>
2017-05-27 11:36:52,855 download_items_from_redis.py[line:93] INFO [tox:items] Processing item: 伺服控制器 <https://www.tox-cn.com/products/drives/electric-drive-technology/line-x-controller/>
2017-05-27 11:36:58,786 download_items_from_redis.py[line:93] INFO [tox:items] Processing item: 机电驱动装置 <https://www.tox-cn.com/products/drives/electric-drive-technology/electromechanical-drives/>
2017-05-27 11:37:02,559 download_items_from_redis.py[line:93] INFO [tox:items] Processing item: 附件 <https://www.tox-cn.com/products/presses/press-frames/accessories/>
2017-05-27 11:37:07,354 download_items_from_redis.py[line:93] INFO [tox:items] Processing item: 柱式冲压机 <https://www.tox-cn.com/products/presses/press-frames/column-presses/>
2017-05-27 11:37:13,220 download_items_from_redis.py[line:93] INFO [tox:items] Processing item: 安全装置 <https://www.tox-cn.com/products/presses/press-frames/safety-devices/>
2017-05-27 11:37:19,012 download_items_from_redis.py[line:93] INFO [tox:items] Processing item: C型机身台式冲压机 <https://www.tox-cn.com/products/presses/press-frames/c-frame-benchtop-presses/>
2017-05-27 11:37:24,589 download_items_from_redis.py[line:93] INFO [tox:items] Processing item: C型机身冲压机 <https://www.tox-cn.com/products/presses/press-frames/standalone-c-frame-presses/>
2017-05-27 11:37:28,931 download_items_from_redis.py[line:93] INFO [tox:items] Processing item: 肘杆式冲压机 <https://www.tox-cn.com/products/presses/small-presses/toggle-presses/>
2017-05-27 11:37:34,130 download_items_from_redis.py[line:93] INFO [tox:items] Processing item: 气动冲压机 <https://www.tox-cn.com/products/presses/small-presses/pneumatic-presses/>
2017-05-27 11:37:42,734 download_items_from_redis.py[line:93] INFO [tox:items] Processing item: 齿条齿轮式冲压机 <https://www.tox-cn.com/products/presses/small-presses/rack-pinion-presses/>
2017-05-27 11:37:44,947 download_items_from_redis.py[line:93] INFO [tox:items] Processing item: 附件 <https://www.tox-cn.com/products/presses/small-presses/benchtop-press-accessories/>
2017-05-27 11:37:52,055 download_items_from_redis.py[line:93] INFO [tox:items] Processing item: 冲压监测器EPW <https://www.tox-cn.com/products/controls-and-monitoring/process-monitoring/pressing-monitor-epw/>
2017-05-27 11:37:58,013 download_items_from_redis.py[line:93] INFO [tox:items] Processing item: 冲压连接监测器CEP <https://www.tox-cn.com/products/controls-and-monitoring/process-monitoring/clinching-monitor-cep/>
2017-05-27 11:38:07,971 download_items_from_redis.py[line:93] INFO [tox:items] Processing item: 使用手动趋近的气动冲压机 <https://www.tox-cn.com/products/presses/small-presses/manual-pneumatic-benchtop-press/>
2017-05-27 11:39:50,364 download_items_from_redis.py[line:93] INFO [tox:items] Processing item: Q系列 <https://www.tox-cn.com/products/drives/pneumohydraulic-drives/lineq/>
2017-05-27 11:39:51,803 download_items_from_redis.py[line:93] INFO [tox:items] Processing item: X系列 <https://www.tox-cn.com/products/drives/pneumohydraulic-drives/line-x/>
2017-05-27 11:39:58,375 download_items_from_redis.py[line:93] INFO [tox:items] Processing item: 机械手夹钳驱动装置 <https://www.tox-cn.com/products/drives/pneumohydraulic-drives/type-rz/>
2017-05-27 11:40:06,582 download_items_from_redis.py[line:93] INFO [tox:items] Processing item: 系统X-KT <https://www.tox-cn.com/products/drives/pneumohydraulic-drives/x-kt-system/>
2017-05-27 11:40:07,858 download_items_from_redis.py[line:93] INFO [tox:items] Processing item: S型/K型 <https://www.tox-cn.com/products/drives/pneumohydraulic-drives/type-s-type-k/>
