2017-05-31 16:58:03,440 download_items_from_redis.py[line:113] INFO [process id 0] start to download items in 'by:items' (server: localhost, port: 6379)
2017-05-31 16:58:04,456 download_items_from_redis.py[line:93] INFO [by:items] Processing item: T2系列 <http://www.byjc.com.cn/newbyjc/products_2zs_3szlscx_T2xl.html>
2017-05-31 16:58:04,461 download_items_from_redis.py[line:93] INFO [by:items] Processing item: T3系列 <http://www.byjc.com.cn/newbyjc/products_2zs_3szlscx_T3xl.html>
2017-05-31 16:58:04,466 download_items_from_redis.py[line:93] INFO [by:items] Processing item: 中段龙门铣床 <http://www.byjc.com.cn/newbyjc/products_2zs_2ptlmtxc_zdlmxc.html>
2017-05-31 16:58:04,467 download_items_from_redis.py[line:93] INFO [by:items] Processing item: XKAV五轴龙门系列 <http://www.byjc.com.cn/newbyjc/products_2zs_1sklmtxc-XKAVwzlmxl.html>
2017-05-31 16:58:04,470 download_items_from_redis.py[line:93] INFO [by:items] Processing item: XKAU28超重型双龙门系列 <http://www.byjc.com.cn/newbyjc/products_2zs_1sklmtxc-XKAU28czxslmxl.html>
2017-05-31 16:58:04,473 download_items_from_redis.py[line:93] INFO [by:items] Processing item: XRAN21动梁龙门柔性加工单元 <http://www.byjc.com.cn/newbyjc/products_2zs_1sklmtxc-XRAN21dllmrxjgdy.html>
2017-05-31 16:58:04,476 download_items_from_redis.py[line:93] INFO [by:items] Processing item: 动梁工作台移动式（XKA21系列） <http://www.byjc.com.cn/newbyjc/products_2zs_1sklmtxc-dlgztyds-XKA21xl.html>
2017-05-31 16:58:04,477 download_items_from_redis.py[line:93] INFO [by:items] Processing item: 定梁工作台移动式（XKA24系列） <http://www.byjc.com.cn/newbyjc/products_2zs_1sklmtxc-dlgztyds-XKA24xl.html>
2017-05-31 16:58:04,480 download_items_from_redis.py[line:93] INFO [by:items] Processing item: 定梁龙门框架移动式（XKA27系列） <http://www.byjc.com.cn/newbyjc/products_2zs_1sklmtxc-dllmkjyds-XKA27xl.html>
2017-05-31 16:58:04,483 download_items_from_redis.py[line:93] INFO [by:items] Processing item: 定梁工作台移动式（XHAD24/XKAD24系列） <http://www.byjc.com.cn/newbyjc/products_2zs_1sklmtxc-dlgztyds-XHAD24-XKAD24xl.html>
2017-05-31 16:58:06,148 download_items_from_redis.py[line:93] INFO [by:items] Processing item: 定梁工作台移动式（XHAE24/XKAE24系列） <http://www.byjc.com.cn/newbyjc/products_2zs_1sklmtxc-dlgztyds-XHAE24-XKAE24xl.html>
2017-05-31 16:58:09,484 download_items_from_redis.py[line:93] INFO [by:items] Processing item: B3HM专用系列 <http://www.byjc.com.cn/newbyjc/products_2zs_13hmj-B3HMzyxl.html>
2017-05-31 16:58:13,895 download_items_from_redis.py[line:93] INFO [by:items] Processing item: TH63系列 <http://www.byjc.com.cn/newbyjc/products_2zs_6wsjgzx_TH63xl.html>
2017-05-31 16:58:19,611 download_items_from_redis.py[line:93] INFO [by:items] Processing item: 升降台式系列 <http://www.byjc.com.cn/newbyjc/products_2zs_7lsskxc-sjtsxl.html>
2017-05-31 16:58:25,430 download_items_from_redis.py[line:93] INFO [by:items] Processing item: 升降台式系列 <http://www.byjc.com.cn/newbyjc/products_2zs_8wsskxc-sjtsxl.html>
2017-05-31 16:58:30,308 download_items_from_redis.py[line:93] INFO [by:items] Processing item: 倒立式复合车削中心 <http://www.byjc.com.cn/newbyjc/products_2zs_11dlc-dlsfhcxzx.html>
2017-05-31 16:58:34,438 download_items_from_redis.py[line:93] INFO [by:items] Processing item: 汽车零件加工生产线 <http://www.byjc.com.cn/newbyjc/products_2zs_14scx-qcljjgscx.html>
2017-05-31 16:58:40,022 download_items_from_redis.py[line:93] INFO [by:items] Processing item: 数控高精度落地铣镗床 <http://www.byjc.com.cn/newbyjc/products_2zs_4ldt_skgjdldxtc.html>
2017-05-31 16:58:44,147 download_items_from_redis.py[line:93] INFO [by:items] Processing item: XHA71系列 <http://www.byjc.com.cn/newbyjc/products_2zs_5lsjgzx_XHA71xl.html>
2017-05-31 16:58:48,684 download_items_from_redis.py[line:93] INFO [by:items] Processing item: 精密立式加工中心 <http://www.byjc.com.cn/newbyjc/products_2zs_5lsjgzx_jmlsjgzx.html>
2017-05-31 16:58:52,844 download_items_from_redis.py[line:93] INFO [by:items] Processing item: XHAE76系列 <http://www.byjc.com.cn/newbyjc/products_2zs_6wsjgzx_XHAE76xl.html>
2017-05-31 16:58:58,812 download_items_from_redis.py[line:93] INFO [by:items] Processing item: ZH51系列 <http://www.byjc.com.cn/newbyjc/products_2zs_9lszxjgzx-ZH51xl.html>
2017-05-31 16:59:04,187 download_items_from_redis.py[line:93] INFO [by:items] Processing item: 卧式升降台铣床 <http://www.byjc.com.cn/newbyjc/products_2zs_12ptsjsxc_wssjtxc.html>
2017-05-31 16:59:09,615 download_items_from_redis.py[line:93] INFO [by:items] Processing item: 北一大隈LBR370系列 <http://www.byjc.com.cn/newbyjc/products_2zs_10skcc_bydwLBR370xl.html>
2017-05-31 16:59:15,437 download_items_from_redis.py[line:93] INFO [by:items] Processing item: 简易数控升降台铣床 <http://www.byjc.com.cn/newbyjc/products_2zs_12ptsjsxc_jysksjtxc.html>
2017-05-31 16:59:19,358 download_items_from_redis.py[line:93] INFO [by:items] Processing item: XKA73数控立柱移动床身铣床系列 <http://www.byjc.com.cn/newbyjc/products_2zs_7lsskxc-XKA73sklzydcsxcxl.html>
2017-05-31 17:11:20,979 download_items_from_redis.py[line:93] INFO [by:items] Processing item: XKAV五轴龙门系列 <http://www.byjc.com.cn/newbyjc/products_2zs_1sklmtxc-XKAVwzlmxl.html>
2017-05-31 17:11:21,707 download_items_from_redis.py[line:93] INFO [by:items] Processing item: TH63系列 <http://www.byjc.com.cn/newbyjc/products_2zs_6wsjgzx_TH63xl.html>
2017-05-31 17:11:25,237 download_items_from_redis.py[line:93] INFO [by:items] Processing item: 升降台式系列 <http://www.byjc.com.cn/newbyjc/products_2zs_7lsskxc-sjtsxl.html>
2017-05-31 17:11:26,372 download_items_from_redis.py[line:93] INFO [by:items] Processing item: XKAU28超重型双龙门系列 <http://www.byjc.com.cn/newbyjc/products_2zs_1sklmtxc-XKAU28czxslmxl.html>
