2017-06-12 10:49:15,532 download_items_from_redis.py[line:113] INFO [process id 0] start to download items in 'ads:items' (server: localhost, port: 6379)
2017-06-12 10:49:16,549 download_items_from_redis.py[line:93] INFO [ads:items] Processing item: ADS-10A双螺杆式空压机 <http://www.aoddise.com/products-view-79.html>
2017-06-12 10:49:16,553 download_items_from_redis.py[line:93] INFO [ads:items] Processing item: DS-10HT冷冻式空气干燥机 <http://www.aoddise.com/products-view-85.html>
2017-06-12 10:49:16,556 download_items_from_redis.py[line:93] INFO [ads:items] Processing item: DS-15HT冷冻式空气干燥机 <http://www.aoddise.com/products-view-86.html>
2017-06-12 10:49:16,562 download_items_from_redis.py[line:93] INFO [ads:items] Processing item: DS-20HT冷冻式空气干燥机 <http://www.aoddise.com/products-view-87.html>
2017-06-12 10:49:16,565 download_items_from_redis.py[line:93] INFO [ads:items] Processing item: DS-30HT <http://www.aoddise.com/products-view-65.html>
2017-06-12 10:49:16,569 download_items_from_redis.py[line:93] INFO [ads:items] Processing item: DS-120HT <http://www.aoddise.com/products-view-67.html>
2017-06-12 10:49:16,572 download_items_from_redis.py[line:93] INFO [ads:items] Processing item: DS-40HT冷冻式空气干燥机 <http://www.aoddise.com/products-view-88.html>
2017-06-12 10:49:16,575 download_items_from_redis.py[line:93] INFO [ads:items] Processing item: DS-50HT冷冻式空气干燥机 <http://www.aoddise.com/products-view-89.html>
2017-06-12 10:49:16,576 download_items_from_redis.py[line:93] INFO [ads:items] Processing item: DS-75HT冷冻式空气干燥机 <http://www.aoddise.com/products-view-90.html>
2017-06-12 10:49:16,579 download_items_from_redis.py[line:93] INFO [ads:items] Processing item: DS-100HT冷冻式空气干燥机 <http://www.aoddise.com/products-view-91.html>
2017-06-12 10:49:16,581 download_items_from_redis.py[line:93] INFO [ads:items] Processing item: DS-(120-250)HT <http://www.aoddise.com/products-view-63.html>
2017-06-12 10:49:16,582 download_items_from_redis.py[line:93] INFO [ads:items] Processing item: ADS-15A双螺杆式空压机 <http://www.aoddise.com/products-view-78.html>
2017-06-12 10:49:16,585 download_items_from_redis.py[line:93] INFO [ads:items] Processing item: ADS-(150~350) <http://www.aoddise.com/products-view-41.html>
2017-06-12 10:49:16,586 download_items_from_redis.py[line:93] INFO [ads:items] Processing item: ADS-(75~125) <http://www.aoddise.com/products-view-42.html>
2017-06-12 10:49:16,588 download_items_from_redis.py[line:93] INFO [ads:items] Processing item: ADS-150W压缩机 <http://www.aoddise.com/products-view-47.html>
2017-06-12 10:49:16,591 download_items_from_redis.py[line:93] INFO [ads:items] Processing item: 曼牌原装进口耗材 <http://www.aoddise.com/products-view-72.html>
2017-06-12 10:49:16,592 download_items_from_redis.py[line:93] INFO [ads:items] Processing item: 消耗品5 <http://www.aoddise.com/products-view-73.html>
2017-06-12 10:49:16,595 download_items_from_redis.py[line:93] INFO [ads:items] Processing item: 消耗品1 <http://www.aoddise.com/products-view-74.html>
2017-06-12 10:49:16,595 download_items_from_redis.py[line:93] INFO [ads:items] Processing item: 消耗品2 <http://www.aoddise.com/products-view-75.html>
2017-06-12 10:49:16,598 download_items_from_redis.py[line:93] INFO [ads:items] Processing item: 消耗品3 <http://www.aoddise.com/products-view-76.html>
2017-06-12 10:49:16,599 download_items_from_redis.py[line:93] INFO [ads:items] Processing item: 消耗品4 <http://www.aoddise.com/products-view-77.html>
2017-06-12 10:49:16,601 download_items_from_redis.py[line:93] INFO [ads:items] Processing item: 螺杆式压缩机高级专用冷却液1 <http://www.aoddise.com/products-view-92.html>
2017-06-12 10:49:16,602 download_items_from_redis.py[line:93] INFO [ads:items] Processing item: 螺杆式压缩机高级专用冷却液2 <http://www.aoddise.com/products-view-93.html>
2017-06-12 10:49:16,604 download_items_from_redis.py[line:93] INFO [ads:items] Processing item: 螺杆式压缩机高级专用冷却液3 <http://www.aoddise.com/products-view-94.html>
2017-06-12 10:49:16,605 download_items_from_redis.py[line:93] INFO [ads:items] Processing item: 螺杆式压缩机高级专用冷却液4 <http://www.aoddise.com/products-view-95.html>
2017-06-12 10:49:16,607 download_items_from_redis.py[line:93] INFO [ads:items] Processing item: 油气分离器 <http://www.aoddise.com/products-view-96.html>
2017-06-12 10:49:16,608 download_items_from_redis.py[line:93] INFO [ads:items] Processing item: 油过滤器 <http://www.aoddise.com/products-view-97.html>
2017-06-12 10:49:16,608 download_items_from_redis.py[line:93] INFO [ads:items] Processing item: 空气过滤器 <http://www.aoddise.com/products-view-98.html>
2017-06-12 10:49:16,614 download_items_from_redis.py[line:93] INFO [ads:items] Processing item: ADS-60A双螺杆式空压机 <http://www.aoddise.com/products-view-48.html>
2017-06-12 10:49:21,071 download_items_from_redis.py[line:93] INFO [ads:items] Processing item: ADS-100A双螺杆式空压机 <http://www.aoddise.com/products-view-49.html>
2017-06-12 10:49:24,226 download_items_from_redis.py[line:93] INFO [ads:items] Processing item: ADS-10A双螺杆式空压机 <http://www.aoddise.com/products-view-79.html>
2017-06-12 10:49:28,631 download_items_from_redis.py[line:93] INFO [ads:items] Processing item: ADS-20A双螺杆式空压机 <http://www.aoddise.com/products-view-80.html>
2017-06-12 10:49:33,460 download_items_from_redis.py[line:93] INFO [ads:items] Processing item: ADS-30A双螺杆式空压机 <http://www.aoddise.com/products-view-81.html>
2017-06-12 10:49:37,036 download_items_from_redis.py[line:93] INFO [ads:items] Processing item: ADS-40A双螺杆式空压机 <http://www.aoddise.com/products-view-82.html>
2017-06-12 10:49:42,625 download_items_from_redis.py[line:93] INFO [ads:items] Processing item: ADS-50A双螺杆式空压机 <http://www.aoddise.com/products-view-83.html>
2017-06-12 10:49:45,562 download_items_from_redis.py[line:93] INFO [ads:items] Processing item: ADS-75A双螺杆式空压机 <http://www.aoddise.com/products-view-84.html>
2017-06-12 10:49:51,280 download_items_from_redis.py[line:93] INFO [ads:items] Processing item: ADS-100A双螺杆式空压机 <http://www.aoddise.com/products-view-99.html>
2017-06-12 10:49:57,012 download_items_from_redis.py[line:93] INFO [ads:items] Processing item: ADS-60A双螺杆式空压机 <http://www.aoddise.com/products-view-100.html>
2017-06-12 10:50:03,081 download_items_from_redis.py[line:93] INFO [ads:items] Processing item: ADS-60A双螺杆式空压机 <http://www.aoddise.com/products-view-101.html>
2017-06-12 10:50:07,871 download_items_from_redis.py[line:93] INFO [ads:items] Processing item: DX80型扣压机 <http://www.aoddise.com/products-view-102.html>
2017-06-12 10:50:11,885 download_items_from_redis.py[line:93] INFO [ads:items] Processing item: DX90型扣压机 <http://www.aoddise.com/products-view-103.html>
2017-06-12 10:50:15,878 download_items_from_redis.py[line:93] INFO [ads:items] Processing item: DX95型扣压机 <http://www.aoddise.com/products-view-104.html>
2017-06-12 10:50:21,305 download_items_from_redis.py[line:93] INFO [ads:items] Processing item: DX95型缩管机 <http://www.aoddise.com/products-view-105.html>
2017-06-12 10:50:25,433 download_items_from_redis.py[line:93] INFO [ads:items] Processing item: DX100型缩管机 <http://www.aoddise.com/products-view-106.html>
2017-06-12 10:50:30,417 download_items_from_redis.py[line:93] INFO [ads:items] Processing item: 大口径扣压机 <http://www.aoddise.com/products-view-107.html>
2017-06-12 10:50:36,845 download_items_from_redis.py[line:93] INFO [ads:items] Processing item: DX98型扣压机 <http://www.aoddise.com/products-view-108.html>
2017-06-12 10:50:41,926 download_items_from_redis.py[line:93] INFO [ads:items] Processing item: DX-91型扣压机 <http://www.aoddise.com/products-view-109.html>
2017-06-12 10:50:46,717 download_items_from_redis.py[line:93] INFO [ads:items] Processing item: DX-96型扣压机 <http://www.aoddise.com/products-view-110.html>
2017-06-12 10:50:51,852 download_items_from_redis.py[line:93] INFO [ads:items] Processing item: DX-120型扣压机 <http://www.aoddise.com/products-view-111.html>
2017-06-12 10:50:57,611 download_items_from_redis.py[line:93] INFO [ads:items] Processing item: DX-80型扣压机 <http://www.aoddise.com/products-view-112.html>
2017-06-12 10:51:03,013 download_items_from_redis.py[line:93] INFO [ads:items] Processing item: DX-110型扣压机 <http://www.aoddise.com/products-view-113.html>
2017-06-12 10:51:07,467 download_items_from_redis.py[line:93] INFO [ads:items] Processing item: DX-69型扣压机 <http://www.aoddise.com/products-view-114.html>
2017-06-12 10:51:12,525 download_items_from_redis.py[line:93] INFO [ads:items] Processing item: 精密过滤器1 <http://www.aoddise.com/products-view-68.html>
2017-06-12 10:51:18,180 download_items_from_redis.py[line:93] INFO [ads:items] Processing item: 精密过滤器2 <http://www.aoddise.com/products-view-69.html>
2017-06-12 10:51:23,174 download_items_from_redis.py[line:93] INFO [ads:items] Processing item: 精密过滤器3 <http://www.aoddise.com/products-view-70.html>
2017-06-12 10:51:28,588 download_items_from_redis.py[line:93] INFO [ads:items] Processing item: 精密过滤器4 <http://www.aoddise.com/products-view-71.html>
2017-06-12 10:51:32,187 download_items_from_redis.py[line:93] INFO [ads:items] Processing item: 压缩机内部主要部件 <http://www.aoddise.com/products-view-50.html>
