2017-05-28 11:48:13,831 download_items_from_redis.py[line:113] INFO [process id 0] start to download items in 'knt:items' (server: localhost, port: 6379)
2017-05-28 11:48:14,845 download_items_from_redis.py[line:93] INFO [knt:items] Processing item: F2AL...WL-WM-WX • 球头型 • 长颈型 <https://www.kennametal.com/zh/products/20478624/57493250/1522849/44814632/44814800/100003480.html>
2017-05-28 11:48:14,848 download_items_from_redis.py[line:93] INFO [knt:items] Processing item: F6AV-F8AV...DL • DIN 6527 • 长型和超长型 <https://www.kennametal.com/zh/products/20478624/57493250/1522849/44814632/44814800/100003481.html>
2017-05-28 11:48:14,855 download_items_from_redis.py[line:93] INFO [knt:items] Processing item: F2AB...WL-WM-WX • 球头型 • 长颈型 <https://www.kennametal.com/zh/products/20478624/57493250/1522849/44814632/44814800/100003482.html>
2017-05-28 11:48:14,861 download_items_from_redis.py[line:93] INFO [knt:items] Processing item: F4AL...WL-WM-WX • 球头型 • 锥形刀颈 <https://www.kennametal.com/zh/products/20478624/57493250/1522849/44814632/44814800/100003483.html>
2017-05-28 11:48:14,864 download_items_from_redis.py[line:93] INFO [knt:items] Processing item: F2AL...WL-WM • 球头型 <https://www.kennametal.com/zh/products/20478624/57493250/1522849/44814632/44814800/100003484.html>
2017-05-28 11:48:14,867 download_items_from_redis.py[line:93] INFO [knt:items] Processing item: F2AL...WL-WM-WX • 球头型 • 长型 <https://www.kennametal.com/zh/products/20478624/57493250/1522849/44814632/44814800/100003485.html>
2017-05-28 11:48:14,871 download_items_from_redis.py[line:93] INFO [knt:items] Processing item: F4AT...WS-WM-WL • 环形接口 • 长悬伸 <https://www.kennametal.com/zh/products/20478624/57493250/1522849/44814632/44814800/100003487.html>
2017-05-28 11:48:14,877 download_items_from_redis.py[line:93] INFO [knt:items] Processing item: F4AJ-F5AJ-F6AJ...WS-WL-WX • 超长型 <https://www.kennametal.com/zh/products/20478624/57493250/1522849/44814632/44814800/100003489.html>
2017-05-28 11:48:14,881 download_items_from_redis.py[line:93] INFO [knt:items] Processing item: F4AJ-F5AJ...WS-WM-WL-WX • 长型 <https://www.kennametal.com/zh/products/20478624/57493250/1522849/44814632/44814800/100003490.html>
2017-05-28 11:48:14,884 download_items_from_redis.py[line:93] INFO [knt:items] Processing item: 直角切削条件 F2AT...AWL/M/X20R...公制 <https://www.kennametal.com/zh/products/20478624/57493250/1522849/44814632/44814800/100022357.html>
2017-05-28 11:48:14,888 download_items_from_redis.py[line:93] INFO [knt:items] Processing item: 直角切削条件 F4AT...AWS/M/L/X20/30R...公制 <https://www.kennametal.com/zh/products/20478624/57493250/1522849/44814632/44814800/100022358.html>
2017-05-28 11:48:14,894 download_items_from_redis.py[line:93] INFO [knt:items] Processing item: 直角切削条件 F4/5AJ...AWS/M/LX50R...公制 <https://www.kennametal.com/zh/products/20478624/57493250/1522849/44814632/44814800/100022359.html>
2017-05-28 11:48:14,900 download_items_from_redis.py[line:93] INFO [knt:items] Processing item: 直角切削条件 F4/5/6AJ...A/BWS/M/LX50L...公制 <https://www.kennametal.com/zh/products/20478624/57493250/1522849/44814632/44814800/100022360.html>
2017-05-28 11:48:14,905 download_items_from_redis.py[line:93] INFO [knt:items] Processing item: 直角切削条件 F6/8AV...ADL45...公制 <https://www.kennametal.com/zh/products/20478624/57493250/1522849/44814632/44814800/100022363.html>
2017-05-28 11:48:14,911 download_items_from_redis.py[line:93] INFO [knt:items] Processing item: 方形切削条件 F6/8AV...AWM/L/X...公制 <https://www.kennametal.com/zh/products/20478624/57493250/1522849/44814632/44814800/100022364.html>
2017-05-28 11:48:14,914 download_items_from_redis.py[line:93] INFO [knt:items] Processing item: 直角切削条件 F2AL...AWM/L/X20...公制 <https://www.kennametal.com/zh/products/20478624/57493250/1522849/44814632/44814800/100022366.html>
2017-05-28 11:48:14,917 download_items_from_redis.py[line:93] INFO [knt:items] Processing item: 直角切削条件 F2AL...AWL/M30...公制 <https://www.kennametal.com/zh/products/20478624/57493250/1522849/44814632/44814800/100022367.html>
2017-05-28 11:48:14,924 download_items_from_redis.py[line:93] INFO [knt:items] Processing item: 直角切削条件 F2AL...AWM/L/X30...公制 <https://www.kennametal.com/zh/products/20478624/57493250/1522849/44814632/44814800/100022368.html>
2017-05-28 11:48:14,927 download_items_from_redis.py[line:93] INFO [knt:items] Processing item: 直角切削条件 F2AB…WL-WM-WX...公制 <https://www.kennametal.com/zh/products/20478624/57493250/1522849/44814632/44814800/100022369.html>
2017-05-28 11:48:14,930 download_items_from_redis.py[line:93] INFO [knt:items] Processing item: 直角切削条件 F4AL...AWM/L/X30L...公制 <https://www.kennametal.com/zh/products/20478624/57493250/1522849/44814632/44814800/100022370.html>
2017-05-28 11:48:14,934 download_items_from_redis.py[line:93] INFO [knt:items] Processing item: HPRDM • Rougher for Medium and Hardened Steels <https://www.kennametal.com/zh/products/20478624/57493250/1522849/44814632/44814805/100003585.html>
2017-05-28 11:48:14,937 download_items_from_redis.py[line:93] INFO [knt:items] Processing item: HPFDM • Medium and Hardened Steels <https://www.kennametal.com/zh/products/20478624/57493250/1522849/44814632/44814805/100003586.html>
2017-05-28 11:48:14,943 download_items_from_redis.py[line:93] INFO [knt:items] Processing item: HPBNDM • Ball Nose for Medium and Hardened Steels <https://www.kennametal.com/zh/products/20478624/57493250/1522849/44814632/44814805/100003587.html>
