2017-06-12 15:29:50,789 download_items_from_redis.py[line:113] INFO [process id 0] start to download items in 'wilson:items' (server: localhost, port: 6379)
2017-06-12 15:29:51,809 download_items_from_redis.py[line:93] INFO [wilson:items] Processing item: EXP™冲头技术 <http://global.wilsontool.com/Mandarin/Product_punching_cn_p_std_cn_p_std_thick_cn_p_std_thick_exp_cn.aspx>
2017-06-12 15:29:59,430 download_items_from_redis.py[line:93] INFO [wilson:items] Processing item: 刃磨机 <http://global.wilsontool.com/Mandarin/Product_accessories_cn_p_accs_cn_p_accs_thick_cn_p_accs_thick_grinders_cn.aspx>
2017-06-12 15:30:04,109 download_items_from_redis.py[line:93] INFO [wilson:items] Processing item: EXP™冲头技术 <http://global.wilsontool.com/Mandarin/Product_punching_cn_p_std_cn_p_std_thick_cn_p_std_thick_exp_cn.aspx>
2017-06-12 15:30:09,640 download_items_from_redis.py[line:93] INFO [wilson:items] Processing item: 1V下模 <http://global.wilsontool.com/Mandarin/Product_bending_cn_b_std_cn_b_std_amer_cn_b_std_amer_1vdie_cn.aspx>
2017-06-12 15:30:14,193 download_items_from_redis.py[line:93] INFO [wilson:items] Processing item: Xtreme <http://global.wilsontool.com/Mandarin/Product_stamping_cn_s_std_cn_s_std_pun_cn_s_std_pun_xtreme_cn.aspx>
2017-06-12 15:38:33,549 download_items_from_redis.py[line:93] INFO [wilson:items] Processing item: 1V下模 <http://global.wilsontool.com/Mandarin/Product_bending_cn_b_std_cn_b_std_wt_cn_b_std_wt_1vdie_cn.aspx>
2017-06-12 15:38:36,019 download_items_from_redis.py[line:93] INFO [wilson:items] Processing item: 尖角上模 <http://global.wilsontool.com/Mandarin/Product_bending_cn_b_std_cn_b_std_amer_cn_b_std_amer_acutepunch_cn.aspx>
2017-06-12 15:38:40,657 download_items_from_redis.py[line:93] INFO [wilson:items] Processing item: 箭形上模 <http://global.wilsontool.com/Mandarin/Product_bending_cn_b_std_cn_b_std_amer_cn_b_std_amer_arrowpunch_cn.aspx>
2017-06-12 15:38:45,911 download_items_from_redis.py[line:93] INFO [wilson:items] Processing item: 重载上刀 <http://global.wilsontool.com/Mandarin/Product_bending_cn_b_std_cn_b_std_amer_cn_b_std_amer_blockpunch_cn.aspx>
2017-06-12 15:38:51,352 download_items_from_redis.py[line:93] INFO [wilson:items] Processing item: 模具座/转换座 <http://global.wilsontool.com/Mandarin/Product_bending_cn_b_std_cn_b_std_amer_cn_b_std_amer_dieholder_cn.aspx>
2017-06-12 15:38:56,322 download_items_from_redis.py[line:93] INFO [wilson:items] Processing item: 打扁/压平下模 <http://global.wilsontool.com/Mandarin/Product_bending_cn_b_std_cn_b_std_amer_cn_b_std_amer_hemflatdie_cn.aspx>
2017-06-12 15:39:00,187 download_items_from_redis.py[line:93] INFO [wilson:items] Processing item: 凹槽 <http://global.wilsontool.com/Mandarin/Product_bending_cn_b_spcl_cn_b_spcl_amer_cn_b_spcl_amer_channel_cn.aspx>
2017-06-12 15:39:05,627 download_items_from_redis.py[line:93] INFO [wilson:items] Processing item: 卷边 <http://global.wilsontool.com/Mandarin/Product_bending_cn_b_spcl_cn_b_spcl_amer_cn_b_spcl_amer_curl_cn.aspx>
2017-06-12 15:39:11,450 download_items_from_redis.py[line:93] INFO [wilson:items] Processing item: 成型模具 <http://global.wilsontool.com/Mandarin/Product_bending_cn_b_spcl_cn_b_spcl_amer_cn_b_spcl_amer_formtool_cn.aspx>
2017-06-12 15:39:17,303 download_items_from_redis.py[line:93] INFO [wilson:items] Processing item: 鹅颈上模 <http://global.wilsontool.com/Mandarin/Product_bending_cn_b_std_cn_b_std_amer_cn_b_std_amer_gooseneckpunch_cn.aspx>
2017-06-12 15:39:20,634 download_items_from_redis.py[line:93] INFO [wilson:items] Processing item: 打扁/压平上模 <http://global.wilsontool.com/Mandarin/Product_bending_cn_b_std_cn_b_std_amer_cn_b_std_amer_hemflatpunch_cn.aspx>
2017-06-12 15:39:26,288 download_items_from_redis.py[line:93] INFO [wilson:items] Processing item: 打扁模 <http://global.wilsontool.com/Mandarin/Product_bending_cn_b_spcl_cn_b_spcl_amer_cn_b_spcl_amer_hemming_cn.aspx>
2017-06-12 15:39:29,713 download_items_from_redis.py[line:93] INFO [wilson:items] Processing item: 打字模 <http://global.wilsontool.com/Mandarin/Product_bending_cn_b_spcl_cn_b_spcl_amer_cn_b_spcl_amer_letterstamp_cn.aspx>
2017-06-12 15:39:34,293 download_items_from_redis.py[line:93] INFO [wilson:items] Processing item: 浅拉伸和标识 <http://global.wilsontool.com/Mandarin/Product_bending_cn_b_spcl_cn_b_spcl_amer_cn_b_spcl_amer_embosslogo_cn.aspx>
2017-06-12 15:39:40,290 download_items_from_redis.py[line:93] INFO [wilson:items] Processing item: 百叶窗 <http://global.wilsontool.com/Mandarin/Product_bending_cn_b_spcl_cn_b_spcl_amer_cn_b_spcl_amer_louver_cn.aspx>
2017-06-12 15:39:45,272 download_items_from_redis.py[line:93] INFO [wilson:items] Processing item: 大圆角上模 <http://global.wilsontool.com/Mandarin/Product_bending_cn_b_std_cn_b_std_amer_cn_b_std_amer_largeradius_cn.aspx>
2017-06-12 15:39:49,450 download_items_from_redis.py[line:93] INFO [wilson:items] Processing item: 一体式模具 <http://global.wilsontool.com/Mandarin/Product_punching_cn_p_std_cn_p_std_fab_cn_p_std_fab_fullbody_cn.aspx>
2017-06-12 15:39:55,670 download_items_from_redis.py[line:93] INFO [wilson:items] Processing item: HP <http://global.wilsontool.com/Mandarin/Product_punching_cn_p_std_cn_p_std_fab_cn_p_std_fab_hp_cn.aspx>
2017-06-12 15:39:57,601 download_items_from_redis.py[line:93] INFO [wilson:items] Processing item: 多子模模具 <http://global.wilsontool.com/Mandarin/Product_punching_cn_p_std_cn_p_std_fab_cn_p_std_fab_multitools_cn.aspx>
2017-06-12 15:40:02,298 download_items_from_redis.py[line:93] INFO [wilson:items] Processing item: 切边模具 <http://global.wilsontool.com/Mandarin/Product_punching_cn_p_std_cn_p_std_fab_cn_p_std_fab_parting_cn.aspx>
2017-06-12 15:40:08,164 download_items_from_redis.py[line:93] INFO [wilson:items] Processing item: 段差模 <http://global.wilsontool.com/Mandarin/Product_bending_cn_b_spcl_cn_b_spcl_amer_cn_b_spcl_amer_offset_cn.aspx>
2017-06-12 15:40:12,825 download_items_from_redis.py[line:93] INFO [wilson:items] Processing item: 模具座/转换座 <http://global.wilsontool.com/Mandarin/Product_bending_cn_b_std_cn_b_std_amer_cn_b_std_amer_holderadapter_cn.aspx>
2017-06-12 15:40:18,484 download_items_from_redis.py[line:93] INFO [wilson:items] Processing item: 圆角 <http://global.wilsontool.com/Mandarin/Product_bending_cn_b_spcl_cn_b_spcl_amer_cn_b_spcl_amer_radius_cn.aspx>
2017-06-12 15:40:21,940 download_items_from_redis.py[line:93] INFO [wilson:items] Processing item: 压筋模 <http://global.wilsontool.com/Mandarin/Product_bending_cn_b_spcl_cn_b_spcl_amer_cn_b_spcl_amer_rib_cn.aspx>
2017-06-12 15:40:27,359 download_items_from_redis.py[line:93] INFO [wilson:items] Processing item: 棒料弯模具 <http://global.wilsontool.com/Mandarin/Product_bending_cn_b_spcl_cn_b_spcl_amer_cn_b_spcl_amer_rodbending_cn.aspx>
2017-06-12 15:40:31,282 download_items_from_redis.py[line:93] INFO [wilson:items] Processing item: 框架折弯上模 <http://global.wilsontool.com/Mandarin/Product_bending_cn_b_std_cn_b_std_amer_cn_b_std_amer_sashpunch_cn.aspx>
2017-06-12 15:40:36,769 download_items_from_redis.py[line:93] INFO [wilson:items] Processing item: 无压痕下模 <http://global.wilsontool.com/Mandarin/Product_bending_cn_b_std_cn_b_std_amer_cn_b_std_amer_vseriesdie_cn.aspx>
2017-06-12 15:40:42,539 download_items_from_redis.py[line:93] INFO [wilson:items] Processing item: 开口模具 <http://global.wilsontool.com/Mandarin/Product_bending_cn_b_spcl_cn_b_spcl_amer_cn_b_spcl_amer_window_cn.aspx>
2017-06-12 15:40:46,828 download_items_from_redis.py[line:93] INFO [wilson:items] Processing item: 翻边模具 <http://global.wilsontool.com/Mandarin/Product_bending_cn_b_spcl_cn_b_spcl_amer_cn_b_spcl_amer_wiping_cn.aspx>
2017-06-12 15:40:52,469 download_items_from_redis.py[line:93] INFO [wilson:items] Processing item: 1V下模 <http://global.wilsontool.com/Mandarin/Product_bending_cn_b_std_cn_b_std_conv_cn_b_std_conv_1vdie_cn.aspx>
2017-06-12 15:40:57,901 download_items_from_redis.py[line:93] INFO [wilson:items] Processing item: 四通下模 <http://global.wilsontool.com/Mandarin/Product_bending_cn_b_std_cn_b_std_conv_cn_b_std_conv_4waydie_cn.aspx>
2017-06-12 15:41:03,073 download_items_from_redis.py[line:93] INFO [wilson:items] Processing item: 尖角上模 <http://global.wilsontool.com/Mandarin/Product_bending_cn_b_std_cn_b_std_conv_cn_b_std_conv_acutepunch_cn.aspx>
2017-06-12 15:41:08,801 download_items_from_redis.py[line:93] INFO [wilson:items] Processing item: 块状冲头 <http://global.wilsontool.com/Mandarin/Product_bending_cn_b_std_cn_b_std_conv_cn_b_std_conv_blockpunch_cn.aspx>
2017-06-12 15:41:14,470 download_items_from_redis.py[line:93] INFO [wilson:items] Processing item: 上模 <http://global.wilsontool.com/Mandarin/Product_bending_cn_b_spcl_cn_b_spcl_conv_cn_b_spcl_conv_punch_cn.aspx>
2017-06-12 15:41:20,305 download_items_from_redis.py[line:93] INFO [wilson:items] Processing item: 卷边 <http://global.wilsontool.com/Mandarin/Product_bending_cn_b_spcl_cn_b_spcl_conv_cn_b_spcl_conv_curl_cn.aspx>
2017-06-12 15:41:25,742 download_items_from_redis.py[line:93] INFO [wilson:items] Processing item: 成型模具 <http://global.wilsontool.com/Mandarin/Product_bending_cn_b_spcl_cn_b_spcl_conv_cn_b_spcl_conv_formtool_cn.aspx>
2017-06-12 15:41:30,371 download_items_from_redis.py[line:93] INFO [wilson:items] Processing item: 鹅颈上模 <http://global.wilsontool.com/Mandarin/Product_bending_cn_b_std_cn_b_std_conv_cn_b_std_conv_gooseneckpunch_cn.aspx>
2017-06-12 15:41:35,680 download_items_from_redis.py[line:93] INFO [wilson:items] Processing item: 打扁/压平下模 <http://global.wilsontool.com/Mandarin/Product_bending_cn_b_std_cn_b_std_conv_cn_b_std_conv_hemflatdie_cn.aspx>
2017-06-12 15:41:39,447 download_items_from_redis.py[line:93] INFO [wilson:items] Processing item: 打扁模 <http://global.wilsontool.com/Mandarin/Product_bending_cn_b_spcl_cn_b_spcl_conv_cn_b_spcl_conv_hemming_cn.aspx>
2017-06-12 15:41:44,631 download_items_from_redis.py[line:93] INFO [wilson:items] Processing item: 打扁/压平上模 <http://global.wilsontool.com/Mandarin/Product_bending_cn_b_std_cn_b_std_conv_cn_b_std_conv_hemflatpunch_cn.aspx>
2017-06-12 15:41:50,648 download_items_from_redis.py[line:93] INFO [wilson:items] Processing item: 开口模具 <http://global.wilsontool.com/Mandarin/Product_bending_cn_b_spcl_cn_b_spcl_conv_cn_b_spcl_conv_window_cn.aspx>
2017-06-12 15:41:56,095 download_items_from_redis.py[line:93] INFO [wilson:items] Processing item: 浅拉伸和标识 <http://global.wilsontool.com/Mandarin/Product_bending_cn_b_spcl_cn_b_spcl_conv_cn_b_spcl_conv_embosslogo_cn.aspx>
2017-06-12 15:42:01,476 download_items_from_redis.py[line:93] INFO [wilson:items] Processing item: 段差模 <http://global.wilsontool.com/Mandarin/Product_bending_cn_b_spcl_cn_b_spcl_conv_cn_b_spcl_conv_offset_cn.aspx>
2017-06-12 15:42:06,540 download_items_from_redis.py[line:93] INFO [wilson:items] Processing item: 台阶冲头和下模组件 <http://global.wilsontool.com/Mandarin/Product_bending_cn_b_std_cn_b_std_conv_cn_b_std_conv_offset_cn.aspx>
2017-06-12 15:42:12,039 download_items_from_redis.py[line:93] INFO [wilson:items] Processing item: 棒料弯模具 <http://global.wilsontool.com/Mandarin/Product_bending_cn_b_spcl_cn_b_spcl_conv_cn_b_spcl_conv_rodbending_cn.aspx>
2017-06-12 15:42:17,388 download_items_from_redis.py[line:93] INFO [wilson:items] Processing item: 圆角 <http://global.wilsontool.com/Mandarin/Product_bending_cn_b_spcl_cn_b_spcl_conv_cn_b_spcl_conv_radius_cn.aspx>
2017-06-12 15:42:22,262 download_items_from_redis.py[line:93] INFO [wilson:items] Processing item: 凹槽 <http://global.wilsontool.com/Mandarin/Product_bending_cn_b_spcl_cn_b_spcl_conv_cn_b_spcl_conv_channel_cn.aspx>
2017-06-12 15:42:26,091 download_items_from_redis.py[line:93] INFO [wilson:items] Processing item: 打字模 <http://global.wilsontool.com/Mandarin/Product_bending_cn_b_spcl_cn_b_spcl_conv_cn_b_spcl_conv_letterstamp_cn.aspx>
2017-06-12 15:42:31,125 download_items_from_redis.py[line:93] INFO [wilson:items] Processing item: 框架折弯上模 <http://global.wilsontool.com/Mandarin/Product_bending_cn_b_std_cn_b_std_conv_cn_b_std_conv_sashpunch_cn.aspx>
2017-06-12 15:42:35,158 download_items_from_redis.py[line:93] INFO [wilson:items] Processing item: 压筋模 <http://global.wilsontool.com/Mandarin/Product_bending_cn_b_spcl_cn_b_spcl_conv_cn_b_spcl_conv_rib_cn.aspx>
2017-06-12 15:42:40,938 download_items_from_redis.py[line:93] INFO [wilson:items] Processing item: 翻边模具 <http://global.wilsontool.com/Mandarin/Product_bending_cn_b_spcl_cn_b_spcl_conv_cn_b_spcl_conv_wiping_cn.aspx>
2017-06-12 15:42:46,286 download_items_from_redis.py[line:93] INFO [wilson:items] Processing item: 1V下模 <http://global.wilsontool.com/Mandarin/Product_bending_cn_b_std_cn_b_std_euro_cn_b_std_euro_1vdie_cn.aspx>
2017-06-12 15:42:49,545 download_items_from_redis.py[line:93] INFO [wilson:items] Processing item: 2V下模 <http://global.wilsontool.com/Mandarin/Product_bending_cn_b_std_cn_b_std_euro_cn_b_std_euro_2vdie_cn.aspx>
2017-06-12 15:42:53,006 download_items_from_redis.py[line:93] INFO [wilson:items] Processing item: 尖角上模 <http://global.wilsontool.com/Mandarin/Product_bending_cn_b_std_cn_b_std_euro_cn_b_std_euro_acutepunch_cn.aspx>
2017-06-12 15:42:58,717 download_items_from_redis.py[line:93] INFO [wilson:items] Processing item: 模具座/转换座 <http://global.wilsontool.com/Mandarin/Product_bending_cn_b_spcl_cn_b_spcl_euro_cn_b_spcl_euro_holderadapter_cn.aspx>
2017-06-12 15:43:04,257 download_items_from_redis.py[line:93] INFO [wilson:items] Processing item: 上模 <http://global.wilsontool.com/Mandarin/Product_bending_cn_b_spcl_cn_b_spcl_euro_cn_b_spcl_euro_punch_cn.aspx>
2017-06-12 15:43:09,654 download_items_from_redis.py[line:93] INFO [wilson:items] Processing item: 卷边 <http://global.wilsontool.com/Mandarin/Product_bending_cn_b_spcl_cn_b_spcl_euro_cn_b_spcl_euro_curl_cn.aspx>
2017-06-12 15:43:12,561 download_items_from_redis.py[line:93] INFO [wilson:items] Processing item: 模具座/转换座下模 <http://global.wilsontool.com/Mandarin/Product_bending_cn_b_std_cn_b_std_euro_cn_b_std_euro_dieholder_cn.aspx>
2017-06-12 15:43:17,892 download_items_from_redis.py[line:93] INFO [wilson:items] Processing item: 成型模具 <http://global.wilsontool.com/Mandarin/Product_bending_cn_b_spcl_cn_b_spcl_euro_cn_b_spcl_euro_formtool_cn.aspx>
2017-06-12 15:43:23,003 download_items_from_redis.py[line:93] INFO [wilson:items] Processing item: 鹅颈上模 <http://global.wilsontool.com/Mandarin/Product_bending_cn_b_std_cn_b_std_euro_cn_b_std_euro_gooseneckpunch_cn.aspx>
2017-06-12 15:43:27,910 download_items_from_redis.py[line:93] INFO [wilson:items] Processing item: 打扁/压平下模 <http://global.wilsontool.com/Mandarin/Product_bending_cn_b_std_cn_b_std_euro_cn_b_std_euro_hemflatdie_cn.aspx>
2017-06-12 15:43:32,755 download_items_from_redis.py[line:93] INFO [wilson:items] Processing item: 打扁模 <http://global.wilsontool.com/Mandarin/Product_bending_cn_b_spcl_cn_b_spcl_euro_cn_b_spcl_euro_hemming_cn.aspx>
2017-06-12 15:43:37,907 download_items_from_redis.py[line:93] INFO [wilson:items] Processing item: 打扁/压平上模 <http://global.wilsontool.com/Mandarin/Product_bending_cn_b_std_cn_b_std_euro_cn_b_std_euro_hemflatpunch_cn.aspx>
2017-06-12 15:43:42,832 download_items_from_redis.py[line:93] INFO [wilson:items] Processing item: 开口模具 <http://global.wilsontool.com/Mandarin/Product_bending_cn_b_spcl_cn_b_spcl_euro_cn_b_spcl_euro_window_cn.aspx>
2017-06-12 15:43:48,345 download_items_from_redis.py[line:93] INFO [wilson:items] Processing item: 浅拉伸和标识 <http://global.wilsontool.com/Mandarin/Product_bending_cn_b_spcl_cn_b_spcl_euro_cn_b_spcl_euro__embosslogo_cn.aspx>
2017-06-12 15:43:53,641 download_items_from_redis.py[line:93] INFO [wilson:items] Processing item: 段差模 <http://global.wilsontool.com/Mandarin/Product_bending_cn_b_spcl_cn_b_spcl_euro_cn_b_spcl_euro_offset_cn.aspx>
2017-06-12 15:43:57,911 download_items_from_redis.py[line:93] INFO [wilson:items] Processing item: 大圆角上模 <http://global.wilsontool.com/Mandarin/Product_bending_cn_b_std_cn_b_std_euro_cn_b_std_euro_largeradiuspunch_cn.aspx>
2017-06-12 15:44:03,431 download_items_from_redis.py[line:93] INFO [wilson:items] Processing item: 箭形上模 <http://global.wilsontool.com/Mandarin/Product_bending_cn_b_std_cn_b_std_euro_cn_b_std_euro_narrowpunch_cn.aspx>
2017-06-12 15:44:08,032 download_items_from_redis.py[line:93] INFO [wilson:items] Processing item: 棒料弯模具 <http://global.wilsontool.com/Mandarin/Product_bending_cn_b_spcl_cn_b_spcl_euro_cn_b_spcl_euro_rodbending_cn.aspx>
2017-06-12 15:44:13,895 download_items_from_redis.py[line:93] INFO [wilson:items] Processing item: 上模座/转换座 <http://global.wilsontool.com/Mandarin/Product_bending_cn_b_std_cn_b_std_euro_cn_b_std_euro_punchholder_cn.aspx>
2017-06-12 15:44:19,342 download_items_from_redis.py[line:93] INFO [wilson:items] Processing item: 圆角 <http://global.wilsontool.com/Mandarin/Product_bending_cn_b_spcl_cn_b_spcl_euro_cn_b_spcl_euro_radset_cn.aspx>
2017-06-12 15:44:22,260 download_items_from_redis.py[line:93] INFO [wilson:items] Processing item: 凹槽 <http://global.wilsontool.com/Mandarin/Product_bending_cn_b_spcl_cn_b_spcl_euro_cn_b_spcl_euro_channel_cn.aspx>
2017-06-12 15:44:28,092 download_items_from_redis.py[line:93] INFO [wilson:items] Processing item: 打字模 <http://global.wilsontool.com/Mandarin/Product_bending_cn_b_spcl_cn_b_spcl_euro_cn_b_spcl_euro_letterstamp_cn.aspx>
2017-06-12 15:44:33,736 download_items_from_redis.py[line:93] INFO [wilson:items] Processing item: 框架折弯上模 <http://global.wilsontool.com/Mandarin/Product_bending_cn_b_std_cn_b_std_euro_cn_b_std_euro_sashpunch_cn.aspx>
2017-06-12 15:44:38,595 download_items_from_redis.py[line:93] INFO [wilson:items] Processing item: 标准冲头 <http://global.wilsontool.com/Mandarin/Product_bending_cn_b_std_cn_b_std_euro_cn_b_std_euro_standardpunch_cn.aspx>
2017-06-12 15:44:42,585 download_items_from_redis.py[line:93] INFO [wilson:items] Processing item: 聚氨酯解决方案 <http://global.wilsontool.com/Mandarin/Product_bending_cn_b_std_cn_b_std_euro_cn_b_std_euro_urethane_cn.aspx>
2017-06-12 15:44:48,121 download_items_from_redis.py[line:93] INFO [wilson:items] Processing item: 无压痕下模 <http://global.wilsontool.com/Mandarin/Product_bending_cn_b_std_cn_b_std_euro_cn_b_std_euro_vseriesdie_cn.aspx>
2017-06-12 15:44:54,572 download_items_from_redis.py[line:93] INFO [wilson:items] Processing item: 压筋模 <http://global.wilsontool.com/Mandarin/Product_bending_cn_b_spcl_cn_b_spcl_euro_cn_b_spcl_euro_rib_cn.aspx>
2017-06-12 15:44:59,101 download_items_from_redis.py[line:93] INFO [wilson:items] Processing item: 翻边模具 <http://global.wilsontool.com/Mandarin/Product_bending_cn_b_spcl_cn_b_spcl_euro_cn_b_spcl_euro_wiping_cn.aspx>
2017-06-12 15:45:02,384 download_items_from_redis.py[line:93] INFO [wilson:items] Processing item: 30/60 <http://global.wilsontool.com/Mandarin/Product_bending_cn_b_spcl_cn_b_spcl_amer_cn_b_spcl_amer_3060_cn.aspx>
2017-06-12 15:45:06,654 download_items_from_redis.py[line:93] INFO [wilson:items] Processing item: 尖角上模 <http://global.wilsontool.com/Mandarin/Product_bending_cn_b_std_cn_b_std_wt_cn_b_std_wt_acutepunch_cn.aspx>
2017-06-12 15:45:12,246 download_items_from_redis.py[line:93] INFO [wilson:items] Processing item: 鹅颈上模 <http://global.wilsontool.com/Mandarin/Product_bending_cn_b_std_cn_b_std_wt_cn_b_std_wt_gooseneckpunch_cn.aspx>
2017-06-12 15:45:15,677 download_items_from_redis.py[line:93] INFO [wilson:items] Processing item: 打扁/压平下模 <http://global.wilsontool.com/Mandarin/Product_bending_cn_b_std_cn_b_std_wt_cn_b_std_wt_hemmingdie_cn.aspx>
2017-06-12 15:45:19,792 download_items_from_redis.py[line:93] INFO [wilson:items] Processing item: 打扁/压平上模 <http://global.wilsontool.com/Mandarin/Product_bending_cn_b_std_cn_b_std_wt_cn_b_std_wt_hemmingpunch_cn.aspx>
2017-06-12 15:45:25,055 download_items_from_redis.py[line:93] INFO [wilson:items] Processing item: 大圆角上模 <http://global.wilsontool.com/Mandarin/Product_bending_cn_b_std_cn_b_std_wt_cn_b_std_wt_largeradiuspunch_cn.aspx>
2017-06-12 15:45:30,973 download_items_from_redis.py[line:93] INFO [wilson:items] Processing item: 尖角上模 <http://global.wilsontool.com/Mandarin/Product_bending_cn_b_std_cn_b_std_wt_cn_b_std_wt_pointedpunch_cn.aspx>
2017-06-12 15:45:36,476 download_items_from_redis.py[line:93] INFO [wilson:items] Processing item: 鹅颈上模 <http://global.wilsontool.com/Mandarin/Product_bending_cn_b_std_cn_b_std_wt_cn_b_std_wt_swanneckpunch_cn.aspx>
2017-06-12 15:45:40,404 download_items_from_redis.py[line:93] INFO [wilson:items] Processing item: 无压痕下模 <http://global.wilsontool.com/Mandarin/Product_bending_cn_b_std_cn_b_std_wt_cn_b_std_wt_vseriesdie_cn.aspx>
2017-06-12 15:45:45,510 download_items_from_redis.py[line:93] INFO [wilson:items] Processing item: 30/60 <http://global.wilsontool.com/Mandarin/Product_bending_cn_b_spcl_cn_b_spcl_conv_cn_b_spcl_conv_3060_cn.aspx>
2017-06-12 15:45:50,315 download_items_from_redis.py[line:93] INFO [wilson:items] Processing item: 30/60 <http://global.wilsontool.com/Mandarin/Product_bending_cn_b_spcl_cn_b_spcl_euro_cn_b_spcl_euro_3060_cn.aspx>
2017-06-12 15:45:54,109 download_items_from_redis.py[line:93] INFO [wilson:items] Processing item: 测量工具 <http://global.wilsontool.com/Mandarin/Product_bending_cn_b_accs_cn_b_accs_wt_cn_b_accs_wt_measurement_cn.aspx>
2017-06-12 15:45:59,854 download_items_from_redis.py[line:93] INFO [wilson:items] Processing item: 测量工具 <http://global.wilsontool.com/Mandarin/Product_bending_cn_b_accs_cn_b_accs_amer_cn_b_accs_amer_measurement_cn.aspx>
2017-06-12 15:46:05,160 download_items_from_redis.py[line:93] INFO [wilson:items] Processing item: 测量工具 <http://global.wilsontool.com/Mandarin/Product_bending_cn_b_accs_cn_b_accs_conv_cn_b_accs_conv_measurement_cn.aspx>
2017-06-12 15:46:08,497 download_items_from_redis.py[line:93] INFO [wilson:items] Processing item: 测量工具 <http://global.wilsontool.com/Mandarin/Product_bending_cn_b_accs_cn_b_accs_euro_cn_b_accs_euro_measurement_cn.aspx>
2017-06-12 15:46:14,380 download_items_from_redis.py[line:93] INFO [wilson:items] Processing item: 聚氨酯 <http://global.wilsontool.com/Mandarin/Product_bending_cn_b_accs_cn_b_accs_wt_cn_b_accs_wt_urethane_cn.aspx>
2017-06-12 15:46:16,203 download_items_from_redis.py[line:93] INFO [wilson:items] Processing item: 聚氨酯 <http://global.wilsontool.com/Mandarin/Product_bending_cn_b_accs_cn_b_accs_amer_cn_b_accs_amer_urethane_cn.aspx>
2017-06-12 15:46:20,756 download_items_from_redis.py[line:93] INFO [wilson:items] Processing item: 聚氨酯 <http://global.wilsontool.com/Mandarin/Product_bending_cn_b_accs_cn_b_accs_conv_cn_b_accs_conv_urethane_cn.aspx>
2017-06-12 15:46:26,427 download_items_from_redis.py[line:93] INFO [wilson:items] Processing item: 聚氨酯 <http://global.wilsontool.com/Mandarin/Product_bending_cn_b_accs_cn_b_accs_euro_cn_b_accs_euro_urethane_cn.aspx>
2017-06-12 15:46:29,371 download_items_from_redis.py[line:93] INFO [wilson:items] Processing item: 手动装置 <http://global.wilsontool.com/Mandarin/Product_bending_cn_b_clmp_cn_b_clmp_euro_cn_b_clmp_euro_manual_cn.aspx>
2017-06-12 15:46:34,967 download_items_from_redis.py[line:93] INFO [wilson:items] Processing item: 模具储存柜 <http://global.wilsontool.com/Mandarin/Product_bending_cn_b_accs_cn_b_accs_wt_cn_b_accs_wt_storage_cn.aspx>
2017-06-12 15:46:40,676 download_items_from_redis.py[line:93] INFO [wilson:items] Processing item: 模具储存柜 <http://global.wilsontool.com/Mandarin/Product_bending_cn_b_accs_cn_b_accs_amer_cn_b_accs_amer_storage_cn.aspx>
2017-06-12 15:46:44,006 download_items_from_redis.py[line:93] INFO [wilson:items] Processing item: 模具储存柜 <http://global.wilsontool.com/Mandarin/Product_bending_cn_b_accs_cn_b_accs_conv_cn_b_accs_conv_storage_cn.aspx>
2017-06-12 15:46:48,473 download_items_from_redis.py[line:93] INFO [wilson:items] Processing item: 模具储存柜 <http://global.wilsontool.com/Mandarin/Product_bending_cn_b_accs_cn_b_accs_euro_cn_b_accs_euro_storage_cn.aspx>
2017-06-12 15:46:53,253 download_items_from_redis.py[line:93] INFO [wilson:items] Processing item: 1V下模 <http://global.wilsontool.com/Mandarin/Product_bending_cn_b_std_cn_b_std_amer_cn_b_std_amer_1vdie_cn.aspx>
2017-06-12 15:46:58,993 download_items_from_redis.py[line:93] INFO [wilson:items] Processing item: 下模 <http://global.wilsontool.com/Mandarin/Product_bending_cn_b_spcl_cn_b_spcl_amer_cn_b_spcl_amer_dies_cn.aspx>
2017-06-12 15:47:04,315 download_items_from_redis.py[line:93] INFO [wilson:items] Processing item: 液压夹紧系统 <http://global.wilsontool.com/Mandarin/Product_bending_cn_b_clmp_cn_b_clmp_amer_cn_b_clmp_amer_hydraulic_cn.aspx>
2017-06-12 15:47:09,855 download_items_from_redis.py[line:93] INFO [wilson:items] Processing item: 上模 <http://global.wilsontool.com/Mandarin/Product_bending_cn_b_spcl_cn_b_spcl_amer_cn_b_spcl_amer_punch_cn.aspx>
