2017-06-07 10:00:44,778 download_items_from_redis.py[line:113] INFO [process id 0] start to download items in 'yt:items' (server: localhost, port: 6379)
2017-06-07 10:00:45,788 download_items_from_redis.py[line:93] INFO [yt:items] Processing item: YT-17330 <http://www.yuantie.com.cn/productsshow.asp?id=52>
2017-06-07 10:00:45,789 download_items_from_redis.py[line:93] INFO [yt:items] Processing item: YT-7495 <http://www.yuantie.com.cn/productsshow.asp?id=11>
2017-06-07 10:01:24,598 download_items_from_redis.py[line:93] INFO [yt:items] Processing item: YT-7488 <http://www.yuantie.com.cn/productsshow.asp?id=10>
2017-06-07 10:01:30,473 download_items_from_redis.py[line:93] INFO [yt:items] Processing item: YT-7495 <http://www.yuantie.com.cn/productsshow.asp?id=11>
2017-06-07 10:01:36,321 download_items_from_redis.py[line:93] INFO [yt:items] Processing item: YT-7488W <http://www.yuantie.com.cn/productsshow.asp?id=12>
2017-06-07 10:01:43,381 download_items_from_redis.py[line:93] INFO [yt:items] Processing item: YT-7465 <http://www.yuantie.com.cn/productsshow.asp?id=2>
2017-06-07 10:01:46,982 download_items_from_redis.py[line:93] INFO [yt:items] Processing item: YT-R77G/R77S <http://www.yuantie.com.cn/productsshow.asp?id=46>
2017-06-07 10:01:52,424 download_items_from_redis.py[line:93] INFO [yt:items] Processing item: YT-R71G <http://www.yuantie.com.cn/productsshow.asp?id=48>
2017-06-07 10:01:58,302 download_items_from_redis.py[line:93] INFO [yt:items] Processing item: YT-R71S <http://www.yuantie.com.cn/productsshow.asp?id=49>
2017-06-07 10:02:03,131 download_items_from_redis.py[line:93] INFO [yt:items] Processing item: YT-17407 <http://www.yuantie.com.cn/productsshow.asp?id=4>
2017-06-07 10:02:08,188 download_items_from_redis.py[line:93] INFO [yt:items] Processing item: YT-7435 <http://www.yuantie.com.cn/productsshow.asp?id=5>
2017-06-07 10:02:16,898 download_items_from_redis.py[line:93] INFO [yt:items] Processing item: YT-7460 <http://www.yuantie.com.cn/productsshow.asp?id=3>
2017-06-07 10:02:22,867 download_items_from_redis.py[line:93] INFO [yt:items] Processing item: YT-7432套装 <http://www.yuantie.com.cn/productsshow.asp?id=6>
2017-06-07 10:02:28,209 download_items_from_redis.py[line:93] INFO [yt:items] Processing item: YT-7432 <http://www.yuantie.com.cn/productsshow.asp?id=7>
2017-06-07 10:02:32,743 download_items_from_redis.py[line:93] INFO [yt:items] Processing item: YT-7431套装 <http://www.yuantie.com.cn/productsshow.asp?id=8>
2017-06-07 10:02:37,971 download_items_from_redis.py[line:93] INFO [yt:items] Processing item: YT-7431 <http://www.yuantie.com.cn/productsshow.asp?id=9>
2017-06-07 10:02:44,052 download_items_from_redis.py[line:93] INFO [yt:items] Processing item: YT-7462 <http://www.yuantie.com.cn/productsshow.asp?id=66>
2017-06-07 10:02:47,704 download_items_from_redis.py[line:93] INFO [yt:items] Processing item: YT-7435套装 <http://www.yuantie.com.cn/productsshow.asp?id=68>
2017-06-07 10:02:53,313 download_items_from_redis.py[line:93] INFO [yt:items] Processing item: YT-17330 <http://www.yuantie.com.cn/productsshow.asp?id=13>
2017-06-07 10:02:59,082 download_items_from_redis.py[line:93] INFO [yt:items] Processing item: YT-27330 <http://www.yuantie.com.cn/productsshow.asp?id=14>
2017-06-07 10:03:04,907 download_items_from_redis.py[line:93] INFO [yt:items] Processing item: YT-7310A <http://www.yuantie.com.cn/productsshow.asp?id=15>
2017-06-07 10:03:09,973 download_items_from_redis.py[line:93] INFO [yt:items] Processing item: YT-27311A <http://www.yuantie.com.cn/productsshow.asp?id=16>
2017-06-07 10:03:19,566 download_items_from_redis.py[line:93] INFO [yt:items] Processing item: YT-7103 <http://www.yuantie.com.cn/productsshow.asp?id=18>
2017-06-07 10:03:22,132 download_items_from_redis.py[line:93] INFO [yt:items] Processing item: YT-7104 <http://www.yuantie.com.cn/productsshow.asp?id=19>
2017-06-07 10:03:27,739 download_items_from_redis.py[line:93] INFO [yt:items] Processing item: YT-7325 <http://www.yuantie.com.cn/productsshow.asp?id=20>
2017-06-07 10:03:33,391 download_items_from_redis.py[line:93] INFO [yt:items] Processing item: YT-7320 <http://www.yuantie.com.cn/productsshow.asp?id=21>
2017-06-07 10:03:38,153 download_items_from_redis.py[line:93] INFO [yt:items] Processing item: YT-7408 <http://www.yuantie.com.cn/productsshow.asp?id=22>
2017-06-07 10:03:43,052 download_items_from_redis.py[line:93] INFO [yt:items] Processing item: YT-7306/YT-7313小款式 <http://www.yuantie.com.cn/productsshow.asp?id=23>
2017-06-07 10:03:48,888 download_items_from_redis.py[line:93] INFO [yt:items] Processing item: YT-7601（YT-7313往复锉） <http://www.yuantie.com.cn/productsshow.asp?id=24>
2017-06-07 10:03:52,621 download_items_from_redis.py[line:93] INFO [yt:items] Processing item: YT-R8033-1 <http://www.yuantie.com.cn/productsshow.asp?id=25>
2017-06-07 10:03:57,700 download_items_from_redis.py[line:93] INFO [yt:items] Processing item: YT-R8033-2 <http://www.yuantie.com.cn/productsshow.asp?id=26>
2017-06-07 10:04:02,444 download_items_from_redis.py[line:93] INFO [yt:items] Processing item: YT-R8033-3 <http://www.yuantie.com.cn/productsshow.asp?id=27>
2017-06-07 10:04:12,609 download_items_from_redis.py[line:93] INFO [yt:items] Processing item: YT-5000 <http://www.yuantie.com.cn/productsshow.asp?id=34>
2017-06-07 10:04:19,957 download_items_from_redis.py[line:93] INFO [yt:items] Processing item: YT-3000 <http://www.yuantie.com.cn/productsshow.asp?id=35>
2017-06-07 10:04:24,519 download_items_from_redis.py[line:93] INFO [yt:items] Processing item: YT-4000 <http://www.yuantie.com.cn/productsshow.asp?id=36>
2017-06-07 10:04:28,835 download_items_from_redis.py[line:93] INFO [yt:items] Processing item: YT-1000 <http://www.yuantie.com.cn/productsshow.asp?id=37>
2017-06-07 10:04:34,484 download_items_from_redis.py[line:93] INFO [yt:items] Processing item: YT-R1003 <http://www.yuantie.com.cn/productsshow.asp?id=38>
2017-06-07 10:04:40,497 download_items_from_redis.py[line:93] INFO [yt:items] Processing item: YT-R1006 <http://www.yuantie.com.cn/productsshow.asp?id=39>
2017-06-07 10:04:43,190 download_items_from_redis.py[line:93] INFO [yt:items] Processing item: YT-R1002（套装） <http://www.yuantie.com.cn/productsshow.asp?id=40>
2017-06-07 10:04:50,506 download_items_from_redis.py[line:93] INFO [yt:items] Processing item: YT-R1005（套装） <http://www.yuantie.com.cn/productsshow.asp?id=41>
2017-06-07 10:04:54,918 download_items_from_redis.py[line:93] INFO [yt:items] Processing item: YT-R200 <http://www.yuantie.com.cn/productsshow.asp?id=42>
2017-06-07 10:05:00,236 download_items_from_redis.py[line:93] INFO [yt:items] Processing item: YT-R1005（套装） <http://www.yuantie.com.cn/productsshow.asp?id=43>
2017-06-07 10:05:04,915 download_items_from_redis.py[line:93] INFO [yt:items] Processing item: YT-R100 <http://www.yuantie.com.cn/productsshow.asp?id=44>
2017-06-07 10:05:09,559 download_items_from_redis.py[line:93] INFO [yt:items] Processing item: YT-R500 <http://www.yuantie.com.cn/productsshow.asp?id=45>
2017-06-07 10:05:13,740 download_items_from_redis.py[line:93] INFO [yt:items] Processing item: YT-7432 <http://www.yuantie.com.cn/productsshow.asp?id=50>
2017-06-07 10:05:20,394 download_items_from_redis.py[line:93] INFO [yt:items] Processing item: YT-17407 <http://www.yuantie.com.cn/productsshow.asp?id=51>
2017-06-07 10:05:23,288 download_items_from_redis.py[line:93] INFO [yt:items] Processing item: YT-7435 <http://www.yuantie.com.cn/productsshow.asp?id=53>
2017-06-07 10:05:27,221 download_items_from_redis.py[line:93] INFO [yt:items] Processing item: YT-27330 <http://www.yuantie.com.cn/productsshow.asp?id=54>
2017-06-07 10:05:31,438 download_items_from_redis.py[line:93] INFO [yt:items] Processing item: YT-7460 <http://www.yuantie.com.cn/productsshow.asp?id=55>
2017-06-07 10:05:36,549 download_items_from_redis.py[line:93] INFO [yt:items] Processing item: YT-1002/1005 <http://www.yuantie.com.cn/productsshow.asp?id=56>
2017-06-07 10:05:39,250 download_items_from_redis.py[line:93] INFO [yt:items] Processing item: YT-3000 <http://www.yuantie.com.cn/productsshow.asp?id=57>
2017-06-07 10:05:44,269 download_items_from_redis.py[line:93] INFO [yt:items] Processing item: YT-1000 <http://www.yuantie.com.cn/productsshow.asp?id=58>
2017-06-07 10:05:50,713 download_items_from_redis.py[line:93] INFO [yt:items] Processing item: YT-4000 <http://www.yuantie.com.cn/productsshow.asp?id=59>
2017-06-07 10:06:07,359 download_items_from_redis.py[line:93] INFO [yt:items] Processing item: YT-17330 <http://www.yuantie.com.cn/productsshow.asp?id=52>
