2017-06-12 16:17:44,867 download_items_from_redis.py[line:113] INFO [process id 0] start to download items in 'clamptek:items' (server: localhost, port: 6379)
2017-06-12 16:17:45,887 download_items_from_redis.py[line:93] INFO [clamptek:items] Processing item: CH-13005 <http://www.clamptek.com/products-detail.php?ProId=18>
2017-06-12 16:19:24,749 download_items_from_redis.py[line:93] INFO [clamptek:items] Processing item: CH-13005 <http://www.clamptek.com/products-detail.php?ProId=18>
2017-06-12 16:21:44,542 download_items_from_redis.py[line:93] INFO [clamptek:items] Processing item: CH-13005 <http://www.clamptek.com/products-detail.php?ProId=18>
2017-06-12 16:25:44,016 download_items_from_redis.py[line:93] INFO [clamptek:items] Processing item: CH-13005 <http://www.clamptek.com/products-detail.php?ProId=18>
2017-06-12 16:25:46,644 download_items_from_redis.py[line:93] INFO [clamptek:items] Processing item: CH-201 <http://www.clamptek.com/products-detail.php?ProId=28>
2017-06-12 16:25:50,608 download_items_from_redis.py[line:93] INFO [clamptek:items] Processing item: CH-301-AM <http://www.clamptek.com/products-detail.php?ProId=170>
2017-06-12 16:25:55,301 download_items_from_redis.py[line:93] INFO [clamptek:items] Processing item: CH-40323/CH-431/CH-40341 <http://www.clamptek.com/products-detail.php?ProId=292>
2017-06-12 16:25:59,121 download_items_from_redis.py[line:93] INFO [clamptek:items] Processing item: CH-50350 <http://www.clamptek.com/products-detail.php?ProId=230>
2017-06-12 16:27:35,723 download_items_from_redis.py[line:93] INFO [clamptek:items] Processing item: HW <http://www.clamptek.com/products-detail.php?ProId=428>
2017-06-12 16:27:39,023 download_items_from_redis.py[line:93] INFO [clamptek:items] Processing item: HW <http://www.clamptek.com/products-detail.php?ProId=426>
2017-06-12 16:27:43,957 download_items_from_redis.py[line:93] INFO [clamptek:items] Processing item: HW <http://www.clamptek.com/products-detail.php?ProId=427>
2017-06-12 16:27:49,905 download_items_from_redis.py[line:93] INFO [clamptek:items] Processing item: HW <http://www.clamptek.com/products-detail.php?ProId=425>
2017-06-12 16:27:56,108 download_items_from_redis.py[line:93] INFO [clamptek:items] Processing item: HW <http://www.clamptek.com/products-detail.php?ProId=424>
2017-06-12 16:28:00,467 download_items_from_redis.py[line:93] INFO [clamptek:items] Processing item: HW <http://www.clamptek.com/products-detail.php?ProId=732>
2017-06-12 16:28:05,809 download_items_from_redis.py[line:93] INFO [clamptek:items] Processing item: HW <http://www.clamptek.com/products-detail.php?ProId=725>
2017-06-12 16:28:10,612 download_items_from_redis.py[line:93] INFO [clamptek:items] Processing item: HW <http://www.clamptek.com/products-detail.php?ProId=724>
2017-06-12 16:28:14,825 download_items_from_redis.py[line:93] INFO [clamptek:items] Processing item: HW <http://www.clamptek.com/products-detail.php?ProId=729>
2017-06-12 16:28:19,384 download_items_from_redis.py[line:93] INFO [clamptek:items] Processing item: HW <http://www.clamptek.com/products-detail.php?ProId=728>
2017-06-12 16:28:23,806 download_items_from_redis.py[line:93] INFO [clamptek:items] Processing item: HW <http://www.clamptek.com/products-detail.php?ProId=726>
2017-06-12 16:28:29,223 download_items_from_redis.py[line:93] INFO [clamptek:items] Processing item: HW <http://www.clamptek.com/products-detail.php?ProId=730>
2017-06-12 16:28:32,677 download_items_from_redis.py[line:93] INFO [clamptek:items] Processing item: HW <http://www.clamptek.com/products-detail.php?ProId=727>
2017-06-12 16:28:38,029 download_items_from_redis.py[line:93] INFO [clamptek:items] Processing item: HW <http://www.clamptek.com/products-detail.php?ProId=731>
2017-06-12 16:30:01,371 download_items_from_redis.py[line:93] INFO [clamptek:items] Processing item: CH-13005 <http://www.clamptek.com/products-detail.php?ProId=18>
2017-06-12 16:30:06,178 download_items_from_redis.py[line:93] INFO [clamptek:items] Processing item: CH-12050 <http://www.clamptek.com/products-detail.php?ProId=77>
2017-06-12 16:30:11,733 download_items_from_redis.py[line:93] INFO [clamptek:items] Processing item: CH-201-A <http://www.clamptek.com/products-detail.php?ProId=31>
2017-06-12 16:30:15,323 download_items_from_redis.py[line:93] INFO [clamptek:items] Processing item: CH-201 <http://www.clamptek.com/products-detail.php?ProId=28>
2017-06-12 16:30:19,372 download_items_from_redis.py[line:93] INFO [clamptek:items] Processing item: CH-13005-SM <http://www.clamptek.com/products-detail.php?ProId=67>
2017-06-12 16:30:22,680 download_items_from_redis.py[line:93] INFO [clamptek:items] Processing item: CH-12050-U(SS) <http://www.clamptek.com/products-detail.php?ProId=88>
2017-06-12 16:30:27,183 download_items_from_redis.py[line:93] INFO [clamptek:items] Processing item: CH-22165 <http://www.clamptek.com/products-detail.php?ProId=44>
2017-06-12 16:30:32,877 download_items_from_redis.py[line:93] INFO [clamptek:items] Processing item: CH-13008 <http://www.clamptek.com/products-detail.php?ProId=21>
2017-06-12 16:30:38,773 download_items_from_redis.py[line:93] INFO [clamptek:items] Processing item: 长喉深系列 <http://www.clamptek.com/products-detail.php?ProId=36>
2017-06-12 16:30:44,424 download_items_from_redis.py[line:93] INFO [clamptek:items] Processing item: CH-225-DHB <http://www.clamptek.com/products-detail.php?ProId=41>
2017-06-12 16:30:48,796 download_items_from_redis.py[line:93] INFO [clamptek:items] Processing item: CAS <http://www.clamptek.com/products-detail.php?ProId=39>
2017-06-12 16:30:54,470 download_items_from_redis.py[line:93] INFO [clamptek:items] Processing item: CLF5H <http://www.clamptek.com/products-detail.php?ProId=27>
2017-06-12 16:30:59,292 download_items_from_redis.py[line:93] INFO [clamptek:items] Processing item: CP28乌型压板组 <http://www.clamptek.com/products-detail.php?ProId=154>
2017-06-12 16:31:04,635 download_items_from_redis.py[line:93] INFO [clamptek:items] Processing item: CHA <http://www.clamptek.com/products-detail.php?ProId=30>
2017-06-12 16:31:09,907 download_items_from_redis.py[line:93] INFO [clamptek:items] Processing item: NAU上法兰气路板型气压转角缸 <http://www.clamptek.com/products-detail.php?ProId=52>
2017-06-12 16:31:15,841 download_items_from_redis.py[line:93] INFO [clamptek:items] Processing item: ASC <http://www.clamptek.com/products-detail.php?ProId=48>
2017-06-12 16:31:21,505 download_items_from_redis.py[line:93] INFO [clamptek:items] Processing item: CSP <http://www.clamptek.com/products-detail.php?ProId=23>
2017-06-12 16:31:25,456 download_items_from_redis.py[line:93] INFO [clamptek:items] Processing item: PTA/PTB/PTC/PTD动向钢珠螺杆 <http://www.clamptek.com/products-detail.php?ProId=144>
2017-06-12 16:31:29,206 download_items_from_redis.py[line:93] INFO [clamptek:items] Processing item: SP-AH <http://www.clamptek.com/products-detail.php?ProId=25>
2017-06-12 16:31:31,851 download_items_from_redis.py[line:93] INFO [clamptek:items] Processing item: CH-201-B <http://www.clamptek.com/products-detail.php?ProId=35>
2017-06-12 16:31:37,750 download_items_from_redis.py[line:93] INFO [clamptek:items] Processing item: 长喉深系列 <http://www.clamptek.com/products-detail.php?ProId=68>
2017-06-12 16:31:43,621 download_items_from_redis.py[line:93] INFO [clamptek:items] Processing item: 长喉深系列 <http://www.clamptek.com/products-detail.php?ProId=64>
2017-06-12 16:31:47,621 download_items_from_redis.py[line:93] INFO [clamptek:items] Processing item: CP25压板 <http://www.clamptek.com/products-detail.php?ProId=150>
2017-06-12 16:31:53,437 download_items_from_redis.py[line:93] INFO [clamptek:items] Processing item: 重型夹钳 <http://www.clamptek.com/products-detail.php?ProId=80>
2017-06-12 16:31:58,823 download_items_from_redis.py[line:93] INFO [clamptek:items] Processing item: CH-225-D <http://www.clamptek.com/products-detail.php?ProId=40>
2017-06-12 16:32:04,049 download_items_from_redis.py[line:93] INFO [clamptek:items] Processing item: CBLU <http://www.clamptek.com/products-detail.php?ProId=29>
2017-06-12 16:32:09,697 download_items_from_redis.py[line:93] INFO [clamptek:items] Processing item: 重型夹钳 <http://www.clamptek.com/products-detail.php?ProId=75>
2017-06-12 16:32:15,065 download_items_from_redis.py[line:93] INFO [clamptek:items] Processing item: CSP油压支撑缸(高压) <http://www.clamptek.com/products-detail.php?ProId=22>
2017-06-12 16:32:20,417 download_items_from_redis.py[line:93] INFO [clamptek:items] Processing item: CLKA <http://www.clamptek.com/products-detail.php?ProId=26>
2017-06-12 16:32:24,898 download_items_from_redis.py[line:93] INFO [clamptek:items] Processing item: CH-20820 <http://www.clamptek.com/products-detail.php?ProId=43>
2017-06-12 16:32:30,746 download_items_from_redis.py[line:93] INFO [clamptek:items] Processing item: NPSU上法兰配管式气压转角缸 <http://www.clamptek.com/products-detail.php?ProId=50>
2017-06-12 16:32:35,420 download_items_from_redis.py[line:93] INFO [clamptek:items] Processing item: CH-22100 <http://www.clamptek.com/products-detail.php?ProId=33>
2017-06-12 16:32:39,244 download_items_from_redis.py[line:93] INFO [clamptek:items] Processing item: CH-13005-HB <http://www.clamptek.com/products-detail.php?ProId=61>
2017-06-12 16:32:42,724 download_items_from_redis.py[line:93] INFO [clamptek:items] Processing item: CH-12050-HB <http://www.clamptek.com/products-detail.php?ProId=90>
2017-06-12 16:32:46,256 download_items_from_redis.py[line:93] INFO [clamptek:items] Processing item: CSF上法兰油压支撑缸/无活塞杆中空油压支撑缸 <http://www.clamptek.com/products-detail.php?ProId=24>
2017-06-12 16:32:51,996 download_items_from_redis.py[line:93] INFO [clamptek:items] Processing item: CH-13007(SS) <http://www.clamptek.com/products-detail.php?ProId=20>
2017-06-12 16:32:57,638 download_items_from_redis.py[line:93] INFO [clamptek:items] Processing item: PB <http://www.clamptek.com/products-detail.php?ProId=53>
2017-06-12 16:33:02,375 download_items_from_redis.py[line:93] INFO [clamptek:items] Processing item: CP同步油缸 <http://www.clamptek.com/products-detail.php?ProId=78>
2017-06-12 16:34:41,398 download_items_from_redis.py[line:93] INFO [clamptek:items] Processing item: CLG <http://www.clamptek.com/products-detail.php?ProId=32>
2017-06-12 16:34:46,101 download_items_from_redis.py[line:93] INFO [clamptek:items] Processing item: CPLCU <http://www.clamptek.com/products-detail.php?ProId=58>
2017-06-12 16:34:51,101 download_items_from_redis.py[line:93] INFO [clamptek:items] Processing item: CH-302-FM <http://www.clamptek.com/products-detail.php?ProId=181>
2017-06-12 16:34:56,904 download_items_from_redis.py[line:93] INFO [clamptek:items] Processing item: CH-301-BM <http://www.clamptek.com/products-detail.php?ProId=176>
2017-06-12 16:35:02,364 download_items_from_redis.py[line:93] INFO [clamptek:items] Processing item: CH-36010M <http://www.clamptek.com/products-detail.php?ProId=186>
2017-06-12 16:35:05,575 download_items_from_redis.py[line:93] INFO [clamptek:items] Processing item: CH-30-1-CR <http://www.clamptek.com/products-detail.php?ProId=178>
2017-06-12 16:35:10,832 download_items_from_redis.py[line:93] INFO [clamptek:items] Processing item: CH-30608M <http://www.clamptek.com/products-detail.php?ProId=190>
2017-06-12 16:35:16,151 download_items_from_redis.py[line:93] INFO [clamptek:items] Processing item: CH-30607M <http://www.clamptek.com/products-detail.php?ProId=188>
2017-06-12 16:35:21,828 download_items_from_redis.py[line:93] INFO [clamptek:items] Processing item: CH-301-CL <http://www.clamptek.com/products-detail.php?ProId=179>
2017-06-12 16:35:25,457 download_items_from_redis.py[line:93] INFO [clamptek:items] Processing item: CH-75027-SM <http://www.clamptek.com/products-detail.php?ProId=269>
2017-06-12 16:35:30,841 download_items_from_redis.py[line:93] INFO [clamptek:items] Processing item: CH-50350-1 <http://www.clamptek.com/products-detail.php?ProId=231>
2017-06-12 16:35:36,375 download_items_from_redis.py[line:93] INFO [clamptek:items] Processing item: CH-50360 <http://www.clamptek.com/products-detail.php?ProId=232>
2017-06-12 16:35:40,559 download_items_from_redis.py[line:93] INFO [clamptek:items] Processing item: CH-50450 <http://www.clamptek.com/products-detail.php?ProId=239>
2017-06-12 16:35:46,105 download_items_from_redis.py[line:93] INFO [clamptek:items] Processing item: CH-70310/70510/70610 <http://www.clamptek.com/products-detail.php?ProId=264>
2017-06-12 16:35:50,740 download_items_from_redis.py[line:93] INFO [clamptek:items] Processing item: CH-50380大力钳 <http://www.clamptek.com/products-detail.php?ProId=234>
2017-06-12 16:35:56,191 download_items_from_redis.py[line:93] INFO [clamptek:items] Processing item: CH-36092M <http://www.clamptek.com/products-detail.php?ProId=182>
2017-06-12 16:36:00,897 download_items_from_redis.py[line:93] INFO [clamptek:items] Processing item: CH-75048/75078/75088 <http://www.clamptek.com/products-detail.php?ProId=272>
2017-06-12 16:36:06,282 download_items_from_redis.py[line:93] INFO [clamptek:items] Processing item: CH-70305/70505/70605 <http://www.clamptek.com/products-detail.php?ProId=263>
2017-06-12 16:36:11,371 download_items_from_redis.py[line:93] INFO [clamptek:items] Processing item: CH-51020 <http://www.clamptek.com/products-detail.php?ProId=246>
2017-06-12 16:36:14,987 download_items_from_redis.py[line:93] INFO [clamptek:items] Processing item: CH-70710/71210/72410 <http://www.clamptek.com/products-detail.php?ProId=277>
2017-06-12 16:36:19,003 download_items_from_redis.py[line:93] INFO [clamptek:items] Processing item: CH-51010 <http://www.clamptek.com/products-detail.php?ProId=244>
2017-06-12 16:36:21,644 download_items_from_redis.py[line:93] INFO [clamptek:items] Processing item: CH-70315/70515/70615夹钳 <http://www.clamptek.com/products-detail.php?ProId=265>
2017-06-12 16:36:27,076 download_items_from_redis.py[line:93] INFO [clamptek:items] Processing item: CH-75027 <http://www.clamptek.com/products-detail.php?ProId=267>
2017-06-12 16:36:31,671 download_items_from_redis.py[line:93] INFO [clamptek:items] Processing item: CH-36003M <http://www.clamptek.com/products-detail.php?ProId=184>
2017-06-12 16:36:36,826 download_items_from_redis.py[line:93] INFO [clamptek:items] Processing item: CH-50480 <http://www.clamptek.com/products-detail.php?ProId=241>
2017-06-12 16:36:41,890 download_items_from_redis.py[line:93] INFO [clamptek:items] Processing item: CH-50385 <http://www.clamptek.com/products-detail.php?ProId=237>
2017-06-12 16:36:44,576 download_items_from_redis.py[line:93] INFO [clamptek:items] Processing item: CH-51000 <http://www.clamptek.com/products-detail.php?ProId=242>
2017-06-12 16:36:50,104 download_items_from_redis.py[line:93] INFO [clamptek:items] Processing item: CH-50350 <http://www.clamptek.com/products-detail.php?ProId=230>
2017-06-12 16:36:54,887 download_items_from_redis.py[line:93] INFO [clamptek:items] Processing item: CH-301-AM <http://www.clamptek.com/products-detail.php?ProId=170>
2017-06-12 16:36:59,469 download_items_from_redis.py[line:93] INFO [clamptek:items] Processing item: CH-40323/CH-431/CH-40341 <http://www.clamptek.com/products-detail.php?ProId=292>
2017-06-12 16:37:04,612 download_items_from_redis.py[line:93] INFO [clamptek:items] Processing item: CH-70720/71220/72420 <http://www.clamptek.com/products-detail.php?ProId=297>
2017-06-12 16:37:09,029 download_items_from_redis.py[line:93] INFO [clamptek:items] Processing item: CH-40820/CH-40840/CH-40870 <http://www.clamptek.com/products-detail.php?ProId=299>
2017-06-12 16:37:12,982 download_items_from_redis.py[line:93] INFO [clamptek:items] Processing item: CH-40380/ <http://www.clamptek.com/products-detail.php?ProId=314>
2017-06-12 16:37:18,275 download_items_from_redis.py[line:93] INFO [clamptek:items] Processing item: CH-10247-A/CH-10249-A <http://www.clamptek.com/products-detail.php?ProId=345>
2017-06-12 16:37:23,635 download_items_from_redis.py[line:93] INFO [clamptek:items] Processing item: CH-40200 <http://www.clamptek.com/products-detail.php?ProId=310>
