2017-06-12 10:15:09,007 spiders.py[line:68] INFO Reading start URLs from redis key 'easun:start_urls' (batch size: 16, encoding: utf-8
2017-06-12 10:15:10,562 __init__.py[line:47] DEBUG Resuming crawl (1 requests scheduled)
2017-06-12 10:15:11,595 spiders.py[line:95] DEBUG Read 1 requests from 'easun:start_urls'
2017-06-12 10:15:11,986 spider_easun.py[line:71] INFO url is: http://www.china-easun.com/products_list/pmcId=22.html.
2017-06-12 10:15:16,737 spider_easun.py[line:53] INFO url is: http://www.china-easun.com/products_list/FrontColumns_navigation01-1433831337863FirstColumnId=3&&FrontColumns_navigation01-1433831337863FirstColumnId=3.html.
2017-06-12 10:15:23,243 spider_easun.py[line:90] INFO detail is being parsed, url is: http://www.china-easun.com/products_detail/productId=86.html.
2017-06-12 10:15:27,611 spider_easun.py[line:90] INFO detail is being parsed, url is: http://www.china-easun.com/products_detail/productId=88.html.
2017-06-12 10:15:31,542 spider_easun.py[line:90] INFO detail is being parsed, url is: http://www.china-easun.com/products_detail/productId=98.html.
2017-06-12 10:15:37,224 spider_easun.py[line:90] INFO detail is being parsed, url is: http://www.china-easun.com/products_detail/productId=94.html.
2017-06-12 10:15:42,915 spider_easun.py[line:90] INFO detail is being parsed, url is: http://www.china-easun.com/products_detail/productId=97.html.
2017-06-12 10:15:48,436 spider_easun.py[line:90] INFO detail is being parsed, url is: http://www.china-easun.com/products_detail/productId=90.html.
2017-06-12 10:15:51,805 spider_easun.py[line:90] INFO detail is being parsed, url is: http://www.china-easun.com/products_detail/productId=89.html.
2017-06-12 10:15:56,598 spider_easun.py[line:90] INFO detail is being parsed, url is: http://www.china-easun.com/products_detail/productId=92.html.
2017-06-12 10:16:01,641 spider_easun.py[line:90] INFO detail is being parsed, url is: http://www.china-easun.com/products_detail/productId=91.html.
2017-06-12 10:16:06,638 spider_easun.py[line:90] INFO detail is being parsed, url is: http://www.china-easun.com/products_detail/productId=96.html.
2017-06-12 10:16:12,875 spider_easun.py[line:90] INFO detail is being parsed, url is: http://www.china-easun.com/products_detail/productId=93.html.
2017-06-12 10:16:14,786 spider_easun.py[line:90] INFO detail is being parsed, url is: http://www.china-easun.com/products_detail/productId=87.html.
2017-06-12 10:16:17,782 spider_easun.py[line:90] INFO detail is being parsed, url is: http://www.china-easun.com/products_detail/productId=95.html.
2017-06-12 10:16:23,678 spider_easun.py[line:90] INFO detail is being parsed, url is: http://www.china-easun.com/products_detail/productId=101.html.
2017-06-12 10:16:29,783 spider_easun.py[line:90] INFO detail is being parsed, url is: http://www.china-easun.com/products_detail/productId=100.html.
2017-06-12 10:16:38,463 spider_easun.py[line:90] INFO detail is being parsed, url is: http://www.china-easun.com/products_detail/productId=99.html.
2017-06-12 10:16:38,831 spider_easun.py[line:71] INFO url is: http://www.china-easun.com/products_list/pmcId=33.html.
2017-06-12 10:16:44,490 spider_easun.py[line:71] INFO url is: http://www.china-easun.com/products_list/pmcId=27.html.
2017-06-12 10:16:49,203 spider_easun.py[line:71] INFO url is: http://www.china-easun.com/products_list/pmcId=35.html.
2017-06-12 10:16:54,717 spider_easun.py[line:71] INFO url is: http://www.china-easun.com/products_list/pmcId=23.html.
2017-06-12 10:16:58,913 spider_easun.py[line:71] INFO url is: http://www.china-easun.com/products_list/pmcId=32.html.
2017-06-12 10:17:03,740 spider_easun.py[line:71] INFO url is: http://www.china-easun.com/products_list/pmcId=25.html.
2017-06-12 10:17:08,592 spider_easun.py[line:71] INFO url is: http://www.china-easun.com/products_list/pmcId=22.html.
2017-06-12 10:17:14,740 spider_easun.py[line:71] INFO url is: http://www.china-easun.com/products_list/pmcId=31.html.
2017-06-12 10:17:15,602 spider_easun.py[line:71] INFO url is: http://www.china-easun.com/products_list/pmcId=34.html.
2017-06-12 10:17:21,469 spider_easun.py[line:71] INFO url is: http://www.china-easun.com/products_list/pmcId=39.html.
2017-06-12 10:17:27,173 spider_easun.py[line:71] INFO url is: http://www.china-easun.com/products_list/pmcId=30.html.
2017-06-12 10:17:31,371 spider_easun.py[line:71] INFO url is: http://www.china-easun.com/products_list/pmcId=29.html.
2017-06-12 10:17:36,808 spider_easun.py[line:71] INFO url is: http://www.china-easun.com/products_list/pmcId=21.html.
2017-06-12 10:17:41,181 spider_easun.py[line:71] INFO url is: http://www.china-easun.com/products_list/pmcId=40.html.
2017-06-12 10:17:45,822 spider_easun.py[line:71] INFO url is: http://www.china-easun.com/products_list/pmcId=15.html.
2017-06-12 10:17:51,582 spider_easun.py[line:71] INFO url is: http://www.china-easun.com/products_list/pmcId=24.html.
2017-06-12 10:17:56,135 spider_easun.py[line:90] INFO detail is being parsed, url is: http://www.china-easun.com/products_detail/productId=103.html.
2017-06-12 10:18:02,015 spider_easun.py[line:90] INFO detail is being parsed, url is: http://www.china-easun.com/products_detail/productId=159.html.
2017-06-12 10:18:06,315 spider_easun.py[line:90] INFO detail is being parsed, url is: http://www.china-easun.com/products_detail/productId=162.html.
2017-06-12 10:18:11,855 spider_easun.py[line:90] INFO detail is being parsed, url is: http://www.china-easun.com/products_detail/productId=168.html.
2017-06-12 10:18:16,980 spider_easun.py[line:90] INFO detail is being parsed, url is: http://www.china-easun.com/products_detail/productId=198.html.
2017-06-12 10:18:20,891 spider_easun.py[line:90] INFO detail is being parsed, url is: http://www.china-easun.com/products_detail/productId=208.html.
2017-06-12 10:18:25,779 spider_easun.py[line:90] INFO detail is being parsed, url is: http://www.china-easun.com/products_detail/productId=212.html.
2017-06-12 10:18:31,229 spider_easun.py[line:90] INFO detail is being parsed, url is: http://www.china-easun.com/products_detail/productId=88.html.
2017-06-12 10:18:35,539 spider_easun.py[line:90] INFO detail is being parsed, url is: http://www.china-easun.com/products_detail/productId=98.html.
2017-06-12 10:18:41,029 spider_easun.py[line:90] INFO detail is being parsed, url is: http://www.china-easun.com/products_detail/productId=129.html.
2017-06-12 10:18:46,854 spider_easun.py[line:90] INFO detail is being parsed, url is: http://www.china-easun.com/products_detail/productId=175.html.
2017-06-12 10:18:52,084 spider_easun.py[line:90] INFO detail is being parsed, url is: http://www.china-easun.com/products_detail/productId=117.html.
2017-06-12 10:18:57,447 spider_easun.py[line:90] INFO detail is being parsed, url is: http://www.china-easun.com/products_detail/productId=104.html.
