2017-06-12 10:04:49,898 spiders.py[line:68] INFO Reading start URLs from redis key 'easun:start_urls' (batch size: 16, encoding: utf-8
2017-06-12 10:04:52,607 spiders.py[line:95] DEBUG Read 1 requests from 'easun:start_urls'
2017-06-12 10:04:52,926 spider_easun.py[line:53] INFO url is: http://www.china-easun.com/products_list/FrontColumns_navigation01-1433831337863FirstColumnId=3&&FrontColumns_navigation01-1433831337863FirstColumnId=3.html.
2017-06-12 10:04:57,242 spider_easun.py[line:71] INFO url is: http://www.china-easun.com/products_list/pmcId=15.html.
2017-06-12 10:05:08,151 spider_easun.py[line:71] INFO url is: http://www.china-easun.com/products_list/pmcId=29.html.
2017-06-12 10:05:13,502 spider_easun.py[line:71] INFO url is: http://www.china-easun.com/products_list/pmcId=21.html.
2017-06-12 10:05:18,036 spider_easun.py[line:71] INFO url is: http://www.china-easun.com/products_list/pmcId=32.html.
2017-06-12 10:05:21,954 spider_easun.py[line:71] INFO url is: http://www.china-easun.com/products_list/pmcId=25.html.
2017-06-12 10:05:27,641 spider_easun.py[line:71] INFO url is: http://www.china-easun.com/products_list/pmcId=31.html.
2017-06-12 10:05:33,365 spider_easun.py[line:71] INFO url is: http://www.china-easun.com/products_list/pmcId=30.html.
2017-06-12 10:05:39,095 spider_easun.py[line:71] INFO url is: http://www.china-easun.com/products_list/pmcId=33.html.
2017-06-12 10:05:43,296 spider_easun.py[line:71] INFO url is: http://www.china-easun.com/products_list/pmcId=27.html.
2017-06-12 10:05:48,167 spider_easun.py[line:71] INFO url is: http://www.china-easun.com/products_list/pmcId=35.html.
2017-06-12 10:05:52,913 spider_easun.py[line:71] INFO url is: http://www.china-easun.com/products_list/pmcId=23.html.
2017-06-12 10:05:57,398 spider_easun.py[line:71] INFO url is: http://www.china-easun.com/products_list/pmcId=34.html.
2017-06-12 10:06:02,578 spider_easun.py[line:71] INFO url is: http://www.china-easun.com/products_list/pmcId=24.html.
2017-06-12 10:06:08,684 spider_easun.py[line:71] INFO url is: http://www.china-easun.com/products_list/pmcId=39.html.
2017-06-12 10:06:13,928 spider_easun.py[line:71] INFO url is: http://www.china-easun.com/products_list/pmcId=40.html.
2017-06-12 10:06:18,634 spider_easun.py[line:90] INFO detail is being parsed, url is: http://www.china-easun.com/products_detail/productId=33.html.
2017-06-12 10:07:31,641 spider_easun.py[line:90] INFO detail is being parsed, url is: http://www.china-easun.com/products_detail/productId=35.html.
2017-06-12 10:07:37,381 spider_easun.py[line:90] INFO detail is being parsed, url is: http://www.china-easun.com/products_detail/productId=104.html.
2017-06-12 10:07:43,812 spider_easun.py[line:90] INFO detail is being parsed, url is: http://www.china-easun.com/products_detail/productId=114.html.
2017-06-12 10:07:47,421 spider_easun.py[line:90] INFO detail is being parsed, url is: http://www.china-easun.com/products_detail/productId=55.html.
2017-06-12 10:07:52,107 spider_easun.py[line:90] INFO detail is being parsed, url is: http://www.china-easun.com/products_detail/productId=64.html.
2017-06-12 10:07:57,411 spider_easun.py[line:90] INFO detail is being parsed, url is: http://www.china-easun.com/products_detail/productId=110.html.
2017-06-12 10:08:03,424 spider_easun.py[line:90] INFO detail is being parsed, url is: http://www.china-easun.com/products_detail/productId=60.html.
2017-06-12 10:08:07,980 spider_easun.py[line:90] INFO detail is being parsed, url is: http://www.china-easun.com/products_detail/productId=117.html.
2017-06-12 10:08:11,832 spider_easun.py[line:90] INFO detail is being parsed, url is: http://www.china-easun.com/products_detail/productId=159.html.
2017-06-12 10:08:17,874 spider_easun.py[line:90] INFO detail is being parsed, url is: http://www.china-easun.com/products_detail/productId=162.html.
2017-06-12 10:08:22,296 spider_easun.py[line:90] INFO detail is being parsed, url is: http://www.china-easun.com/products_detail/productId=168.html.
2017-06-12 10:08:27,839 spider_easun.py[line:90] INFO detail is being parsed, url is: http://www.china-easun.com/products_detail/productId=198.html.
2017-06-12 10:08:34,246 spider_easun.py[line:90] INFO detail is being parsed, url is: http://www.china-easun.com/products_detail/productId=129.html.
2017-06-12 10:08:38,757 spider_easun.py[line:90] INFO detail is being parsed, url is: http://www.china-easun.com/products_detail/productId=365.html.
2017-06-12 10:08:44,260 spider_easun.py[line:90] INFO detail is being parsed, url is: http://www.china-easun.com/products_detail/productId=175.html.
2017-06-12 10:08:49,565 spider_easun.py[line:90] INFO detail is being parsed, url is: http://www.china-easun.com/products_detail/productId=208.html.
2017-06-12 10:08:55,289 spider_easun.py[line:90] INFO detail is being parsed, url is: http://www.china-easun.com/products_detail/productId=140.html.
2017-06-12 10:09:01,125 spider_easun.py[line:90] INFO detail is being parsed, url is: http://www.china-easun.com/products_detail/productId=185.html.
2017-06-12 10:09:07,122 spider_easun.py[line:90] INFO detail is being parsed, url is: http://www.china-easun.com/products_detail/productId=212.html.
2017-06-12 10:09:12,721 spider_easun.py[line:90] INFO detail is being parsed, url is: http://www.china-easun.com/products_detail/productId=204.html.
2017-06-12 10:09:18,612 spider_easun.py[line:90] INFO detail is being parsed, url is: http://www.china-easun.com/products_detail/productId=135.html.
2017-06-12 10:09:24,306 spider_easun.py[line:90] INFO detail is being parsed, url is: http://www.china-easun.com/products_detail/productId=181.html.
2017-06-12 10:09:28,795 spider_easun.py[line:90] INFO detail is being parsed, url is: http://www.china-easun.com/products_detail/productId=51.html.
2017-06-12 10:09:35,125 spider_easun.py[line:90] INFO detail is being parsed, url is: http://www.china-easun.com/products_detail/productId=211.html.
2017-06-12 10:09:40,667 spider_easun.py[line:90] INFO detail is being parsed, url is: http://www.china-easun.com/products_detail/productId=142.html.
2017-06-12 10:09:45,319 spider_easun.py[line:90] INFO detail is being parsed, url is: http://www.china-easun.com/products_detail/productId=188.html.
2017-06-12 10:09:50,311 spider_easun.py[line:90] INFO detail is being parsed, url is: http://www.china-easun.com/products_detail/productId=67.html.
2017-06-12 10:09:55,460 spider_easun.py[line:90] INFO detail is being parsed, url is: http://www.china-easun.com/products_detail/productId=171.html.
2017-06-12 10:09:59,596 spider_easun.py[line:90] INFO detail is being parsed, url is: http://www.china-easun.com/products_detail/productId=226.html.
2017-06-12 10:10:05,585 spider_easun.py[line:90] INFO detail is being parsed, url is: http://www.china-easun.com/products_detail/productId=139.html.
2017-06-12 10:10:11,934 spider_easun.py[line:90] INFO detail is being parsed, url is: http://www.china-easun.com/products_detail/productId=184.html.
2017-06-12 10:10:15,755 spider_easun.py[line:90] INFO detail is being parsed, url is: http://www.china-easun.com/products_detail/productId=113.html.
2017-06-12 10:10:20,424 spider_easun.py[line:90] INFO detail is being parsed, url is: http://www.china-easun.com/products_detail/productId=63.html.
2017-06-12 10:10:26,822 spider_easun.py[line:90] INFO detail is being parsed, url is: http://www.china-easun.com/products_detail/productId=210.html.
2017-06-12 10:10:32,275 spider_easun.py[line:90] INFO detail is being parsed, url is: http://www.china-easun.com/products_detail/productId=141.html.
2017-06-12 10:10:38,112 spider_easun.py[line:90] INFO detail is being parsed, url is: http://www.china-easun.com/products_detail/productId=187.html.
2017-06-12 10:10:44,085 spider_easun.py[line:90] INFO detail is being parsed, url is: http://www.china-easun.com/products_detail/productId=66.html.
2017-06-12 10:10:48,716 spider_easun.py[line:90] INFO detail is being parsed, url is: http://www.china-easun.com/products_detail/productId=144.html.
2017-06-12 10:10:53,717 spider_easun.py[line:90] INFO detail is being parsed, url is: http://www.china-easun.com/products_detail/productId=225.html.
2017-06-12 10:10:59,339 spider_easun.py[line:90] INFO detail is being parsed, url is: http://www.china-easun.com/products_detail/productId=138.html.
