2017-06-07 17:11:07,132 spiders.py[line:68] INFO Reading start URLs from redis key 'huarun:start_urls' (batch size: 16, encoding: utf-8
2017-06-07 17:11:09,799 spiders.py[line:95] DEBUG Read 1 requests from 'huarun:start_urls'
2017-06-07 17:11:13,109 spider_huarun.py[line:73] INFO url is: http://www.huarun.com/product/productWall/?t=26.
2017-06-07 17:11:14,272 spider_huarun.py[line:137] ERROR failed, url is:(http://www.huarun.com/index.php/Huarun/ProductsDescription), error info is:(Traceback (most recent call last):
  File "C:\Users\timothy\Desktop\myproduct\product\spiders\spider_huarun.py", line 122, in parse2
    level1 = response.xpath("//dd[@class='current']").extract()
AttributeError: addinfourl instance has no attribute 'xpath'
)
2017-06-07 17:11:20,854 spider_huarun.py[line:137] ERROR failed, url is:(http://www.huarun.com/index.php/Huarun/ProductsDescription), error info is:(Traceback (most recent call last):
  File "C:\Users\timothy\Desktop\myproduct\product\spiders\spider_huarun.py", line 122, in parse2
    level1 = response.xpath("//dd[@class='current']").extract()
AttributeError: addinfourl instance has no attribute 'xpath'
)
2017-06-07 17:11:25,384 spider_huarun.py[line:137] ERROR failed, url is:(http://www.huarun.com/index.php/Huarun/ProductsDescription), error info is:(Traceback (most recent call last):
  File "C:\Users\timothy\Desktop\myproduct\product\spiders\spider_huarun.py", line 122, in parse2
    level1 = response.xpath("//dd[@class='current']").extract()
AttributeError: addinfourl instance has no attribute 'xpath'
)
2017-06-07 17:11:25,842 spider_huarun.py[line:137] ERROR failed, url is:(http://www.huarun.com/index.php/Huarun/ProductsDescription), error info is:(Traceback (most recent call last):
  File "C:\Users\timothy\Desktop\myproduct\product\spiders\spider_huarun.py", line 122, in parse2
    level1 = response.xpath("//dd[@class='current']").extract()
AttributeError: addinfourl instance has no attribute 'xpath'
)
2017-06-07 17:11:39,388 spiders.py[line:68] INFO Reading start URLs from redis key 'huarun:start_urls' (batch size: 16, encoding: utf-8
2017-06-07 17:11:42,075 spiders.py[line:95] DEBUG Read 1 requests from 'huarun:start_urls'
2017-06-07 17:11:42,381 spider_huarun.py[line:73] INFO url is: http://www.huarun.com/product/productWall/?t=26.
