2017-05-24 15:43:54,667 spiders.py[line:68] INFO Reading start URLs from redis key 'imc:start_urls' (batch size: 16, encoding: utf-8
2017-05-24 15:43:55,051 spiders.py[line:95] DEBUG Read 7 requests from 'imc:start_urls'
2017-05-24 15:43:56,111 spider_imc.py[line:63] INFO layer1 url is: http://www.imc-companies.com/taegutec/ttkCatalog/Applications.aspx?mapp=ML.
2017-05-24 15:44:01,510 spider_imc.py[line:63] INFO layer1 url is: http://www.imc-companies.com/taegutec/ttkCatalog/Applications.aspx?mapp=IS.
2017-05-24 15:44:06,227 spider_imc.py[line:63] INFO layer1 url is: http://www.imc-companies.com/taegutec/ttkCatalog/Applications.aspx?mapp=RE.
2017-05-24 15:44:14,940 spider_imc.py[line:63] INFO layer1 url is: http://www.imc-companies.com/taegutec/ttkCatalog/Applications.aspx?mapp=TH.
2017-05-24 15:44:17,262 spider_imc.py[line:63] INFO layer1 url is: http://www.imc-companies.com/taegutec/ttkCatalog/Applications.aspx?mapp=DR.
2017-05-24 15:44:21,796 spider_imc.py[line:63] INFO layer1 url is: http://www.imc-companies.com/taegutec/ttkCatalog/Applications.aspx?mapp=TG.
2017-05-24 15:44:25,299 rotate_retry.py[line:16] INFO no need to retry, request is:<GET http://www.imc-companies.com/taegutec/ttkCatalog/Applications.aspx?mapp=IThttp://www.imc-companies.com/taegutec/ttkCatalog/Applications.aspx?mapp=BO>, failed reason:500 Internal Server Error
2017-05-24 15:44:32,301 spider_imc.py[line:80] INFO layer2 url is: http://www.imc-companies.com/TaeguTec/ttkCatalog/Products.aspx?mapp=ML&app=57.
2017-05-24 15:44:34,848 spider_imc.py[line:80] INFO layer2 url is: http://www.imc-companies.com/TaeguTec/ttkCatalog/Products.aspx?mapp=ML&app=59.
2017-05-24 15:44:39,122 spider_imc.py[line:80] INFO layer2 url is: http://www.imc-companies.com/TaeguTec/ttkCatalog/Products.aspx?mapp=ML&app=60.
2017-05-24 15:44:43,976 spider_imc.py[line:80] INFO layer2 url is: http://www.imc-companies.com/TaeguTec/ttkCatalog/Products.aspx?mapp=ML&app=61.
2017-05-24 15:44:49,180 spider_imc.py[line:80] INFO layer2 url is: http://www.imc-companies.com/TaeguTec/ttkCatalog/Products.aspx?mapp=ML&app=65.
2017-05-24 15:44:54,119 spider_imc.py[line:80] INFO layer2 url is: http://www.imc-companies.com/TaeguTec/ttkCatalog/Products.aspx?mapp=ML&app=68.
2017-05-24 15:44:59,605 spider_imc.py[line:80] INFO layer2 url is: http://www.imc-companies.com/TaeguTec/ttkCatalog/Products.aspx?mapp=ML&app=71.
2017-05-24 15:45:03,980 spider_imc.py[line:80] INFO layer2 url is: http://www.imc-companies.com/TaeguTec/ttkCatalog/Products.aspx?mapp=ML&app=133.
2017-05-24 15:45:09,680 spider_imc.py[line:80] INFO layer2 url is: http://www.imc-companies.com/TaeguTec/ttkCatalog/Products.aspx?mapp=ML&app=63.
2017-05-24 15:45:13,022 spider_imc.py[line:80] INFO layer2 url is: http://www.imc-companies.com/TaeguTec/ttkCatalog/Products.aspx?mapp=ML&app=64.
2017-05-24 15:45:18,394 spider_imc.py[line:80] INFO layer2 url is: http://www.imc-companies.com/TaeguTec/ttkCatalog/Products.aspx?mapp=ML&app=66.
2017-05-24 15:45:21,694 spider_imc.py[line:80] INFO layer2 url is: http://www.imc-companies.com/TaeguTec/ttkCatalog/Products.aspx?mapp=IS&app=12.
2017-05-24 15:45:24,773 spider_imc.py[line:80] INFO layer2 url is: http://www.imc-companies.com/TaeguTec/ttkCatalog/Products.aspx?mapp=IS&app=13.
2017-05-24 15:45:30,345 spider_imc.py[line:80] INFO layer2 url is: http://www.imc-companies.com/TaeguTec/ttkCatalog/Products.aspx?mapp=IS&app=14.
2017-05-24 15:45:36,157 spider_imc.py[line:80] INFO layer2 url is: http://www.imc-companies.com/TaeguTec/ttkCatalog/Products.aspx?mapp=DR&app=76.
2017-05-24 15:45:41,775 spider_imc.py[line:80] INFO layer2 url is: http://www.imc-companies.com/TaeguTec/ttkCatalog/Products.aspx?mapp=DR&app=77.
2017-05-24 15:45:47,457 spider_imc.py[line:80] INFO layer2 url is: http://www.imc-companies.com/TaeguTec/ttkCatalog/Products.aspx?mapp=DR&app=118.
2017-05-24 15:45:52,575 spider_imc.py[line:98] INFO layer3 is being parsed, url is: http://www.imc-companies.com/TaeguTec/ttkCatalog/Family.aspx?fnum=107&mapp=ML&app=57&GFSTYP=M.
2017-05-24 15:45:57,032 spider_imc.py[line:98] INFO layer3 is being parsed, url is: http://www.imc-companies.com/TaeguTec/ttkCatalog/Family.aspx?fnum=192&mapp=ML&app=57&GFSTYP=M.
2017-05-24 15:46:02,868 spider_imc.py[line:98] INFO layer3 is being parsed, url is: http://www.imc-companies.com/TaeguTec/ttkCatalog/Family.aspx?fnum=194&mapp=ML&app=57&GFSTYP=M.
2017-05-24 15:46:07,306 spider_imc.py[line:98] INFO layer3 is being parsed, url is: http://www.imc-companies.com/TaeguTec/ttkCatalog/Family.aspx?fnum=372&mapp=ML&app=57&GFSTYP=M.
2017-05-24 15:46:10,286 spider_imc.py[line:98] INFO layer3 is being parsed, url is: http://www.imc-companies.com/TaeguTec/ttkCatalog/Family.aspx?fnum=446&mapp=ML&app=57&GFSTYP=M.
2017-05-24 15:46:15,210 spider_imc.py[line:98] INFO layer3 is being parsed, url is: http://www.imc-companies.com/TaeguTec/ttkCatalog/Family.aspx?fnum=450&mapp=ML&app=57&GFSTYP=M.
2017-05-24 15:46:19,970 spider_imc.py[line:98] INFO layer3 is being parsed, url is: http://www.imc-companies.com/TaeguTec/ttkCatalog/Family.aspx?fnum=464&mapp=ML&app=57&GFSTYP=M.
2017-05-24 15:46:24,171 spider_imc.py[line:98] INFO layer3 is being parsed, url is: http://www.imc-companies.com/TaeguTec/ttkCatalog/Family.aspx?fnum=465&mapp=ML&app=57&GFSTYP=M.
2017-05-24 15:46:28,395 spider_imc.py[line:98] INFO layer3 is being parsed, url is: http://www.imc-companies.com/TaeguTec/ttkCatalog/Family.aspx?fnum=478&mapp=ML&app=57&GFSTYP=M.
2017-05-24 15:46:34,171 spider_imc.py[line:98] INFO layer3 is being parsed, url is: http://www.imc-companies.com/TaeguTec/ttkCatalog/Family.aspx?fnum=479&mapp=ML&app=57&GFSTYP=M.
2017-05-24 15:46:39,204 spider_imc.py[line:98] INFO layer3 is being parsed, url is: http://www.imc-companies.com/TaeguTec/ttkCatalog/Family.aspx?fnum=481&mapp=ML&app=57&GFSTYP=M.
2017-05-24 15:46:44,437 spider_imc.py[line:98] INFO layer3 is being parsed, url is: http://www.imc-companies.com/TaeguTec/ttkCatalog/Family.aspx?fnum=79&mapp=IS&app=12&GFSTYP=M.
2017-05-24 15:46:49,917 spider_imc.py[line:98] INFO layer3 is being parsed, url is: http://www.imc-companies.com/TaeguTec/ttkCatalog/Family.aspx?fnum=138&mapp=IS&app=12&GFSTYP=M.
2017-05-24 15:46:54,323 spider_imc.py[line:98] INFO layer3 is being parsed, url is: http://www.imc-companies.com/TaeguTec/ttkCatalog/Family.aspx?fnum=139&mapp=IS&app=12&GFSTYP=M.
2017-05-24 15:46:58,904 spider_imc.py[line:98] INFO layer3 is being parsed, url is: http://www.imc-companies.com/TaeguTec/ttkCatalog/Family.aspx?fnum=218&mapp=IS&app=12&GFSTYP=M.
2017-05-24 15:47:03,688 spider_imc.py[line:98] INFO layer3 is being parsed, url is: http://www.imc-companies.com/TaeguTec/ttkCatalog/Family.aspx?fnum=219&mapp=IS&app=12&GFSTYP=M.
2017-05-24 15:47:08,627 spider_imc.py[line:98] INFO layer3 is being parsed, url is: http://www.imc-companies.com/TaeguTec/ttkCatalog/Family.aspx?fnum=274&mapp=IS&app=12&GFSTYP=M.
2017-05-24 15:47:13,372 spider_imc.py[line:98] INFO layer3 is being parsed, url is: http://www.imc-companies.com/TaeguTec/ttkCatalog/Family.aspx?fnum=575&mapp=IS&app=12&GFSTYP=M.
2017-05-24 15:47:19,529 spider_imc.py[line:98] INFO layer3 is being parsed, url is: http://www.imc-companies.com/TaeguTec/ttkCatalog/Family.aspx?fnum=801&mapp=IS&app=12&GFSTYP=M.
2017-05-24 15:47:24,486 spider_imc.py[line:98] INFO layer3 is being parsed, url is: http://www.imc-companies.com/TaeguTec/ttkCatalog/Family.aspx?fnum=950&mapp=IS&app=12&GFSTYP=M.
2017-05-24 15:47:28,798 spider_imc.py[line:98] INFO layer3 is being parsed, url is: http://www.imc-companies.com/TaeguTec/ttkCatalog/Family.aspx?fnum=1649&mapp=IS&app=12&GFSTYP=M.
2017-05-24 15:47:32,002 spider_imc.py[line:98] INFO layer3 is being parsed, url is: http://www.imc-companies.com/TaeguTec/ttkCatalog/Family.aspx?fnum=1804&mapp=IS&app=12&GFSTYP=M.
2017-05-24 15:47:37,555 spider_imc.py[line:98] INFO layer3 is being parsed, url is: http://www.imc-companies.com/TaeguTec/ttkCatalog/Family.aspx?fnum=1810&mapp=IS&app=12&GFSTYP=M.
2017-05-24 15:47:41,286 spider_imc.py[line:98] INFO layer3 is being parsed, url is: http://www.imc-companies.com/TaeguTec/ttkCatalog/Family.aspx?fnum=1856&mapp=IS&app=12&GFSTYP=M.
2017-05-24 15:47:44,859 spider_imc.py[line:98] INFO layer3 is being parsed, url is: http://www.imc-companies.com/TaeguTec/ttkCatalog/Family.aspx?fnum=10045&mapp=IS&app=12&GFSTYP=M.
2017-05-24 15:47:50,242 spider_imc.py[line:98] INFO layer3 is being parsed, url is: http://www.imc-companies.com/TaeguTec/ttkCatalog/Family.aspx?fnum=10264&mapp=IS&app=12&GFSTYP=M.
2017-05-24 15:47:54,516 spider_imc.py[line:98] INFO layer3 is being parsed, url is: http://www.imc-companies.com/TaeguTec/ttkCatalog/Family.aspx?fnum=115&mapp=IS&app=13&GFSTYP=M.
2017-05-24 15:47:59,723 spider_imc.py[line:98] INFO layer3 is being parsed, url is: http://www.imc-companies.com/TaeguTec/ttkCatalog/Family.aspx?fnum=303&mapp=IS&app=13&GFSTYP=M.
2017-05-24 15:48:04,513 spider_imc.py[line:98] INFO layer3 is being parsed, url is: http://www.imc-companies.com/TaeguTec/ttkCatalog/Family.aspx?fnum=822&mapp=IS&app=13&GFSTYP=M.
2017-05-24 15:48:09,473 spider_imc.py[line:98] INFO layer3 is being parsed, url is: http://www.imc-companies.com/TaeguTec/ttkCatalog/Family.aspx?fnum=1652&mapp=IS&app=13&GFSTYP=M.
2017-05-24 15:48:13,542 spider_imc.py[line:98] INFO layer3 is being parsed, url is: http://www.imc-companies.com/TaeguTec/ttkCatalog/Family.aspx?fnum=1804&mapp=IS&app=13&GFSTYP=M.
2017-05-24 15:48:18,563 spider_imc.py[line:98] INFO layer3 is being parsed, url is: http://www.imc-companies.com/TaeguTec/ttkCatalog/Family.aspx?fnum=1810&mapp=IS&app=13&GFSTYP=M.
2017-05-24 15:48:25,220 spider_imc.py[line:98] INFO layer3 is being parsed, url is: http://www.imc-companies.com/TaeguTec/ttkCatalog/Family.aspx?fnum=1844&mapp=IS&app=13&GFSTYP=M.
2017-05-24 15:48:26,127 spider_imc.py[line:98] INFO layer3 is being parsed, url is: http://www.imc-companies.com/TaeguTec/ttkCatalog/Family.aspx?fnum=10046&mapp=IS&app=13&GFSTYP=M.
2017-05-24 15:48:28,937 spider_imc.py[line:98] INFO layer3 is being parsed, url is: http://www.imc-companies.com/TaeguTec/ttkCatalog/Family.aspx?fnum=10180&mapp=IS&app=13&GFSTYP=M.
2017-05-24 15:48:34,688 spider_imc.py[line:98] INFO layer3 is being parsed, url is: http://www.imc-companies.com/TaeguTec/ttkCatalog/Family.aspx?fnum=76&mapp=IS&app=14&GFSTYP=M.
2017-05-24 15:48:41,084 spider_imc.py[line:98] INFO layer3 is being parsed, url is: http://www.imc-companies.com/TaeguTec/ttkCatalog/Family.aspx?fnum=77&mapp=IS&app=14&GFSTYP=M.
2017-05-24 15:48:45,357 spider_imc.py[line:98] INFO layer3 is being parsed, url is: http://www.imc-companies.com/TaeguTec/ttkCatalog/Family.aspx?fnum=136&mapp=IS&app=14&GFSTYP=M.
2017-05-24 15:48:51,842 spider_imc.py[line:98] INFO layer3 is being parsed, url is: http://www.imc-companies.com/TaeguTec/ttkCatalog/Family.aspx?fnum=137&mapp=IS&app=14&GFSTYP=M.
2017-05-24 15:48:54,552 spider_imc.py[line:98] INFO layer3 is being parsed, url is: http://www.imc-companies.com/TaeguTec/ttkCatalog/Family.aspx?fnum=215&mapp=IS&app=14&GFSTYP=M.
2017-05-24 15:49:00,979 spider_imc.py[line:98] INFO layer3 is being parsed, url is: http://www.imc-companies.com/TaeguTec/ttkCatalog/Family.aspx?fnum=216&mapp=IS&app=14&GFSTYP=M.
2017-05-24 15:49:03,522 spider_imc.py[line:98] INFO layer3 is being parsed, url is: http://www.imc-companies.com/TaeguTec/ttkCatalog/Family.aspx?fnum=573&mapp=IS&app=14&GFSTYP=M.
2017-05-24 15:49:09,321 spider_imc.py[line:98] INFO layer3 is being parsed, url is: http://www.imc-companies.com/TaeguTec/ttkCatalog/Family.aspx?fnum=799&mapp=IS&app=14&GFSTYP=M.
2017-05-24 15:49:12,355 spider_imc.py[line:98] INFO layer3 is being parsed, url is: http://www.imc-companies.com/TaeguTec/ttkCatalog/Family.aspx?fnum=1855&mapp=IS&app=14&GFSTYP=M.
2017-05-24 15:49:16,997 spider_imc.py[line:98] INFO layer3 is being parsed, url is: http://www.imc-companies.com/TaeguTec/ttkCatalog/Family.aspx?fnum=10047&mapp=IS&app=14&GFSTYP=M.
2017-05-24 15:49:22,559 spider_imc.py[line:98] INFO layer3 is being parsed, url is: http://www.imc-companies.com/TaeguTec/ttkCatalog/Family.aspx?fnum=10210&mapp=DR&app=76&GFSTYP=M.
2017-05-24 15:49:27,301 spider_imc.py[line:98] INFO layer3 is being parsed, url is: http://www.imc-companies.com/TaeguTec/ttkCatalog/Family.aspx?fnum=10212&mapp=DR&app=76&GFSTYP=M.
2017-05-24 15:49:33,177 spider_imc.py[line:98] INFO layer3 is being parsed, url is: http://www.imc-companies.com/TaeguTec/ttkCatalog/Family.aspx?fnum=13&mapp=DR&app=77&GFSTYP=M.
2017-05-24 15:49:39,769 spider_imc.py[line:98] INFO layer3 is being parsed, url is: http://www.imc-companies.com/TaeguTec/ttkCatalog/Family.aspx?fnum=14&mapp=DR&app=77&GFSTYP=M.
2017-05-24 15:49:43,249 spider_imc.py[line:98] INFO layer3 is being parsed, url is: http://www.imc-companies.com/TaeguTec/ttkCatalog/Family.aspx?fnum=15&mapp=DR&app=77&GFSTYP=M.
2017-05-24 15:49:48,426 spider_imc.py[line:98] INFO layer3 is being parsed, url is: http://www.imc-companies.com/TaeguTec/ttkCatalog/Family.aspx?fnum=363&mapp=DR&app=77&GFSTYP=M.
2017-05-24 15:49:54,164 spider_imc.py[line:98] INFO layer3 is being parsed, url is: http://www.imc-companies.com/TaeguTec/ttkCatalog/Family.aspx?fnum=366&mapp=DR&app=77&GFSTYP=M.
2017-05-24 15:49:58,835 spider_imc.py[line:98] INFO layer3 is being parsed, url is: http://www.imc-companies.com/TaeguTec/ttkCatalog/Family.aspx?fnum=370&mapp=DR&app=77&GFSTYP=M.
2017-05-24 15:50:02,872 spider_imc.py[line:98] INFO layer3 is being parsed, url is: http://www.imc-companies.com/TaeguTec/ttkCatalog/Family.aspx?fnum=423&mapp=DR&app=77&GFSTYP=M.
2017-05-24 15:50:08,711 spider_imc.py[line:98] INFO layer3 is being parsed, url is: http://www.imc-companies.com/TaeguTec/ttkCatalog/Family.aspx?fnum=458&mapp=DR&app=77&GFSTYP=M.
2017-05-24 15:50:13,948 spider_imc.py[line:98] INFO layer3 is being parsed, url is: http://www.imc-companies.com/TaeguTec/ttkCatalog/Family.aspx?fnum=697&mapp=DR&app=77&GFSTYP=M.
2017-05-24 15:50:17,134 spider_imc.py[line:98] INFO layer3 is being parsed, url is: http://www.imc-companies.com/TaeguTec/ttkCatalog/Family.aspx?fnum=900&mapp=DR&app=77&GFSTYP=M.
2017-05-24 15:50:23,048 spider_imc.py[line:98] INFO layer3 is being parsed, url is: http://www.imc-companies.com/TaeguTec/ttkCatalog/Family.aspx?fnum=1016&mapp=DR&app=77&GFSTYP=M.
2017-05-24 15:50:27,818 spider_imc.py[line:98] INFO layer3 is being parsed, url is: http://www.imc-companies.com/TaeguTec/ttkCatalog/Family.aspx?fnum=1089&mapp=DR&app=77&GFSTYP=M.
2017-05-24 15:50:33,200 spider_imc.py[line:98] INFO layer3 is being parsed, url is: http://www.imc-companies.com/TaeguTec/ttkCatalog/Family.aspx?fnum=1090&mapp=DR&app=77&GFSTYP=M.
2017-05-24 15:50:37,378 spider_imc.py[line:98] INFO layer3 is being parsed, url is: http://www.imc-companies.com/TaeguTec/ttkCatalog/Family.aspx?fnum=1091&mapp=DR&app=77&GFSTYP=M.
2017-05-24 15:50:41,388 spider_imc.py[line:98] INFO layer3 is being parsed, url is: http://www.imc-companies.com/TaeguTec/ttkCatalog/Family.aspx?fnum=1248&mapp=DR&app=77&GFSTYP=M.
2017-05-24 15:50:45,588 spider_imc.py[line:98] INFO layer3 is being parsed, url is: http://www.imc-companies.com/TaeguTec/ttkCatalog/Family.aspx?fnum=1249&mapp=DR&app=77&GFSTYP=M.
2017-05-24 15:50:51,381 spider_imc.py[line:98] INFO layer3 is being parsed, url is: http://www.imc-companies.com/TaeguTec/ttkCatalog/Family.aspx?fnum=1334&mapp=DR&app=77&GFSTYP=M.
2017-05-24 15:50:54,588 spider_imc.py[line:98] INFO layer3 is being parsed, url is: http://www.imc-companies.com/TaeguTec/ttkCatalog/Family.aspx?fnum=1335&mapp=DR&app=77&GFSTYP=M.
2017-05-24 15:51:00,490 spider_imc.py[line:98] INFO layer3 is being parsed, url is: http://www.imc-companies.com/TaeguTec/ttkCatalog/Family.aspx?fnum=1336&mapp=DR&app=77&GFSTYP=M.
2017-05-24 15:51:06,497 spider_imc.py[line:98] INFO layer3 is being parsed, url is: http://www.imc-companies.com/TaeguTec/ttkCatalog/Family.aspx?fnum=1338&mapp=DR&app=77&GFSTYP=M.
2017-05-24 15:51:11,375 spider_imc.py[line:98] INFO layer3 is being parsed, url is: http://www.imc-companies.com/TaeguTec/ttkCatalog/Family.aspx?fnum=1339&mapp=DR&app=77&GFSTYP=M.
2017-05-24 15:51:16,881 spider_imc.py[line:98] INFO layer3 is being parsed, url is: http://www.imc-companies.com/TaeguTec/ttkCatalog/Family.aspx?fnum=1340&mapp=DR&app=77&GFSTYP=M.
2017-05-24 15:51:20,257 spider_imc.py[line:98] INFO layer3 is being parsed, url is: http://www.imc-companies.com/TaeguTec/ttkCatalog/Family.aspx?fnum=1341&mapp=DR&app=77&GFSTYP=M.
2017-05-24 15:51:26,592 spider_imc.py[line:98] INFO layer3 is being parsed, url is: http://www.imc-companies.com/TaeguTec/ttkCatalog/Family.aspx?fnum=1342&mapp=DR&app=77&GFSTYP=M.
2017-05-24 15:51:31,963 spider_imc.py[line:98] INFO layer3 is being parsed, url is: http://www.imc-companies.com/TaeguTec/ttkCatalog/Family.aspx?fnum=1343&mapp=DR&app=77&GFSTYP=M.
2017-05-24 15:51:35,178 spider_imc.py[line:98] INFO layer3 is being parsed, url is: http://www.imc-companies.com/TaeguTec/ttkCatalog/Family.aspx?fnum=1344&mapp=DR&app=77&GFSTYP=M.
2017-05-24 15:51:40,983 spider_imc.py[line:98] INFO layer3 is being parsed, url is: http://www.imc-companies.com/TaeguTec/ttkCatalog/Family.aspx?fnum=1345&mapp=DR&app=77&GFSTYP=M.
2017-05-24 15:51:46,627 spider_imc.py[line:98] INFO layer3 is being parsed, url is: http://www.imc-companies.com/TaeguTec/ttkCatalog/Family.aspx?fnum=1346&mapp=DR&app=77&GFSTYP=M.
2017-05-24 15:51:52,553 spider_imc.py[line:98] INFO layer3 is being parsed, url is: http://www.imc-companies.com/TaeguTec/ttkCatalog/Family.aspx?fnum=1507&mapp=DR&app=77&GFSTYP=M.
2017-05-24 15:51:57,680 spider_imc.py[line:98] INFO layer3 is being parsed, url is: http://www.imc-companies.com/TaeguTec/ttkCatalog/Family.aspx?fnum=1780&mapp=DR&app=77&GFSTYP=M.
2017-05-24 15:52:03,535 spider_imc.py[line:98] INFO layer3 is being parsed, url is: http://www.imc-companies.com/TaeguTec/ttkCatalog/Family.aspx?fnum=1781&mapp=DR&app=77&GFSTYP=M.
2017-05-24 15:52:09,746 spider_imc.py[line:98] INFO layer3 is being parsed, url is: http://www.imc-companies.com/TaeguTec/ttkCatalog/Family.aspx?fnum=1782&mapp=DR&app=77&GFSTYP=M.
2017-05-24 15:52:14,260 spider_imc.py[line:98] INFO layer3 is being parsed, url is: http://www.imc-companies.com/TaeguTec/ttkCatalog/Family.aspx?fnum=1783&mapp=DR&app=77&GFSTYP=M.
2017-05-24 15:52:20,424 spider_imc.py[line:98] INFO layer3 is being parsed, url is: http://www.imc-companies.com/TaeguTec/ttkCatalog/Family.aspx?fnum=1784&mapp=DR&app=77&GFSTYP=M.
2017-05-24 15:52:24,375 spider_imc.py[line:98] INFO layer3 is being parsed, url is: http://www.imc-companies.com/TaeguTec/ttkCatalog/Family.aspx?fnum=1786&mapp=DR&app=77&GFSTYP=M.
2017-05-24 15:52:27,834 spider_imc.py[line:98] INFO layer3 is being parsed, url is: http://www.imc-companies.com/TaeguTec/ttkCatalog/Family.aspx?fnum=1787&mapp=DR&app=77&GFSTYP=M.
2017-05-24 15:52:30,331 spider_imc.py[line:98] INFO layer3 is being parsed, url is: http://www.imc-companies.com/TaeguTec/ttkCatalog/Family.aspx?fnum=1878&mapp=DR&app=77&GFSTYP=M.
2017-05-24 15:52:36,075 spider_imc.py[line:98] INFO layer3 is being parsed, url is: http://www.imc-companies.com/TaeguTec/ttkCatalog/Family.aspx?fnum=10023&mapp=DR&app=77&GFSTYP=M.
2017-05-24 15:52:39,094 spider_imc.py[line:98] INFO layer3 is being parsed, url is: http://www.imc-companies.com/TaeguTec/ttkCatalog/Family.aspx?fnum=10210&mapp=DR&app=77&GFSTYP=M.
2017-05-24 15:52:44,559 spider_imc.py[line:98] INFO layer3 is being parsed, url is: http://www.imc-companies.com/TaeguTec/ttkCatalog/Family.aspx?fnum=10212&mapp=DR&app=77&GFSTYP=M.
2017-05-24 15:52:51,302 spider_imc.py[line:98] INFO layer3 is being parsed, url is: http://www.imc-companies.com/TaeguTec/ttkCatalog/Family.aspx?fnum=10225&mapp=DR&app=77&GFSTYP=M.
2017-05-24 15:52:59,128 spider_imc.py[line:98] INFO layer3 is being parsed, url is: http://www.imc-companies.com/TaeguTec/ttkCatalog/Family.aspx?fnum=10226&mapp=DR&app=77&GFSTYP=M.
2017-05-24 15:53:01,539 spider_imc.py[line:98] INFO layer3 is being parsed, url is: http://www.imc-companies.com/TaeguTec/ttkCatalog/Family.aspx?fnum=10227&mapp=DR&app=77&GFSTYP=M.
2017-05-24 15:53:07,443 spider_imc.py[line:98] INFO layer3 is being parsed, url is: http://www.imc-companies.com/TaeguTec/ttkCatalog/Family.aspx?fnum=10228&mapp=DR&app=77&GFSTYP=M.
2017-05-24 15:53:09,990 spider_imc.py[line:98] INFO layer3 is being parsed, url is: http://www.imc-companies.com/TaeguTec/ttkCatalog/Family.aspx?fnum=10258&mapp=DR&app=77&GFSTYP=M.
2017-05-24 15:53:15,088 spider_imc.py[line:98] INFO layer3 is being parsed, url is: http://www.imc-companies.com/TaeguTec/ttkCatalog/Family.aspx?fnum=423&mapp=DR&app=118&GFSTYP=M.
2017-05-24 15:53:20,290 spider_imc.py[line:98] INFO layer3 is being parsed, url is: http://www.imc-companies.com/TaeguTec/ttkCatalog/Family.aspx?fnum=458&mapp=DR&app=118&GFSTYP=M.
2017-05-24 15:53:23,509 spider_imc.py[line:98] INFO layer3 is being parsed, url is: http://www.imc-companies.com/TaeguTec/ttkCatalog/Family.aspx?fnum=900&mapp=DR&app=118&GFSTYP=M.
2017-05-24 15:53:29,352 spider_imc.py[line:98] INFO layer3 is being parsed, url is: http://www.imc-companies.com/TaeguTec/ttkCatalog/Family.aspx?fnum=1248&mapp=DR&app=118&GFSTYP=M.
2017-05-24 15:53:33,717 spider_imc.py[line:98] INFO layer3 is being parsed, url is: http://www.imc-companies.com/TaeguTec/ttkCatalog/Family.aspx?fnum=558&mapp=ML&app=57&GFSTYP=M.
2017-05-24 15:53:38,137 spider_imc.py[line:98] INFO layer3 is being parsed, url is: http://www.imc-companies.com/TaeguTec/ttkCatalog/Family.aspx?fnum=560&mapp=ML&app=57&GFSTYP=M.
2017-05-24 15:53:44,303 spider_imc.py[line:98] INFO layer3 is being parsed, url is: http://www.imc-companies.com/TaeguTec/ttkCatalog/Family.aspx?fnum=562&mapp=ML&app=57&GFSTYP=M.
2017-05-24 15:53:48,644 spider_imc.py[line:98] INFO layer3 is being parsed, url is: http://www.imc-companies.com/TaeguTec/ttkCatalog/Family.aspx?fnum=563&mapp=ML&app=57&GFSTYP=M.
2017-05-24 15:53:54,061 spider_imc.py[line:98] INFO layer3 is being parsed, url is: http://www.imc-companies.com/TaeguTec/ttkCatalog/Family.aspx?fnum=567&mapp=ML&app=57&GFSTYP=M.
2017-05-24 15:53:59,407 spider_imc.py[line:98] INFO layer3 is being parsed, url is: http://www.imc-companies.com/TaeguTec/ttkCatalog/Family.aspx?fnum=576&mapp=ML&app=57&GFSTYP=M.
2017-05-24 15:54:05,082 spider_imc.py[line:98] INFO layer3 is being parsed, url is: http://www.imc-companies.com/TaeguTec/ttkCatalog/Family.aspx?fnum=577&mapp=ML&app=57&GFSTYP=M.
2017-05-24 15:54:09,911 spider_imc.py[line:98] INFO layer3 is being parsed, url is: http://www.imc-companies.com/TaeguTec/ttkCatalog/Family.aspx?fnum=598&mapp=ML&app=57&GFSTYP=M.
2017-05-24 15:54:12,762 spider_imc.py[line:98] INFO layer3 is being parsed, url is: http://www.imc-companies.com/TaeguTec/ttkCatalog/Family.aspx?fnum=602&mapp=ML&app=57&GFSTYP=M.
2017-05-24 15:54:17,344 spider_imc.py[line:98] INFO layer3 is being parsed, url is: http://www.imc-companies.com/TaeguTec/ttkCatalog/Family.aspx?fnum=613&mapp=ML&app=57&GFSTYP=M.
2017-05-24 15:54:25,305 spider_imc.py[line:98] INFO layer3 is being parsed, url is: http://www.imc-companies.com/TaeguTec/ttkCatalog/Family.aspx?fnum=615&mapp=ML&app=57&GFSTYP=M.
2017-05-24 15:54:28,684 spider_imc.py[line:98] INFO layer3 is being parsed, url is: http://www.imc-companies.com/TaeguTec/ttkCatalog/Family.aspx?fnum=719&mapp=ML&app=57&GFSTYP=M.
2017-05-24 15:54:35,039 spider_imc.py[line:98] INFO layer3 is being parsed, url is: http://www.imc-companies.com/TaeguTec/ttkCatalog/Family.aspx?fnum=722&mapp=ML&app=57&GFSTYP=M.
2017-05-24 15:54:37,936 spider_imc.py[line:98] INFO layer3 is being parsed, url is: http://www.imc-companies.com/TaeguTec/ttkCatalog/Family.aspx?fnum=723&mapp=ML&app=57&GFSTYP=M.
2017-05-24 15:54:40,855 spider_imc.py[line:98] INFO layer3 is being parsed, url is: http://www.imc-companies.com/TaeguTec/ttkCatalog/Family.aspx?fnum=724&mapp=ML&app=57&GFSTYP=M.
2017-05-24 15:54:46,362 spider_imc.py[line:98] INFO layer3 is being parsed, url is: http://www.imc-companies.com/TaeguTec/ttkCatalog/Family.aspx?fnum=725&mapp=ML&app=57&GFSTYP=M.
2017-05-24 15:54:52,678 spider_imc.py[line:98] INFO layer3 is being parsed, url is: http://www.imc-companies.com/TaeguTec/ttkCatalog/Family.aspx?fnum=726&mapp=ML&app=57&GFSTYP=M.
2017-05-24 15:54:55,503 spider_imc.py[line:98] INFO layer3 is being parsed, url is: http://www.imc-companies.com/TaeguTec/ttkCatalog/Family.aspx?fnum=730&mapp=ML&app=57&GFSTYP=M.
2017-05-24 15:55:01,328 spider_imc.py[line:98] INFO layer3 is being parsed, url is: http://www.imc-companies.com/TaeguTec/ttkCatalog/Family.aspx?fnum=731&mapp=ML&app=57&GFSTYP=M.
2017-05-24 15:55:07,730 spider_imc.py[line:98] INFO layer3 is being parsed, url is: http://www.imc-companies.com/TaeguTec/ttkCatalog/Family.aspx?fnum=732&mapp=ML&app=57&GFSTYP=M.
2017-05-24 15:55:13,260 spider_imc.py[line:98] INFO layer3 is being parsed, url is: http://www.imc-companies.com/TaeguTec/ttkCatalog/Family.aspx?fnum=770&mapp=ML&app=57&GFSTYP=M.
2017-05-24 15:55:18,427 spider_imc.py[line:98] INFO layer3 is being parsed, url is: http://www.imc-companies.com/TaeguTec/ttkCatalog/Family.aspx?fnum=771&mapp=ML&app=57&GFSTYP=M.
2017-05-24 15:55:21,959 spider_imc.py[line:98] INFO layer3 is being parsed, url is: http://www.imc-companies.com/TaeguTec/ttkCatalog/Family.aspx?fnum=777&mapp=ML&app=57&GFSTYP=M.
2017-05-24 15:55:27,341 spider_imc.py[line:98] INFO layer3 is being parsed, url is: http://www.imc-companies.com/TaeguTec/ttkCatalog/Family.aspx?fnum=778&mapp=ML&app=57&GFSTYP=M.
2017-05-24 15:55:31,414 spider_imc.py[line:98] INFO layer3 is being parsed, url is: http://www.imc-companies.com/TaeguTec/ttkCatalog/Family.aspx?fnum=780&mapp=ML&app=57&GFSTYP=M.
2017-05-24 15:55:36,575 spider_imc.py[line:98] INFO layer3 is being parsed, url is: http://www.imc-companies.com/TaeguTec/ttkCatalog/Family.aspx?fnum=782&mapp=ML&app=57&GFSTYP=M.
2017-05-24 15:55:42,517 spider_imc.py[line:98] INFO layer3 is being parsed, url is: http://www.imc-companies.com/TaeguTec/ttkCatalog/Family.aspx?fnum=783&mapp=ML&app=57&GFSTYP=M.
2017-05-24 15:55:47,762 spider_imc.py[line:98] INFO layer3 is being parsed, url is: http://www.imc-companies.com/TaeguTec/ttkCatalog/Family.aspx?fnum=789&mapp=ML&app=57&GFSTYP=M.
2017-05-24 15:55:52,427 spider_imc.py[line:98] INFO layer3 is being parsed, url is: http://www.imc-companies.com/TaeguTec/ttkCatalog/Family.aspx?fnum=791&mapp=ML&app=57&GFSTYP=M.
2017-05-24 15:55:55,726 spider_imc.py[line:98] INFO layer3 is being parsed, url is: http://www.imc-companies.com/TaeguTec/ttkCatalog/Family.aspx?fnum=793&mapp=ML&app=57&GFSTYP=M.
2017-05-24 15:55:59,529 spider_imc.py[line:98] INFO layer3 is being parsed, url is: http://www.imc-companies.com/TaeguTec/ttkCatalog/Family.aspx?fnum=794&mapp=ML&app=57&GFSTYP=M.
2017-05-24 15:56:04,076 spider_imc.py[line:98] INFO layer3 is being parsed, url is: http://www.imc-companies.com/TaeguTec/ttkCatalog/Family.aspx?fnum=795&mapp=ML&app=57&GFSTYP=M.
2017-05-24 15:56:09,321 spider_imc.py[line:98] INFO layer3 is being parsed, url is: http://www.imc-companies.com/TaeguTec/ttkCatalog/Family.aspx?fnum=800&mapp=ML&app=57&GFSTYP=M.
2017-05-24 15:56:12,927 spider_imc.py[line:98] INFO layer3 is being parsed, url is: http://www.imc-companies.com/TaeguTec/ttkCatalog/Family.aspx?fnum=802&mapp=ML&app=57&GFSTYP=M.
2017-05-24 15:56:18,372 spider_imc.py[line:98] INFO layer3 is being parsed, url is: http://www.imc-companies.com/TaeguTec/ttkCatalog/Family.aspx?fnum=895&mapp=ML&app=57&GFSTYP=M.
2017-05-24 15:56:21,523 spider_imc.py[line:98] INFO layer3 is being parsed, url is: http://www.imc-companies.com/TaeguTec/ttkCatalog/Family.aspx?fnum=903&mapp=ML&app=57&GFSTYP=M.
2017-05-24 15:56:26,016 spider_imc.py[line:98] INFO layer3 is being parsed, url is: http://www.imc-companies.com/TaeguTec/ttkCatalog/Family.aspx?fnum=905&mapp=ML&app=57&GFSTYP=M.
2017-05-24 15:56:31,055 spider_imc.py[line:98] INFO layer3 is being parsed, url is: http://www.imc-companies.com/TaeguTec/ttkCatalog/Family.aspx?fnum=929&mapp=ML&app=57&GFSTYP=M.
2017-05-24 15:56:36,440 spider_imc.py[line:98] INFO layer3 is being parsed, url is: http://www.imc-companies.com/TaeguTec/ttkCatalog/Family.aspx?fnum=947&mapp=ML&app=57&GFSTYP=M.
2017-05-24 15:56:42,296 spider_imc.py[line:98] INFO layer3 is being parsed, url is: http://www.imc-companies.com/TaeguTec/ttkCatalog/Family.aspx?fnum=949&mapp=ML&app=57&GFSTYP=M.
2017-05-24 15:56:47,000 spider_imc.py[line:98] INFO layer3 is being parsed, url is: http://www.imc-companies.com/TaeguTec/ttkCatalog/Family.aspx?fnum=951&mapp=ML&app=57&GFSTYP=M.
2017-05-24 15:56:50,105 spider_imc.py[line:98] INFO layer3 is being parsed, url is: http://www.imc-companies.com/TaeguTec/ttkCatalog/Family.aspx?fnum=953&mapp=ML&app=57&GFSTYP=M.
2017-05-24 15:56:56,095 spider_imc.py[line:98] INFO layer3 is being parsed, url is: http://www.imc-companies.com/TaeguTec/ttkCatalog/Family.aspx?fnum=955&mapp=ML&app=57&GFSTYP=M.
2017-05-24 15:56:58,276 spider_imc.py[line:98] INFO layer3 is being parsed, url is: http://www.imc-companies.com/TaeguTec/ttkCatalog/Family.aspx?fnum=957&mapp=ML&app=57&GFSTYP=M.
2017-05-24 15:57:04,065 spider_imc.py[line:98] INFO layer3 is being parsed, url is: http://www.imc-companies.com/TaeguTec/ttkCatalog/Family.aspx?fnum=959&mapp=ML&app=57&GFSTYP=M.
2017-05-24 15:57:08,388 spider_imc.py[line:98] INFO layer3 is being parsed, url is: http://www.imc-companies.com/TaeguTec/ttkCatalog/Family.aspx?fnum=962&mapp=ML&app=57&GFSTYP=M.
2017-05-24 15:57:17,046 rotate_retry.py[line:16] INFO no need to retry, request is:<GET http://www.imc-companies.com/TaeguTec/ttkCatalog/Family.aspx?fnum=963&mapp=ML&app=57&GFSTYP=M>, failed reason:User timeout caused connection failure: Getting http://www.imc-companies.com/TaeguTec/ttkCatalog/Family.aspx?fnum=963&mapp=ML&app=57&GFSTYP=M took longer than 5.0 seconds..
2017-05-24 15:57:18,825 spider_imc.py[line:98] INFO layer3 is being parsed, url is: http://www.imc-companies.com/TaeguTec/ttkCatalog/Family.aspx?fnum=964&mapp=ML&app=57&GFSTYP=M.
2017-05-24 15:57:20,588 spider_imc.py[line:98] INFO layer3 is being parsed, url is: http://www.imc-companies.com/TaeguTec/ttkCatalog/Family.aspx?fnum=1041&mapp=ML&app=57&GFSTYP=M.
2017-05-24 15:57:25,644 spider_imc.py[line:98] INFO layer3 is being parsed, url is: http://www.imc-companies.com/TaeguTec/ttkCatalog/Family.aspx?fnum=1075&mapp=ML&app=57&GFSTYP=M.
2017-05-24 15:57:31,697 spider_imc.py[line:98] INFO layer3 is being parsed, url is: http://www.imc-companies.com/TaeguTec/ttkCatalog/Family.aspx?fnum=1096&mapp=ML&app=57&GFSTYP=M.
2017-05-24 15:57:37,407 spider_imc.py[line:98] INFO layer3 is being parsed, url is: http://www.imc-companies.com/TaeguTec/ttkCatalog/Family.aspx?fnum=1107&mapp=ML&app=57&GFSTYP=M.
2017-05-24 15:57:46,142 spider_imc.py[line:98] INFO layer3 is being parsed, url is: http://www.imc-companies.com/TaeguTec/ttkCatalog/Family.aspx?fnum=1150&mapp=ML&app=57&GFSTYP=M.
2017-05-24 15:57:48,858 spider_imc.py[line:98] INFO layer3 is being parsed, url is: http://www.imc-companies.com/TaeguTec/ttkCatalog/Family.aspx?fnum=1151&mapp=ML&app=57&GFSTYP=M.
2017-05-24 15:57:52,977 spider_imc.py[line:98] INFO layer3 is being parsed, url is: http://www.imc-companies.com/TaeguTec/ttkCatalog/Family.aspx?fnum=1168&mapp=ML&app=57&GFSTYP=M.
2017-05-24 15:57:58,078 spider_imc.py[line:98] INFO layer3 is being parsed, url is: http://www.imc-companies.com/TaeguTec/ttkCatalog/Family.aspx?fnum=1184&mapp=ML&app=57&GFSTYP=M.
2017-05-24 15:58:03,957 spider_imc.py[line:98] INFO layer3 is being parsed, url is: http://www.imc-companies.com/TaeguTec/ttkCatalog/Family.aspx?fnum=1281&mapp=ML&app=57&GFSTYP=M.
2017-05-24 15:58:08,707 spider_imc.py[line:98] INFO layer3 is being parsed, url is: http://www.imc-companies.com/TaeguTec/ttkCatalog/Family.aspx?fnum=1285&mapp=ML&app=57&GFSTYP=M.
2017-05-24 15:58:13,934 spider_imc.py[line:98] INFO layer3 is being parsed, url is: http://www.imc-companies.com/TaeguTec/ttkCatalog/Family.aspx?fnum=1287&mapp=ML&app=57&GFSTYP=M.
2017-05-24 15:58:18,848 spider_imc.py[line:98] INFO layer3 is being parsed, url is: http://www.imc-companies.com/TaeguTec/ttkCatalog/Family.aspx?fnum=1704&mapp=ML&app=57&GFSTYP=M.
2017-05-24 15:58:24,885 spider_imc.py[line:98] INFO layer3 is being parsed, url is: http://www.imc-companies.com/TaeguTec/ttkCatalog/Family.aspx?fnum=1705&mapp=ML&app=57&GFSTYP=M.
2017-05-24 15:58:29,487 spider_imc.py[line:98] INFO layer3 is being parsed, url is: http://www.imc-companies.com/TaeguTec/ttkCatalog/Family.aspx?fnum=1706&mapp=ML&app=57&GFSTYP=M.
2017-05-24 15:58:35,213 spider_imc.py[line:98] INFO layer3 is being parsed, url is: http://www.imc-companies.com/TaeguTec/ttkCatalog/Family.aspx?fnum=1708&mapp=ML&app=57&GFSTYP=M.
2017-05-24 15:58:40,720 spider_imc.py[line:98] INFO layer3 is being parsed, url is: http://www.imc-companies.com/TaeguTec/ttkCatalog/Family.aspx?fnum=1709&mapp=ML&app=57&GFSTYP=M.
2017-05-24 15:58:44,841 spider_imc.py[line:98] INFO layer3 is being parsed, url is: http://www.imc-companies.com/TaeguTec/ttkCatalog/Family.aspx?fnum=1722&mapp=ML&app=57&GFSTYP=M.
2017-05-24 15:58:52,530 spider_imc.py[line:98] INFO layer3 is being parsed, url is: http://www.imc-companies.com/TaeguTec/ttkCatalog/Family.aspx?fnum=1723&mapp=ML&app=57&GFSTYP=M.
2017-05-24 15:58:55,869 spider_imc.py[line:98] INFO layer3 is being parsed, url is: http://www.imc-companies.com/TaeguTec/ttkCatalog/Family.aspx?fnum=1724&mapp=ML&app=57&GFSTYP=M.
2017-05-24 15:59:00,785 spider_imc.py[line:98] INFO layer3 is being parsed, url is: http://www.imc-companies.com/TaeguTec/ttkCatalog/Family.aspx?fnum=1726&mapp=ML&app=57&GFSTYP=M.
2017-05-24 15:59:04,749 spider_imc.py[line:98] INFO layer3 is being parsed, url is: http://www.imc-companies.com/TaeguTec/ttkCatalog/Family.aspx?fnum=1727&mapp=ML&app=57&GFSTYP=M.
2017-05-24 15:59:08,321 spider_imc.py[line:98] INFO layer3 is being parsed, url is: http://www.imc-companies.com/TaeguTec/ttkCatalog/Family.aspx?fnum=1728&mapp=ML&app=57&GFSTYP=M.
2017-05-24 15:59:13,782 spider_imc.py[line:98] INFO layer3 is being parsed, url is: http://www.imc-companies.com/TaeguTec/ttkCatalog/Family.aspx?fnum=1731&mapp=ML&app=57&GFSTYP=M.
2017-05-24 15:59:17,776 spider_imc.py[line:98] INFO layer3 is being parsed, url is: http://www.imc-companies.com/TaeguTec/ttkCatalog/Family.aspx?fnum=1732&mapp=ML&app=57&GFSTYP=M.
2017-05-24 15:59:21,894 spider_imc.py[line:98] INFO layer3 is being parsed, url is: http://www.imc-companies.com/TaeguTec/ttkCatalog/Family.aspx?fnum=1733&mapp=ML&app=57&GFSTYP=M.
2017-05-24 15:59:26,716 spider_imc.py[line:98] INFO layer3 is being parsed, url is: http://www.imc-companies.com/TaeguTec/ttkCatalog/Family.aspx?fnum=1734&mapp=ML&app=57&GFSTYP=M.
2017-05-24 15:59:31,691 spider_imc.py[line:98] INFO layer3 is being parsed, url is: http://www.imc-companies.com/TaeguTec/ttkCatalog/Family.aspx?fnum=1735&mapp=ML&app=57&GFSTYP=M.
2017-05-24 15:59:36,638 spider_imc.py[line:98] INFO layer3 is being parsed, url is: http://www.imc-companies.com/TaeguTec/ttkCatalog/Family.aspx?fnum=1736&mapp=ML&app=57&GFSTYP=M.
2017-05-24 15:59:40,710 spider_imc.py[line:98] INFO layer3 is being parsed, url is: http://www.imc-companies.com/TaeguTec/ttkCatalog/Family.aspx?fnum=1745&mapp=ML&app=57&GFSTYP=M.
2017-05-24 15:59:46,078 spider_imc.py[line:98] INFO layer3 is being parsed, url is: http://www.imc-companies.com/TaeguTec/ttkCatalog/Family.aspx?fnum=1746&mapp=ML&app=57&GFSTYP=M.
2017-05-24 15:59:50,750 spider_imc.py[line:98] INFO layer3 is being parsed, url is: http://www.imc-companies.com/TaeguTec/ttkCatalog/Family.aspx?fnum=1747&mapp=ML&app=57&GFSTYP=M.
2017-05-24 15:59:56,573 spider_imc.py[line:98] INFO layer3 is being parsed, url is: http://www.imc-companies.com/TaeguTec/ttkCatalog/Family.aspx?fnum=1748&mapp=ML&app=57&GFSTYP=M.
2017-05-24 16:00:01,907 spider_imc.py[line:98] INFO layer3 is being parsed, url is: http://www.imc-companies.com/TaeguTec/ttkCatalog/Family.aspx?fnum=1752&mapp=ML&app=57&GFSTYP=M.
2017-05-24 16:00:05,201 spider_imc.py[line:98] INFO layer3 is being parsed, url is: http://www.imc-companies.com/TaeguTec/ttkCatalog/Family.aspx?fnum=1753&mapp=ML&app=57&GFSTYP=M.
2017-05-24 16:00:08,400 spider_imc.py[line:98] INFO layer3 is being parsed, url is: http://www.imc-companies.com/TaeguTec/ttkCatalog/Family.aspx?fnum=1754&mapp=ML&app=57&GFSTYP=M.
2017-05-24 16:00:12,144 spider_imc.py[line:98] INFO layer3 is being parsed, url is: http://www.imc-companies.com/TaeguTec/ttkCatalog/Family.aspx?fnum=1755&mapp=ML&app=57&GFSTYP=M.
2017-05-24 16:00:17,934 spider_imc.py[line:98] INFO layer3 is being parsed, url is: http://www.imc-companies.com/TaeguTec/ttkCatalog/Family.aspx?fnum=1756&mapp=ML&app=57&GFSTYP=M.
2017-05-24 16:00:23,690 spider_imc.py[line:98] INFO layer3 is being parsed, url is: http://www.imc-companies.com/TaeguTec/ttkCatalog/Family.aspx?fnum=1758&mapp=ML&app=57&GFSTYP=M.
2017-05-24 16:00:28,980 spider_imc.py[line:98] INFO layer3 is being parsed, url is: http://www.imc-companies.com/TaeguTec/ttkCatalog/Family.aspx?fnum=1759&mapp=ML&app=57&GFSTYP=M.
2017-05-24 16:00:34,704 spider_imc.py[line:98] INFO layer3 is being parsed, url is: http://www.imc-companies.com/TaeguTec/ttkCatalog/Family.aspx?fnum=1760&mapp=ML&app=57&GFSTYP=M.
2017-05-24 16:00:40,492 spider_imc.py[line:98] INFO layer3 is being parsed, url is: http://www.imc-companies.com/TaeguTec/ttkCatalog/Family.aspx?fnum=1789&mapp=ML&app=57&GFSTYP=M.
2017-05-24 16:00:46,092 spider_imc.py[line:98] INFO layer3 is being parsed, url is: http://www.imc-companies.com/TaeguTec/ttkCatalog/Family.aspx?fnum=1790&mapp=ML&app=57&GFSTYP=M.
2017-05-24 16:00:50,628 spider_imc.py[line:98] INFO layer3 is being parsed, url is: http://www.imc-companies.com/TaeguTec/ttkCatalog/Family.aspx?fnum=1843&mapp=ML&app=57&GFSTYP=M.
2017-05-24 16:00:54,000 spider_imc.py[line:98] INFO layer3 is being parsed, url is: http://www.imc-companies.com/TaeguTec/ttkCatalog/Family.aspx?fnum=1861&mapp=ML&app=57&GFSTYP=M.
2017-05-24 16:00:59,170 spider_imc.py[line:98] INFO layer3 is being parsed, url is: http://www.imc-companies.com/TaeguTec/ttkCatalog/Family.aspx?fnum=1862&mapp=ML&app=57&GFSTYP=M.
2017-05-24 16:01:05,032 spider_imc.py[line:98] INFO layer3 is being parsed, url is: http://www.imc-companies.com/TaeguTec/ttkCatalog/Family.aspx?fnum=1863&mapp=ML&app=57&GFSTYP=M.
2017-05-24 16:01:09,627 spider_imc.py[line:98] INFO layer3 is being parsed, url is: http://www.imc-companies.com/TaeguTec/ttkCatalog/Family.aspx?fnum=1865&mapp=ML&app=57&GFSTYP=M.
2017-05-24 16:01:14,414 spider_imc.py[line:98] INFO layer3 is being parsed, url is: http://www.imc-companies.com/TaeguTec/ttkCatalog/Family.aspx?fnum=1866&mapp=ML&app=57&GFSTYP=M.
2017-05-24 16:01:18,773 spider_imc.py[line:98] INFO layer3 is being parsed, url is: http://www.imc-companies.com/TaeguTec/ttkCatalog/Family.aspx?fnum=1867&mapp=ML&app=57&GFSTYP=M.
2017-05-24 16:01:24,683 spider_imc.py[line:98] INFO layer3 is being parsed, url is: http://www.imc-companies.com/TaeguTec/ttkCatalog/Family.aspx?fnum=1868&mapp=ML&app=57&GFSTYP=M.
2017-05-24 16:01:29,033 spider_imc.py[line:98] INFO layer3 is being parsed, url is: http://www.imc-companies.com/TaeguTec/ttkCatalog/Family.aspx?fnum=1869&mapp=ML&app=57&GFSTYP=M.
2017-05-24 16:01:33,569 spider_imc.py[line:98] INFO layer3 is being parsed, url is: http://www.imc-companies.com/TaeguTec/ttkCatalog/Family.aspx?fnum=1870&mapp=ML&app=57&GFSTYP=M.
2017-05-24 16:01:38,426 spider_imc.py[line:98] INFO layer3 is being parsed, url is: http://www.imc-companies.com/TaeguTec/ttkCatalog/Family.aspx?fnum=1871&mapp=ML&app=57&GFSTYP=M.
2017-05-24 16:01:44,039 spider_imc.py[line:98] INFO layer3 is being parsed, url is: http://www.imc-companies.com/TaeguTec/ttkCatalog/Family.aspx?fnum=1880&mapp=ML&app=57&GFSTYP=M.
2017-05-24 16:01:49,963 spider_imc.py[line:98] INFO layer3 is being parsed, url is: http://www.imc-companies.com/TaeguTec/ttkCatalog/Family.aspx?fnum=1881&mapp=ML&app=57&GFSTYP=M.
2017-05-24 16:01:52,907 spider_imc.py[line:98] INFO layer3 is being parsed, url is: http://www.imc-companies.com/TaeguTec/ttkCatalog/Family.aspx?fnum=1883&mapp=ML&app=57&GFSTYP=M.
2017-05-24 16:01:58,796 spider_imc.py[line:98] INFO layer3 is being parsed, url is: http://www.imc-companies.com/TaeguTec/ttkCatalog/Family.aspx?fnum=1884&mapp=ML&app=57&GFSTYP=M.
2017-05-24 16:02:04,572 spider_imc.py[line:98] INFO layer3 is being parsed, url is: http://www.imc-companies.com/TaeguTec/ttkCatalog/Family.aspx?fnum=1885&mapp=ML&app=57&GFSTYP=M.
2017-05-24 16:02:08,063 spider_imc.py[line:98] INFO layer3 is being parsed, url is: http://www.imc-companies.com/TaeguTec/ttkCatalog/Family.aspx?fnum=1906&mapp=ML&app=57&GFSTYP=M.
2017-05-24 16:02:13,984 spider_imc.py[line:98] INFO layer3 is being parsed, url is: http://www.imc-companies.com/TaeguTec/ttkCatalog/Family.aspx?fnum=1907&mapp=ML&app=57&GFSTYP=M.
2017-05-24 16:02:18,706 spider_imc.py[line:98] INFO layer3 is being parsed, url is: http://www.imc-companies.com/TaeguTec/ttkCatalog/Family.aspx?fnum=1913&mapp=ML&app=57&GFSTYP=M.
2017-05-24 16:02:23,417 spider_imc.py[line:98] INFO layer3 is being parsed, url is: http://www.imc-companies.com/TaeguTec/ttkCatalog/Family.aspx?fnum=1914&mapp=ML&app=57&GFSTYP=M.
2017-05-24 16:02:27,740 spider_imc.py[line:98] INFO layer3 is being parsed, url is: http://www.imc-companies.com/TaeguTec/ttkCatalog/Family.aspx?fnum=1915&mapp=ML&app=57&GFSTYP=M.
2017-05-24 16:02:31,219 spider_imc.py[line:98] INFO layer3 is being parsed, url is: http://www.imc-companies.com/TaeguTec/ttkCatalog/Family.aspx?fnum=1916&mapp=ML&app=57&GFSTYP=M.
2017-05-24 16:02:36,585 spider_imc.py[line:98] INFO layer3 is being parsed, url is: http://www.imc-companies.com/TaeguTec/ttkCatalog/Family.aspx?fnum=10060&mapp=ML&app=57&GFSTYP=M.
2017-05-24 16:02:39,970 spider_imc.py[line:98] INFO layer3 is being parsed, url is: http://www.imc-companies.com/TaeguTec/ttkCatalog/Family.aspx?fnum=10061&mapp=ML&app=57&GFSTYP=M.
2017-05-24 16:02:44,415 spider_imc.py[line:98] INFO layer3 is being parsed, url is: http://www.imc-companies.com/TaeguTec/ttkCatalog/Family.aspx?fnum=10096&mapp=ML&app=57&GFSTYP=M.
2017-05-24 16:02:49,454 spider_imc.py[line:98] INFO layer3 is being parsed, url is: http://www.imc-companies.com/TaeguTec/ttkCatalog/Family.aspx?fnum=10097&mapp=ML&app=57&GFSTYP=M.
2017-05-24 16:02:54,961 spider_imc.py[line:98] INFO layer3 is being parsed, url is: http://www.imc-companies.com/TaeguTec/ttkCatalog/Family.aspx?fnum=10098&mapp=ML&app=57&GFSTYP=M.
2017-05-24 16:02:59,362 spider_imc.py[line:98] INFO layer3 is being parsed, url is: http://www.imc-companies.com/TaeguTec/ttkCatalog/Family.aspx?fnum=10099&mapp=ML&app=57&GFSTYP=M.
2017-05-24 16:03:04,730 spider_imc.py[line:98] INFO layer3 is being parsed, url is: http://www.imc-companies.com/TaeguTec/ttkCatalog/Family.aspx?fnum=10100&mapp=ML&app=57&GFSTYP=M.
2017-05-24 16:03:09,644 spider_imc.py[line:98] INFO layer3 is being parsed, url is: http://www.imc-companies.com/TaeguTec/ttkCatalog/Family.aspx?fnum=10101&mapp=ML&app=57&GFSTYP=M.
2017-05-24 16:03:15,338 spider_imc.py[line:98] INFO layer3 is being parsed, url is: http://www.imc-companies.com/TaeguTec/ttkCatalog/Family.aspx?fnum=10102&mapp=ML&app=57&GFSTYP=M.
2017-05-24 16:03:19,799 spider_imc.py[line:98] INFO layer3 is being parsed, url is: http://www.imc-companies.com/TaeguTec/ttkCatalog/Family.aspx?fnum=10103&mapp=ML&app=57&GFSTYP=M.
2017-05-24 16:03:25,161 spider_imc.py[line:98] INFO layer3 is being parsed, url is: http://www.imc-companies.com/TaeguTec/ttkCatalog/Family.aspx?fnum=10104&mapp=ML&app=57&GFSTYP=M.
2017-05-24 16:03:28,509 spider_imc.py[line:98] INFO layer3 is being parsed, url is: http://www.imc-companies.com/TaeguTec/ttkCatalog/Family.aspx?fnum=10105&mapp=ML&app=57&GFSTYP=M.
2017-05-24 16:03:31,812 spider_imc.py[line:98] INFO layer3 is being parsed, url is: http://www.imc-companies.com/TaeguTec/ttkCatalog/Family.aspx?fnum=10106&mapp=ML&app=57&GFSTYP=M.
2017-05-24 16:03:36,414 spider_imc.py[line:98] INFO layer3 is being parsed, url is: http://www.imc-companies.com/TaeguTec/ttkCatalog/Family.aspx?fnum=10107&mapp=ML&app=57&GFSTYP=M.
2017-05-24 16:03:42,105 spider_imc.py[line:98] INFO layer3 is being parsed, url is: http://www.imc-companies.com/TaeguTec/ttkCatalog/Family.aspx?fnum=10120&mapp=ML&app=57&GFSTYP=M.
2017-05-24 16:03:46,025 spider_imc.py[line:98] INFO layer3 is being parsed, url is: http://www.imc-companies.com/TaeguTec/ttkCatalog/Family.aspx?fnum=10121&mapp=ML&app=57&GFSTYP=M.
2017-05-24 16:03:51,796 spider_imc.py[line:98] INFO layer3 is being parsed, url is: http://www.imc-companies.com/TaeguTec/ttkCatalog/Family.aspx?fnum=10122&mapp=ML&app=57&GFSTYP=M.
2017-05-24 16:03:54,858 spider_imc.py[line:98] INFO layer3 is being parsed, url is: http://www.imc-companies.com/TaeguTec/ttkCatalog/Family.aspx?fnum=10132&mapp=ML&app=57&GFSTYP=M.
2017-05-24 16:04:00,677 spider_imc.py[line:98] INFO layer3 is being parsed, url is: http://www.imc-companies.com/TaeguTec/ttkCatalog/Family.aspx?fnum=10133&mapp=ML&app=57&GFSTYP=M.
2017-05-24 16:04:04,096 spider_imc.py[line:98] INFO layer3 is being parsed, url is: http://www.imc-companies.com/TaeguTec/ttkCatalog/Family.aspx?fnum=10134&mapp=ML&app=57&GFSTYP=M.
2017-05-24 16:04:08,233 spider_imc.py[line:98] INFO layer3 is being parsed, url is: http://www.imc-companies.com/TaeguTec/ttkCatalog/Family.aspx?fnum=10135&mapp=ML&app=57&GFSTYP=M.
2017-05-24 16:04:11,698 spider_imc.py[line:98] INFO layer3 is being parsed, url is: http://www.imc-companies.com/TaeguTec/ttkCatalog/Family.aspx?fnum=10136&mapp=ML&app=57&GFSTYP=M.
2017-05-24 16:04:16,913 spider_imc.py[line:98] INFO layer3 is being parsed, url is: http://www.imc-companies.com/TaeguTec/ttkCatalog/Family.aspx?fnum=10137&mapp=ML&app=57&GFSTYP=M.
2017-05-24 16:04:22,030 spider_imc.py[line:98] INFO layer3 is being parsed, url is: http://www.imc-companies.com/TaeguTec/ttkCatalog/Family.aspx?fnum=10138&mapp=ML&app=57&GFSTYP=M.
2017-05-24 16:04:25,025 spider_imc.py[line:98] INFO layer3 is being parsed, url is: http://www.imc-companies.com/TaeguTec/ttkCatalog/Family.aspx?fnum=10139&mapp=ML&app=57&GFSTYP=M.
2017-05-24 16:04:28,953 spider_imc.py[line:98] INFO layer3 is being parsed, url is: http://www.imc-companies.com/TaeguTec/ttkCatalog/Family.aspx?fnum=10145&mapp=ML&app=57&GFSTYP=M.
2017-05-24 16:04:33,497 spider_imc.py[line:98] INFO layer3 is being parsed, url is: http://www.imc-companies.com/TaeguTec/ttkCatalog/Family.aspx?fnum=10146&mapp=ML&app=57&GFSTYP=M.
2017-05-24 16:04:40,512 spider_imc.py[line:98] INFO layer3 is being parsed, url is: http://www.imc-companies.com/TaeguTec/ttkCatalog/Family.aspx?fnum=10147&mapp=ML&app=57&GFSTYP=M.
2017-05-24 16:04:41,473 spider_imc.py[line:98] INFO layer3 is being parsed, url is: http://www.imc-companies.com/TaeguTec/ttkCatalog/Family.aspx?fnum=10166&mapp=ML&app=57&GFSTYP=M.
2017-05-24 16:04:45,940 spider_imc.py[line:98] INFO layer3 is being parsed, url is: http://www.imc-companies.com/TaeguTec/ttkCatalog/Family.aspx?fnum=10167&mapp=ML&app=57&GFSTYP=M.
2017-05-24 16:04:51,914 spider_imc.py[line:98] INFO layer3 is being parsed, url is: http://www.imc-companies.com/TaeguTec/ttkCatalog/Family.aspx?fnum=10168&mapp=ML&app=57&GFSTYP=M.
2017-05-24 16:04:57,795 spider_imc.py[line:98] INFO layer3 is being parsed, url is: http://www.imc-companies.com/TaeguTec/ttkCatalog/Family.aspx?fnum=10199&mapp=ML&app=57&GFSTYP=M.
2017-05-24 16:05:03,644 spider_imc.py[line:98] INFO layer3 is being parsed, url is: http://www.imc-companies.com/TaeguTec/ttkCatalog/Family.aspx?fnum=10200&mapp=ML&app=57&GFSTYP=M.
2017-05-24 16:05:09,621 spider_imc.py[line:98] INFO layer3 is being parsed, url is: http://www.imc-companies.com/TaeguTec/ttkCatalog/Family.aspx?fnum=10222&mapp=ML&app=57&GFSTYP=M.
2017-05-24 16:05:14,441 spider_imc.py[line:98] INFO layer3 is being parsed, url is: http://www.imc-companies.com/TaeguTec/ttkCatalog/Family.aspx?fnum=10223&mapp=ML&app=57&GFSTYP=M.
2017-05-24 16:05:19,263 spider_imc.py[line:98] INFO layer3 is being parsed, url is: http://www.imc-companies.com/TaeguTec/ttkCatalog/Family.aspx?fnum=10224&mapp=ML&app=57&GFSTYP=M.
2017-05-24 16:05:23,459 spider_imc.py[line:98] INFO layer3 is being parsed, url is: http://www.imc-companies.com/TaeguTec/ttkCatalog/Family.aspx?fnum=10233&mapp=ML&app=57&GFSTYP=M.
2017-05-24 16:05:29,456 spider_imc.py[line:98] INFO layer3 is being parsed, url is: http://www.imc-companies.com/TaeguTec/ttkCatalog/Family.aspx?fnum=10235&mapp=ML&app=57&GFSTYP=M.
2017-05-24 16:05:34,750 spider_imc.py[line:98] INFO layer3 is being parsed, url is: http://www.imc-companies.com/TaeguTec/ttkCatalog/Family.aspx?fnum=10236&mapp=ML&app=57&GFSTYP=M.
2017-05-24 16:05:40,549 spider_imc.py[line:98] INFO layer3 is being parsed, url is: http://www.imc-companies.com/TaeguTec/ttkCatalog/Family.aspx?fnum=10254&mapp=ML&app=57&GFSTYP=M.
2017-05-24 16:05:45,762 spider_imc.py[line:98] INFO layer3 is being parsed, url is: http://www.imc-companies.com/TaeguTec/ttkCatalog/Family.aspx?fnum=10255&mapp=ML&app=57&GFSTYP=M.
2017-05-24 16:05:50,601 spider_imc.py[line:98] INFO layer3 is being parsed, url is: http://www.imc-companies.com/TaeguTec/ttkCatalog/Family.aspx?fnum=10296&mapp=ML&app=57&GFSTYP=M.
2017-05-24 16:05:54,423 spider_imc.py[line:98] INFO layer3 is being parsed, url is: http://www.imc-companies.com/TaeguTec/ttkCatalog/Family.aspx?fnum=10297&mapp=ML&app=57&GFSTYP=M.
2017-05-24 16:05:58,790 spider_imc.py[line:98] INFO layer3 is being parsed, url is: http://www.imc-companies.com/TaeguTec/ttkCatalog/Family.aspx?fnum=10298&mapp=ML&app=57&GFSTYP=M.
2017-05-24 16:06:04,766 spider_imc.py[line:98] INFO layer3 is being parsed, url is: http://www.imc-companies.com/TaeguTec/ttkCatalog/Family.aspx?fnum=10300&mapp=ML&app=57&GFSTYP=M.
2017-05-24 16:06:10,134 spider_imc.py[line:98] INFO layer3 is being parsed, url is: http://www.imc-companies.com/TaeguTec/ttkCatalog/Family.aspx?fnum=10301&mapp=ML&app=57&GFSTYP=M.
2017-05-24 16:06:14,128 spider_imc.py[line:98] INFO layer3 is being parsed, url is: http://www.imc-companies.com/TaeguTec/ttkCatalog/Family.aspx?fnum=10302&mapp=ML&app=57&GFSTYP=M.
2017-05-24 16:06:16,641 spider_imc.py[line:98] INFO layer3 is being parsed, url is: http://www.imc-companies.com/TaeguTec/ttkCatalog/Family.aspx?fnum=10303&mapp=ML&app=57&GFSTYP=M.
2017-05-24 16:06:19,174 spider_imc.py[line:98] INFO layer3 is being parsed, url is: http://www.imc-companies.com/TaeguTec/ttkCatalog/Family.aspx?fnum=10304&mapp=ML&app=57&GFSTYP=M.
2017-05-24 16:06:24,915 spider_imc.py[line:98] INFO layer3 is being parsed, url is: http://www.imc-companies.com/TaeguTec/ttkCatalog/Family.aspx?fnum=10305&mapp=ML&app=57&GFSTYP=M.
2017-05-24 16:06:29,191 spider_imc.py[line:98] INFO layer3 is being parsed, url is: http://www.imc-companies.com/TaeguTec/ttkCatalog/Family.aspx?fnum=107&mapp=ML&app=59&GFSTYP=M.
2017-05-24 16:06:32,599 spider_imc.py[line:98] INFO layer3 is being parsed, url is: http://www.imc-companies.com/TaeguTec/ttkCatalog/Family.aspx?fnum=192&mapp=ML&app=59&GFSTYP=M.
2017-05-24 16:06:37,963 spider_imc.py[line:98] INFO layer3 is being parsed, url is: http://www.imc-companies.com/TaeguTec/ttkCatalog/Family.aspx?fnum=194&mapp=ML&app=59&GFSTYP=M.
2017-05-24 16:06:42,915 spider_imc.py[line:98] INFO layer3 is being parsed, url is: http://www.imc-companies.com/TaeguTec/ttkCatalog/Family.aspx?fnum=327&mapp=ML&app=59&GFSTYP=M.
2017-05-24 16:06:48,444 spider_imc.py[line:98] INFO layer3 is being parsed, url is: http://www.imc-companies.com/TaeguTec/ttkCatalog/Family.aspx?fnum=328&mapp=ML&app=59&GFSTYP=M.
2017-05-24 16:06:51,325 spider_imc.py[line:98] INFO layer3 is being parsed, url is: http://www.imc-companies.com/TaeguTec/ttkCatalog/Family.aspx?fnum=329&mapp=ML&app=59&GFSTYP=M.
2017-05-24 16:06:56,819 spider_imc.py[line:98] INFO layer3 is being parsed, url is: http://www.imc-companies.com/TaeguTec/ttkCatalog/Family.aspx?fnum=372&mapp=ML&app=59&GFSTYP=M.
2017-05-24 16:07:01,219 spider_imc.py[line:98] INFO layer3 is being parsed, url is: http://www.imc-companies.com/TaeguTec/ttkCatalog/Family.aspx?fnum=464&mapp=ML&app=59&GFSTYP=M.
2017-05-24 16:07:05,946 spider_imc.py[line:98] INFO layer3 is being parsed, url is: http://www.imc-companies.com/TaeguTec/ttkCatalog/Family.aspx?fnum=465&mapp=ML&app=59&GFSTYP=M.
2017-05-24 16:07:10,782 spider_imc.py[line:98] INFO layer3 is being parsed, url is: http://www.imc-companies.com/TaeguTec/ttkCatalog/Family.aspx?fnum=470&mapp=ML&app=59&GFSTYP=M.
2017-05-24 16:07:15,884 spider_imc.py[line:98] INFO layer3 is being parsed, url is: http://www.imc-companies.com/TaeguTec/ttkCatalog/Family.aspx?fnum=473&mapp=ML&app=59&GFSTYP=M.
2017-05-24 16:07:21,411 spider_imc.py[line:98] INFO layer3 is being parsed, url is: http://www.imc-companies.com/TaeguTec/ttkCatalog/Family.aspx?fnum=478&mapp=ML&app=59&GFSTYP=M.
2017-05-24 16:07:27,244 spider_imc.py[line:98] INFO layer3 is being parsed, url is: http://www.imc-companies.com/TaeguTec/ttkCatalog/Family.aspx?fnum=479&mapp=ML&app=59&GFSTYP=M.
2017-05-24 16:07:32,081 spider_imc.py[line:98] INFO layer3 is being parsed, url is: http://www.imc-companies.com/TaeguTec/ttkCatalog/Family.aspx?fnum=481&mapp=ML&app=59&GFSTYP=M.
2017-05-24 16:07:35,980 spider_imc.py[line:98] INFO layer3 is being parsed, url is: http://www.imc-companies.com/TaeguTec/ttkCatalog/Family.aspx?fnum=555&mapp=ML&app=59&GFSTYP=M.
2017-05-24 16:07:41,846 spider_imc.py[line:98] INFO layer3 is being parsed, url is: http://www.imc-companies.com/TaeguTec/ttkCatalog/Family.aspx?fnum=558&mapp=ML&app=59&GFSTYP=M.
2017-05-24 16:07:47,496 spider_imc.py[line:98] INFO layer3 is being parsed, url is: http://www.imc-companies.com/TaeguTec/ttkCatalog/Family.aspx?fnum=560&mapp=ML&app=59&GFSTYP=M.
2017-05-24 16:07:50,381 spider_imc.py[line:98] INFO layer3 is being parsed, url is: http://www.imc-companies.com/TaeguTec/ttkCatalog/Family.aspx?fnum=562&mapp=ML&app=59&GFSTYP=M.
2017-05-24 16:07:55,423 spider_imc.py[line:98] INFO layer3 is being parsed, url is: http://www.imc-companies.com/TaeguTec/ttkCatalog/Family.aspx?fnum=563&mapp=ML&app=59&GFSTYP=M.
2017-05-24 16:08:01,342 spider_imc.py[line:98] INFO layer3 is being parsed, url is: http://www.imc-companies.com/TaeguTec/ttkCatalog/Family.aspx?fnum=567&mapp=ML&app=59&GFSTYP=M.
2017-05-24 16:08:07,160 spider_imc.py[line:98] INFO layer3 is being parsed, url is: http://www.imc-companies.com/TaeguTec/ttkCatalog/Family.aspx?fnum=576&mapp=ML&app=59&GFSTYP=M.
2017-05-24 16:08:11,107 spider_imc.py[line:98] INFO layer3 is being parsed, url is: http://www.imc-companies.com/TaeguTec/ttkCatalog/Family.aspx?fnum=577&mapp=ML&app=59&GFSTYP=M.
2017-05-24 16:08:15,023 spider_imc.py[line:98] INFO layer3 is being parsed, url is: http://www.imc-companies.com/TaeguTec/ttkCatalog/Family.aspx?fnum=579&mapp=ML&app=59&GFSTYP=M.
2017-05-24 16:08:20,954 spider_imc.py[line:98] INFO layer3 is being parsed, url is: http://www.imc-companies.com/TaeguTec/ttkCatalog/Family.aspx?fnum=598&mapp=ML&app=59&GFSTYP=M.
2017-05-24 16:08:26,414 spider_imc.py[line:98] INFO layer3 is being parsed, url is: http://www.imc-companies.com/TaeguTec/ttkCatalog/Family.aspx?fnum=602&mapp=ML&app=59&GFSTYP=M.
2017-05-24 16:08:30,698 spider_imc.py[line:98] INFO layer3 is being parsed, url is: http://www.imc-companies.com/TaeguTec/ttkCatalog/Family.aspx?fnum=604&mapp=ML&app=59&GFSTYP=M.
2017-05-24 16:08:36,240 spider_imc.py[line:98] INFO layer3 is being parsed, url is: http://www.imc-companies.com/TaeguTec/ttkCatalog/Family.aspx?fnum=613&mapp=ML&app=59&GFSTYP=M.
2017-05-24 16:08:40,997 spider_imc.py[line:98] INFO layer3 is being parsed, url is: http://www.imc-companies.com/TaeguTec/ttkCatalog/Family.aspx?fnum=615&mapp=ML&app=59&GFSTYP=M.
2017-05-24 16:08:46,786 spider_imc.py[line:98] INFO layer3 is being parsed, url is: http://www.imc-companies.com/TaeguTec/ttkCatalog/Family.aspx?fnum=719&mapp=ML&app=59&GFSTYP=M.
2017-05-24 16:08:50,358 spider_imc.py[line:98] INFO layer3 is being parsed, url is: http://www.imc-companies.com/TaeguTec/ttkCatalog/Family.aspx?fnum=722&mapp=ML&app=59&GFSTYP=M.
2017-05-24 16:08:55,339 spider_imc.py[line:98] INFO layer3 is being parsed, url is: http://www.imc-companies.com/TaeguTec/ttkCatalog/Family.aspx?fnum=723&mapp=ML&app=59&GFSTYP=M.
2017-05-24 16:09:00,223 spider_imc.py[line:98] INFO layer3 is being parsed, url is: http://www.imc-companies.com/TaeguTec/ttkCatalog/Family.aspx?fnum=724&mapp=ML&app=59&GFSTYP=M.
2017-05-24 16:09:05,404 spider_imc.py[line:98] INFO layer3 is being parsed, url is: http://www.imc-companies.com/TaeguTec/ttkCatalog/Family.aspx?fnum=725&mapp=ML&app=59&GFSTYP=M.
2017-05-24 16:09:11,082 spider_imc.py[line:98] INFO layer3 is being parsed, url is: http://www.imc-companies.com/TaeguTec/ttkCatalog/Family.aspx?fnum=726&mapp=ML&app=59&GFSTYP=M.
2017-05-24 16:09:18,305 spider_imc.py[line:98] INFO layer3 is being parsed, url is: http://www.imc-companies.com/TaeguTec/ttkCatalog/Family.aspx?fnum=730&mapp=ML&app=59&GFSTYP=M.
2017-05-24 16:09:21,631 spider_imc.py[line:98] INFO layer3 is being parsed, url is: http://www.imc-companies.com/TaeguTec/ttkCatalog/Family.aspx?fnum=731&mapp=ML&app=59&GFSTYP=M.
2017-05-24 16:09:27,279 spider_imc.py[line:98] INFO layer3 is being parsed, url is: http://www.imc-companies.com/TaeguTec/ttkCatalog/Family.aspx?fnum=732&mapp=ML&app=59&GFSTYP=M.
2017-05-24 16:09:30,882 spider_imc.py[line:98] INFO layer3 is being parsed, url is: http://www.imc-companies.com/TaeguTec/ttkCatalog/Family.aspx?fnum=733&mapp=ML&app=59&GFSTYP=M.
2017-05-24 16:09:33,753 spider_imc.py[line:98] INFO layer3 is being parsed, url is: http://www.imc-companies.com/TaeguTec/ttkCatalog/Family.aspx?fnum=734&mapp=ML&app=59&GFSTYP=M.
2017-05-24 16:09:38,153 spider_imc.py[line:98] INFO layer3 is being parsed, url is: http://www.imc-companies.com/TaeguTec/ttkCatalog/Family.aspx?fnum=735&mapp=ML&app=59&GFSTYP=M.
2017-05-24 16:09:41,351 spider_imc.py[line:98] INFO layer3 is being parsed, url is: http://www.imc-companies.com/TaeguTec/ttkCatalog/Family.aspx?fnum=736&mapp=ML&app=59&GFSTYP=M.
2017-05-24 16:09:45,111 spider_imc.py[line:98] INFO layer3 is being parsed, url is: http://www.imc-companies.com/TaeguTec/ttkCatalog/Family.aspx?fnum=737&mapp=ML&app=59&GFSTYP=M.
2017-05-24 16:09:50,072 spider_imc.py[line:98] INFO layer3 is being parsed, url is: http://www.imc-companies.com/TaeguTec/ttkCatalog/Family.aspx?fnum=738&mapp=ML&app=59&GFSTYP=M.
2017-05-24 16:09:55,082 spider_imc.py[line:98] INFO layer3 is being parsed, url is: http://www.imc-companies.com/TaeguTec/ttkCatalog/Family.aspx?fnum=770&mapp=ML&app=59&GFSTYP=M.
2017-05-24 16:09:59,921 spider_imc.py[line:98] INFO layer3 is being parsed, url is: http://www.imc-companies.com/TaeguTec/ttkCatalog/Family.aspx?fnum=771&mapp=ML&app=59&GFSTYP=M.
2017-05-24 16:10:05,476 spider_imc.py[line:98] INFO layer3 is being parsed, url is: http://www.imc-companies.com/TaeguTec/ttkCatalog/Family.aspx?fnum=772&mapp=ML&app=59&GFSTYP=M.
2017-05-24 16:10:11,200 spider_imc.py[line:98] INFO layer3 is being parsed, url is: http://www.imc-companies.com/TaeguTec/ttkCatalog/Family.aspx?fnum=773&mapp=ML&app=59&GFSTYP=M.
2017-05-24 16:10:15,490 spider_imc.py[line:98] INFO layer3 is being parsed, url is: http://www.imc-companies.com/TaeguTec/ttkCatalog/Family.aspx?fnum=777&mapp=ML&app=59&GFSTYP=M.
2017-05-24 16:10:21,078 spider_imc.py[line:98] INFO layer3 is being parsed, url is: http://www.imc-companies.com/TaeguTec/ttkCatalog/Family.aspx?fnum=778&mapp=ML&app=59&GFSTYP=M.
2017-05-24 16:10:26,974 spider_imc.py[line:98] INFO layer3 is being parsed, url is: http://www.imc-companies.com/TaeguTec/ttkCatalog/Family.aspx?fnum=780&mapp=ML&app=59&GFSTYP=M.
2017-05-24 16:10:32,579 spider_imc.py[line:98] INFO layer3 is being parsed, url is: http://www.imc-companies.com/TaeguTec/ttkCatalog/Family.aspx?fnum=782&mapp=ML&app=59&GFSTYP=M.
2017-05-24 16:10:37,229 spider_imc.py[line:98] INFO layer3 is being parsed, url is: http://www.imc-companies.com/TaeguTec/ttkCatalog/Family.aspx?fnum=783&mapp=ML&app=59&GFSTYP=M.
2017-05-24 16:10:41,535 spider_imc.py[line:98] INFO layer3 is being parsed, url is: http://www.imc-companies.com/TaeguTec/ttkCatalog/Family.aspx?fnum=784&mapp=ML&app=59&GFSTYP=M.
2017-05-24 16:10:45,966 spider_imc.py[line:98] INFO layer3 is being parsed, url is: http://www.imc-companies.com/TaeguTec/ttkCatalog/Family.aspx?fnum=785&mapp=ML&app=59&GFSTYP=M.
2017-05-24 16:10:51,036 spider_imc.py[line:98] INFO layer3 is being parsed, url is: http://www.imc-companies.com/TaeguTec/ttkCatalog/Family.aspx?fnum=789&mapp=ML&app=59&GFSTYP=M.
2017-05-24 16:10:55,171 spider_imc.py[line:98] INFO layer3 is being parsed, url is: http://www.imc-companies.com/TaeguTec/ttkCatalog/Family.aspx?fnum=791&mapp=ML&app=59&GFSTYP=M.
2017-05-24 16:10:59,341 spider_imc.py[line:98] INFO layer3 is being parsed, url is: http://www.imc-companies.com/TaeguTec/ttkCatalog/Family.aspx?fnum=793&mapp=ML&app=59&GFSTYP=M.
2017-05-24 16:11:04,492 spider_imc.py[line:98] INFO layer3 is being parsed, url is: http://www.imc-companies.com/TaeguTec/ttkCatalog/Family.aspx?fnum=794&mapp=ML&app=59&GFSTYP=M.
2017-05-24 16:11:09,828 spider_imc.py[line:98] INFO layer3 is being parsed, url is: http://www.imc-companies.com/TaeguTec/ttkCatalog/Family.aspx?fnum=795&mapp=ML&app=59&GFSTYP=M.
2017-05-24 16:11:14,928 spider_imc.py[line:98] INFO layer3 is being parsed, url is: http://www.imc-companies.com/TaeguTec/ttkCatalog/Family.aspx?fnum=800&mapp=ML&app=59&GFSTYP=M.
2017-05-24 16:11:19,157 spider_imc.py[line:98] INFO layer3 is being parsed, url is: http://www.imc-companies.com/TaeguTec/ttkCatalog/Family.aspx?fnum=802&mapp=ML&app=59&GFSTYP=M.
2017-05-24 16:11:23,230 spider_imc.py[line:98] INFO layer3 is being parsed, url is: http://www.imc-companies.com/TaeguTec/ttkCatalog/Family.aspx?fnum=895&mapp=ML&app=59&GFSTYP=M.
2017-05-24 16:11:27,255 spider_imc.py[line:98] INFO layer3 is being parsed, url is: http://www.imc-companies.com/TaeguTec/ttkCatalog/Family.aspx?fnum=903&mapp=ML&app=59&GFSTYP=M.
2017-05-24 16:11:29,582 spider_imc.py[line:98] INFO layer3 is being parsed, url is: http://www.imc-companies.com/TaeguTec/ttkCatalog/Family.aspx?fnum=905&mapp=ML&app=59&GFSTYP=M.
2017-05-24 16:11:35,433 spider_imc.py[line:98] INFO layer3 is being parsed, url is: http://www.imc-companies.com/TaeguTec/ttkCatalog/Family.aspx?fnum=929&mapp=ML&app=59&GFSTYP=M.
2017-05-24 16:11:40,361 spider_imc.py[line:98] INFO layer3 is being parsed, url is: http://www.imc-companies.com/TaeguTec/ttkCatalog/Family.aspx?fnum=935&mapp=ML&app=59&GFSTYP=M.
2017-05-24 16:11:43,279 spider_imc.py[line:98] INFO layer3 is being parsed, url is: http://www.imc-companies.com/TaeguTec/ttkCatalog/Family.aspx?fnum=938&mapp=ML&app=59&GFSTYP=M.
2017-05-24 16:11:48,473 spider_imc.py[line:98] INFO layer3 is being parsed, url is: http://www.imc-companies.com/TaeguTec/ttkCatalog/Family.aspx?fnum=947&mapp=ML&app=59&GFSTYP=M.
2017-05-24 16:11:53,812 spider_imc.py[line:98] INFO layer3 is being parsed, url is: http://www.imc-companies.com/TaeguTec/ttkCatalog/Family.aspx?fnum=949&mapp=ML&app=59&GFSTYP=M.
2017-05-24 16:11:58,631 spider_imc.py[line:98] INFO layer3 is being parsed, url is: http://www.imc-companies.com/TaeguTec/ttkCatalog/Family.aspx?fnum=951&mapp=ML&app=59&GFSTYP=M.
2017-05-24 16:12:04,710 spider_imc.py[line:98] INFO layer3 is being parsed, url is: http://www.imc-companies.com/TaeguTec/ttkCatalog/Family.aspx?fnum=953&mapp=ML&app=59&GFSTYP=M.
2017-05-24 16:12:10,026 spider_imc.py[line:98] INFO layer3 is being parsed, url is: http://www.imc-companies.com/TaeguTec/ttkCatalog/Family.aspx?fnum=955&mapp=ML&app=59&GFSTYP=M.
2017-05-24 16:12:15,688 spider_imc.py[line:98] INFO layer3 is being parsed, url is: http://www.imc-companies.com/TaeguTec/ttkCatalog/Family.aspx?fnum=957&mapp=ML&app=59&GFSTYP=M.
2017-05-24 16:12:21,571 spider_imc.py[line:98] INFO layer3 is being parsed, url is: http://www.imc-companies.com/TaeguTec/ttkCatalog/Family.aspx?fnum=959&mapp=ML&app=59&GFSTYP=M.
2017-05-24 16:12:26,075 spider_imc.py[line:98] INFO layer3 is being parsed, url is: http://www.imc-companies.com/TaeguTec/ttkCatalog/Family.aspx?fnum=960&mapp=ML&app=59&GFSTYP=M.
2017-05-24 16:12:28,493 spider_imc.py[line:98] INFO layer3 is being parsed, url is: http://www.imc-companies.com/TaeguTec/ttkCatalog/Family.aspx?fnum=962&mapp=ML&app=59&GFSTYP=M.
2017-05-24 16:12:32,276 spider_imc.py[line:98] INFO layer3 is being parsed, url is: http://www.imc-companies.com/TaeguTec/ttkCatalog/Family.aspx?fnum=963&mapp=ML&app=59&GFSTYP=M.
2017-05-24 16:12:38,688 spider_imc.py[line:98] INFO layer3 is being parsed, url is: http://www.imc-companies.com/TaeguTec/ttkCatalog/Family.aspx?fnum=964&mapp=ML&app=59&GFSTYP=M.
2017-05-24 16:12:42,917 spider_imc.py[line:98] INFO layer3 is being parsed, url is: http://www.imc-companies.com/TaeguTec/ttkCatalog/Family.aspx?fnum=967&mapp=ML&app=59&GFSTYP=M.
2017-05-24 16:12:48,440 spider_imc.py[line:98] INFO layer3 is being parsed, url is: http://www.imc-companies.com/TaeguTec/ttkCatalog/Family.aspx?fnum=1041&mapp=ML&app=59&GFSTYP=M.
2017-05-24 16:12:55,197 spider_imc.py[line:98] INFO layer3 is being parsed, url is: http://www.imc-companies.com/TaeguTec/ttkCatalog/Family.aspx?fnum=1075&mapp=ML&app=59&GFSTYP=M.
2017-05-24 16:12:58,832 spider_imc.py[line:98] INFO layer3 is being parsed, url is: http://www.imc-companies.com/TaeguTec/ttkCatalog/Family.aspx?fnum=1096&mapp=ML&app=59&GFSTYP=M.
2017-05-24 16:13:04,112 spider_imc.py[line:98] INFO layer3 is being parsed, url is: http://www.imc-companies.com/TaeguTec/ttkCatalog/Family.aspx?fnum=1107&mapp=ML&app=59&GFSTYP=M.
2017-05-24 16:13:10,128 spider_imc.py[line:98] INFO layer3 is being parsed, url is: http://www.imc-companies.com/TaeguTec/ttkCatalog/Family.aspx?fnum=1108&mapp=ML&app=59&GFSTYP=M.
2017-05-24 16:13:15,499 spider_imc.py[line:98] INFO layer3 is being parsed, url is: http://www.imc-companies.com/TaeguTec/ttkCatalog/Family.aspx?fnum=1150&mapp=ML&app=59&GFSTYP=M.
2017-05-24 16:13:19,766 spider_imc.py[line:98] INFO layer3 is being parsed, url is: http://www.imc-companies.com/TaeguTec/ttkCatalog/Family.aspx?fnum=1151&mapp=ML&app=59&GFSTYP=M.
2017-05-24 16:13:24,730 spider_imc.py[line:98] INFO layer3 is being parsed, url is: http://www.imc-companies.com/TaeguTec/ttkCatalog/Family.aspx?fnum=1168&mapp=ML&app=59&GFSTYP=M.
2017-05-24 16:13:30,043 spider_imc.py[line:98] INFO layer3 is being parsed, url is: http://www.imc-companies.com/TaeguTec/ttkCatalog/Family.aspx?fnum=1281&mapp=ML&app=59&GFSTYP=M.
2017-05-24 16:13:36,259 spider_imc.py[line:98] INFO layer3 is being parsed, url is: http://www.imc-companies.com/TaeguTec/ttkCatalog/Family.aspx?fnum=1285&mapp=ML&app=59&GFSTYP=M.
2017-05-24 16:13:40,119 spider_imc.py[line:98] INFO layer3 is being parsed, url is: http://www.imc-companies.com/TaeguTec/ttkCatalog/Family.aspx?fnum=1286&mapp=ML&app=59&GFSTYP=M.
2017-05-24 16:13:43,923 spider_imc.py[line:98] INFO layer3 is being parsed, url is: http://www.imc-companies.com/TaeguTec/ttkCatalog/Family.aspx?fnum=1287&mapp=ML&app=59&GFSTYP=M.
2017-05-24 16:13:49,134 spider_imc.py[line:98] INFO layer3 is being parsed, url is: http://www.imc-companies.com/TaeguTec/ttkCatalog/Family.aspx?fnum=1314&mapp=ML&app=59&GFSTYP=M.
2017-05-24 16:13:54,410 spider_imc.py[line:98] INFO layer3 is being parsed, url is: http://www.imc-companies.com/TaeguTec/ttkCatalog/Family.aspx?fnum=1328&mapp=ML&app=59&GFSTYP=M.
2017-05-24 16:13:59,617 spider_imc.py[line:98] INFO layer3 is being parsed, url is: http://www.imc-companies.com/TaeguTec/ttkCatalog/Family.aspx?fnum=1390&mapp=ML&app=59&GFSTYP=M.
2017-05-24 16:14:05,292 spider_imc.py[line:98] INFO layer3 is being parsed, url is: http://www.imc-companies.com/TaeguTec/ttkCatalog/Family.aspx?fnum=1391&mapp=ML&app=59&GFSTYP=M.
2017-05-24 16:14:10,299 spider_imc.py[line:98] INFO layer3 is being parsed, url is: http://www.imc-companies.com/TaeguTec/ttkCatalog/Family.aspx?fnum=1392&mapp=ML&app=59&GFSTYP=M.
2017-05-24 16:14:16,335 spider_imc.py[line:98] INFO layer3 is being parsed, url is: http://www.imc-companies.com/TaeguTec/ttkCatalog/Family.aspx?fnum=1501&mapp=ML&app=59&GFSTYP=M.
2017-05-24 16:14:21,907 spider_imc.py[line:98] INFO layer3 is being parsed, url is: http://www.imc-companies.com/TaeguTec/ttkCatalog/Family.aspx?fnum=1704&mapp=ML&app=59&GFSTYP=M.
2017-05-24 16:14:26,187 spider_imc.py[line:98] INFO layer3 is being parsed, url is: http://www.imc-companies.com/TaeguTec/ttkCatalog/Family.aspx?fnum=1705&mapp=ML&app=59&GFSTYP=M.
2017-05-24 16:14:30,092 spider_imc.py[line:98] INFO layer3 is being parsed, url is: http://www.imc-companies.com/TaeguTec/ttkCatalog/Family.aspx?fnum=1706&mapp=ML&app=59&GFSTYP=M.
2017-05-24 16:14:35,898 spider_imc.py[line:98] INFO layer3 is being parsed, url is: http://www.imc-companies.com/TaeguTec/ttkCatalog/Family.aspx?fnum=1708&mapp=ML&app=59&GFSTYP=M.
2017-05-24 16:14:41,661 spider_imc.py[line:98] INFO layer3 is being parsed, url is: http://www.imc-companies.com/TaeguTec/ttkCatalog/Family.aspx?fnum=1709&mapp=ML&app=59&GFSTYP=M.
2017-05-24 16:14:46,678 spider_imc.py[line:98] INFO layer3 is being parsed, url is: http://www.imc-companies.com/TaeguTec/ttkCatalog/Family.aspx?fnum=1722&mapp=ML&app=59&GFSTYP=M.
2017-05-24 16:14:50,461 spider_imc.py[line:98] INFO layer3 is being parsed, url is: http://www.imc-companies.com/TaeguTec/ttkCatalog/Family.aspx?fnum=1723&mapp=ML&app=59&GFSTYP=M.
2017-05-24 16:14:55,286 spider_imc.py[line:98] INFO layer3 is being parsed, url is: http://www.imc-companies.com/TaeguTec/ttkCatalog/Family.aspx?fnum=1724&mapp=ML&app=59&GFSTYP=M.
2017-05-24 16:14:59,923 spider_imc.py[line:98] INFO layer3 is being parsed, url is: http://www.imc-companies.com/TaeguTec/ttkCatalog/Family.aspx?fnum=1726&mapp=ML&app=59&GFSTYP=M.
2017-05-24 16:15:02,855 spider_imc.py[line:98] INFO layer3 is being parsed, url is: http://www.imc-companies.com/TaeguTec/ttkCatalog/Family.aspx?fnum=1727&mapp=ML&app=59&GFSTYP=M.
2017-05-24 16:15:08,881 spider_imc.py[line:98] INFO layer3 is being parsed, url is: http://www.imc-companies.com/TaeguTec/ttkCatalog/Family.aspx?fnum=1728&mapp=ML&app=59&GFSTYP=M.
2017-05-24 16:15:14,200 spider_imc.py[line:98] INFO layer3 is being parsed, url is: http://www.imc-companies.com/TaeguTec/ttkCatalog/Family.aspx?fnum=1745&mapp=ML&app=59&GFSTYP=M.
2017-05-24 16:15:20,299 spider_imc.py[line:98] INFO layer3 is being parsed, url is: http://www.imc-companies.com/TaeguTec/ttkCatalog/Family.aspx?fnum=1746&mapp=ML&app=59&GFSTYP=M.
2017-05-24 16:15:22,749 spider_imc.py[line:98] INFO layer3 is being parsed, url is: http://www.imc-companies.com/TaeguTec/ttkCatalog/Family.aspx?fnum=1747&mapp=ML&app=59&GFSTYP=M.
2017-05-24 16:15:28,459 spider_imc.py[line:98] INFO layer3 is being parsed, url is: http://www.imc-companies.com/TaeguTec/ttkCatalog/Family.aspx?fnum=1748&mapp=ML&app=59&GFSTYP=M.
2017-05-24 16:15:32,266 spider_imc.py[line:98] INFO layer3 is being parsed, url is: http://www.imc-companies.com/TaeguTec/ttkCatalog/Family.aspx?fnum=1752&mapp=ML&app=59&GFSTYP=M.
2017-05-24 16:15:37,513 spider_imc.py[line:98] INFO layer3 is being parsed, url is: http://www.imc-companies.com/TaeguTec/ttkCatalog/Family.aspx?fnum=1753&mapp=ML&app=59&GFSTYP=M.
2017-05-24 16:15:43,028 spider_imc.py[line:98] INFO layer3 is being parsed, url is: http://www.imc-companies.com/TaeguTec/ttkCatalog/Family.aspx?fnum=1754&mapp=ML&app=59&GFSTYP=M.
2017-05-24 16:15:47,642 spider_imc.py[line:98] INFO layer3 is being parsed, url is: http://www.imc-companies.com/TaeguTec/ttkCatalog/Family.aspx?fnum=1755&mapp=ML&app=59&GFSTYP=M.
2017-05-24 16:15:51,392 spider_imc.py[line:98] INFO layer3 is being parsed, url is: http://www.imc-companies.com/TaeguTec/ttkCatalog/Family.aspx?fnum=1756&mapp=ML&app=59&GFSTYP=M.
2017-05-24 16:15:55,309 spider_imc.py[line:98] INFO layer3 is being parsed, url is: http://www.imc-companies.com/TaeguTec/ttkCatalog/Family.aspx?fnum=1758&mapp=ML&app=59&GFSTYP=M.
2017-05-24 16:16:01,305 spider_imc.py[line:98] INFO layer3 is being parsed, url is: http://www.imc-companies.com/TaeguTec/ttkCatalog/Family.aspx?fnum=1759&mapp=ML&app=59&GFSTYP=M.
2017-05-24 16:16:06,493 spider_imc.py[line:98] INFO layer3 is being parsed, url is: http://www.imc-companies.com/TaeguTec/ttkCatalog/Family.aspx?fnum=1760&mapp=ML&app=59&GFSTYP=M.
2017-05-24 16:16:12,355 spider_imc.py[line:98] INFO layer3 is being parsed, url is: http://www.imc-companies.com/TaeguTec/ttkCatalog/Family.aspx?fnum=1789&mapp=ML&app=59&GFSTYP=M.
2017-05-24 16:16:16,641 spider_imc.py[line:98] INFO layer3 is being parsed, url is: http://www.imc-companies.com/TaeguTec/ttkCatalog/Family.aspx?fnum=1790&mapp=ML&app=59&GFSTYP=M.
2017-05-24 16:16:23,559 spider_imc.py[line:98] INFO layer3 is being parsed, url is: http://www.imc-companies.com/TaeguTec/ttkCatalog/Family.aspx?fnum=1843&mapp=ML&app=59&GFSTYP=M.
2017-05-24 16:16:29,456 spider_imc.py[line:98] INFO layer3 is being parsed, url is: http://www.imc-companies.com/TaeguTec/ttkCatalog/Family.aspx?fnum=1861&mapp=ML&app=59&GFSTYP=M.
2017-05-24 16:16:33,483 spider_imc.py[line:98] INFO layer3 is being parsed, url is: http://www.imc-companies.com/TaeguTec/ttkCatalog/Family.aspx?fnum=1862&mapp=ML&app=59&GFSTYP=M.
2017-05-24 16:16:36,615 spider_imc.py[line:98] INFO layer3 is being parsed, url is: http://www.imc-companies.com/TaeguTec/ttkCatalog/Family.aspx?fnum=1863&mapp=ML&app=59&GFSTYP=M.
2017-05-24 16:16:42,273 spider_imc.py[line:98] INFO layer3 is being parsed, url is: http://www.imc-companies.com/TaeguTec/ttkCatalog/Family.aspx?fnum=1865&mapp=ML&app=59&GFSTYP=M.
2017-05-24 16:16:47,417 spider_imc.py[line:98] INFO layer3 is being parsed, url is: http://www.imc-companies.com/TaeguTec/ttkCatalog/Family.aspx?fnum=1866&mapp=ML&app=59&GFSTYP=M.
2017-05-24 16:16:51,345 spider_imc.py[line:98] INFO layer3 is being parsed, url is: http://www.imc-companies.com/TaeguTec/ttkCatalog/Family.aspx?fnum=1867&mapp=ML&app=59&GFSTYP=M.
2017-05-24 16:16:57,096 spider_imc.py[line:98] INFO layer3 is being parsed, url is: http://www.imc-companies.com/TaeguTec/ttkCatalog/Family.aspx?fnum=1868&mapp=ML&app=59&GFSTYP=M.
2017-05-24 16:17:01,851 spider_imc.py[line:98] INFO layer3 is being parsed, url is: http://www.imc-companies.com/TaeguTec/ttkCatalog/Family.aspx?fnum=1869&mapp=ML&app=59&GFSTYP=M.
2017-05-24 16:17:06,582 spider_imc.py[line:98] INFO layer3 is being parsed, url is: http://www.imc-companies.com/TaeguTec/ttkCatalog/Family.aspx?fnum=1870&mapp=ML&app=59&GFSTYP=M.
2017-05-24 16:17:10,193 spider_imc.py[line:98] INFO layer3 is being parsed, url is: http://www.imc-companies.com/TaeguTec/ttkCatalog/Family.aspx?fnum=1871&mapp=ML&app=59&GFSTYP=M.
2017-05-24 16:17:17,578 spider_imc.py[line:98] INFO layer3 is being parsed, url is: http://www.imc-companies.com/TaeguTec/ttkCatalog/Family.aspx?fnum=1880&mapp=ML&app=59&GFSTYP=M.
2017-05-24 16:17:20,480 spider_imc.py[line:98] INFO layer3 is being parsed, url is: http://www.imc-companies.com/TaeguTec/ttkCatalog/Family.aspx?fnum=1881&mapp=ML&app=59&GFSTYP=M.
2017-05-24 16:17:25,648 spider_imc.py[line:98] INFO layer3 is being parsed, url is: http://www.imc-companies.com/TaeguTec/ttkCatalog/Family.aspx?fnum=1883&mapp=ML&app=59&GFSTYP=M.
2017-05-24 16:17:31,187 spider_imc.py[line:98] INFO layer3 is being parsed, url is: http://www.imc-companies.com/TaeguTec/ttkCatalog/Family.aspx?fnum=1884&mapp=ML&app=59&GFSTYP=M.
2017-05-24 16:17:34,479 spider_imc.py[line:98] INFO layer3 is being parsed, url is: http://www.imc-companies.com/TaeguTec/ttkCatalog/Family.aspx?fnum=1885&mapp=ML&app=59&GFSTYP=M.
2017-05-24 16:17:39,631 spider_imc.py[line:98] INFO layer3 is being parsed, url is: http://www.imc-companies.com/TaeguTec/ttkCatalog/Family.aspx?fnum=1906&mapp=ML&app=59&GFSTYP=M.
2017-05-24 16:17:45,086 spider_imc.py[line:98] INFO layer3 is being parsed, url is: http://www.imc-companies.com/TaeguTec/ttkCatalog/Family.aspx?fnum=1907&mapp=ML&app=59&GFSTYP=M.
2017-05-24 16:17:50,237 spider_imc.py[line:98] INFO layer3 is being parsed, url is: http://www.imc-companies.com/TaeguTec/ttkCatalog/Family.aspx?fnum=1913&mapp=ML&app=59&GFSTYP=M.
2017-05-24 16:17:55,197 spider_imc.py[line:98] INFO layer3 is being parsed, url is: http://www.imc-companies.com/TaeguTec/ttkCatalog/Family.aspx?fnum=1914&mapp=ML&app=59&GFSTYP=M.
2017-05-24 16:17:59,473 spider_imc.py[line:98] INFO layer3 is being parsed, url is: http://www.imc-companies.com/TaeguTec/ttkCatalog/Family.aspx?fnum=1915&mapp=ML&app=59&GFSTYP=M.
2017-05-24 16:18:04,377 spider_imc.py[line:98] INFO layer3 is being parsed, url is: http://www.imc-companies.com/TaeguTec/ttkCatalog/Family.aspx?fnum=1916&mapp=ML&app=59&GFSTYP=M.
2017-05-24 16:18:11,269 spider_imc.py[line:98] INFO layer3 is being parsed, url is: http://www.imc-companies.com/TaeguTec/ttkCatalog/Family.aspx?fnum=10096&mapp=ML&app=59&GFSTYP=M.
2017-05-24 16:18:15,809 spider_imc.py[line:98] INFO layer3 is being parsed, url is: http://www.imc-companies.com/TaeguTec/ttkCatalog/Family.aspx?fnum=10097&mapp=ML&app=59&GFSTYP=M.
2017-05-24 16:18:21,036 spider_imc.py[line:98] INFO layer3 is being parsed, url is: http://www.imc-companies.com/TaeguTec/ttkCatalog/Family.aspx?fnum=10098&mapp=ML&app=59&GFSTYP=M.
2017-05-24 16:18:25,982 spider_imc.py[line:98] INFO layer3 is being parsed, url is: http://www.imc-companies.com/TaeguTec/ttkCatalog/Family.aspx?fnum=10099&mapp=ML&app=59&GFSTYP=M.
2017-05-24 16:18:31,598 spider_imc.py[line:98] INFO layer3 is being parsed, url is: http://www.imc-companies.com/TaeguTec/ttkCatalog/Family.aspx?fnum=10100&mapp=ML&app=59&GFSTYP=M.
2017-05-24 16:18:36,967 spider_imc.py[line:98] INFO layer3 is being parsed, url is: http://www.imc-companies.com/TaeguTec/ttkCatalog/Family.aspx?fnum=10101&mapp=ML&app=59&GFSTYP=M.
2017-05-24 16:18:43,178 spider_imc.py[line:98] INFO layer3 is being parsed, url is: http://www.imc-companies.com/TaeguTec/ttkCatalog/Family.aspx?fnum=10102&mapp=ML&app=59&GFSTYP=M.
2017-05-24 16:18:47,868 spider_imc.py[line:98] INFO layer3 is being parsed, url is: http://www.imc-companies.com/TaeguTec/ttkCatalog/Family.aspx?fnum=10103&mapp=ML&app=59&GFSTYP=M.
2017-05-24 16:18:54,233 spider_imc.py[line:98] INFO layer3 is being parsed, url is: http://www.imc-companies.com/TaeguTec/ttkCatalog/Family.aspx?fnum=10104&mapp=ML&app=59&GFSTYP=M.
2017-05-24 16:19:00,769 spider_imc.py[line:98] INFO layer3 is being parsed, url is: http://www.imc-companies.com/TaeguTec/ttkCatalog/Family.aspx?fnum=10105&mapp=ML&app=59&GFSTYP=M.
2017-05-24 16:19:04,108 spider_imc.py[line:98] INFO layer3 is being parsed, url is: http://www.imc-companies.com/TaeguTec/ttkCatalog/Family.aspx?fnum=10106&mapp=ML&app=59&GFSTYP=M.
2017-05-24 16:19:07,526 spider_imc.py[line:98] INFO layer3 is being parsed, url is: http://www.imc-companies.com/TaeguTec/ttkCatalog/Family.aspx?fnum=10107&mapp=ML&app=59&GFSTYP=M.
2017-05-24 16:19:12,348 spider_imc.py[line:98] INFO layer3 is being parsed, url is: http://www.imc-companies.com/TaeguTec/ttkCatalog/Family.aspx?fnum=10120&mapp=ML&app=59&GFSTYP=M.
