2017-05-31 13:05:24,667 spiders.py[line:68] INFO Reading start URLs from redis key 'jnzm:start_urls' (batch size: 16, encoding: utf-8
2017-05-31 13:05:27,141 spiders.py[line:95] DEBUG Read 5 requests from 'jnzm:start_urls'
2017-05-31 13:05:27,601 spider_jnzm.py[line:55] INFO step into layer1, url is: http://www.jnzys.com/a/chanpinzhongxin/list_8_4.html.
2017-05-31 13:05:31,888 spider_jnzm.py[line:55] INFO step into layer1, url is: http://www.jnzys.com/a/chanpinzhongxin/list_8_1.html.
2017-05-31 13:05:37,437 spider_jnzm.py[line:55] INFO step into layer1, url is: http://www.jnzys.com/a/chanpinzhongxin/list_8_3.html.
2017-05-31 13:05:42,670 spider_jnzm.py[line:55] INFO step into layer1, url is: http://www.jnzys.com/a/chanpinzhongxin/list_8_5.html.
2017-05-31 13:05:48,023 spider_jnzm.py[line:55] INFO step into layer1, url is: http://www.jnzys.com/a/chanpinzhongxin/list_8_2.html.
2017-05-31 13:05:52,052 spider_jnzm.py[line:74] INFO step into layer1, url is: http://www.jnzys.com/a/chanpinzhongxin/tuiliqiuzhoucheng/55.html.
2017-05-31 13:05:56,986 spider_jnzm.py[line:74] INFO step into layer1, url is: http://www.jnzys.com/a/chanpinzhongxin/trwaiqiumianzhoucheng/47.html.
2017-05-31 13:06:01,786 spider_jnzm.py[line:74] INFO step into layer1, url is: http://www.jnzys.com/a/chanpinzhongxin/tuiliqiuzhoucheng/54.html.
2017-05-31 13:06:06,822 spider_jnzm.py[line:74] INFO step into layer1, url is: http://www.jnzys.com/a/chanpinzhongxin/trwaiqiumianzhoucheng/52.html.
2017-05-31 13:06:09,611 spider_jnzm.py[line:74] INFO step into layer1, url is: http://www.jnzys.com/a/chanpinzhongxin/zhouchengrunhuazhi/53.html.
2017-05-31 13:06:14,561 spider_jnzm.py[line:74] INFO step into layer1, url is: http://www.jnzys.com/a/chanpinzhongxin/trwaiqiumianzhoucheng/88.html.
2017-05-31 13:06:19,098 spider_jnzm.py[line:74] INFO step into layer1, url is: http://www.jnzys.com/a/chanpinzhongxin/shengouqiuzhoucheng/68.html.
2017-05-31 13:06:24,444 spider_jnzm.py[line:74] INFO step into layer1, url is: http://www.jnzys.com/a/chanpinzhongxin/shengouqiuzhoucheng/69.html.
2017-05-31 13:06:30,240 spider_jnzm.py[line:74] INFO step into layer1, url is: http://www.jnzys.com/a/chanpinzhongxin/yuanzhugunzizhoucheng/66.html.
2017-05-31 13:06:35,101 spider_jnzm.py[line:74] INFO step into layer1, url is: http://www.jnzys.com/a/chanpinzhongxin/shengouqiuzhoucheng/67.html.
2017-05-31 13:06:40,469 spider_jnzm.py[line:74] INFO step into layer1, url is: http://www.jnzys.com/a/chanpinzhongxin/jiaojiechuqiuzhoucheng/56.html.
2017-05-31 13:06:43,724 spider_jnzm.py[line:74] INFO step into layer1, url is: http://www.jnzys.com/a/chanpinzhongxin/jiaojiechuqiuzhoucheng/57.html.
2017-05-31 13:06:49,614 spider_jnzm.py[line:74] INFO step into layer1, url is: http://www.jnzys.com/a/chanpinzhongxin/tiaoxinqiuzhoucheng/58.html.
2017-05-31 13:06:54,471 spider_jnzm.py[line:74] INFO step into layer1, url is: http://www.jnzys.com/a/chanpinzhongxin/tiaoxingunzizhoucheng/59.html.
2017-05-31 13:06:59,944 spider_jnzm.py[line:74] INFO step into layer1, url is: http://www.jnzys.com/a/chanpinzhongxin/tiaoxingunzizhoucheng/60.html.
2017-05-31 13:07:05,812 spider_jnzm.py[line:74] INFO step into layer1, url is: http://www.jnzys.com/a/chanpinzhongxin/trwaiqiumianzhoucheng/48.html.
2017-05-31 13:07:10,414 spider_jnzm.py[line:74] INFO step into layer1, url is: http://www.jnzys.com/a/chanpinzhongxin/trwaiqiumianzhoucheng/49.html.
2017-05-31 13:07:14,849 spider_jnzm.py[line:74] INFO step into layer1, url is: http://www.jnzys.com/a/chanpinzhongxin/trwaiqiumianzhoucheng/50.html.
2017-05-31 13:07:17,832 spider_jnzm.py[line:74] INFO step into layer1, url is: http://www.jnzys.com/a/chanpinzhongxin/zhouchengjiareqi/51.html.
2017-05-31 13:07:21,759 spider_jnzm.py[line:74] INFO step into layer1, url is: http://www.jnzys.com/a/chanpinzhongxin/tiaoxingunzizhoucheng/61.html.
2017-05-31 13:07:25,523 spider_jnzm.py[line:74] INFO step into layer1, url is: http://www.jnzys.com/a/chanpinzhongxin/yuanzhuigunzizhoucheng/62.html.
2017-05-31 13:07:30,750 spider_jnzm.py[line:74] INFO step into layer1, url is: http://www.jnzys.com/a/chanpinzhongxin/yuanzhuigunzizhoucheng/63.html.
2017-05-31 13:07:35,858 spider_jnzm.py[line:74] INFO step into layer1, url is: http://www.jnzys.com/a/chanpinzhongxin/yuanzhuigunzizhoucheng/64.html.
2017-05-31 13:07:41,318 spider_jnzm.py[line:74] INFO step into layer1, url is: http://www.jnzys.com/a/chanpinzhongxin/yuanzhugunzizhoucheng/65.html.
