2017-05-29 17:50:06,138 spiders.py[line:68] INFO Reading start URLs from redis key 'knt:start_urls' (batch size: 16, encoding: utf-8
2017-05-29 17:50:08,950 spiders.py[line:95] DEBUG Read 2 requests from 'knt:start_urls'
2017-05-29 17:50:49,963 spiders.py[line:68] INFO Reading start URLs from redis key 'knt:start_urls' (batch size: 16, encoding: utf-8
2017-05-29 17:50:52,763 spiders.py[line:95] DEBUG Read 6 requests from 'knt:start_urls'
2017-05-29 17:50:54,480 spider_knt.py[line:60] INFO class url is: https://www.kennametal.com/zh/products/20478624/100050788.html.
2017-05-29 17:50:58,457 spider_knt.py[line:60] INFO class url is: https://www.kennametal.com/zh/products/20478624/47535256.html.
2017-05-29 17:51:04,229 spider_knt.py[line:60] INFO class url is: https://www.kennametal.com/zh/products/20478624/2664259.html.
2017-05-29 17:51:09,112 spider_knt.py[line:60] INFO class url is: https://www.kennametal.com/zh/products/20478624/62318451.html.
2017-05-29 17:51:13,878 spider_knt.py[line:60] INFO class url is: https://www.kennametal.com/zh/products/20478624/556249.html.
2017-05-29 17:51:18,569 spider_knt.py[line:60] INFO class url is: https://www.kennametal.com/zh/products/20478624/57493250.html.
2017-05-29 17:51:18,602 spiders.py[line:95] DEBUG Read 6 requests from 'knt:start_urls'
2017-05-29 17:51:22,657 spider_knt.py[line:60] INFO class url is: https://www.kennametal.com/zh/products/20478624/556249/3924453.html.
2017-05-29 17:51:27,772 spider_knt.py[line:60] INFO class url is: https://www.kennametal.com/zh/products/20478624/2664259/40856549.html.
2017-05-29 17:51:33,250 spider_knt.py[line:60] INFO class url is: https://www.kennametal.com/zh/products/20478624/57493250/1522849.html.
2017-05-29 17:51:37,641 spider_knt.py[line:60] INFO class url is: https://www.kennametal.com/zh/products/20478624/47535256/63745063.html.
2017-05-29 17:51:53,864 spider_knt.py[line:60] INFO class url is: https://www.kennametal.com/zh/products/20478624/62318451/56148232.html.
2017-05-29 17:51:58,348 spider_knt.py[line:60] INFO class url is: https://www.kennametal.com/zh/products/20478624/100050788/100049618.html.
2017-05-29 17:52:10,634 spider_knt.py[line:81] INFO detail is being parsed, url is: https://www.kennametal.com/zh/products/20478624/100050788/100049618.html.
2017-05-29 17:52:10,641 spider_knt.py[line:106] ERROR layer 2 failed: failed to write into item, url is:(https://www.kennametal.com/zh/products/20478624/100050788/100049618.html), error info is:(Traceback (most recent call last):
  File "C:\Users\timothy\Desktop\myproduct\product\spiders\spider_knt.py", line 96, in parse2
    level1 = levels[3] + ":" + levels[4]
IndexError: list index out of range
)
2017-05-29 17:52:10,657 spiders.py[line:95] DEBUG Read 5 requests from 'knt:start_urls'
2017-05-29 17:52:12,724 spider_knt.py[line:60] INFO class url is: https://www.kennametal.com/zh/products/20478624/556249/3924453/64633594.html.
2017-05-29 17:52:17,799 spider_knt.py[line:60] INFO class url is: https://www.kennametal.com/zh/products/20478624/2664259/40856549/40856554.html.
2017-05-29 17:52:21,970 spider_knt.py[line:60] INFO class url is: https://www.kennametal.com/zh/products/20478624/47535256/63745063/63745065.html.
2017-05-29 17:52:25,046 spider_knt.py[line:60] INFO class url is: https://www.kennametal.com/zh/products/20478624/57493250/1522849/100085230.html.
2017-05-29 17:52:31,013 spider_knt.py[line:60] INFO class url is: https://www.kennametal.com/zh/products/20478624/62318451/56148232/56148278.html.
2017-05-29 17:52:31,065 spiders.py[line:95] DEBUG Read 5 requests from 'knt:start_urls'
2017-05-29 17:52:40,907 spider_knt.py[line:60] INFO class url is: https://www.kennametal.com/zh/products/20478624/556249/3924453/64633594/100005224.html.
2017-05-29 17:52:41,171 spider_knt.py[line:60] INFO class url is: https://www.kennametal.com/zh/products/20478624/2664259/40856549/40856554/41339355.html.
2017-05-29 17:52:45,852 spider_knt.py[line:60] INFO class url is: https://www.kennametal.com/zh/products/20478624/47535256/63745063/63745065/63840303.html.
2017-05-29 17:52:50,948 spider_knt.py[line:60] INFO class url is: https://www.kennametal.com/zh/products/20478624/62318451/56148232/56148278/56148748.html.
2017-05-29 17:52:56,579 spider_knt.py[line:60] INFO class url is: https://www.kennametal.com/zh/products/20478624/57493250/1522849/100085230/100085231.html.
2017-05-29 17:53:04,571 spider_knt.py[line:81] INFO detail is being parsed, url is: https://www.kennametal.com/zh/products/20478624/556249/3924453/64633594/100005224.html.
2017-05-29 17:53:04,635 spider_knt.py[line:106] ERROR layer 2 failed: failed to write into item, url is:(https://www.kennametal.com/zh/products/20478624/556249/3924453/64633594/100005224.html), error info is:(Traceback (most recent call last):
  File "C:\Users\timothy\Desktop\myproduct\product\spiders\spider_knt.py", line 97, in parse2
    level2 = levels[5] + ":" + levels[6]
IndexError: list index out of range
)
2017-05-29 17:53:04,648 spiders.py[line:95] DEBUG Read 4 requests from 'knt:start_urls'
2017-05-29 17:53:06,677 spider_knt.py[line:60] INFO class url is: https://www.kennametal.com/zh/products/20478624/2664259/40856549/40856554/41339355/100016624.html.
2017-05-29 17:53:11,617 spider_knt.py[line:60] INFO class url is: https://www.kennametal.com/zh/products/20478624/47535256/63745063/63745065/63840303/63840318.html.
2017-05-29 17:53:26,115 spider_knt.py[line:60] INFO class url is: https://www.kennametal.com/zh/products/20478624/62318451/56148232/56148278/56148748/100003252.html.
2017-05-29 17:53:27,855 spider_knt.py[line:60] INFO class url is: https://www.kennametal.com/zh/products/20478624/57493250/1522849/100085230/100085231/100075165.html.
2017-05-29 17:53:30,836 spider_knt.py[line:81] INFO detail is being parsed, url is: https://www.kennametal.com/zh/products/20478624/2664259/40856549/40856554/41339355/100016624.html.
2017-05-29 17:53:36,388 spider_knt.py[line:81] INFO detail is being parsed, url is: https://www.kennametal.com/zh/products/20478624/62318451/56148232/56148278/56148748/100003252.html.
2017-05-29 17:53:41,986 spider_knt.py[line:81] INFO detail is being parsed, url is: https://www.kennametal.com/zh/products/20478624/57493250/1522849/100085230/100085231/100075165.html.
2017-05-29 17:53:42,009 spiders.py[line:95] DEBUG Read 1 requests from 'knt:start_urls'
2017-05-29 17:53:48,049 spider_knt.py[line:60] INFO class url is: https://www.kennametal.com/zh/products/20478624/47535256/63745063/63745065/63840303/63840318/55735598.html.
2017-05-29 17:53:48,088 spiders.py[line:95] DEBUG Read 1 requests from 'knt:start_urls'
2017-05-29 17:53:51,986 spider_knt.py[line:60] INFO class url is: https://www.kennametal.com/zh/products/20478624/47535256/63745063/63745065/63840303/63840318/55735598/100003623.html.
2017-05-29 17:53:58,096 spider_knt.py[line:81] INFO detail is being parsed, url is: https://www.kennametal.com/zh/products/20478624/47535256/63745063/63745065/63840303/63840318/55735598/100003623.html.
