2017-05-31 15:30:26,671 spiders.py[line:68] INFO Reading start URLs from redis key 'okuma:start_urls' (batch size: 16, encoding: utf-8
2017-05-31 15:30:28,095 __init__.py[line:47] DEBUG Resuming crawl (43 requests scheduled)
2017-05-31 15:30:28,622 spider_okuma.py[line:67] INFO step into layer1, url is: http://www.okuma.co.jp/chinese/product/ncig/index.html.
2017-05-31 15:30:38,453 spider_okuma.py[line:67] INFO step into layer1, url is: http://www.okuma.co.jp/chinese/product/ncig/index.html.
2017-05-31 15:30:41,275 spider_okuma.py[line:67] INFO step into layer1, url is: http://www.okuma.co.jp/chinese/product/hmc/index6.html.
2017-05-31 15:30:46,571 spider_okuma.py[line:67] INFO step into layer1, url is: http://www.okuma.co.jp/chinese/product/hmc/index4.html.
2017-05-31 15:30:50,786 spider_okuma.py[line:67] INFO step into layer1, url is: http://www.okuma.co.jp/chinese/onlyone/osp-suite/index.html.
2017-05-31 15:30:57,779 spider_okuma.py[line:67] INFO step into layer1, url is: http://www.okuma.co.jp/chinese/product/p2s/index2.html.
2017-05-31 15:31:00,720 spider_okuma.py[line:67] INFO step into layer1, url is: http://www.okuma.co.jp/chinese/product/vcl/index4.html.
2017-05-31 15:31:06,444 spider_okuma.py[line:67] INFO step into layer1, url is: http://www.okuma.co.jp/chinese/product/hmc/index5.html.
2017-05-31 15:31:11,790 spider_okuma.py[line:67] INFO step into layer1, url is: http://www.okuma.co.jp/chinese/product/hmc/index5.html.
2017-05-31 15:31:13,469 spider_okuma.py[line:67] INFO step into layer1, url is: http://www.okuma.co.jp/chinese/product/vmc/index.html.
2017-05-31 15:31:17,463 spider_okuma.py[line:67] INFO step into layer1, url is: http://www.okuma.co.jp/chinese/product/vmc/index.html.
2017-05-31 15:31:22,102 spider_okuma.py[line:67] INFO step into layer1, url is: http://www.okuma.co.jp/chinese/product/vmc/index.html.
2017-05-31 15:31:25,075 spider_okuma.py[line:67] INFO step into layer1, url is: http://www.okuma.co.jp/chinese/product/dcmc2/index.html.
2017-05-31 15:31:31,638 spider_okuma.py[line:67] INFO step into layer1, url is: http://www.okuma.co.jp/chinese/product/vmc/index.html.
2017-05-31 15:31:35,312 spider_okuma.py[line:67] INFO step into layer1, url is: http://www.okuma.co.jp/chinese/product/mm2/index.html.
2017-05-31 15:31:40,221 spider_okuma.py[line:67] INFO step into layer1, url is: http://www.okuma.co.jp/chinese/product/mm2/index3.html.
2017-05-31 15:31:47,451 spider_okuma.py[line:67] INFO step into layer1, url is: http://www.okuma.co.jp/chinese/product/mm2/index3.html.
2017-05-31 15:31:49,049 spider_okuma.py[line:67] INFO step into layer1, url is: http://www.okuma.co.jp/chinese/product/nccg/index2.html.
2017-05-31 15:31:53,868 spider_okuma.py[line:67] INFO step into layer1, url is: http://www.okuma.co.jp/chinese/product/2acl/index.html.
2017-05-31 15:32:01,977 spider_okuma.py[line:67] INFO step into layer1, url is: http://www.okuma.co.jp/chinese/product/2acl/index.html.
2017-05-31 15:32:04,131 spider_okuma.py[line:67] INFO step into layer1, url is: http://www.okuma.co.jp/chinese/product/2acl/index.html.
2017-05-31 15:32:09,305 spider_okuma.py[line:67] INFO step into layer1, url is: http://www.okuma.co.jp/chinese/product/2acl/index.html.
2017-05-31 15:32:12,697 spider_okuma.py[line:67] INFO step into layer1, url is: http://www.okuma.co.jp/chinese/product/mm/index2.html.
2017-05-31 15:32:19,058 spider_okuma.py[line:67] INFO step into layer1, url is: http://www.okuma.co.jp/chinese/product/mm2/index.html.
2017-05-31 15:32:24,190 spider_okuma.py[line:67] INFO step into layer1, url is: http://www.okuma.co.jp/chinese/product/mm/index3.html.
2017-05-31 15:32:26,819 spider_okuma.py[line:67] INFO step into layer1, url is: http://www.okuma.co.jp/chinese/product/mm/index3.html.
2017-05-31 15:32:33,503 spider_okuma.py[line:67] INFO step into layer1, url is: http://www.okuma.co.jp/chinese/product/vmc/index5.html.
2017-05-31 15:32:38,345 spider_okuma.py[line:67] INFO step into layer1, url is: http://www.okuma.co.jp/chinese/product/nccg/index.html.
2017-05-31 15:32:44,582 spiders.py[line:95] DEBUG Read 1 requests from 'okuma:start_urls'
2017-05-31 15:32:44,680 spider_okuma.py[line:67] INFO step into layer1, url is: http://www.okuma.co.jp/chinese/product/vmc/index5.html.
2017-05-31 15:32:47,964 spider_okuma.py[line:67] INFO step into layer1, url is: http://www.okuma.co.jp/chinese/product/hmc/index2.html.
2017-05-31 15:32:51,687 spider_okuma.py[line:67] INFO step into layer1, url is: http://www.okuma.co.jp/chinese/product/vmc/index2.html.
2017-05-31 15:32:55,464 spider_okuma.py[line:67] INFO step into layer1, url is: http://www.okuma.co.jp/chinese/product/hmc/index2.html.
2017-05-31 15:33:02,398 spider_okuma.py[line:67] INFO step into layer1, url is: http://www.okuma.co.jp/chinese/product/vmc/index3.html.
2017-05-31 15:33:06,282 spider_okuma.py[line:67] INFO step into layer1, url is: http://www.okuma.co.jp/chinese/product/vmc/index3.html.
2017-05-31 15:33:12,969 spider_okuma.py[line:67] INFO step into layer1, url is: http://www.okuma.co.jp/chinese/product/vmc/index3.html.
2017-05-31 15:33:15,891 spider_okuma.py[line:67] INFO step into layer1, url is: http://www.okuma.co.jp/chinese/product/vmc/index3.html.
2017-05-31 15:33:21,428 spider_okuma.py[line:67] INFO step into layer1, url is: http://www.okuma.co.jp/chinese/product/vmc/index3.html.
2017-05-31 15:33:26,599 spider_okuma.py[line:67] INFO step into layer1, url is: http://www.okuma.co.jp/chinese/product/mm/index.html.
2017-05-31 15:33:31,558 spider_okuma.py[line:67] INFO step into layer1, url is: http://www.okuma.co.jp/chinese/product/mm/index.html.
2017-05-31 15:33:36,721 spider_okuma.py[line:67] INFO step into layer1, url is: http://www.okuma.co.jp/chinese/product/nccg/index2.html.
2017-05-31 15:33:42,946 spider_okuma.py[line:67] INFO step into layer1, url is: http://www.okuma.co.jp/chinese/product/nccg/index2.html.
2017-05-31 15:33:46,532 spider_okuma.py[line:67] INFO step into layer1, url is: http://www.okuma.co.jp/chinese/product/vmc/index3.html.
2017-05-31 15:33:53,743 spider_okuma.py[line:67] INFO step into layer1, url is: http://www.okuma.co.jp/chinese/product/3dcam/index.html.
2017-05-31 15:33:54,546 spider_okuma.py[line:51] INFO step into layer1, url is: http://www.okuma.co.jp/chinese/product/.
2017-05-31 15:33:59,832 spider_okuma.py[line:67] INFO step into layer1, url is: http://www.okuma.co.jp/chinese/product/5avmc/index.html.
2017-05-31 15:34:07,017 spider_okuma.py[line:67] INFO step into layer1, url is: http://www.okuma.co.jp/chinese/product/5avmc/index.html.
2017-05-31 15:34:13,118 spider_okuma.py[line:67] INFO step into layer1, url is: http://www.okuma.co.jp/chinese/product/5avmc/index.html.
2017-05-31 15:34:15,829 spider_okuma.py[line:67] INFO step into layer1, url is: http://www.okuma.co.jp/chinese/product/5avmc/index.html.
2017-05-31 15:34:20,986 spider_okuma.py[line:67] INFO step into layer1, url is: http://www.okuma.co.jp/chinese/product/5avmc/index5.html.
2017-05-31 15:34:26,226 spider_okuma.py[line:67] INFO step into layer1, url is: http://www.okuma.co.jp/chinese/product/5avmc/index4.html.
2017-05-31 15:34:30,934 spider_okuma.py[line:67] INFO step into layer1, url is: http://www.okuma.co.jp/chinese/product/5avmc/index.html.
2017-05-31 15:34:36,858 spider_okuma.py[line:67] INFO step into layer1, url is: http://www.okuma.co.jp/chinese/product/mm/index3.html.
2017-05-31 15:34:39,867 spider_okuma.py[line:67] INFO step into layer1, url is: http://www.okuma.co.jp/chinese/product/mm/index3.html.
2017-05-31 15:34:45,236 spider_okuma.py[line:67] INFO step into layer1, url is: http://www.okuma.co.jp/chinese/product/5avmc/index2.html.
2017-05-31 15:34:50,198 spider_okuma.py[line:67] INFO step into layer1, url is: http://www.okuma.co.jp/chinese/product/mm/index4.html.
2017-05-31 15:34:54,671 spider_okuma.py[line:67] INFO step into layer1, url is: http://www.okuma.co.jp/chinese/product/mm/index4.html.
2017-05-31 15:34:58,933 spider_okuma.py[line:67] INFO step into layer1, url is: http://www.okuma.co.jp/chinese/product/mm/index4.html.
2017-05-31 15:35:03,351 spider_okuma.py[line:67] INFO step into layer1, url is: http://www.okuma.co.jp/chinese/product/5avmc/index2.html.
2017-05-31 15:35:10,355 spider_okuma.py[line:67] INFO step into layer1, url is: http://www.okuma.co.jp/chinese/product/mm/index.html.
2017-05-31 15:35:16,700 spider_okuma.py[line:67] INFO step into layer1, url is: http://www.okuma.co.jp/chinese/product/mm/index.html.
2017-05-31 15:35:22,391 spider_okuma.py[line:67] INFO step into layer1, url is: http://www.okuma.co.jp/chinese/product/vcl/index.html.
2017-05-31 15:35:25,546 spider_okuma.py[line:67] INFO step into layer1, url is: http://www.okuma.co.jp/chinese/product/2acl/index4.html.
2017-05-31 15:35:32,496 spider_okuma.py[line:67] INFO step into layer1, url is: http://www.okuma.co.jp/chinese/product/2acl/index2.html.
2017-05-31 15:35:35,844 spider_okuma.py[line:67] INFO step into layer1, url is: http://www.okuma.co.jp/chinese/product/2acl/index2.html.
2017-05-31 15:35:40,536 spider_okuma.py[line:67] INFO step into layer1, url is: http://www.okuma.co.jp/chinese/product/dcmc2/index.html.
2017-05-31 15:35:43,974 spider_okuma.py[line:67] INFO step into layer1, url is: http://www.okuma.co.jp/chinese/product/vcl/index3.html.
2017-05-31 15:35:47,601 spider_okuma.py[line:67] INFO step into layer1, url is: http://www.okuma.co.jp/chinese/product/vcl/index.html.
2017-05-31 15:35:51,589 spider_okuma.py[line:67] INFO step into layer1, url is: http://www.okuma.co.jp/chinese/product/awa/index.html.
2017-05-31 15:35:55,443 spider_okuma.py[line:67] INFO step into layer1, url is: http://www.okuma.co.jp/chinese/product/dcmc/index.html.
2017-05-31 15:36:02,403 spider_okuma.py[line:67] INFO step into layer1, url is: http://www.okuma.co.jp/chinese/product/vmc/index6.html.
2017-05-31 15:36:04,897 spider_okuma.py[line:67] INFO step into layer1, url is: http://www.okuma.co.jp/chinese/product/vcl/index4.html.
2017-05-31 15:36:11,345 spider_okuma.py[line:67] INFO step into layer1, url is: http://www.okuma.co.jp/chinese/product/vcl/index4.html.
2017-05-31 15:36:12,865 spider_okuma.py[line:67] INFO step into layer1, url is: http://www.okuma.co.jp/chinese/product/mm3/index.html.
2017-05-31 15:36:20,203 spider_okuma.py[line:67] INFO step into layer1, url is: http://www.okuma.co.jp/chinese/product/vcl/index2.html.
2017-05-31 15:36:22,127 spider_okuma.py[line:67] INFO step into layer1, url is: http://www.okuma.co.jp/chinese/product/awa/index.html.
2017-05-31 15:36:27,558 spider_okuma.py[line:67] INFO step into layer1, url is: http://www.okuma.co.jp/chinese/product/2acl/index3.html.
2017-05-31 15:36:33,009 spider_okuma.py[line:67] INFO step into layer1, url is: http://www.okuma.co.jp/chinese/product/2acl/index3.html.
2017-05-31 15:36:40,207 spider_okuma.py[line:67] INFO step into layer1, url is: http://www.okuma.co.jp/chinese/product/4acl/index2.html.
2017-05-31 15:36:43,766 spider_okuma.py[line:67] INFO step into layer1, url is: http://www.okuma.co.jp/chinese/product/4acl/index2.html.
2017-05-31 15:36:50,542 spider_okuma.py[line:67] INFO step into layer1, url is: http://www.okuma.co.jp/chinese/product/new/osp_vps/index.html.
2017-05-31 15:36:56,582 spider_okuma.py[line:67] INFO step into layer1, url is: http://www.okuma.co.jp/chinese/product/4acl/index5.html.
2017-05-31 15:36:59,369 spider_okuma.py[line:67] INFO step into layer1, url is: http://www.okuma.co.jp/chinese/product/mm3/index.html.
2017-05-31 15:37:04,588 spider_okuma.py[line:67] INFO step into layer1, url is: http://www.okuma.co.jp/chinese/product/mm3/index.html.
2017-05-31 15:37:09,947 spider_okuma.py[line:67] INFO step into layer1, url is: http://www.okuma.co.jp/chinese/product/p2s/index2.html.
2017-05-31 15:37:12,204 spider_okuma.py[line:67] INFO step into layer1, url is: http://www.okuma.co.jp/chinese/product/p2s/index.html.
2017-05-31 15:37:19,342 spider_okuma.py[line:67] INFO step into layer1, url is: http://www.okuma.co.jp/chinese/product/p2s/index.html.
2017-05-31 15:37:22,357 spider_okuma.py[line:67] INFO step into layer1, url is: http://www.okuma.co.jp/chinese/product/ncig/index.html.
2017-05-31 15:37:26,993 spider_okuma.py[line:67] INFO step into layer1, url is: http://www.okuma.co.jp/chinese/product/awa/index.html.
2017-05-31 15:37:32,099 spider_okuma.py[line:67] INFO step into layer1, url is: http://www.okuma.co.jp/chinese/product/mm4/index2.html.
2017-05-31 15:37:38,243 spider_okuma.py[line:67] INFO step into layer1, url is: http://www.okuma.co.jp/chinese/product/mm4/index2.html.
2017-05-31 15:37:40,753 spider_okuma.py[line:67] INFO step into layer1, url is: http://www.okuma.co.jp/chinese/product/4acl/index4.html.
2017-05-31 15:37:47,516 spider_okuma.py[line:67] INFO step into layer1, url is: http://www.okuma.co.jp/chinese/product/4acl/index3.html.
2017-05-31 15:37:50,911 spider_okuma.py[line:67] INFO step into layer1, url is: http://www.okuma.co.jp/chinese/product/4acl/index3.html.
2017-05-31 15:37:55,196 spider_okuma.py[line:67] INFO step into layer1, url is: http://www.okuma.co.jp/chinese/product/hmc/index.html.
2017-05-31 15:37:58,292 spider_okuma.py[line:67] INFO step into layer1, url is: http://www.okuma.co.jp/chinese/product/hmc/index4.html.
2017-05-31 15:38:05,174 spider_okuma.py[line:67] INFO step into layer1, url is: http://www.okuma.co.jp/chinese/product/hmc/index4.html.
2017-05-31 15:38:10,365 spider_okuma.py[line:67] INFO step into layer1, url is: http://www.okuma.co.jp/chinese/product/hmc/index4.html.
2017-05-31 15:38:15,394 spider_okuma.py[line:67] INFO step into layer1, url is: http://www.okuma.co.jp/chinese/product/dcmc2/index.html.
2017-05-31 15:38:19,503 spider_okuma.py[line:67] INFO step into layer1, url is: http://www.okuma.co.jp/chinese/product/dcmc/index.html.
2017-05-31 15:38:23,898 spider_okuma.py[line:67] INFO step into layer1, url is: http://www.okuma.co.jp/chinese/product/mm2/index2.html.
2017-05-31 15:38:28,822 spider_okuma.py[line:67] INFO step into layer1, url is: http://www.okuma.co.jp/chinese/product/mm3/index2.html.
2017-05-31 15:38:34,049 spider_okuma.py[line:67] INFO step into layer1, url is: http://www.okuma.co.jp/chinese/product/mm3/index2.html.
2017-05-31 15:38:38,141 spider_okuma.py[line:67] INFO step into layer1, url is: http://www.okuma.co.jp/chinese/ecosuite/index.html.
2017-05-31 15:38:44,796 spider_okuma.py[line:67] INFO step into layer1, url is: http://www.okuma.co.jp/chinese/product/ncig/index.html.
2017-05-31 15:38:50,990 spider_okuma.py[line:67] INFO step into layer1, url is: http://www.okuma.co.jp/chinese/product/ncig/index.html.
2017-05-31 15:38:53,979 spider_okuma.py[line:67] INFO step into layer1, url is: http://www.okuma.co.jp/chinese/product/hmc/index6.html.
2017-05-31 15:38:59,684 spider_okuma.py[line:67] INFO step into layer1, url is: http://www.okuma.co.jp/chinese/product/hmc/index4.html.
2017-05-31 15:39:03,012 spider_okuma.py[line:67] INFO step into layer1, url is: http://www.okuma.co.jp/chinese/onlyone/osp-suite/index.html.
2017-05-31 15:39:07,717 spider_okuma.py[line:67] INFO step into layer1, url is: http://www.okuma.co.jp/chinese/product/p2s/index2.html.
2017-05-31 15:39:11,793 spider_okuma.py[line:67] INFO step into layer1, url is: http://www.okuma.co.jp/chinese/product/vcl/index4.html.
2017-05-31 15:39:15,686 spider_okuma.py[line:67] INFO step into layer1, url is: http://www.okuma.co.jp/chinese/product/hmc/index5.html.
2017-05-31 15:39:22,798 spider_okuma.py[line:67] INFO step into layer1, url is: http://www.okuma.co.jp/chinese/product/hmc/index5.html.
2017-05-31 15:39:26,181 spider_okuma.py[line:67] INFO step into layer1, url is: http://www.okuma.co.jp/chinese/product/vmc/index.html.
2017-05-31 15:39:31,071 spider_okuma.py[line:67] INFO step into layer1, url is: http://www.okuma.co.jp/chinese/product/vmc/index.html.
2017-05-31 15:39:36,565 spider_okuma.py[line:67] INFO step into layer1, url is: http://www.okuma.co.jp/chinese/product/vmc/index.html.
2017-05-31 15:39:39,299 spider_okuma.py[line:67] INFO step into layer1, url is: http://www.okuma.co.jp/chinese/product/dcmc2/index.html.
2017-05-31 15:39:43,538 spider_okuma.py[line:67] INFO step into layer1, url is: http://www.okuma.co.jp/chinese/product/vmc/index.html.
2017-05-31 15:39:50,579 spider_okuma.py[line:67] INFO step into layer1, url is: http://www.okuma.co.jp/chinese/product/mm2/index.html.
2017-05-31 15:39:54,082 spider_okuma.py[line:67] INFO step into layer1, url is: http://www.okuma.co.jp/chinese/product/mm2/index3.html.
2017-05-31 15:39:58,667 spider_okuma.py[line:67] INFO step into layer1, url is: http://www.okuma.co.jp/chinese/product/mm2/index3.html.
2017-05-31 15:40:01,003 spider_okuma.py[line:67] INFO step into layer1, url is: http://www.okuma.co.jp/chinese/product/nccg/index2.html.
2017-05-31 15:40:08,111 spider_okuma.py[line:67] INFO step into layer1, url is: http://www.okuma.co.jp/chinese/product/2acl/index.html.
2017-05-31 15:40:10,845 spider_okuma.py[line:67] INFO step into layer1, url is: http://www.okuma.co.jp/chinese/product/2acl/index.html.
2017-05-31 15:40:16,444 spider_okuma.py[line:67] INFO step into layer1, url is: http://www.okuma.co.jp/chinese/product/2acl/index.html.
2017-05-31 15:40:22,029 spider_okuma.py[line:67] INFO step into layer1, url is: http://www.okuma.co.jp/chinese/product/2acl/index.html.
2017-05-31 15:40:24,641 spider_okuma.py[line:67] INFO step into layer1, url is: http://www.okuma.co.jp/chinese/product/mm/index2.html.
2017-05-31 15:40:31,329 spider_okuma.py[line:67] INFO step into layer1, url is: http://www.okuma.co.jp/chinese/product/mm2/index.html.
2017-05-31 15:40:35,138 spider_okuma.py[line:67] INFO step into layer1, url is: http://www.okuma.co.jp/chinese/product/vmc/index5.html.
2017-05-31 15:40:39,798 spider_okuma.py[line:67] INFO step into layer1, url is: http://www.okuma.co.jp/chinese/product/nccg/index.html.
2017-05-31 15:40:47,102 spider_okuma.py[line:67] INFO step into layer1, url is: http://www.okuma.co.jp/chinese/product/vmc/index5.html.
2017-05-31 15:40:52,895 spider_okuma.py[line:67] INFO step into layer1, url is: http://www.okuma.co.jp/chinese/product/hmc/index2.html.
2017-05-31 15:40:58,703 spider_okuma.py[line:67] INFO step into layer1, url is: http://www.okuma.co.jp/chinese/product/vmc/index2.html.
2017-05-31 15:41:04,285 spider_okuma.py[line:67] INFO step into layer1, url is: http://www.okuma.co.jp/chinese/product/hmc/index2.html.
2017-05-31 15:41:07,543 spider_okuma.py[line:67] INFO step into layer1, url is: http://www.okuma.co.jp/chinese/product/vmc/index3.html.
2017-05-31 15:41:13,994 spider_okuma.py[line:67] INFO step into layer1, url is: http://www.okuma.co.jp/chinese/product/vmc/index3.html.
2017-05-31 15:41:17,868 spider_okuma.py[line:67] INFO step into layer1, url is: http://www.okuma.co.jp/chinese/product/vmc/index3.html.
2017-05-31 15:41:23,328 spider_okuma.py[line:67] INFO step into layer1, url is: http://www.okuma.co.jp/chinese/product/vmc/index3.html.
2017-05-31 15:41:30,272 spider_okuma.py[line:67] INFO step into layer1, url is: http://www.okuma.co.jp/chinese/product/vmc/index3.html.
2017-05-31 15:41:36,125 spider_okuma.py[line:67] INFO step into layer1, url is: http://www.okuma.co.jp/chinese/product/mm/index.html.
2017-05-31 15:41:38,993 spider_okuma.py[line:67] INFO step into layer1, url is: http://www.okuma.co.jp/chinese/product/nccg/index2.html.
2017-05-31 15:41:44,687 spider_okuma.py[line:67] INFO step into layer1, url is: http://www.okuma.co.jp/chinese/product/nccg/index2.html.
2017-05-31 15:41:48,160 spider_okuma.py[line:67] INFO step into layer1, url is: http://www.okuma.co.jp/chinese/product/vmc/index3.html.
2017-05-31 15:41:55,005 spider_okuma.py[line:67] INFO step into layer1, url is: http://www.okuma.co.jp/chinese/product/3dcam/index.html.
