2017-05-31 15:23:57,974 spiders.py[line:68] INFO Reading start URLs from redis key 'okuma:start_urls' (batch size: 16, encoding: utf-8
2017-05-31 15:23:59,448 __init__.py[line:47] DEBUG Resuming crawl (31 requests scheduled)
2017-05-31 15:23:59,846 spider_okuma.py[line:67] INFO step into layer1, url is: http://www.okuma.co.jp/chinese/product/vmc/index.html.
2017-05-31 15:24:13,155 spider_okuma.py[line:67] INFO step into layer1, url is: http://www.okuma.co.jp/chinese/product/vmc/index.html.
2017-05-31 15:24:19,904 spider_okuma.py[line:67] INFO step into layer1, url is: http://www.okuma.co.jp/chinese/product/vmc/index.html.
2017-05-31 15:24:25,371 spider_okuma.py[line:67] INFO step into layer1, url is: http://www.okuma.co.jp/chinese/product/dcmc2/index.html.
2017-05-31 15:24:27,135 spider_okuma.py[line:67] INFO step into layer1, url is: http://www.okuma.co.jp/chinese/product/vmc/index.html.
2017-05-31 15:24:34,263 spider_okuma.py[line:67] INFO step into layer1, url is: http://www.okuma.co.jp/chinese/product/mm2/index.html.
2017-05-31 15:24:36,710 spider_okuma.py[line:67] INFO step into layer1, url is: http://www.okuma.co.jp/chinese/product/mm2/index3.html.
2017-05-31 15:24:42,690 spider_okuma.py[line:67] INFO step into layer1, url is: http://www.okuma.co.jp/chinese/product/mm2/index3.html.
2017-05-31 15:24:47,177 spider_okuma.py[line:67] INFO step into layer1, url is: http://www.okuma.co.jp/chinese/product/nccg/index2.html.
2017-05-31 15:24:53,542 spider_okuma.py[line:67] INFO step into layer1, url is: http://www.okuma.co.jp/chinese/product/2acl/index.html.
2017-05-31 15:24:59,319 spider_okuma.py[line:67] INFO step into layer1, url is: http://www.okuma.co.jp/chinese/product/2acl/index.html.
2017-05-31 15:25:03,789 spider_okuma.py[line:67] INFO step into layer1, url is: http://www.okuma.co.jp/chinese/product/2acl/index.html.
2017-05-31 15:25:10,473 spider_okuma.py[line:67] INFO step into layer1, url is: http://www.okuma.co.jp/chinese/product/2acl/index.html.
2017-05-31 15:25:13,039 spider_okuma.py[line:67] INFO step into layer1, url is: http://www.okuma.co.jp/chinese/product/mm2/index.html.
2017-05-31 15:25:18,947 spider_okuma.py[line:67] INFO step into layer1, url is: http://www.okuma.co.jp/chinese/product/vmc/index5.html.
2017-05-31 15:25:22,625 spider_okuma.py[line:67] INFO step into layer1, url is: http://www.okuma.co.jp/chinese/product/nccg/index.html.
2017-05-31 15:25:27,193 spiders.py[line:95] DEBUG Read 1 requests from 'okuma:start_urls'
2017-05-31 15:25:27,289 spider_okuma.py[line:67] INFO step into layer1, url is: http://www.okuma.co.jp/chinese/product/vmc/index5.html.
2017-05-31 15:25:33,108 spider_okuma.py[line:67] INFO step into layer1, url is: http://www.okuma.co.jp/chinese/product/hmc/index2.html.
2017-05-31 15:25:37,285 spider_okuma.py[line:67] INFO step into layer1, url is: http://www.okuma.co.jp/chinese/product/vmc/index2.html.
2017-05-31 15:25:41,305 spider_okuma.py[line:67] INFO step into layer1, url is: http://www.okuma.co.jp/chinese/product/hmc/index2.html.
2017-05-31 15:25:44,211 spider_okuma.py[line:67] INFO step into layer1, url is: http://www.okuma.co.jp/chinese/product/vmc/index3.html.
2017-05-31 15:25:50,733 spider_okuma.py[line:67] INFO step into layer1, url is: http://www.okuma.co.jp/chinese/product/vmc/index3.html.
2017-05-31 15:25:56,766 spider_okuma.py[line:67] INFO step into layer1, url is: http://www.okuma.co.jp/chinese/product/vmc/index3.html.
2017-05-31 15:26:02,674 spider_okuma.py[line:67] INFO step into layer1, url is: http://www.okuma.co.jp/chinese/product/vmc/index3.html.
2017-05-31 15:26:07,901 spider_okuma.py[line:67] INFO step into layer1, url is: http://www.okuma.co.jp/chinese/product/vmc/index3.html.
2017-05-31 15:26:09,513 spider_okuma.py[line:67] INFO step into layer1, url is: http://www.okuma.co.jp/chinese/product/mm/index.html.
2017-05-31 15:26:14,266 spider_okuma.py[line:67] INFO step into layer1, url is: http://www.okuma.co.jp/chinese/product/mm/index.html.
2017-05-31 15:26:20,354 spider_okuma.py[line:67] INFO step into layer1, url is: http://www.okuma.co.jp/chinese/product/nccg/index2.html.
2017-05-31 15:26:24,907 spider_okuma.py[line:67] INFO step into layer1, url is: http://www.okuma.co.jp/chinese/product/nccg/index2.html.
2017-05-31 15:26:31,375 spider_okuma.py[line:67] INFO step into layer1, url is: http://www.okuma.co.jp/chinese/product/vmc/index3.html.
2017-05-31 15:26:35,773 spider_okuma.py[line:67] INFO step into layer1, url is: http://www.okuma.co.jp/chinese/product/3dcam/index.html.
2017-05-31 15:26:38,148 spider_okuma.py[line:51] INFO step into layer1, url is: http://www.okuma.co.jp/chinese/product/.
2017-05-31 15:26:43,892 spider_okuma.py[line:67] INFO step into layer1, url is: http://www.okuma.co.jp/chinese/product/5avmc/index.html.
2017-05-31 15:26:49,051 spider_okuma.py[line:67] INFO step into layer1, url is: http://www.okuma.co.jp/chinese/product/5avmc/index.html.
2017-05-31 15:26:53,940 spider_okuma.py[line:67] INFO step into layer1, url is: http://www.okuma.co.jp/chinese/product/5avmc/index.html.
2017-05-31 15:26:59,497 spider_okuma.py[line:67] INFO step into layer1, url is: http://www.okuma.co.jp/chinese/product/5avmc/index.html.
2017-05-31 15:27:04,877 spider_okuma.py[line:67] INFO step into layer1, url is: http://www.okuma.co.jp/chinese/product/5avmc/index5.html.
2017-05-31 15:27:11,897 spider_okuma.py[line:67] INFO step into layer1, url is: http://www.okuma.co.jp/chinese/product/5avmc/index4.html.
2017-05-31 15:27:15,421 spider_okuma.py[line:67] INFO step into layer1, url is: http://www.okuma.co.jp/chinese/product/5avmc/index.html.
2017-05-31 15:27:20,280 spider_okuma.py[line:67] INFO step into layer1, url is: http://www.okuma.co.jp/chinese/product/5avmc/index2.html.
2017-05-31 15:27:25,756 spider_okuma.py[line:67] INFO step into layer1, url is: http://www.okuma.co.jp/chinese/product/mm/index4.html.
2017-05-31 15:27:28,686 spider_okuma.py[line:67] INFO step into layer1, url is: http://www.okuma.co.jp/chinese/product/mm/index4.html.
2017-05-31 15:27:34,263 spider_okuma.py[line:67] INFO step into layer1, url is: http://www.okuma.co.jp/chinese/product/mm/index4.html.
2017-05-31 15:27:40,595 spider_okuma.py[line:67] INFO step into layer1, url is: http://www.okuma.co.jp/chinese/product/5avmc/index2.html.
2017-05-31 15:27:45,035 spider_okuma.py[line:67] INFO step into layer1, url is: http://www.okuma.co.jp/chinese/product/mm/index.html.
2017-05-31 15:27:51,051 spider_okuma.py[line:67] INFO step into layer1, url is: http://www.okuma.co.jp/chinese/product/mm3/index.html.
2017-05-31 15:27:55,767 spider_okuma.py[line:67] INFO step into layer1, url is: http://www.okuma.co.jp/chinese/product/mm3/index.html.
2017-05-31 15:28:00,095 spider_okuma.py[line:67] INFO step into layer1, url is: http://www.okuma.co.jp/chinese/product/mm3/index.html.
2017-05-31 15:28:06,809 spider_okuma.py[line:67] INFO step into layer1, url is: http://www.okuma.co.jp/chinese/product/vcl/index.html.
2017-05-31 15:28:09,530 spider_okuma.py[line:67] INFO step into layer1, url is: http://www.okuma.co.jp/chinese/product/2acl/index4.html.
2017-05-31 15:28:15,517 spider_okuma.py[line:67] INFO step into layer1, url is: http://www.okuma.co.jp/chinese/product/2acl/index2.html.
2017-05-31 15:28:16,717 spider_okuma.py[line:67] INFO step into layer1, url is: http://www.okuma.co.jp/chinese/product/2acl/index2.html.
2017-05-31 15:28:23,200 spider_okuma.py[line:67] INFO step into layer1, url is: http://www.okuma.co.jp/chinese/product/dcmc2/index.html.
2017-05-31 15:28:27,006 spider_okuma.py[line:67] INFO step into layer1, url is: http://www.okuma.co.jp/chinese/product/vcl/index3.html.
2017-05-31 15:28:32,700 spider_okuma.py[line:67] INFO step into layer1, url is: http://www.okuma.co.jp/chinese/product/vcl/index.html.
2017-05-31 15:28:39,701 spider_okuma.py[line:67] INFO step into layer1, url is: http://www.okuma.co.jp/chinese/product/awa/index.html.
2017-05-31 15:28:42,273 spider_okuma.py[line:67] INFO step into layer1, url is: http://www.okuma.co.jp/chinese/product/dcmc/index.html.
2017-05-31 15:28:47,582 spider_okuma.py[line:67] INFO step into layer1, url is: http://www.okuma.co.jp/chinese/product/vmc/index6.html.
2017-05-31 15:28:53,921 spider_okuma.py[line:67] INFO step into layer1, url is: http://www.okuma.co.jp/chinese/product/vcl/index4.html.
2017-05-31 15:28:56,132 spider_okuma.py[line:67] INFO step into layer1, url is: http://www.okuma.co.jp/chinese/product/vcl/index4.html.
2017-05-31 15:29:02,325 spider_okuma.py[line:67] INFO step into layer1, url is: http://www.okuma.co.jp/chinese/product/vcl/index2.html.
2017-05-31 15:29:05,877 spider_okuma.py[line:67] INFO step into layer1, url is: http://www.okuma.co.jp/chinese/product/awa/index.html.
2017-05-31 15:29:09,874 spider_okuma.py[line:67] INFO step into layer1, url is: http://www.okuma.co.jp/chinese/product/2acl/index3.html.
2017-05-31 15:29:17,085 spider_okuma.py[line:67] INFO step into layer1, url is: http://www.okuma.co.jp/chinese/product/2acl/index3.html.
2017-05-31 15:29:23,484 spider_okuma.py[line:67] INFO step into layer1, url is: http://www.okuma.co.jp/chinese/product/4acl/index2.html.
2017-05-31 15:29:26,532 spider_okuma.py[line:67] INFO step into layer1, url is: http://www.okuma.co.jp/chinese/product/4acl/index2.html.
2017-05-31 15:29:32,542 spider_okuma.py[line:67] INFO step into layer1, url is: http://www.okuma.co.jp/chinese/product/new/osp_vps/index.html.
2017-05-31 15:29:40,224 spider_okuma.py[line:67] INFO step into layer1, url is: http://www.okuma.co.jp/chinese/product/4acl/index5.html.
2017-05-31 15:29:44,051 spider_okuma.py[line:67] INFO step into layer1, url is: http://www.okuma.co.jp/chinese/product/p2s/index2.html.
2017-05-31 15:29:47,381 spider_okuma.py[line:67] INFO step into layer1, url is: http://www.okuma.co.jp/chinese/product/p2s/index.html.
2017-05-31 15:29:53,358 spider_okuma.py[line:67] INFO step into layer1, url is: http://www.okuma.co.jp/chinese/product/p2s/index.html.
2017-05-31 15:29:57,775 spider_okuma.py[line:67] INFO step into layer1, url is: http://www.okuma.co.jp/chinese/product/ncig/index.html.
