2017-06-02 12:54:45,539 spiders.py[line:68] INFO Reading start URLs from redis key 'opple:start_urls' (batch size: 16, encoding: utf-8
2017-06-02 12:54:48,385 spiders.py[line:95] DEBUG Read 16 requests from 'opple:start_urls'
2017-06-02 12:54:48,494 spider_opple.py[line:60] INFO step into layer1, url is: http://www.opple.com.cn/product/index/13?type=diaoding.
2017-06-02 12:54:54,158 spider_opple.py[line:60] INFO step into layer1, url is: http://www.opple.com.cn/product/index/41?type=home&classid=1.
2017-06-02 12:54:58,618 spider_opple.py[line:60] INFO step into layer1, url is: http://www.opple.com.cn/product/index/5?type=home&classid=1.
2017-06-02 12:55:02,523 spider_opple.py[line:60] INFO step into layer1, url is: http://www.opple.com.cn/product/index/3?type=diaoding.
2017-06-02 12:55:05,700 spider_opple.py[line:60] INFO step into layer1, url is: http://www.opple.com.cn/product/index/43?type=home&classid=1.
2017-06-02 12:55:11,332 spider_opple.py[line:60] INFO step into layer1, url is: http://www.opple.com.cn/product/index/35?type=home&classid=1.
2017-06-02 12:55:16,405 spider_opple.py[line:60] INFO step into layer1, url is: http://www.opple.com.cn/product/index/17?type=home&classid=1.
2017-06-02 12:55:20,446 spider_opple.py[line:60] INFO step into layer1, url is: http://www.opple.com.cn/product/index/11?type=diaoding.
2017-06-02 12:55:25,101 spider_opple.py[line:60] INFO step into layer1, url is: http://www.opple.com.cn/product/index/12?type=home&classid=1.
2017-06-02 12:55:30,667 spider_opple.py[line:60] INFO step into layer1, url is: http://www.opple.com.cn/product/index/20?type=home&classid=1.
2017-06-02 12:55:33,243 spider_opple.py[line:60] INFO step into layer1, url is: http://www.opple.com.cn/product/index/7?type=diaoding.
2017-06-02 12:55:37,891 spider_opple.py[line:60] INFO step into layer1, url is: http://www.opple.com.cn/product/index/6?type=home&classid=1.
2017-06-02 12:55:42,782 spider_opple.py[line:60] INFO step into layer1, url is: http://www.opple.com.cn/product/index/6?type=diaoding.
2017-06-02 12:55:48,555 spider_opple.py[line:60] INFO step into layer1, url is: http://www.opple.com.cn/product/index/8?type=diaoding.
2017-06-02 12:55:53,200 spider_opple.py[line:60] INFO step into layer1, url is: http://www.opple.com.cn/product/index/10?type=commercial&classid=1.
2017-06-02 12:55:58,801 spider_opple.py[line:60] INFO step into layer1, url is: http://www.opple.com.cn/product/index/4?type=home&classid=1.
2017-06-02 12:56:02,586 spider_opple.py[line:77] INFO step into layer1, url is: http://www.opple.com.cn/product/d/1/305/?type=diaoding.
2017-06-02 12:56:07,677 spider_opple.py[line:77] INFO step into layer1, url is: http://www.opple.com.cn/product/d/1/91/?type=diaoding.
2017-06-02 12:56:11,994 spider_opple.py[line:77] INFO step into layer1, url is: http://www.opple.com.cn/product/d/1/197/?type=home.
2017-06-02 12:56:15,736 spider_opple.py[line:77] INFO step into layer1, url is: http://www.opple.com.cn/product/d/1/692/?type=home.
2017-06-02 12:56:20,628 spider_opple.py[line:77] INFO step into layer1, url is: http://www.opple.com.cn/product/d/1/697/?type=home.
2017-06-02 12:56:23,155 spider_opple.py[line:77] INFO step into layer1, url is: http://www.opple.com.cn/product/d/1/699/?type=home.
2017-06-02 12:56:28,957 spider_opple.py[line:77] INFO step into layer1, url is: http://www.opple.com.cn/product/d/1/701/?type=home.
2017-06-02 12:56:33,523 spider_opple.py[line:77] INFO step into layer1, url is: http://www.opple.com.cn/product/d/1/710/?type=home.
2017-06-02 12:56:38,469 spider_opple.py[line:77] INFO step into layer1, url is: http://www.opple.com.cn/product/d/1/807/?type=home.
2017-06-02 12:56:43,582 spider_opple.py[line:77] INFO step into layer1, url is: http://www.opple.com.cn/product/d/1/812/?type=home.
2017-06-02 12:56:47,825 spider_opple.py[line:77] INFO step into layer1, url is: http://www.opple.com.cn/product/d/1/845/?type=home.
2017-06-02 12:56:53,665 spider_opple.py[line:77] INFO step into layer1, url is: http://www.opple.com.cn/product/d/1/846/?type=home.
2017-06-02 12:56:57,213 spider_opple.py[line:77] INFO step into layer1, url is: http://www.opple.com.cn/product/d/1/847/?type=home.
2017-06-02 12:57:03,217 spider_opple.py[line:77] INFO step into layer1, url is: http://www.opple.com.cn/product/d/1/848/?type=home.
2017-06-02 12:57:08,539 spider_opple.py[line:77] INFO step into layer1, url is: http://www.opple.com.cn/product/d/1/849/?type=home.
2017-06-02 12:57:12,036 spider_opple.py[line:77] INFO step into layer1, url is: http://www.opple.com.cn/product/d/1/91/?type=diaoding.
2017-06-02 12:57:17,194 spider_opple.py[line:77] INFO step into layer1, url is: http://www.opple.com.cn/product/d/1/109/?type=commercial.
2017-06-02 12:57:22,888 spider_opple.py[line:77] INFO step into layer1, url is: http://www.opple.com.cn/product/d/1/110/?type=commercial.
2017-06-02 12:57:26,744 spider_opple.py[line:77] INFO step into layer1, url is: http://www.opple.com.cn/product/d/1/700/?type=home.
2017-06-02 12:57:30,604 spider_opple.py[line:77] INFO step into layer1, url is: http://www.opple.com.cn/product/d/1/703/?type=home.
2017-06-02 12:57:34,894 spider_opple.py[line:77] INFO step into layer1, url is: http://www.opple.com.cn/product/d/1/744/?type=home.
2017-06-02 12:57:39,058 spider_opple.py[line:77] INFO step into layer1, url is: http://www.opple.com.cn/product/d/1/747/?type=home.
2017-06-02 12:57:44,772 spider_opple.py[line:77] INFO step into layer1, url is: http://www.opple.com.cn/product/d/1/752/?type=home.
2017-06-02 12:57:49,569 spider_opple.py[line:77] INFO step into layer1, url is: http://www.opple.com.cn/product/d/1/753/?type=home.
2017-06-02 12:57:55,415 spider_opple.py[line:77] INFO step into layer1, url is: http://www.opple.com.cn/product/d/1/757/?type=home.
2017-06-02 12:58:00,516 spider_opple.py[line:77] INFO step into layer1, url is: http://www.opple.com.cn/product/d/1/765/?type=home.
2017-06-02 12:58:06,221 spider_opple.py[line:77] INFO step into layer1, url is: http://www.opple.com.cn/product/d/1/785/?type=home.
2017-06-02 12:58:11,687 spider_opple.py[line:77] INFO step into layer1, url is: http://www.opple.com.cn/product/d/1/792/?type=home.
2017-06-02 12:58:16,881 spider_opple.py[line:77] INFO step into layer1, url is: http://www.opple.com.cn/product/d/1/815/?type=home.
2017-06-02 12:58:22,638 spider_opple.py[line:77] INFO step into layer1, url is: http://www.opple.com.cn/product/d/1/836/?type=home.
2017-06-02 12:58:28,447 spider_opple.py[line:77] INFO step into layer1, url is: http://www.opple.com.cn/product/d/1/91/?type=diaoding.
2017-06-02 12:58:33,964 spider_opple.py[line:77] INFO step into layer1, url is: http://www.opple.com.cn/product/d/1/91/?type=diaoding.
2017-06-02 12:58:39,200 spider_opple.py[line:77] INFO step into layer1, url is: http://www.opple.com.cn/product/d/1/401/?type=home.
2017-06-02 12:58:44,911 spider_opple.py[line:77] INFO step into layer1, url is: http://www.opple.com.cn/product/d/1/408/?type=home.
2017-06-02 12:58:50,407 spider_opple.py[line:77] INFO step into layer1, url is: http://www.opple.com.cn/product/d/1/410/?type=home.
2017-06-02 12:58:53,244 spider_opple.py[line:77] INFO step into layer1, url is: http://www.opple.com.cn/product/d/1/413/?type=home.
2017-06-02 12:58:55,384 spider_opple.py[line:77] INFO step into layer1, url is: http://www.opple.com.cn/product/d/1/425/?type=home.
2017-06-02 12:59:00,150 spider_opple.py[line:77] INFO step into layer1, url is: http://www.opple.com.cn/product/d/1/452/?type=home.
2017-06-02 12:59:06,010 spider_opple.py[line:77] INFO step into layer1, url is: http://www.opple.com.cn/product/d/1/455/?type=home.
2017-06-02 12:59:08,780 spider_opple.py[line:77] INFO step into layer1, url is: http://www.opple.com.cn/product/d/1/462/?type=home.
2017-06-02 12:59:14,390 spider_opple.py[line:77] INFO step into layer1, url is: http://www.opple.com.cn/product/d/1/475/?type=home.
2017-06-02 12:59:19,654 spider_opple.py[line:77] INFO step into layer1, url is: http://www.opple.com.cn/product/d/1/643/?type=home.
2017-06-02 12:59:25,651 spider_opple.py[line:77] INFO step into layer1, url is: http://www.opple.com.cn/product/d/1/652/?type=home.
2017-06-02 12:59:30,038 spider_opple.py[line:77] INFO step into layer1, url is: http://www.opple.com.cn/product/d/1/656/?type=home.
2017-06-02 12:59:34,878 spider_opple.py[line:77] INFO step into layer1, url is: http://www.opple.com.cn/product/d/1/91/?type=diaoding.
2017-06-02 12:59:40,464 spider_opple.py[line:77] INFO step into layer1, url is: http://www.opple.com.cn/product/d/1/464/?type=home.
2017-06-02 12:59:46,269 spider_opple.py[line:77] INFO step into layer1, url is: http://www.opple.com.cn/product/d/1/646/?type=home.
2017-06-02 12:59:52,219 spider_opple.py[line:77] INFO step into layer1, url is: http://www.opple.com.cn/product/d/1/647/?type=home.
2017-06-02 12:59:57,637 spider_opple.py[line:77] INFO step into layer1, url is: http://www.opple.com.cn/product/d/1/648/?type=home.
2017-06-02 13:00:03,466 spider_opple.py[line:77] INFO step into layer1, url is: http://www.opple.com.cn/product/d/1/649/?type=home.
2017-06-02 13:00:06,933 spider_opple.py[line:77] INFO step into layer1, url is: http://www.opple.com.cn/product/d/1/650/?type=home.
2017-06-02 13:00:09,914 spider_opple.py[line:77] INFO step into layer1, url is: http://www.opple.com.cn/product/d/1/651/?type=home.
2017-06-02 13:00:15,088 spider_opple.py[line:77] INFO step into layer1, url is: http://www.opple.com.cn/product/d/1/653/?type=home.
2017-06-02 13:00:18,253 spider_opple.py[line:77] INFO step into layer1, url is: http://www.opple.com.cn/product/d/1/654/?type=home.
2017-06-02 13:00:22,170 spider_opple.py[line:77] INFO step into layer1, url is: http://www.opple.com.cn/product/d/1/655/?type=home.
2017-06-02 13:00:25,392 spider_opple.py[line:77] INFO step into layer1, url is: http://www.opple.com.cn/product/d/1/693/?type=home.
2017-06-02 13:00:30,979 spider_opple.py[line:77] INFO step into layer1, url is: http://www.opple.com.cn/product/d/1/695/?type=home.
2017-06-02 13:00:33,466 spider_opple.py[line:77] INFO step into layer1, url is: http://www.opple.com.cn/product/d/1/91/?type=diaoding.
2017-06-02 13:00:38,785 spider_opple.py[line:77] INFO step into layer1, url is: http://www.opple.com.cn/product/d/1/404/?type=home.
2017-06-02 13:00:44,434 spider_opple.py[line:77] INFO step into layer1, url is: http://www.opple.com.cn/product/d/1/407/?type=home.
2017-06-02 13:00:50,427 spider_opple.py[line:77] INFO step into layer1, url is: http://www.opple.com.cn/product/d/1/409/?type=home.
2017-06-02 13:00:56,273 spider_opple.py[line:77] INFO step into layer1, url is: http://www.opple.com.cn/product/d/1/412/?type=home.
2017-06-02 13:01:01,986 spider_opple.py[line:77] INFO step into layer1, url is: http://www.opple.com.cn/product/d/1/414/?type=home.
2017-06-02 13:01:05,996 spider_opple.py[line:77] INFO step into layer1, url is: http://www.opple.com.cn/product/d/1/423/?type=home.
2017-06-02 13:01:11,493 spider_opple.py[line:77] INFO step into layer1, url is: http://www.opple.com.cn/product/d/1/424/?type=home.
2017-06-02 13:01:15,453 spider_opple.py[line:77] INFO step into layer1, url is: http://www.opple.com.cn/product/d/1/426/?type=home.
2017-06-02 13:01:21,125 spider_opple.py[line:77] INFO step into layer1, url is: http://www.opple.com.cn/product/d/1/427/?type=home.
2017-06-02 13:01:24,098 spider_opple.py[line:77] INFO step into layer1, url is: http://www.opple.com.cn/product/d/1/428/?type=home.
2017-06-02 13:01:29,375 spider_opple.py[line:77] INFO step into layer1, url is: http://www.opple.com.cn/product/d/1/429/?type=home.
2017-06-02 13:01:34,282 spider_opple.py[line:77] INFO step into layer1, url is: http://www.opple.com.cn/product/d/1/637/?type=home.
2017-06-02 13:01:38,892 spider_opple.py[line:77] INFO step into layer1, url is: http://www.opple.com.cn/product/d/1/91/?type=diaoding.
2017-06-02 13:01:43,743 spider_opple.py[line:77] INFO step into layer1, url is: http://www.opple.com.cn/product/d/1/26/?type=home.
2017-06-02 13:01:48,957 spider_opple.py[line:77] INFO step into layer1, url is: http://www.opple.com.cn/product/d/1/64/?type=home.
2017-06-02 13:01:53,454 spider_opple.py[line:77] INFO step into layer1, url is: http://www.opple.com.cn/product/d/1/196/?type=home.
2017-06-02 13:01:58,217 spider_opple.py[line:77] INFO step into layer1, url is: http://www.opple.com.cn/product/d/1/198/?type=home.
2017-06-02 13:02:02,066 spider_opple.py[line:77] INFO step into layer1, url is: http://www.opple.com.cn/product/d/1/199/?type=home.
2017-06-02 13:02:07,493 spider_opple.py[line:77] INFO step into layer1, url is: http://www.opple.com.cn/product/d/1/557/?type=home.
2017-06-02 13:02:12,180 spider_opple.py[line:77] INFO step into layer1, url is: http://www.opple.com.cn/product/d/1/566/?type=home.
2017-06-02 13:02:17,427 spider_opple.py[line:77] INFO step into layer1, url is: http://www.opple.com.cn/product/d/1/576/?type=home.
2017-06-02 13:02:22,884 spider_opple.py[line:77] INFO step into layer1, url is: http://www.opple.com.cn/product/d/1/607/?type=home.
2017-06-02 13:02:26,000 spider_opple.py[line:77] INFO step into layer1, url is: http://www.opple.com.cn/product/d/1/608/?type=home.
2017-06-02 13:02:30,730 spider_opple.py[line:77] INFO step into layer1, url is: http://www.opple.com.cn/product/d/1/612/?type=home.
2017-06-02 13:02:35,822 spider_opple.py[line:77] INFO step into layer1, url is: http://www.opple.com.cn/product/d/1/613/?type=home.
2017-06-02 13:02:41,457 spider_opple.py[line:77] INFO step into layer1, url is: http://www.opple.com.cn/product/d/1/91/?type=diaoding.
2017-06-02 13:02:45,540 spider_opple.py[line:77] INFO step into layer1, url is: http://www.opple.com.cn/product/d/1/85/?type=home.
2017-06-02 13:02:49,694 spider_opple.py[line:77] INFO step into layer1, url is: http://www.opple.com.cn/product/d/1/210/?type=home.
2017-06-02 13:02:55,000 spider_opple.py[line:77] INFO step into layer1, url is: http://www.opple.com.cn/product/d/1/213/?type=home.
2017-06-02 13:03:00,953 spider_opple.py[line:77] INFO step into layer1, url is: http://www.opple.com.cn/product/d/1/219/?type=home.
2017-06-02 13:03:05,450 spider_opple.py[line:77] INFO step into layer1, url is: http://www.opple.com.cn/product/d/1/220/?type=home.
2017-06-02 13:03:08,368 spider_opple.py[line:77] INFO step into layer1, url is: http://www.opple.com.cn/product/d/1/221/?type=home.
2017-06-02 13:03:13,598 spider_opple.py[line:77] INFO step into layer1, url is: http://www.opple.com.cn/product/d/1/222/?type=home.
2017-06-02 13:03:18,336 spider_opple.py[line:77] INFO step into layer1, url is: http://www.opple.com.cn/product/d/1/223/?type=home.
2017-06-02 13:03:24,328 spider_opple.py[line:77] INFO step into layer1, url is: http://www.opple.com.cn/product/d/1/230/?type=home.
2017-06-02 13:03:29,497 spider_opple.py[line:77] INFO step into layer1, url is: http://www.opple.com.cn/product/d/1/232/?type=home.
2017-06-02 13:03:33,055 spider_opple.py[line:77] INFO step into layer1, url is: http://www.opple.com.cn/product/d/1/233/?type=home.
2017-06-02 13:03:38,720 spider_opple.py[line:77] INFO step into layer1, url is: http://www.opple.com.cn/product/d/1/234/?type=home.
2017-06-02 13:03:44,414 spider_opple.py[line:77] INFO step into layer1, url is: http://www.opple.com.cn/product/d/1/91/?type=diaoding.
2017-06-02 13:03:48,405 spider_opple.py[line:77] INFO step into layer1, url is: http://www.opple.com.cn/product/d/1/347/?type=home.
2017-06-02 13:03:53,862 spider_opple.py[line:77] INFO step into layer1, url is: http://www.opple.com.cn/product/d/1/355/?type=home.
2017-06-02 13:03:59,065 spider_opple.py[line:77] INFO step into layer1, url is: http://www.opple.com.cn/product/d/1/356/?type=home.
2017-06-02 13:04:04,296 spider_opple.py[line:77] INFO step into layer1, url is: http://www.opple.com.cn/product/d/1/768/?type=home.
2017-06-02 13:04:10,157 spider_opple.py[line:77] INFO step into layer1, url is: http://www.opple.com.cn/product/d/1/769/?type=home.
2017-06-02 13:04:15,687 spider_opple.py[line:77] INFO step into layer1, url is: http://www.opple.com.cn/product/d/1/770/?type=home.
2017-06-02 13:04:20,303 spider_opple.py[line:77] INFO step into layer1, url is: http://www.opple.com.cn/product/d/1/772/?type=home.
2017-06-02 13:04:25,394 spider_opple.py[line:77] INFO step into layer1, url is: http://www.opple.com.cn/product/d/1/774/?type=home.
2017-06-02 13:04:30,526 spider_opple.py[line:77] INFO step into layer1, url is: http://www.opple.com.cn/product/d/1/775/?type=home.
2017-06-02 13:04:36,117 spider_opple.py[line:77] INFO step into layer1, url is: http://www.opple.com.cn/product/d/1/776/?type=home.
2017-06-02 13:04:41,846 spider_opple.py[line:77] INFO step into layer1, url is: http://www.opple.com.cn/product/d/1/777/?type=home.
2017-06-02 13:04:47,770 spider_opple.py[line:77] INFO step into layer1, url is: http://www.opple.com.cn/product/d/1/91/?type=diaoding.
2017-06-02 13:04:51,969 spider_opple.py[line:77] INFO step into layer1, url is: http://www.opple.com.cn/product/d/1/793/?type=home.
2017-06-02 13:04:57,444 spider_opple.py[line:77] INFO step into layer1, url is: http://www.opple.com.cn/product/d/1/795/?type=home.
2017-06-02 13:05:01,085 spider_opple.py[line:77] INFO step into layer1, url is: http://www.opple.com.cn/product/d/1/796/?type=home.
2017-06-02 13:05:03,776 spider_opple.py[line:77] INFO step into layer1, url is: http://www.opple.com.cn/product/d/1/797/?type=home.
2017-06-02 13:05:09,517 spider_opple.py[line:77] INFO step into layer1, url is: http://www.opple.com.cn/product/d/1/798/?type=home.
2017-06-02 13:05:15,328 spider_opple.py[line:77] INFO step into layer1, url is: http://www.opple.com.cn/product/d/1/799/?type=home.
2017-06-02 13:05:20,615 spider_opple.py[line:77] INFO step into layer1, url is: http://www.opple.com.cn/product/d/1/801/?type=home.
2017-06-02 13:05:25,377 spider_opple.py[line:77] INFO step into layer1, url is: http://www.opple.com.cn/product/d/1/802/?type=home.
2017-06-02 13:05:28,150 spider_opple.py[line:77] INFO step into layer1, url is: http://www.opple.com.cn/product/d/1/803/?type=home.
2017-06-02 13:05:33,855 spider_opple.py[line:77] INFO step into layer1, url is: http://www.opple.com.cn/product/d/1/804/?type=home.
2017-06-02 13:05:37,944 spider_opple.py[line:77] INFO step into layer1, url is: http://www.opple.com.cn/product/d/1/805/?type=home.
2017-06-02 13:05:42,716 spider_opple.py[line:77] INFO step into layer1, url is: http://www.opple.com.cn/product/d/1/806/?type=home.
2017-06-02 13:05:46,825 spider_opple.py[line:77] INFO step into layer1, url is: http://www.opple.com.cn/product/d/1/91/?type=diaoding.
2017-06-02 13:05:49,719 spider_opple.py[line:77] INFO step into layer1, url is: http://www.opple.com.cn/product/d/1/86/?type=diaoding.
2017-06-02 13:05:54,563 spider_opple.py[line:77] INFO step into layer1, url is: http://www.opple.com.cn/product/d/1/87/?type=diaoding.
2017-06-02 13:05:58,434 spider_opple.py[line:77] INFO step into layer1, url is: http://www.opple.com.cn/product/d/1/88/?type=diaoding.
2017-06-02 13:06:04,092 spider_opple.py[line:77] INFO step into layer1, url is: http://www.opple.com.cn/product/d/1/89/?type=diaoding.
2017-06-02 13:06:09,265 spider_opple.py[line:77] INFO step into layer1, url is: http://www.opple.com.cn/product/d/1/91/?type=diaoding.
2017-06-02 13:06:13,585 spider_opple.py[line:77] INFO step into layer1, url is: http://www.opple.com.cn/product/d/1/93/?type=diaoding.
2017-06-02 13:06:19,345 spider_opple.py[line:77] INFO step into layer1, url is: http://www.opple.com.cn/product/d/1/232/?type=diaoding.
2017-06-02 13:06:25,197 spider_opple.py[line:77] INFO step into layer1, url is: http://www.opple.com.cn/product/d/1/234/?type=diaoding.
2017-06-02 13:06:28,786 spider_opple.py[line:77] INFO step into layer1, url is: http://www.opple.com.cn/product/d/1/236/?type=diaoding.
2017-06-02 13:06:33,453 spider_opple.py[line:77] INFO step into layer1, url is: http://www.opple.com.cn/product/d/1/237/?type=diaoding.
2017-06-02 13:06:38,372 spider_opple.py[line:77] INFO step into layer1, url is: http://www.opple.com.cn/product/d/1/238/?type=diaoding.
2017-06-02 13:06:42,266 spider_opple.py[line:77] INFO step into layer1, url is: http://www.opple.com.cn/product/d/1/239/?type=diaoding.
2017-06-02 13:06:48,270 spider_opple.py[line:77] INFO step into layer1, url is: http://www.opple.com.cn/product/d/1/91/?type=diaoding.
2017-06-02 13:06:53,428 spider_opple.py[line:77] INFO step into layer1, url is: http://www.opple.com.cn/product/d/1/132/?type=diaoding.
2017-06-02 13:06:58,513 spider_opple.py[line:77] INFO step into layer1, url is: http://www.opple.com.cn/product/d/1/133/?type=diaoding.
2017-06-02 13:07:03,960 spider_opple.py[line:77] INFO step into layer1, url is: http://www.opple.com.cn/product/d/1/191/?type=diaoding.
2017-06-02 13:07:09,407 spider_opple.py[line:77] INFO step into layer1, url is: http://www.opple.com.cn/product/d/1/192/?type=diaoding.
2017-06-02 13:07:14,493 spider_opple.py[line:77] INFO step into layer1, url is: http://www.opple.com.cn/product/d/1/193/?type=diaoding.
2017-06-02 13:07:19,424 spider_opple.py[line:77] INFO step into layer1, url is: http://www.opple.com.cn/product/d/1/194/?type=diaoding.
2017-06-02 13:07:25,003 spider_opple.py[line:77] INFO step into layer1, url is: http://www.opple.com.cn/product/d/1/195/?type=diaoding.
2017-06-02 13:07:30,092 spider_opple.py[line:77] INFO step into layer1, url is: http://www.opple.com.cn/product/d/1/196/?type=diaoding.
2017-06-02 13:07:33,798 spider_opple.py[line:77] INFO step into layer1, url is: http://www.opple.com.cn/product/d/1/197/?type=diaoding.
2017-06-02 13:07:39,196 spider_opple.py[line:77] INFO step into layer1, url is: http://www.opple.com.cn/product/d/1/198/?type=diaoding.
2017-06-02 13:07:44,789 spider_opple.py[line:77] INFO step into layer1, url is: http://www.opple.com.cn/product/d/1/199/?type=diaoding.
2017-06-02 13:07:50,753 spider_opple.py[line:77] INFO step into layer1, url is: http://www.opple.com.cn/product/d/1/200/?type=diaoding.
2017-06-02 13:07:56,515 spider_opple.py[line:77] INFO step into layer1, url is: http://www.opple.com.cn/product/d/1/91/?type=diaoding.
2017-06-02 13:08:01,500 spider_opple.py[line:77] INFO step into layer1, url is: http://www.opple.com.cn/product/d/1/117/?type=diaoding.
2017-06-02 13:08:07,190 spider_opple.py[line:77] INFO step into layer1, url is: http://www.opple.com.cn/product/d/1/118/?type=diaoding.
2017-06-02 13:08:11,063 spider_opple.py[line:77] INFO step into layer1, url is: http://www.opple.com.cn/product/d/1/119/?type=diaoding.
2017-06-02 13:08:16,375 spider_opple.py[line:77] INFO step into layer1, url is: http://www.opple.com.cn/product/d/1/121/?type=diaoding.
2017-06-02 13:08:22,247 spider_opple.py[line:77] INFO step into layer1, url is: http://www.opple.com.cn/product/d/1/122/?type=diaoding.
2017-06-02 13:08:27,234 spider_opple.py[line:77] INFO step into layer1, url is: http://www.opple.com.cn/product/d/1/123/?type=diaoding.
2017-06-02 13:08:33,095 spider_opple.py[line:77] INFO step into layer1, url is: http://www.opple.com.cn/product/d/1/125/?type=diaoding.
2017-06-02 13:08:38,094 spider_opple.py[line:77] INFO step into layer1, url is: http://www.opple.com.cn/product/d/1/126/?type=diaoding.
2017-06-02 13:08:43,441 spider_opple.py[line:77] INFO step into layer1, url is: http://www.opple.com.cn/product/d/1/127/?type=diaoding.
2017-06-02 13:08:47,210 spider_opple.py[line:77] INFO step into layer1, url is: http://www.opple.com.cn/product/d/1/128/?type=diaoding.
2017-06-02 13:08:51,069 spider_opple.py[line:77] INFO step into layer1, url is: http://www.opple.com.cn/product/d/1/129/?type=diaoding.
2017-06-02 13:08:56,377 spider_opple.py[line:77] INFO step into layer1, url is: http://www.opple.com.cn/product/d/1/130/?type=diaoding.
2017-06-02 13:09:00,845 spider_opple.py[line:77] INFO step into layer1, url is: http://www.opple.com.cn/product/d/1/91/?type=diaoding.
