2017-05-31 16:07:51,937 spiders.py[line:68] INFO Reading start URLs from redis key 'sodick:start_urls' (batch size: 16, encoding: utf-8
2017-05-31 16:07:53,484 __init__.py[line:47] DEBUG Resuming crawl (5 requests scheduled)
2017-05-31 16:07:54,526 spiders.py[line:95] DEBUG Read 1 requests from 'sodick:start_urls'
2017-05-31 16:08:01,506 spider_sodick.py[line:70] INFO step into layer1, url is: http://www.sodick.co.jp/cn/product/tool/machining/uh430l_ln4x.html.
2017-05-31 16:08:28,701 spider_sodick.py[line:70] INFO step into layer1, url is: http://www.sodick.co.jp/cn/product/tool/metal_3d_printer/index.html.
2017-05-31 16:08:33,273 spider_sodick.py[line:70] INFO step into layer1, url is: http://www.sodick.co.jp/cn/product/tool/metal_3d_printer/opm250l.html.
2017-05-31 16:08:44,408 spider_sodick.py[line:70] INFO step into layer1, url is: http://www.sodick.co.jp/cn/product/tool/cad/loran.html.
2017-05-31 16:08:46,690 spider_sodick.py[line:55] INFO step into layer1, url is: http://www.sodick.co.jp/cn/product/tool/.
2017-05-31 16:08:55,256 spider_sodick.py[line:70] INFO step into layer1, url is: http://www.sodick.co.jp/cn/product/tool/beam/index.html.
2017-05-31 16:09:00,019 spider_sodick.py[line:70] INFO step into layer1, url is: http://www.sodick.co.jp/cn/product/tool/dedm/ap1l.html.
2017-05-31 16:09:05,783 spider_sodick.py[line:70] INFO step into layer1, url is: http://www.sodick.co.jp/cn/product/tool/dedm/ap3l.html.
2017-05-31 16:09:13,088 spider_sodick.py[line:70] INFO step into layer1, url is: http://www.sodick.co.jp/cn/product/tool/dedm/ag40lp.html.
2017-05-31 16:09:19,805 spider_sodick.py[line:70] INFO step into layer1, url is: http://www.sodick.co.jp/cn/product/tool/dedm/ag40l_ag60l.html.
2017-05-31 16:09:25,563 spider_sodick.py[line:70] INFO step into layer1, url is: http://www.sodick.co.jp/cn/product/tool/dedm/aq15l_aq20l.html.
2017-05-31 16:09:33,635 spider_sodick.py[line:70] INFO step into layer1, url is: http://www.sodick.co.jp/cn/product/tool/dedm/ag80l_ag100l.html.
2017-05-31 16:09:35,571 spider_sodick.py[line:70] INFO step into layer1, url is: http://www.sodick.co.jp/cn/product/tool/wedm/ag360l.html.
2017-05-31 16:09:41,921 spider_sodick.py[line:70] INFO step into layer1, url is: http://www.sodick.co.jp/cn/product/tool/wedm/al400g_al600g.html.
2017-05-31 16:09:44,716 spider_sodick.py[line:70] INFO step into layer1, url is: http://www.sodick.co.jp/cn/product/tool/wedm/al400p_al600p.html.
2017-05-31 16:09:53,151 spider_sodick.py[line:70] INFO step into layer1, url is: http://www.sodick.co.jp/cn/product/tool/wedm/aq750l_aq900l.html.
2017-05-31 16:09:56,378 spider_sodick.py[line:70] INFO step into layer1, url is: http://www.sodick.co.jp/cn/product/tool/wedm/vl400q_vl600q.html.
2017-05-31 16:10:03,453 spider_sodick.py[line:70] INFO step into layer1, url is: http://www.sodick.co.jp/cn/product/tool/wedm/aln400g_aln600g.html.
2017-05-31 16:10:07,312 spider_sodick.py[line:70] INFO step into layer1, url is: http://www.sodick.co.jp/cn/product/tool/wedm/aln400q_aln600q.html.
2017-05-31 16:10:12,355 spider_sodick.py[line:70] INFO step into layer1, url is: http://www.sodick.co.jp/cn/product/tool/wedm/aq1200l_aq1500l.html.
2017-05-31 16:10:17,487 spider_sodick.py[line:70] INFO step into layer1, url is: http://www.sodick.co.jp/cn/product/tool/cad/win.html.
2017-05-31 16:10:25,026 spider_sodick.py[line:70] INFO step into layer1, url is: http://www.sodick.co.jp/cn/product/tool/cad/loran.html.
2017-05-31 16:10:25,651 spider_sodick.py[line:70] INFO step into layer1, url is: http://www.sodick.co.jp/cn/product/tool/beam/index.html.
2017-05-31 16:10:32,490 spider_sodick.py[line:70] INFO step into layer1, url is: http://www.sodick.co.jp/cn/product/tool/nano/index.html.
2017-05-31 16:10:34,428 spider_sodick.py[line:70] INFO step into layer1, url is: http://www.sodick.co.jp/cn/product/tool/wedm/ap250l.html.
2017-05-31 16:10:40,568 spider_sodick.py[line:70] INFO step into layer1, url is: http://www.sodick.co.jp/cn/product/tool/wedm/ap650l.html.
2017-05-31 16:10:45,217 spider_sodick.py[line:70] INFO step into layer1, url is: http://www.sodick.co.jp/cn/product/tool/cad/cad_dedm.html.
2017-05-31 16:10:50,645 spider_sodick.py[line:70] INFO step into layer1, url is: http://www.sodick.co.jp/cn/product/tool/cad/cad_wedm.html.
2017-05-31 16:10:54,993 spider_sodick.py[line:70] INFO step into layer1, url is: http://www.sodick.co.jp/cn/product/tool/drilling/k1c.html.
2017-05-31 16:11:01,417 spider_sodick.py[line:70] INFO step into layer1, url is: http://www.sodick.co.jp/cn/product/tool/wedm/asx300l.html.
2017-05-31 16:11:05,687 spider_sodick.py[line:70] INFO step into layer1, url is: http://www.sodick.co.jp/cn/product/tool/wedm/exc100l.html.
2017-05-31 16:11:15,371 spider_sodick.py[line:70] INFO step into layer1, url is: http://www.sodick.co.jp/cn/product/tool/drilling/k1bl.html.
2017-05-31 16:11:15,513 spider_sodick.py[line:70] INFO step into layer1, url is: http://www.sodick.co.jp/cn/product/tool/drilling/k3bl.html.
2017-05-31 16:11:23,619 spider_sodick.py[line:70] INFO step into layer1, url is: http://www.sodick.co.jp/cn/product/tool/drilling/k3hs.html.
2017-05-31 16:11:27,321 spider_sodick.py[line:70] INFO step into layer1, url is: http://www.sodick.co.jp/cn/product/tool/wedm/ap450l_oil.html.
2017-05-31 16:11:35,408 spider_sodick.py[line:70] INFO step into layer1, url is: http://www.sodick.co.jp/cn/product/tool/iot/index.html.
2017-05-31 16:11:36,147 spider_sodick.py[line:70] INFO step into layer1, url is: http://www.sodick.co.jp/cn/product/tool/iot/index.html.
2017-05-31 16:11:44,005 spider_sodick.py[line:70] INFO step into layer1, url is: http://www.sodick.co.jp/cn/product/tool/iot/index.html.
2017-05-31 16:11:46,746 spider_sodick.py[line:70] INFO step into layer1, url is: http://www.sodick.co.jp/cn/product/tool/machining/uh650l.html.
2017-05-31 16:11:52,015 spider_sodick.py[line:70] INFO step into layer1, url is: http://www.sodick.co.jp/cn/product/tool/machining/tt1-400a.html.
2017-05-31 16:11:56,821 spider_sodick.py[line:70] INFO step into layer1, url is: http://www.sodick.co.jp/cn/product/tool/machining/uh430l_ln4x.html.
2017-05-31 16:12:04,154 spider_sodick.py[line:70] INFO step into layer1, url is: http://www.sodick.co.jp/cn/product/tool/metal_3d_printer/index.html.
2017-05-31 16:12:08,148 spider_sodick.py[line:70] INFO step into layer1, url is: http://www.sodick.co.jp/cn/product/tool/metal_3d_printer/opm250l.html.
2017-05-31 16:12:15,046 spider_sodick.py[line:70] INFO step into layer1, url is: http://www.sodick.co.jp/cn/product/tool/dedm/erowa_robot_compact80.html.
2017-05-31 16:12:17,414 spider_sodick.py[line:70] INFO step into layer1, url is: http://www.sodick.co.jp/cn/product/tool/dedm/ad35l_ad55l.html.
