2017-05-31 16:22:26,509 spiders.py[line:68] INFO Reading start URLs from redis key 'sodick:start_urls' (batch size: 16, encoding: utf-8
2017-05-31 16:22:27,907 __init__.py[line:47] DEBUG Resuming crawl (16 requests scheduled)
2017-05-31 16:22:30,953 spider_sodick.py[line:65] INFO step into layer1, url is: http://www.sodick.co.jp/cn/product/tool/drilling/k3bl.html.
2017-05-31 16:22:32,648 spiders.py[line:95] DEBUG Read 1 requests from 'sodick:start_urls'
2017-05-31 16:22:32,746 spider_sodick.py[line:65] INFO step into layer1, url is: http://www.sodick.co.jp/cn/product/tool/drilling/k3hs.html.
2017-05-31 16:22:40,838 spider_sodick.py[line:65] INFO step into layer1, url is: http://www.sodick.co.jp/cn/product/tool/iot/index.html.
2017-05-31 16:22:44,085 spider_sodick.py[line:65] INFO step into layer1, url is: http://www.sodick.co.jp/cn/product/tool/iot/index.html.
2017-05-31 16:22:48,203 spider_sodick.py[line:65] INFO step into layer1, url is: http://www.sodick.co.jp/cn/product/tool/iot/index.html.
2017-05-31 16:22:54,319 spider_sodick.py[line:65] INFO step into layer1, url is: http://www.sodick.co.jp/cn/product/tool/machining/uh650l.html.
2017-05-31 16:22:58,247 spider_sodick.py[line:65] INFO step into layer1, url is: http://www.sodick.co.jp/cn/product/tool/machining/tt1-400a.html.
2017-05-31 16:23:04,927 spider_sodick.py[line:65] INFO step into layer1, url is: http://www.sodick.co.jp/cn/product/tool/wedm/aq750l_aq900l.html.
2017-05-31 16:23:09,553 spider_sodick.py[line:65] INFO step into layer1, url is: http://www.sodick.co.jp/cn/product/tool/wedm/vl400q_vl600q.html.
2017-05-31 16:23:14,713 spider_sodick.py[line:65] INFO step into layer1, url is: http://www.sodick.co.jp/cn/product/tool/wedm/aln400g_aln600g.html.
2017-05-31 16:23:20,562 spider_sodick.py[line:65] INFO step into layer1, url is: http://www.sodick.co.jp/cn/product/tool/wedm/aq1200l_aq1500l.html.
2017-05-31 16:23:24,773 spider_sodick.py[line:65] INFO step into layer1, url is: http://www.sodick.co.jp/cn/product/tool/machining/uh430l_ln4x.html.
2017-05-31 16:23:28,428 spider_sodick.py[line:65] INFO step into layer1, url is: http://www.sodick.co.jp/cn/product/tool/metal_3d_printer/index.html.
2017-05-31 16:23:32,706 spider_sodick.py[line:65] INFO step into layer1, url is: http://www.sodick.co.jp/cn/product/tool/metal_3d_printer/opm250l.html.
2017-05-31 16:23:36,147 spider_sodick.py[line:65] INFO step into layer1, url is: http://www.sodick.co.jp/cn/product/tool/dedm/ag80l_ag100l.html.
2017-05-31 16:23:41,654 spider_sodick.py[line:65] INFO step into layer1, url is: http://www.sodick.co.jp/cn/product/tool/wedm/al400g_al600g.html.
2017-05-31 16:23:45,618 spider_sodick.py[line:50] INFO step into layer1, url is: http://www.sodick.co.jp/cn/product/tool/.
2017-05-31 16:23:48,329 spider_sodick.py[line:65] INFO step into layer1, url is: http://www.sodick.co.jp/cn/product/tool/dedm/ap1l.html.
2017-05-31 16:23:54,667 spider_sodick.py[line:65] INFO step into layer1, url is: http://www.sodick.co.jp/cn/product/tool/dedm/ap3l.html.
2017-05-31 16:23:59,888 spider_sodick.py[line:65] INFO step into layer1, url is: http://www.sodick.co.jp/cn/product/tool/dedm/ag40lp.html.
2017-05-31 16:24:04,789 spider_sodick.py[line:65] INFO step into layer1, url is: http://www.sodick.co.jp/cn/product/tool/wedm/ag360l.html.
2017-05-31 16:24:08,263 spider_sodick.py[line:65] INFO step into layer1, url is: http://www.sodick.co.jp/cn/product/tool/dedm/ad35l_ad55l.html.
2017-05-31 16:24:12,111 spider_sodick.py[line:65] INFO step into layer1, url is: http://www.sodick.co.jp/cn/product/tool/dedm/ag40l_ag60l.html.
2017-05-31 16:24:16,454 spider_sodick.py[line:65] INFO step into layer1, url is: http://www.sodick.co.jp/cn/product/tool/dedm/aq15l_aq20l.html.
2017-05-31 16:24:21,559 spider_sodick.py[line:65] INFO step into layer1, url is: http://www.sodick.co.jp/cn/product/tool/dedm/ag80l_ag100l.html.
2017-05-31 16:24:25,661 spider_sodick.py[line:65] INFO step into layer1, url is: http://www.sodick.co.jp/cn/product/tool/wedm/al400g_al600g.html.
2017-05-31 16:24:32,601 spider_sodick.py[line:65] INFO step into layer1, url is: http://www.sodick.co.jp/cn/product/tool/wedm/al400p_al600p.html.
2017-05-31 16:24:38,811 spider_sodick.py[line:65] INFO step into layer1, url is: http://www.sodick.co.jp/cn/product/tool/wedm/aq750l_aq900l.html.
2017-05-31 16:24:42,924 spider_sodick.py[line:65] INFO step into layer1, url is: http://www.sodick.co.jp/cn/product/tool/wedm/vl400q_vl600q.html.
2017-05-31 16:24:46,424 spider_sodick.py[line:65] INFO step into layer1, url is: http://www.sodick.co.jp/cn/product/tool/wedm/aln400g_aln600g.html.
2017-05-31 16:24:52,089 spider_sodick.py[line:65] INFO step into layer1, url is: http://www.sodick.co.jp/cn/product/tool/wedm/aln400q_aln600q.html.
2017-05-31 16:24:57,532 spider_sodick.py[line:65] INFO step into layer1, url is: http://www.sodick.co.jp/cn/product/tool/dedm/erowa_robot_compact80.html.
2017-05-31 16:25:04,128 spider_sodick.py[line:65] INFO step into layer1, url is: http://www.sodick.co.jp/cn/product/tool/cad/win.html.
2017-05-31 16:25:07,944 spider_sodick.py[line:65] INFO step into layer1, url is: http://www.sodick.co.jp/cn/product/tool/cad/loran.html.
2017-05-31 16:25:12,019 spider_sodick.py[line:65] INFO step into layer1, url is: http://www.sodick.co.jp/cn/product/tool/beam/index.html.
2017-05-31 16:25:17,530 spider_sodick.py[line:65] INFO step into layer1, url is: http://www.sodick.co.jp/cn/product/tool/nano/index.html.
2017-05-31 16:25:23,734 spider_sodick.py[line:65] INFO step into layer1, url is: http://www.sodick.co.jp/cn/product/tool/wedm/ap250l.html.
2017-05-31 16:25:28,187 spider_sodick.py[line:65] INFO step into layer1, url is: http://www.sodick.co.jp/cn/product/tool/wedm/ap650l.html.
2017-05-31 16:25:32,710 spider_sodick.py[line:65] INFO step into layer1, url is: http://www.sodick.co.jp/cn/product/tool/cad/cad_dedm.html.
2017-05-31 16:25:36,009 spider_sodick.py[line:65] INFO step into layer1, url is: http://www.sodick.co.jp/cn/product/tool/cad/cad_wedm.html.
2017-05-31 16:25:38,418 spider_sodick.py[line:65] INFO step into layer1, url is: http://www.sodick.co.jp/cn/product/tool/drilling/k1c.html.
2017-05-31 16:25:42,410 spider_sodick.py[line:65] INFO step into layer1, url is: http://www.sodick.co.jp/cn/product/tool/wedm/asx300l.html.
2017-05-31 16:25:48,066 spider_sodick.py[line:65] INFO step into layer1, url is: http://www.sodick.co.jp/cn/product/tool/wedm/exc100l.html.
2017-05-31 16:25:53,289 spider_sodick.py[line:65] INFO step into layer1, url is: http://www.sodick.co.jp/cn/product/tool/drilling/k1bl.html.
2017-05-31 16:25:58,450 spider_sodick.py[line:65] INFO step into layer1, url is: http://www.sodick.co.jp/cn/product/tool/drilling/k3bl.html.
2017-05-31 16:26:02,260 spider_sodick.py[line:65] INFO step into layer1, url is: http://www.sodick.co.jp/cn/product/tool/drilling/k3hs.html.
2017-05-31 16:26:05,749 spider_sodick.py[line:65] INFO step into layer1, url is: http://www.sodick.co.jp/cn/product/tool/wedm/ap450l_oil.html.
2017-05-31 16:26:12,105 spider_sodick.py[line:65] INFO step into layer1, url is: http://www.sodick.co.jp/cn/product/tool/iot/index.html.
2017-05-31 16:26:15,775 spider_sodick.py[line:65] INFO step into layer1, url is: http://www.sodick.co.jp/cn/product/tool/iot/index.html.
2017-05-31 16:26:22,157 spider_sodick.py[line:65] INFO step into layer1, url is: http://www.sodick.co.jp/cn/product/tool/iot/index.html.
2017-05-31 16:26:27,688 spider_sodick.py[line:65] INFO step into layer1, url is: http://www.sodick.co.jp/cn/product/tool/machining/uh650l.html.
2017-05-31 16:26:32,776 spider_sodick.py[line:65] INFO step into layer1, url is: http://www.sodick.co.jp/cn/product/tool/machining/tt1-400a.html.
2017-05-31 16:26:37,996 spider_sodick.py[line:65] INFO step into layer1, url is: http://www.sodick.co.jp/cn/product/tool/wedm/aq1200l_aq1500l.html.
2017-05-31 16:26:43,697 spider_sodick.py[line:65] INFO step into layer1, url is: http://www.sodick.co.jp/cn/product/tool/machining/uh430l_ln4x.html.
2017-05-31 16:26:48,372 spider_sodick.py[line:65] INFO step into layer1, url is: http://www.sodick.co.jp/cn/product/tool/metal_3d_printer/index.html.
2017-05-31 16:26:54,075 spider_sodick.py[line:65] INFO step into layer1, url is: http://www.sodick.co.jp/cn/product/tool/metal_3d_printer/opm250l.html.
