2017-06-12 11:14:07,865 spiders.py[line:68] INFO Reading start URLs from redis key 'sse:start_urls' (batch size: 16, encoding: utf-8
2017-06-12 11:16:54,770 spider_sse.py[line:72] INFO detail is being parsed, url is: http://www.ssechina.com/products/ZCbms.htm.
2017-06-12 11:16:58,336 spider_sse.py[line:72] INFO detail is being parsed, url is: http://www.ssechina.com/products/DYzico.htm.
2017-06-12 11:17:03,338 spider_sse.py[line:72] INFO detail is being parsed, url is: http://www.ssechina.com/products/DYzmcd.htm.
2017-06-12 11:17:08,826 spider_sse.py[line:72] INFO detail is being parsed, url is: http://www.ssechina.com/products/ZCdjkz.htm.
2017-06-12 11:17:13,176 spider_sse.py[line:72] INFO detail is being parsed, url is: http://www.ssechina.com/products/DYzevqc.htm.
2017-06-12 11:17:17,032 spider_sse.py[line:72] INFO detail is being parsed, url is: http://www.ssechina.com/products/DYscm-bi.htm.
2017-06-12 11:17:23,163 spider_sse.py[line:72] INFO detail is being parsed, url is: http://www.ssechina.com/products/DYzecd-b.htm.
2017-06-12 11:17:27,641 spider_sse.py[line:72] INFO detail is being parsed, url is: http://www.ssechina.com/products/DYzecd-r.htm.
2017-06-12 11:17:33,700 spider_sse.py[line:72] INFO detail is being parsed, url is: http://www.ssechina.com/products/DYzevbox.htm.
2017-06-12 11:17:38,845 spider_sse.py[line:72] INFO detail is being parsed, url is: http://www.ssechina.com/products/ZCxitong.htm.
2017-06-12 11:17:44,069 spider_sse.py[line:72] INFO detail is being parsed, url is: http://www.ssechina.com/products/ZCzevpack.htm.
2017-06-12 11:17:48,542 spider_sse.py[line:72] INFO detail is being parsed, url is: http://www.ssechina.com/products/ZCpeidianxiang.htm.
2017-06-12 11:17:54,578 spider_sse.py[line:72] INFO detail is being parsed, url is: http://www.ssechina.com/products/DYchunengdianzhan.htm.
2017-06-12 11:17:58,259 spider_sse.py[line:72] INFO detail is being parsed, url is: http://www.ssechina.com/products/DYdc-dc-zhuanhuanqi.htm.
2017-06-12 11:18:04,223 spider_sse.py[line:72] INFO detail is being parsed, url is: http://www.ssechina.com/products/shuangxiangdcdcbianliuqi.htm.
2017-06-12 11:18:07,289 spider_sse.py[line:72] INFO detail is being parsed, url is: http://www.ssechina.com/products/RQzpc.htm.
2017-06-12 11:18:13,403 spider_sse.py[line:72] INFO detail is being parsed, url is: http://www.ssechina.com/products/RQgzrq.htm.
2017-06-12 11:18:18,688 spider_sse.py[line:72] INFO detail is being parsed, url is: http://www.ssechina.com/products/RQgzyq.htm.
2017-06-12 11:18:24,026 spider_sse.py[line:72] INFO detail is being parsed, url is: http://www.ssechina.com/products/RQmscc.htm.
2017-06-12 11:18:29,950 spider_sse.py[line:72] INFO detail is being parsed, url is: http://www.ssechina.com/products/RQzrsd.htm.
2017-06-12 11:18:35,111 spider_sse.py[line:72] INFO detail is being parsed, url is: http://www.ssechina.com/products/RQzyq3.htm.
2017-06-12 11:18:39,624 spider_sse.py[line:72] INFO detail is being parsed, url is: http://www.ssechina.com/products/RQgzrq3.htm.
2017-06-12 11:18:45,710 spider_sse.py[line:72] INFO detail is being parsed, url is: http://www.ssechina.com/products/GFEPC.htm.
2017-06-12 11:18:50,223 spider_sse.py[line:72] INFO detail is being parsed, url is: http://www.ssechina.com/products/GFggd.htm.
2017-06-12 11:18:54,424 spider_sse.py[line:72] INFO detail is being parsed, url is: http://www.ssechina.com/products/GFspv-b.htm.
2017-06-12 11:19:00,515 spider_sse.py[line:72] INFO detail is being parsed, url is: http://www.ssechina.com/products/GFzrsvg.htm.
2017-06-12 11:19:04,516 spider_sse.py[line:72] INFO detail is being parsed, url is: http://www.ssechina.com/products/GFkyn61-40.5z.htm.
2017-06-12 11:19:09,171 spider_sse.py[line:72] INFO detail is being parsed, url is: http://www.ssechina.com/products/GFsms-jzx-gcnwdw.htm.
2017-06-12 11:19:14,375 spider_sse.py[line:72] INFO detail is being parsed, url is: http://www.ssechina.com/products/GFyb-biandianzhan.htm.
2017-06-12 11:19:20,387 spider_sse.py[line:72] INFO detail is being parsed, url is: http://www.ssechina.com/products/GFjzx-solar-inverter.htm.
2017-06-12 11:19:22,888 spider_sse.py[line:72] INFO detail is being parsed, url is: http://www.ssechina.com/products/GF1-3kw-solar-inverter.htm.
2017-06-12 11:19:27,615 spider_sse.py[line:72] INFO detail is being parsed, url is: http://www.ssechina.com/products/GF1500V-solar-inverter.htm.
2017-06-12 11:19:33,459 spider_sse.py[line:72] INFO detail is being parsed, url is: http://www.ssechina.com/products/GF10-17kw-solar-inverter.htm.
2017-06-12 11:19:38,832 spider_sse.py[line:72] INFO detail is being parsed, url is: http://www.ssechina.com/products/GFspsh-cn-solar-inverter.htm.
2017-06-12 11:19:42,522 spider_sse.py[line:72] INFO detail is being parsed, url is: http://www.ssechina.com/products/sanxiangguangfubingwangnibianqi30250kw.htm.
2017-06-12 11:19:47,618 spider_sse.py[line:72] INFO detail is being parsed, url is: http://www.ssechina.com/products/DNtbb.htm.
2017-06-12 11:19:51,644 spider_sse.py[line:72] INFO detail is being parsed, url is: http://www.ssechina.com/products/DNgwbk.htm.
2017-06-12 11:19:57,145 spider_sse.py[line:72] INFO detail is being parsed, url is: http://www.ssechina.com/products/DNzhpf.htm.
2017-06-12 11:20:01,825 spider_sse.py[line:72] INFO detail is being parsed, url is: http://www.ssechina.com/products/DNzrce.htm.
2017-06-12 11:20:07,068 spider_sse.py[line:72] INFO detail is being parsed, url is: http://www.ssechina.com/products/DNzrle.htm.
2017-06-12 11:20:12,697 spider_sse.py[line:72] INFO detail is being parsed, url is: http://www.ssechina.com/products/DNzsvg.htm.
2017-06-12 11:20:18,648 spider_sse.py[line:72] INFO detail is being parsed, url is: http://www.ssechina.com/products/DNztsc.htm.
2017-06-12 11:20:23,107 spider_sse.py[line:72] INFO detail is being parsed, url is: http://www.ssechina.com/products/DNzmsvg.htm.
2017-06-12 11:20:28,289 spider_sse.py[line:72] INFO detail is being parsed, url is: http://www.ssechina.com/products/DNzrwka.htm.
2017-06-12 11:20:33,019 spider_sse.py[line:72] INFO detail is being parsed, url is: http://www.ssechina.com/products/DN4L-zapf.htm.
2017-06-12 11:20:39,125 spider_sse.py[line:72] INFO detail is being parsed, url is: http://www.ssechina.com/products/CTggd.htm.
2017-06-12 11:20:44,391 spider_sse.py[line:72] INFO detail is being parsed, url is: http://www.ssechina.com/products/CTjxf.htm.
2017-06-12 11:20:48,736 spider_sse.py[line:72] INFO detail is being parsed, url is: http://www.ssechina.com/products/CTgzdw.htm.
2017-06-12 11:20:54,032 spider_sse.py[line:72] INFO detail is being parsed, url is: http://www.ssechina.com/products/CTzgs11.htm.
2017-06-12 11:20:58,094 spider_sse.py[line:72] INFO detail is being parsed, url is: http://www.ssechina.com/products/CThxgn-12.htm.
2017-06-12 11:21:02,316 spider_sse.py[line:72] INFO detail is being parsed, url is: http://www.ssechina.com/products/CTkyn28a-12.htm.
2017-06-12 11:21:04,621 spider_sse.py[line:72] INFO detail is being parsed, url is: http://www.ssechina.com/products/CTyb-biandianzhan.htm.
