2017-05-25 17:35:19,576 spiders.py[line:68] INFO Reading start URLs from redis key 'sv:start_urls' (batch size: 16, encoding: utf-8
2017-05-25 17:35:22,351 spiders.py[line:95] DEBUG Read 1 requests from 'sv:start_urls'
2017-05-25 17:35:24,348 spider_sv.py[line:55] INFO step into layer1, url is: http://www.sandvik.coromant.com/zh-cn/products/Pages/turning-tools.aspx.
2017-05-25 17:35:28,201 spider_sv.py[line:71] INFO step into layer2, url is: http://www.sandvik.coromant.com/zh-cn/products/Pages/external-turning-tools.aspx.
2017-05-25 17:35:34,033 spider_sv.py[line:71] INFO step into layer2, url is: http://www.sandvik.coromant.com/zh-cn/products/Pages/heavy-turning-tools.aspx.
2017-05-25 17:35:40,038 spider_sv.py[line:71] INFO step into layer2, url is: http://www.sandvik.coromant.com/zh-cn/products/Pages/internal-turning-tools.aspx.
2017-05-25 17:35:45,275 spider_sv.py[line:71] INFO step into layer2, url is: http://www.sandvik.coromant.com/zh-cn/products/Pages/multi-task-machining-tools.aspx.
2017-05-25 17:35:50,056 spider_sv.py[line:89] INFO --------layer3, url is: http://www.sandvik.coromant.com/zh-cn/products/coroturn_prime/Pages/default.aspx.
2017-05-25 17:35:50,082 spider_sv.py[line:128] ERROR layer3 failed: failed to write into item, url is:(http://www.sandvik.coromant.com/zh-cn/products/coroturn_prime/Pages/default.aspx), error info is:(Traceback (most recent call last):
  File "C:\Users\timothy\Desktop\product\product\spiders\spider_sv.py", line 121, in parse3
    print pname
UnicodeEncodeError: 'gbk' codec can't encode character u'\xae' in position 8: illegal multibyte sequence
)
2017-05-25 17:35:54,763 spider_sv.py[line:89] INFO --------layer3, url is: http://www.sandvik.coromant.com/zh-cn/products/coroturn_tr/Pages/default.aspx.
2017-05-25 17:36:00,286 spider_sv.py[line:89] INFO --------layer3, url is: http://www.sandvik.coromant.com/zh-cn/products/corocut_1-2/Pages/default.aspx.
2017-05-25 17:36:04,357 spider_sv.py[line:89] INFO --------layer3, url is: http://www.sandvik.coromant.com/zh-cn/products/coroturn_107/Pages/default.aspx.
2017-05-25 17:36:08,529 spider_sv.py[line:89] INFO --------layer3, url is: http://www.sandvik.coromant.com/zh-cn/products/t-max_p/Pages/default.aspx.
2017-05-25 17:36:14,466 spider_sv.py[line:89] INFO --------layer3, url is: http://www.sandvik.coromant.com/zh-cn/products/corocut_xs/Pages/default.aspx.
2017-05-25 17:36:18,783 spider_sv.py[line:89] INFO --------layer3, url is: http://www.sandvik.coromant.com/zh-cn/products/coroturn_prime/Pages/default.aspx.
2017-05-25 17:36:18,808 spider_sv.py[line:128] ERROR layer3 failed: failed to write into item, url is:(http://www.sandvik.coromant.com/zh-cn/products/coroturn_prime/Pages/default.aspx), error info is:(Traceback (most recent call last):
  File "C:\Users\timothy\Desktop\product\product\spiders\spider_sv.py", line 121, in parse3
    print pname
UnicodeEncodeError: 'gbk' codec can't encode character u'\xae' in position 8: illegal multibyte sequence
)
2017-05-25 17:36:23,467 spider_sv.py[line:89] INFO --------layer3, url is: http://www.sandvik.coromant.com/zh-cn/products/coroturn_tr/Pages/default.aspx.
2017-05-25 17:36:26,059 spider_sv.py[line:89] INFO --------layer3, url is: http://www.sandvik.coromant.com/zh-cn/products/coroturn_107/Pages/default.aspx.
2017-05-25 17:36:31,664 spider_sv.py[line:89] INFO --------layer3, url is: http://www.sandvik.coromant.com/zh-cn/products/coroturn_300/pages/default.aspx.
2017-05-25 17:36:36,052 spider_sv.py[line:89] INFO --------layer3, url is: http://www.sandvik.coromant.com/zh-cn/products/coromant_capto/Pages/default.aspx.
2017-05-25 17:36:40,976 spider_sv.py[line:89] INFO --------layer3, url is: http://www.sandvik.coromant.com/zh-cn/products/coroturn_sl/Pages/default.aspx.
2017-05-25 17:36:45,286 spider_sv.py[line:89] INFO --------layer3, url is: http://www.sandvik.coromant.com/zh-cn/products/qs_holding_system/Pages/default.aspx.
2017-05-25 17:36:50,509 spider_sv.py[line:89] INFO --------layer3, url is: http://www.sandvik.coromant.com/zh-cn/products/coroturn_107/Pages/default.aspx.
2017-05-25 17:36:54,569 spider_sv.py[line:89] INFO --------layer3, url is: http://www.sandvik.coromant.com/zh-cn/products/t-max_p/Pages/default.aspx.
2017-05-25 17:37:00,548 spider_sv.py[line:89] INFO --------layer3, url is: http://www.sandvik.coromant.com/zh-cn/products/corocut_mb/Pages/default.aspx.
2017-05-25 17:37:05,581 spider_sv.py[line:89] INFO --------layer3, url is: http://www.sandvik.coromant.com/zh-cn/products/t-max_p/Pages/default.aspx.
2017-05-25 17:37:11,484 spider_sv.py[line:89] INFO --------layer3, url is: http://www.sandvik.coromant.com/zh-cn/products/coroplex_mt/Pages/default.aspx.
2017-05-25 17:37:17,532 spider_sv.py[line:89] INFO --------layer3, url is: http://www.sandvik.coromant.com/zh-cn/products/coroplex_sl/Pages/default.aspx.
2017-05-25 17:37:21,381 spider_sv.py[line:89] INFO --------layer3, url is: http://www.sandvik.coromant.com/zh-cn/products/coroplex_TB/Pages/default.aspx.
2017-05-25 17:37:21,391 spider_sv.py[line:128] ERROR layer3 failed: failed to write into item, url is:(http://www.sandvik.coromant.com/zh-cn/products/coroplex_TB/Pages/default.aspx), error info is:(Traceback (most recent call last):
  File "C:\Users\timothy\Desktop\product\product\spiders\spider_sv.py", line 100, in parse3
    print details
UnicodeEncodeError: 'gbk' codec can't encode character u'\xae' in position 22: illegal multibyte sequence
)
2017-05-25 17:37:26,884 spider_sv.py[line:89] INFO --------layer3, url is: http://www.sandvik.coromant.com/zh-cn/products/coroplex_TT/Pages/default.aspx.
2017-05-25 17:37:32,520 spider_sv.py[line:89] INFO --------layer3, url is: http://www.sandvik.coromant.com/zh-cn/products/coroturn_tr/Pages/default.aspx.
2017-05-25 17:37:37,836 spider_sv.py[line:89] INFO --------layer3, url is: http://www.sandvik.coromant.com/zh-cn/products/coroturn_xs/Pages/default.aspx.
2017-05-25 17:37:41,723 spider_sv.py[line:89] INFO --------layer3, url is: http://www.sandvik.coromant.com/zh-cn/products/coroturn_107/Pages/default.aspx.
2017-05-25 17:37:46,885 spider_sv.py[line:89] INFO --------layer3, url is: http://www.sandvik.coromant.com/zh-cn/products/t-max_p/Pages/default.aspx.
2017-05-25 17:37:50,701 spider_sv.py[line:89] INFO --------layer3, url is: http://www.sandvik.coromant.com/zh-cn/products/corocut_mb/Pages/default.aspx.
2017-05-25 17:37:53,566 spider_sv.py[line:89] INFO --------layer3, url is: http://www.sandvik.coromant.com/zh-cn/products/coroturn_xs/Pages/default.aspx.
2017-05-25 17:37:59,351 spider_sv.py[line:89] INFO --------layer3, url is: http://www.sandvik.coromant.com/zh-cn/products/coroturn_107/Pages/default.aspx.
2017-05-25 17:38:04,108 spider_sv.py[line:89] INFO --------layer3, url is: http://www.sandvik.coromant.com/zh-cn/products/easy-fix/Pages/default.aspx.
2017-05-25 17:38:09,891 spider_sv.py[line:89] INFO --------layer3, url is: http://www.sandvik.coromant.com/zh-cn/products/coroturn_sl/Pages/default.aspx.
2017-05-25 17:38:14,846 spider_sv.py[line:89] INFO --------layer3, url is: http://www.sandvik.coromant.com/zh-cn/products/coromant_capto/Pages/default.aspx.
2017-05-25 17:38:20,331 spider_sv.py[line:89] INFO --------layer3, url is: http://www.sandvik.coromant.com/zh-cn/products/silent_tools_turning/pages/default.aspx.
