2017-05-25 16:23:54,140 spiders.py[line:68] INFO Reading start URLs from redis key 'sv:start_urls' (batch size: 16, encoding: utf-8
2017-05-25 16:23:56,944 spiders.py[line:95] DEBUG Read 1 requests from 'sv:start_urls'
2017-05-25 16:23:58,684 spider_sv.py[line:55] INFO step into layer1, url is: http://www.sandvik.coromant.com/zh-cn/products/Pages/turning-tools.aspx.
2017-05-25 16:24:01,581 spider_sv.py[line:71] INFO step into layer2, url is: http://www.sandvik.coromant.com/zh-cn/products/Pages/external-turning-tools.aspx.
2017-05-25 16:24:06,726 spider_sv.py[line:71] INFO step into layer2, url is: http://www.sandvik.coromant.com/zh-cn/products/Pages/heavy-turning-tools.aspx.
2017-05-25 16:24:11,033 spider_sv.py[line:71] INFO step into layer2, url is: http://www.sandvik.coromant.com/zh-cn/products/Pages/internal-turning-tools.aspx.
2017-05-25 16:24:14,940 spider_sv.py[line:71] INFO step into layer2, url is: http://www.sandvik.coromant.com/zh-cn/products/Pages/multi-task-machining-tools.aspx.
2017-05-25 16:24:20,253 spider_sv.py[line:90] INFO --------layer3, url is: http://www.sandvik.coromant.com/zh-cn/products/coroturn_prime/Pages/default.aspx.
2017-05-25 16:24:24,201 spider_sv.py[line:90] INFO --------layer3, url is: http://www.sandvik.coromant.com/zh-cn/products/coroturn_300/pages/default.aspx.
2017-05-25 16:24:31,688 spider_sv.py[line:90] INFO --------layer3, url is: http://www.sandvik.coromant.com/zh-cn/products/coroturn_tr/Pages/default.aspx.
2017-05-25 16:24:33,994 spider_sv.py[line:90] INFO --------layer3, url is: http://www.sandvik.coromant.com/zh-cn/products/corocut_1-2/Pages/default.aspx.
2017-05-25 16:24:39,309 spider_sv.py[line:90] INFO --------layer3, url is: http://www.sandvik.coromant.com/zh-cn/products/coroturn_107/Pages/default.aspx.
2017-05-25 16:24:44,973 spider_sv.py[line:90] INFO --------layer3, url is: http://www.sandvik.coromant.com/zh-cn/products/t-max_p/Pages/default.aspx.
2017-05-25 16:24:50,861 spider_sv.py[line:90] INFO --------layer3, url is: http://www.sandvik.coromant.com/zh-cn/products/corocut_xs/Pages/default.aspx.
2017-05-25 16:24:55,394 spider_sv.py[line:90] INFO --------layer3, url is: http://www.sandvik.coromant.com/zh-cn/products/coroturn_prime/Pages/default.aspx.
2017-05-25 16:25:00,874 spider_sv.py[line:90] INFO --------layer3, url is: http://www.sandvik.coromant.com/zh-cn/products/coroturn_tr/Pages/default.aspx.
2017-05-25 16:25:06,298 spider_sv.py[line:90] INFO --------layer3, url is: http://www.sandvik.coromant.com/zh-cn/products/coroturn_107/Pages/default.aspx.
2017-05-25 16:25:11,707 spider_sv.py[line:90] INFO --------layer3, url is: http://www.sandvik.coromant.com/zh-cn/products/coromant_capto/Pages/default.aspx.
2017-05-25 16:25:17,316 spider_sv.py[line:90] INFO --------layer3, url is: http://www.sandvik.coromant.com/zh-cn/products/qs_holding_system/Pages/default.aspx.
2017-05-25 16:25:22,423 spider_sv.py[line:90] INFO --------layer3, url is: http://www.sandvik.coromant.com/zh-cn/products/coroturn_sl/Pages/default.aspx.
2017-05-25 16:25:27,917 spider_sv.py[line:90] INFO --------layer3, url is: http://www.sandvik.coromant.com/zh-cn/products/coroturn_107/Pages/default.aspx.
2017-05-25 16:25:32,763 spider_sv.py[line:90] INFO --------layer3, url is: http://www.sandvik.coromant.com/zh-cn/products/t-max_p/Pages/default.aspx.
2017-05-25 16:25:38,832 spider_sv.py[line:90] INFO --------layer3, url is: http://www.sandvik.coromant.com/zh-cn/products/corocut_mb/Pages/default.aspx.
2017-05-25 16:25:42,138 spider_sv.py[line:90] INFO --------layer3, url is: http://www.sandvik.coromant.com/zh-cn/products/t-max_p/Pages/default.aspx.
2017-05-25 16:25:45,447 spider_sv.py[line:90] INFO --------layer3, url is: http://www.sandvik.coromant.com/zh-cn/products/coroplex_mt/Pages/default.aspx.
2017-05-25 16:25:49,526 spider_sv.py[line:90] INFO --------layer3, url is: http://www.sandvik.coromant.com/zh-cn/products/coroplex_sl/Pages/default.aspx.
2017-05-25 16:25:55,533 spider_sv.py[line:90] INFO --------layer3, url is: http://www.sandvik.coromant.com/zh-cn/products/coroplex_TB/Pages/default.aspx.
2017-05-25 16:25:55,533 spider_sv.py[line:120] ERROR layer3 failed: failed to write into item, url is:(http://www.sandvik.coromant.com/zh-cn/products/coroplex_TB/Pages/default.aspx), error info is:(Traceback (most recent call last):
  File "C:\Users\timothy\Desktop\product\product\spiders\spider_sv.py", line 101, in parse3
    print details
UnicodeEncodeError: 'gbk' codec can't encode character u'\xae' in position 22: illegal multibyte sequence
)
2017-05-25 16:26:00,436 spider_sv.py[line:90] INFO --------layer3, url is: http://www.sandvik.coromant.com/zh-cn/products/coroplex_TT/Pages/default.aspx.
2017-05-25 16:26:05,114 spider_sv.py[line:90] INFO --------layer3, url is: http://www.sandvik.coromant.com/zh-cn/products/coroturn_tr/Pages/default.aspx.
2017-05-25 16:26:10,947 spider_sv.py[line:90] INFO --------layer3, url is: http://www.sandvik.coromant.com/zh-cn/products/coroturn_xs/Pages/default.aspx.
2017-05-25 16:26:16,473 spider_sv.py[line:90] INFO --------layer3, url is: http://www.sandvik.coromant.com/zh-cn/products/coroturn_107/Pages/default.aspx.
2017-05-25 16:26:21,371 spider_sv.py[line:90] INFO --------layer3, url is: http://www.sandvik.coromant.com/zh-cn/products/t-max_p/Pages/default.aspx.
2017-05-25 16:26:26,997 spider_sv.py[line:90] INFO --------layer3, url is: http://www.sandvik.coromant.com/zh-cn/products/corocut_mb/Pages/default.aspx.
2017-05-25 16:26:32,861 spider_sv.py[line:90] INFO --------layer3, url is: http://www.sandvik.coromant.com/zh-cn/products/coroturn_xs/Pages/default.aspx.
2017-05-25 16:26:37,144 spider_sv.py[line:90] INFO --------layer3, url is: http://www.sandvik.coromant.com/zh-cn/products/coroturn_107/Pages/default.aspx.
2017-05-25 16:26:42,515 spider_sv.py[line:90] INFO --------layer3, url is: http://www.sandvik.coromant.com/zh-cn/products/easy-fix/Pages/default.aspx.
2017-05-25 16:26:46,650 spider_sv.py[line:90] INFO --------layer3, url is: http://www.sandvik.coromant.com/zh-cn/products/coroturn_sl/Pages/default.aspx.
2017-05-25 16:26:50,615 spider_sv.py[line:90] INFO --------layer3, url is: http://www.sandvik.coromant.com/zh-cn/products/coromant_capto/Pages/default.aspx.
2017-05-25 16:26:55,400 spider_sv.py[line:90] INFO --------layer3, url is: http://www.sandvik.coromant.com/zh-cn/products/silent_tools_turning/pages/default.aspx.
