2017-05-27 11:22:54,743 spiders.py[line:68] INFO Reading start URLs from redis key 'tox:start_urls' (batch size: 16, encoding: utf-8
2017-05-27 11:22:57,536 spiders.py[line:95] DEBUG Read 1 requests from 'tox:start_urls'
2017-05-27 11:22:59,381 spider_tox.py[line:52] INFO step into layer1, url is: https://www.tox-cn.com/product-overview/.
2017-05-27 11:23:05,589 spider_tox.py[line:68] INFO step into layer2, url is: https://www.tox-cn.com/products/drives/pneumohydraulic-drives/overview/.
2017-05-27 11:23:10,489 spider_tox.py[line:82] INFO --------layer3, url is: https://www.tox-cn.com/products/drives/pneumohydraulic-drives/lineq/.
2017-05-27 11:23:10,489 spider_tox.py[line:121] ERROR layer3 failed: failed to write into item, url is:(https://www.tox-cn.com/products/drives/pneumohydraulic-drives/lineq/), error info is:(Traceback (most recent call last):
  File "C:\Users\timothy\Desktop\myproduct\product\spiders\spider_tox.py", line 114, in parse3
    print pname
UnicodeEncodeError: 'gbk' codec can't encode character u'\xa0' in position 3: illegal multibyte sequence
)
2017-05-27 11:23:16,392 spider_tox.py[line:82] INFO --------layer3, url is: https://www.tox-cn.com/products/drives/pneumohydraulic-drives/line-x/.
2017-05-27 11:23:16,421 spider_tox.py[line:121] ERROR layer3 failed: failed to write into item, url is:(https://www.tox-cn.com/products/drives/pneumohydraulic-drives/line-x/), error info is:(Traceback (most recent call last):
  File "C:\Users\timothy\Desktop\myproduct\product\spiders\spider_tox.py", line 114, in parse3
    print pname
UnicodeEncodeError: 'gbk' codec can't encode character u'\xa0' in position 3: illegal multibyte sequence
)
2017-05-27 11:23:21,813 spider_tox.py[line:82] INFO --------layer3, url is: https://www.tox-cn.com/products/drives/pneumohydraulic-drives/type-rz/.
2017-05-27 11:23:21,813 spider_tox.py[line:121] ERROR layer3 failed: failed to write into item, url is:(https://www.tox-cn.com/products/drives/pneumohydraulic-drives/type-rz/), error info is:(Traceback (most recent call last):
  File "C:\Users\timothy\Desktop\myproduct\product\spiders\spider_tox.py", line 93, in parse3
    print details
UnicodeEncodeError: 'gbk' codec can't encode character u'\xae' in position 249: illegal multibyte sequence
)
2017-05-27 11:23:26,733 spider_tox.py[line:82] INFO --------layer3, url is: https://www.tox-cn.com/products/drives/pneumohydraulic-drives/x-kt-system/.
2017-05-27 11:23:26,749 spider_tox.py[line:121] ERROR layer3 failed: failed to write into item, url is:(https://www.tox-cn.com/products/drives/pneumohydraulic-drives/x-kt-system/), error info is:(Traceback (most recent call last):
  File "C:\Users\timothy\Desktop\myproduct\product\spiders\spider_tox.py", line 114, in parse3
    print pname
UnicodeEncodeError: 'gbk' codec can't encode character u'\xa0' in position 6: illegal multibyte sequence
)
2017-05-27 11:23:34,548 spider_tox.py[line:82] INFO --------layer3, url is: https://www.tox-cn.com/products/drives/pneumohydraulic-drives/type-s-type-k/.
2017-05-27 11:23:34,572 spider_tox.py[line:121] ERROR layer3 failed: failed to write into item, url is:(https://www.tox-cn.com/products/drives/pneumohydraulic-drives/type-s-type-k/), error info is:(Traceback (most recent call last):
  File "C:\Users\timothy\Desktop\myproduct\product\spiders\spider_tox.py", line 114, in parse3
    print pname
UnicodeEncodeError: 'gbk' codec can't encode character u'\xa0' in position 5: illegal multibyte sequence
)
2017-05-27 11:23:37,783 spider_tox.py[line:82] INFO --------layer3, url is: https://www.tox-cn.com/products/drives/pneumohydraulic-drives/special-solutions/.
2017-05-27 11:23:37,799 spider_tox.py[line:121] ERROR layer3 failed: failed to write into item, url is:(https://www.tox-cn.com/products/drives/pneumohydraulic-drives/special-solutions/), error info is:(Traceback (most recent call last):
  File "C:\Users\timothy\Desktop\myproduct\product\spiders\spider_tox.py", line 93, in parse3
    print details
UnicodeEncodeError: 'gbk' codec can't encode character u'\xae' in position 107: illegal multibyte sequence
)
2017-05-27 11:23:42,615 spider_tox.py[line:82] INFO --------layer3, url is: https://www.tox-cn.com/products/drives/pneumohydraulic-drives/powerpackage-accessories/.
2017-05-27 11:23:42,631 spider_tox.py[line:121] ERROR layer3 failed: failed to write into item, url is:(https://www.tox-cn.com/products/drives/pneumohydraulic-drives/powerpackage-accessories/), error info is:(Traceback (most recent call last):
  File "C:\Users\timothy\Desktop\myproduct\product\spiders\spider_tox.py", line 93, in parse3
    print details
UnicodeEncodeError: 'gbk' codec can't encode character u'\xae' in position 172: illegal multibyte sequence
)
