2017-06-05 19:35:02,878 spiders.py[line:68] INFO Reading start URLs from redis key 'tt:start_urls' (batch size: 16, encoding: utf-8
2017-06-05 19:35:05,494 spiders.py[line:95] DEBUG Read 15 requests from 'tt:start_urls'
2017-06-05 19:35:06,698 spider_tt_v2.py[line:71] INFO layer1 url is: http://www.timken-timken.cn/zcList.aspx?par=jiaojiechuqiu.
2017-06-05 19:35:08,941 spider_tt_v2.py[line:94] ERROR layer1 parsing failed, url is:(http://www.timken-timken.cn/zcList.aspx?par=jiaojiechuqiu), error info is:(Traceback (most recent call last):
  File "C:\Users\timothy\Desktop\myproduct\product\spiders\spider_tt_v2.py", line 76, in parse
    driver = webdriver.PhantomJS()  # 得到浏览器
  File "E:\python27\lib\site-packages\selenium\webdriver\phantomjs\webdriver.py", line 52, in __init__
    self.service.start()
  File "E:\python27\lib\site-packages\selenium\webdriver\common\service.py", line 81, in start
    os.path.basename(self.path), self.start_error_message)
WebDriverException: Message: 'phantomjs' executable needs to be in PATH. 

)
2017-06-05 19:35:10,072 spider_tt_v2.py[line:71] INFO layer1 url is: http://www.timken-timken.cn/zcList.aspx?par=NTNyzyzgunzi.
2017-06-05 19:35:10,078 spider_tt_v2.py[line:94] ERROR layer1 parsing failed, url is:(http://www.timken-timken.cn/zcList.aspx?par=NTNyzyzgunzi), error info is:(Traceback (most recent call last):
  File "C:\Users\timothy\Desktop\myproduct\product\spiders\spider_tt_v2.py", line 76, in parse
    driver = webdriver.PhantomJS()  # 得到浏览器
  File "E:\python27\lib\site-packages\selenium\webdriver\phantomjs\webdriver.py", line 52, in __init__
    self.service.start()
  File "E:\python27\lib\site-packages\selenium\webdriver\common\service.py", line 81, in start
    os.path.basename(self.path), self.start_error_message)
WebDriverException: Message: 'phantomjs' executable needs to be in PATH. 

)
2017-06-05 19:35:14,842 spider_tt_v2.py[line:71] INFO layer1 url is: http://www.timken-timken.cn/zcList.aspx?par=KOYOyzyzgunzi.
2017-06-05 19:35:14,848 spider_tt_v2.py[line:94] ERROR layer1 parsing failed, url is:(http://www.timken-timken.cn/zcList.aspx?par=KOYOyzyzgunzi), error info is:(Traceback (most recent call last):
  File "C:\Users\timothy\Desktop\myproduct\product\spiders\spider_tt_v2.py", line 76, in parse
    driver = webdriver.PhantomJS()  # 得到浏览器
  File "E:\python27\lib\site-packages\selenium\webdriver\phantomjs\webdriver.py", line 52, in __init__
    self.service.start()
  File "E:\python27\lib\site-packages\selenium\webdriver\common\service.py", line 81, in start
    os.path.basename(self.path), self.start_error_message)
WebDriverException: Message: 'phantomjs' executable needs to be in PATH. 

)
2017-06-05 19:35:17,713 spider_tt_v2.py[line:71] INFO layer1 url is: http://www.timken-timken.cn/zcList.aspx?par=yjgunzi.
2017-06-05 19:35:17,727 spider_tt_v2.py[line:94] ERROR layer1 parsing failed, url is:(http://www.timken-timken.cn/zcList.aspx?par=yjgunzi), error info is:(Traceback (most recent call last):
  File "C:\Users\timothy\Desktop\myproduct\product\spiders\spider_tt_v2.py", line 76, in parse
    driver = webdriver.PhantomJS()  # 得到浏览器
  File "E:\python27\lib\site-packages\selenium\webdriver\phantomjs\webdriver.py", line 52, in __init__
    self.service.start()
  File "E:\python27\lib\site-packages\selenium\webdriver\common\service.py", line 81, in start
    os.path.basename(self.path), self.start_error_message)
WebDriverException: Message: 'phantomjs' executable needs to be in PATH. 

)
2017-06-05 19:35:23,736 spider_tt_v2.py[line:71] INFO layer1 url is: http://www.timken-timken.cn/zcList.aspx?par=yzgunzi.
2017-06-05 19:35:23,740 spider_tt_v2.py[line:94] ERROR layer1 parsing failed, url is:(http://www.timken-timken.cn/zcList.aspx?par=yzgunzi), error info is:(Traceback (most recent call last):
  File "C:\Users\timothy\Desktop\myproduct\product\spiders\spider_tt_v2.py", line 76, in parse
    driver = webdriver.PhantomJS()  # 得到浏览器
  File "E:\python27\lib\site-packages\selenium\webdriver\phantomjs\webdriver.py", line 52, in __init__
    self.service.start()
  File "E:\python27\lib\site-packages\selenium\webdriver\common\service.py", line 81, in start
    os.path.basename(self.path), self.start_error_message)
WebDriverException: Message: 'phantomjs' executable needs to be in PATH. 

)
2017-06-05 19:35:29,242 spider_tt_v2.py[line:71] INFO layer1 url is: http://www.timken-timken.cn/zcList.aspx?par=waiquan.
2017-06-05 19:35:29,252 spider_tt_v2.py[line:94] ERROR layer1 parsing failed, url is:(http://www.timken-timken.cn/zcList.aspx?par=waiquan), error info is:(Traceback (most recent call last):
  File "C:\Users\timothy\Desktop\myproduct\product\spiders\spider_tt_v2.py", line 76, in parse
    driver = webdriver.PhantomJS()  # 得到浏览器
  File "E:\python27\lib\site-packages\selenium\webdriver\phantomjs\webdriver.py", line 52, in __init__
    self.service.start()
  File "E:\python27\lib\site-packages\selenium\webdriver\common\service.py", line 81, in start
    os.path.basename(self.path), self.start_error_message)
WebDriverException: Message: 'phantomjs' executable needs to be in PATH. 

)
2017-06-05 19:35:34,460 spider_tt_v2.py[line:71] INFO layer1 url is: http://www.timken-timken.cn/zcList.aspx?par=shengouqiu.
2017-06-05 19:35:34,466 spider_tt_v2.py[line:94] ERROR layer1 parsing failed, url is:(http://www.timken-timken.cn/zcList.aspx?par=shengouqiu), error info is:(Traceback (most recent call last):
  File "C:\Users\timothy\Desktop\myproduct\product\spiders\spider_tt_v2.py", line 76, in parse
    driver = webdriver.PhantomJS()  # 得到浏览器
  File "E:\python27\lib\site-packages\selenium\webdriver\phantomjs\webdriver.py", line 52, in __init__
    self.service.start()
  File "E:\python27\lib\site-packages\selenium\webdriver\common\service.py", line 81, in start
    os.path.basename(self.path), self.start_error_message)
WebDriverException: Message: 'phantomjs' executable needs to be in PATH. 

)
2017-06-05 19:35:40,506 spider_tt_v2.py[line:71] INFO layer1 url is: http://www.timken-timken.cn/zcList.aspx?par=neiquan.
2017-06-05 19:35:40,523 spider_tt_v2.py[line:94] ERROR layer1 parsing failed, url is:(http://www.timken-timken.cn/zcList.aspx?par=neiquan), error info is:(Traceback (most recent call last):
  File "C:\Users\timothy\Desktop\myproduct\product\spiders\spider_tt_v2.py", line 76, in parse
    driver = webdriver.PhantomJS()  # 得到浏览器
  File "E:\python27\lib\site-packages\selenium\webdriver\phantomjs\webdriver.py", line 52, in __init__
    self.service.start()
  File "E:\python27\lib\site-packages\selenium\webdriver\common\service.py", line 81, in start
    os.path.basename(self.path), self.start_error_message)
WebDriverException: Message: 'phantomjs' executable needs to be in PATH. 

)
2017-06-05 19:35:45,792 spider_tt_v2.py[line:71] INFO layer1 url is: http://www.timken-timken.cn/zcList.aspx?par=tlyuanzhugunzi.
2017-06-05 19:35:45,796 spider_tt_v2.py[line:94] ERROR layer1 parsing failed, url is:(http://www.timken-timken.cn/zcList.aspx?par=tlyuanzhugunzi), error info is:(Traceback (most recent call last):
  File "C:\Users\timothy\Desktop\myproduct\product\spiders\spider_tt_v2.py", line 76, in parse
    driver = webdriver.PhantomJS()  # 得到浏览器
  File "E:\python27\lib\site-packages\selenium\webdriver\phantomjs\webdriver.py", line 52, in __init__
    self.service.start()
  File "E:\python27\lib\site-packages\selenium\webdriver\common\service.py", line 81, in start
    os.path.basename(self.path), self.start_error_message)
WebDriverException: Message: 'phantomjs' executable needs to be in PATH. 

)
2017-06-05 19:35:51,078 spider_tt_v2.py[line:71] INFO layer1 url is: http://www.timken-timken.cn/zcList.aspx?par=3000xl.
2017-06-05 19:35:51,084 spider_tt_v2.py[line:94] ERROR layer1 parsing failed, url is:(http://www.timken-timken.cn/zcList.aspx?par=3000xl), error info is:(Traceback (most recent call last):
  File "C:\Users\timothy\Desktop\myproduct\product\spiders\spider_tt_v2.py", line 76, in parse
    driver = webdriver.PhantomJS()  # 得到浏览器
  File "E:\python27\lib\site-packages\selenium\webdriver\phantomjs\webdriver.py", line 52, in __init__
    self.service.start()
  File "E:\python27\lib\site-packages\selenium\webdriver\common\service.py", line 81, in start
    os.path.basename(self.path), self.start_error_message)
WebDriverException: Message: 'phantomjs' executable needs to be in PATH. 

)
2017-06-05 19:35:55,917 spider_tt_v2.py[line:71] INFO layer1 url is: http://www.timken-timken.cn/zcList.aspx?par=Nachiyzgunzi.
2017-06-05 19:35:55,923 spider_tt_v2.py[line:94] ERROR layer1 parsing failed, url is:(http://www.timken-timken.cn/zcList.aspx?par=Nachiyzgunzi), error info is:(Traceback (most recent call last):
  File "C:\Users\timothy\Desktop\myproduct\product\spiders\spider_tt_v2.py", line 76, in parse
    driver = webdriver.PhantomJS()  # 得到浏览器
  File "E:\python27\lib\site-packages\selenium\webdriver\phantomjs\webdriver.py", line 52, in __init__
    self.service.start()
  File "E:\python27\lib\site-packages\selenium\webdriver\common\service.py", line 81, in start
    os.path.basename(self.path), self.start_error_message)
WebDriverException: Message: 'phantomjs' executable needs to be in PATH. 

)
2017-06-05 19:36:00,937 spider_tt_v2.py[line:71] INFO layer1 url is: http://www.timken-timken.cn/zcList.aspx?par=tiaoxingunzi.
2017-06-05 19:36:00,943 spider_tt_v2.py[line:94] ERROR layer1 parsing failed, url is:(http://www.timken-timken.cn/zcList.aspx?par=tiaoxingunzi), error info is:(Traceback (most recent call last):
  File "C:\Users\timothy\Desktop\myproduct\product\spiders\spider_tt_v2.py", line 76, in parse
    driver = webdriver.PhantomJS()  # 得到浏览器
  File "E:\python27\lib\site-packages\selenium\webdriver\phantomjs\webdriver.py", line 52, in __init__
    self.service.start()
  File "E:\python27\lib\site-packages\selenium\webdriver\common\service.py", line 81, in start
    os.path.basename(self.path), self.start_error_message)
WebDriverException: Message: 'phantomjs' executable needs to be in PATH. 

)
2017-06-05 19:36:05,617 spider_tt_v2.py[line:71] INFO layer1 url is: http://www.timken-timken.cn/zcList.aspx?par=fujian.
2017-06-05 19:36:05,625 spider_tt_v2.py[line:94] ERROR layer1 parsing failed, url is:(http://www.timken-timken.cn/zcList.aspx?par=fujian), error info is:(Traceback (most recent call last):
  File "C:\Users\timothy\Desktop\myproduct\product\spiders\spider_tt_v2.py", line 76, in parse
    driver = webdriver.PhantomJS()  # 得到浏览器
  File "E:\python27\lib\site-packages\selenium\webdriver\phantomjs\webdriver.py", line 52, in __init__
    self.service.start()
  File "E:\python27\lib\site-packages\selenium\webdriver\common\service.py", line 81, in start
    os.path.basename(self.path), self.start_error_message)
WebDriverException: Message: 'phantomjs' executable needs to be in PATH. 

)
2017-06-05 19:36:10,341 spider_tt_v2.py[line:71] INFO layer1 url is: http://www.timken-timken.cn/zcList.aspx?par=waiqiumian.
2017-06-05 19:36:10,345 spider_tt_v2.py[line:94] ERROR layer1 parsing failed, url is:(http://www.timken-timken.cn/zcList.aspx?par=waiqiumian), error info is:(Traceback (most recent call last):
  File "C:\Users\timothy\Desktop\myproduct\product\spiders\spider_tt_v2.py", line 76, in parse
    driver = webdriver.PhantomJS()  # 得到浏览器
  File "E:\python27\lib\site-packages\selenium\webdriver\phantomjs\webdriver.py", line 52, in __init__
    self.service.start()
  File "E:\python27\lib\site-packages\selenium\webdriver\common\service.py", line 81, in start
    os.path.basename(self.path), self.start_error_message)
WebDriverException: Message: 'phantomjs' executable needs to be in PATH. 

)
2017-06-05 19:36:13,680 spider_tt_v2.py[line:71] INFO layer1 url is: http://www.timken-timken.cn/zcList.aspx?par=tltiaoxingunzi.
2017-06-05 19:36:13,688 spider_tt_v2.py[line:94] ERROR layer1 parsing failed, url is:(http://www.timken-timken.cn/zcList.aspx?par=tltiaoxingunzi), error info is:(Traceback (most recent call last):
  File "C:\Users\timothy\Desktop\myproduct\product\spiders\spider_tt_v2.py", line 76, in parse
    driver = webdriver.PhantomJS()  # 得到浏览器
  File "E:\python27\lib\site-packages\selenium\webdriver\phantomjs\webdriver.py", line 52, in __init__
    self.service.start()
  File "E:\python27\lib\site-packages\selenium\webdriver\common\service.py", line 81, in start
    os.path.basename(self.path), self.start_error_message)
WebDriverException: Message: 'phantomjs' executable needs to be in PATH. 

)
2017-06-05 19:38:04,403 spiders.py[line:95] DEBUG Read 15 requests from 'tt:start_urls'
2017-06-05 19:38:04,660 spider_tt_v2.py[line:71] INFO layer1 url is: http://www.timken-timken.cn/zcList.aspx?par=3000xl.
2017-06-05 19:38:04,673 spider_tt_v2.py[line:94] ERROR layer1 parsing failed, url is:(http://www.timken-timken.cn/zcList.aspx?par=3000xl), error info is:(Traceback (most recent call last):
  File "C:\Users\timothy\Desktop\myproduct\product\spiders\spider_tt_v2.py", line 76, in parse
    driver = webdriver.PhantomJS(executable_path='E:\python27\Lib\site-packages\phantomjs\bin\phantomjs.exe')  # 得到浏览器
  File "E:\python27\lib\site-packages\selenium\webdriver\phantomjs\webdriver.py", line 52, in __init__
    self.service.start()
  File "E:\python27\lib\site-packages\selenium\webdriver\common\service.py", line 81, in start
    os.path.basename(self.path), self.start_error_message)
WebDriverException: Message: 'phantomjs' executable needs to be in PATH. 

)
2017-06-05 19:38:10,572 spider_tt_v2.py[line:71] INFO layer1 url is: http://www.timken-timken.cn/zcList.aspx?par=fujian.
2017-06-05 19:38:10,585 spider_tt_v2.py[line:94] ERROR layer1 parsing failed, url is:(http://www.timken-timken.cn/zcList.aspx?par=fujian), error info is:(Traceback (most recent call last):
  File "C:\Users\timothy\Desktop\myproduct\product\spiders\spider_tt_v2.py", line 76, in parse
    driver = webdriver.PhantomJS(executable_path='E:\python27\Lib\site-packages\phantomjs\bin\phantomjs.exe')  # 得到浏览器
  File "E:\python27\lib\site-packages\selenium\webdriver\phantomjs\webdriver.py", line 52, in __init__
    self.service.start()
  File "E:\python27\lib\site-packages\selenium\webdriver\common\service.py", line 81, in start
    os.path.basename(self.path), self.start_error_message)
WebDriverException: Message: 'phantomjs' executable needs to be in PATH. 

)
2017-06-05 19:38:16,575 spider_tt_v2.py[line:71] INFO layer1 url is: http://www.timken-timken.cn/zcList.aspx?par=neiquan.
2017-06-05 19:38:16,584 spider_tt_v2.py[line:94] ERROR layer1 parsing failed, url is:(http://www.timken-timken.cn/zcList.aspx?par=neiquan), error info is:(Traceback (most recent call last):
  File "C:\Users\timothy\Desktop\myproduct\product\spiders\spider_tt_v2.py", line 76, in parse
    driver = webdriver.PhantomJS(executable_path='E:\python27\Lib\site-packages\phantomjs\bin\phantomjs.exe')  # 得到浏览器
  File "E:\python27\lib\site-packages\selenium\webdriver\phantomjs\webdriver.py", line 52, in __init__
    self.service.start()
  File "E:\python27\lib\site-packages\selenium\webdriver\common\service.py", line 81, in start
    os.path.basename(self.path), self.start_error_message)
WebDriverException: Message: 'phantomjs' executable needs to be in PATH. 

)
2017-06-05 19:38:19,706 spider_tt_v2.py[line:71] INFO layer1 url is: http://www.timken-timken.cn/zcList.aspx?par=waiquan.
2017-06-05 19:38:19,716 spider_tt_v2.py[line:94] ERROR layer1 parsing failed, url is:(http://www.timken-timken.cn/zcList.aspx?par=waiquan), error info is:(Traceback (most recent call last):
  File "C:\Users\timothy\Desktop\myproduct\product\spiders\spider_tt_v2.py", line 76, in parse
    driver = webdriver.PhantomJS(executable_path='E:\python27\Lib\site-packages\phantomjs\bin\phantomjs.exe')  # 得到浏览器
  File "E:\python27\lib\site-packages\selenium\webdriver\phantomjs\webdriver.py", line 52, in __init__
    self.service.start()
  File "E:\python27\lib\site-packages\selenium\webdriver\common\service.py", line 81, in start
    os.path.basename(self.path), self.start_error_message)
WebDriverException: Message: 'phantomjs' executable needs to be in PATH. 

)
2017-06-05 19:38:25,073 spider_tt_v2.py[line:71] INFO layer1 url is: http://www.timken-timken.cn/zcList.aspx?par=yjgunzi.
2017-06-05 19:38:25,085 spider_tt_v2.py[line:94] ERROR layer1 parsing failed, url is:(http://www.timken-timken.cn/zcList.aspx?par=yjgunzi), error info is:(Traceback (most recent call last):
  File "C:\Users\timothy\Desktop\myproduct\product\spiders\spider_tt_v2.py", line 76, in parse
    driver = webdriver.PhantomJS(executable_path='E:\python27\Lib\site-packages\phantomjs\bin\phantomjs.exe')  # 得到浏览器
  File "E:\python27\lib\site-packages\selenium\webdriver\phantomjs\webdriver.py", line 52, in __init__
    self.service.start()
  File "E:\python27\lib\site-packages\selenium\webdriver\common\service.py", line 81, in start
    os.path.basename(self.path), self.start_error_message)
WebDriverException: Message: 'phantomjs' executable needs to be in PATH. 

)
2017-06-05 19:38:29,417 spider_tt_v2.py[line:71] INFO layer1 url is: http://www.timken-timken.cn/zcList.aspx?par=yzgunzi.
2017-06-05 19:38:29,423 spider_tt_v2.py[line:94] ERROR layer1 parsing failed, url is:(http://www.timken-timken.cn/zcList.aspx?par=yzgunzi), error info is:(Traceback (most recent call last):
  File "C:\Users\timothy\Desktop\myproduct\product\spiders\spider_tt_v2.py", line 76, in parse
    driver = webdriver.PhantomJS(executable_path='E:\python27\Lib\site-packages\phantomjs\bin\phantomjs.exe')  # 得到浏览器
  File "E:\python27\lib\site-packages\selenium\webdriver\phantomjs\webdriver.py", line 52, in __init__
    self.service.start()
  File "E:\python27\lib\site-packages\selenium\webdriver\common\service.py", line 81, in start
    os.path.basename(self.path), self.start_error_message)
WebDriverException: Message: 'phantomjs' executable needs to be in PATH. 

)
2017-06-05 19:38:33,286 spider_tt_v2.py[line:71] INFO layer1 url is: http://www.timken-timken.cn/zcList.aspx?par=shengouqiu.
2017-06-05 19:38:33,290 spider_tt_v2.py[line:94] ERROR layer1 parsing failed, url is:(http://www.timken-timken.cn/zcList.aspx?par=shengouqiu), error info is:(Traceback (most recent call last):
  File "C:\Users\timothy\Desktop\myproduct\product\spiders\spider_tt_v2.py", line 76, in parse
    driver = webdriver.PhantomJS(executable_path='E:\python27\Lib\site-packages\phantomjs\bin\phantomjs.exe')  # 得到浏览器
  File "E:\python27\lib\site-packages\selenium\webdriver\phantomjs\webdriver.py", line 52, in __init__
    self.service.start()
  File "E:\python27\lib\site-packages\selenium\webdriver\common\service.py", line 81, in start
    os.path.basename(self.path), self.start_error_message)
WebDriverException: Message: 'phantomjs' executable needs to be in PATH. 

)
2017-06-05 19:38:39,285 spider_tt_v2.py[line:71] INFO layer1 url is: http://www.timken-timken.cn/zcList.aspx?par=waiqiumian.
2017-06-05 19:38:39,302 spider_tt_v2.py[line:94] ERROR layer1 parsing failed, url is:(http://www.timken-timken.cn/zcList.aspx?par=waiqiumian), error info is:(Traceback (most recent call last):
  File "C:\Users\timothy\Desktop\myproduct\product\spiders\spider_tt_v2.py", line 76, in parse
    driver = webdriver.PhantomJS(executable_path='E:\python27\Lib\site-packages\phantomjs\bin\phantomjs.exe')  # 得到浏览器
  File "E:\python27\lib\site-packages\selenium\webdriver\phantomjs\webdriver.py", line 52, in __init__
    self.service.start()
  File "E:\python27\lib\site-packages\selenium\webdriver\common\service.py", line 81, in start
    os.path.basename(self.path), self.start_error_message)
WebDriverException: Message: 'phantomjs' executable needs to be in PATH. 

)
2017-06-05 19:38:44,973 spider_tt_v2.py[line:71] INFO layer1 url is: http://www.timken-timken.cn/zcList.aspx?par=NTNyzyzgunzi.
2017-06-05 19:38:44,979 spider_tt_v2.py[line:94] ERROR layer1 parsing failed, url is:(http://www.timken-timken.cn/zcList.aspx?par=NTNyzyzgunzi), error info is:(Traceback (most recent call last):
  File "C:\Users\timothy\Desktop\myproduct\product\spiders\spider_tt_v2.py", line 76, in parse
    driver = webdriver.PhantomJS(executable_path='E:\python27\Lib\site-packages\phantomjs\bin\phantomjs.exe')  # 得到浏览器
  File "E:\python27\lib\site-packages\selenium\webdriver\phantomjs\webdriver.py", line 52, in __init__
    self.service.start()
  File "E:\python27\lib\site-packages\selenium\webdriver\common\service.py", line 81, in start
    os.path.basename(self.path), self.start_error_message)
WebDriverException: Message: 'phantomjs' executable needs to be in PATH. 

)
2017-06-05 19:38:50,480 spider_tt_v2.py[line:71] INFO layer1 url is: http://www.timken-timken.cn/zcList.aspx?par=Nachiyzgunzi.
2017-06-05 19:38:50,487 spider_tt_v2.py[line:94] ERROR layer1 parsing failed, url is:(http://www.timken-timken.cn/zcList.aspx?par=Nachiyzgunzi), error info is:(Traceback (most recent call last):
  File "C:\Users\timothy\Desktop\myproduct\product\spiders\spider_tt_v2.py", line 76, in parse
    driver = webdriver.PhantomJS(executable_path='E:\python27\Lib\site-packages\phantomjs\bin\phantomjs.exe')  # 得到浏览器
  File "E:\python27\lib\site-packages\selenium\webdriver\phantomjs\webdriver.py", line 52, in __init__
    self.service.start()
  File "E:\python27\lib\site-packages\selenium\webdriver\common\service.py", line 81, in start
    os.path.basename(self.path), self.start_error_message)
WebDriverException: Message: 'phantomjs' executable needs to be in PATH. 

)
2017-06-05 19:38:52,969 spider_tt_v2.py[line:71] INFO layer1 url is: http://www.timken-timken.cn/zcList.aspx?par=tiaoxingunzi.
2017-06-05 19:38:52,973 spider_tt_v2.py[line:94] ERROR layer1 parsing failed, url is:(http://www.timken-timken.cn/zcList.aspx?par=tiaoxingunzi), error info is:(Traceback (most recent call last):
  File "C:\Users\timothy\Desktop\myproduct\product\spiders\spider_tt_v2.py", line 76, in parse
    driver = webdriver.PhantomJS(executable_path='E:\python27\Lib\site-packages\phantomjs\bin\phantomjs.exe')  # 得到浏览器
  File "E:\python27\lib\site-packages\selenium\webdriver\phantomjs\webdriver.py", line 52, in __init__
    self.service.start()
  File "E:\python27\lib\site-packages\selenium\webdriver\common\service.py", line 81, in start
    os.path.basename(self.path), self.start_error_message)
WebDriverException: Message: 'phantomjs' executable needs to be in PATH. 

)
2017-06-05 19:38:56,394 spider_tt_v2.py[line:71] INFO layer1 url is: http://www.timken-timken.cn/zcList.aspx?par=KOYOyzyzgunzi.
2017-06-05 19:38:56,401 spider_tt_v2.py[line:94] ERROR layer1 parsing failed, url is:(http://www.timken-timken.cn/zcList.aspx?par=KOYOyzyzgunzi), error info is:(Traceback (most recent call last):
  File "C:\Users\timothy\Desktop\myproduct\product\spiders\spider_tt_v2.py", line 76, in parse
    driver = webdriver.PhantomJS(executable_path='E:\python27\Lib\site-packages\phantomjs\bin\phantomjs.exe')  # 得到浏览器
  File "E:\python27\lib\site-packages\selenium\webdriver\phantomjs\webdriver.py", line 52, in __init__
    self.service.start()
  File "E:\python27\lib\site-packages\selenium\webdriver\common\service.py", line 81, in start
    os.path.basename(self.path), self.start_error_message)
WebDriverException: Message: 'phantomjs' executable needs to be in PATH. 

)
2017-06-05 19:39:02,164 spider_tt_v2.py[line:71] INFO layer1 url is: http://www.timken-timken.cn/zcList.aspx?par=jiaojiechuqiu.
2017-06-05 19:39:02,174 spider_tt_v2.py[line:94] ERROR layer1 parsing failed, url is:(http://www.timken-timken.cn/zcList.aspx?par=jiaojiechuqiu), error info is:(Traceback (most recent call last):
  File "C:\Users\timothy\Desktop\myproduct\product\spiders\spider_tt_v2.py", line 76, in parse
    driver = webdriver.PhantomJS(executable_path='E:\python27\Lib\site-packages\phantomjs\bin\phantomjs.exe')  # 得到浏览器
  File "E:\python27\lib\site-packages\selenium\webdriver\phantomjs\webdriver.py", line 52, in __init__
    self.service.start()
  File "E:\python27\lib\site-packages\selenium\webdriver\common\service.py", line 81, in start
    os.path.basename(self.path), self.start_error_message)
WebDriverException: Message: 'phantomjs' executable needs to be in PATH. 

)
2017-06-05 19:39:07,911 spider_tt_v2.py[line:71] INFO layer1 url is: http://www.timken-timken.cn/zcList.aspx?par=tltiaoxingunzi.
2017-06-05 19:39:07,914 spider_tt_v2.py[line:94] ERROR layer1 parsing failed, url is:(http://www.timken-timken.cn/zcList.aspx?par=tltiaoxingunzi), error info is:(Traceback (most recent call last):
  File "C:\Users\timothy\Desktop\myproduct\product\spiders\spider_tt_v2.py", line 76, in parse
    driver = webdriver.PhantomJS(executable_path='E:\python27\Lib\site-packages\phantomjs\bin\phantomjs.exe')  # 得到浏览器
  File "E:\python27\lib\site-packages\selenium\webdriver\phantomjs\webdriver.py", line 52, in __init__
    self.service.start()
  File "E:\python27\lib\site-packages\selenium\webdriver\common\service.py", line 81, in start
    os.path.basename(self.path), self.start_error_message)
WebDriverException: Message: 'phantomjs' executable needs to be in PATH. 

)
2017-06-05 19:39:12,431 spider_tt_v2.py[line:71] INFO layer1 url is: http://www.timken-timken.cn/zcList.aspx?par=tlyuanzhugunzi.
2017-06-05 19:39:12,437 spider_tt_v2.py[line:94] ERROR layer1 parsing failed, url is:(http://www.timken-timken.cn/zcList.aspx?par=tlyuanzhugunzi), error info is:(Traceback (most recent call last):
  File "C:\Users\timothy\Desktop\myproduct\product\spiders\spider_tt_v2.py", line 76, in parse
    driver = webdriver.PhantomJS(executable_path='E:\python27\Lib\site-packages\phantomjs\bin\phantomjs.exe')  # 得到浏览器
  File "E:\python27\lib\site-packages\selenium\webdriver\phantomjs\webdriver.py", line 52, in __init__
    self.service.start()
  File "E:\python27\lib\site-packages\selenium\webdriver\common\service.py", line 81, in start
    os.path.basename(self.path), self.start_error_message)
WebDriverException: Message: 'phantomjs' executable needs to be in PATH. 

)
