2017-06-12 14:19:15,720 spiders.py[line:68] INFO Reading start URLs from redis key 'xiya:start_urls' (batch size: 16, encoding: utf-8
2017-06-12 14:19:17,394 __init__.py[line:47] DEBUG Resuming crawl (14 requests scheduled)
2017-06-12 14:19:18,444 spiders.py[line:95] DEBUG Read 1 requests from 'xiya:start_urls'
2017-06-12 14:19:19,211 spider_xiya.py[line:86] INFO detail is being parsed, url is: http://www.compressor-xy.com/products_detail/productId=35.html.
2017-06-12 14:19:24,099 spider_xiya.py[line:86] INFO detail is being parsed, url is: http://www.compressor-xy.com/products_detail/productId=46.html.
2017-06-12 14:19:29,117 spider_xiya.py[line:86] INFO detail is being parsed, url is: http://www.compressor-xy.com/products_detail/productId=46.html.
2017-06-12 14:19:33,091 spider_xiya.py[line:86] INFO detail is being parsed, url is: http://www.compressor-xy.com/products_detail/productId=24.html.
2017-06-12 14:19:38,920 spider_xiya.py[line:86] INFO detail is being parsed, url is: http://www.compressor-xy.com/products_detail/productId=24.html.
2017-06-12 14:19:43,344 spider_xiya.py[line:86] INFO detail is being parsed, url is: http://www.compressor-xy.com/products_detail/productId=24.html.
2017-06-12 14:19:48,961 spider_xiya.py[line:68] INFO url is: http://www.compressor-xy.com/products_list/pmcId=36.html.
2017-06-12 14:19:54,650 spider_xiya.py[line:68] INFO url is: http://www.compressor-xy.com/products_list/pmcId=38.html.
2017-06-12 14:20:00,075 spider_xiya.py[line:68] INFO url is: http://www.compressor-xy.com/products_list/pmcId=40.html.
2017-06-12 14:20:05,641 spider_xiya.py[line:68] INFO url is: http://www.compressor-xy.com/products_list/pmcId=41.html.
2017-06-12 14:20:10,223 spider_xiya.py[line:68] INFO url is: http://www.compressor-xy.com/products_list/pmcId=45.html.
2017-06-12 14:20:14,180 spider_xiya.py[line:86] INFO detail is being parsed, url is: http://www.compressor-xy.com/products_detail/productId=23.html.
2017-06-12 14:20:19,611 spider_xiya.py[line:86] INFO detail is being parsed, url is: http://www.compressor-xy.com/products_detail/productId=25.html.
2017-06-12 14:20:23,348 spider_xiya.py[line:86] INFO detail is being parsed, url is: http://www.compressor-xy.com/products_detail/productId=33.html.
2017-06-12 14:20:28,878 spider_xiya.py[line:53] INFO url is: http://www.compressor-xy.com/products_index.html.
2017-06-12 14:20:32,048 spider_xiya.py[line:86] INFO detail is being parsed, url is: http://www.compressor-xy.com/products_detail/productId=32.html.
2017-06-12 14:20:37,772 spider_xiya.py[line:86] INFO detail is being parsed, url is: http://www.compressor-xy.com/products_detail/productId=44.html.
2017-06-12 14:20:43,351 spider_xiya.py[line:86] INFO detail is being parsed, url is: http://www.compressor-xy.com/products_detail/productId=42.html.
2017-06-12 14:20:49,188 spider_xiya.py[line:86] INFO detail is being parsed, url is: http://www.compressor-xy.com/products_detail/productId=26.html.
2017-06-12 14:20:52,631 spider_xiya.py[line:86] INFO detail is being parsed, url is: http://www.compressor-xy.com/products_detail/productId=44.html.
2017-06-12 14:20:58,460 spider_xiya.py[line:86] INFO detail is being parsed, url is: http://www.compressor-xy.com/products_detail/productId=32.html.
2017-06-12 14:21:03,194 spider_xiya.py[line:86] INFO detail is being parsed, url is: http://www.compressor-xy.com/products_detail/productId=21.html.
2017-06-12 14:21:07,937 spider_xiya.py[line:68] INFO url is: http://www.compressor-xy.com/products_list/pmcId=21.html.
2017-06-12 14:21:12,805 spider_xiya.py[line:68] INFO url is: http://www.compressor-xy.com/products_list/pmcId=23.html.
2017-06-12 14:21:17,453 spider_xiya.py[line:68] INFO url is: http://www.compressor-xy.com/products_list/pmcId=24.html.
2017-06-12 14:21:22,493 spider_xiya.py[line:68] INFO url is: http://www.compressor-xy.com/products_list/pmcId=25.html.
2017-06-12 14:21:26,148 spider_xiya.py[line:68] INFO url is: http://www.compressor-xy.com/products_list/pmcId=27.html.
2017-06-12 14:21:32,015 spider_xiya.py[line:68] INFO url is: http://www.compressor-xy.com/products_list/pmcId=31.html.
2017-06-12 14:21:37,559 spider_xiya.py[line:68] INFO url is: http://www.compressor-xy.com/products_list/pmcId=32.html.
2017-06-12 14:21:43,453 spider_xiya.py[line:68] INFO url is: http://www.compressor-xy.com/products_list/pmcId=34.html.
2017-06-12 14:21:47,171 spider_xiya.py[line:68] INFO url is: http://www.compressor-xy.com/products_list/pmcId=39.html.
2017-06-12 14:21:51,930 spider_xiya.py[line:68] INFO url is: http://www.compressor-xy.com/products_list/pmcId=26.html.
2017-06-12 14:21:56,196 spider_xiya.py[line:68] INFO url is: http://www.compressor-xy.com/products_list/pmcId=28.html.
2017-06-12 14:22:00,039 spider_xiya.py[line:68] INFO url is: http://www.compressor-xy.com/products_list/pmcId=29.html.
2017-06-12 14:22:06,164 spider_xiya.py[line:68] INFO url is: http://www.compressor-xy.com/products_list/pmcId=30.html.
2017-06-12 14:22:10,358 spider_xiya.py[line:68] INFO url is: http://www.compressor-xy.com/products_list/pmcId=33.html.
2017-06-12 14:22:16,448 spider_xiya.py[line:68] INFO url is: http://www.compressor-xy.com/products_list/pmcId=35.html.
2017-06-12 14:22:21,890 spider_xiya.py[line:68] INFO url is: http://www.compressor-xy.com/products_list/pmcId=36.html.
2017-06-12 14:22:26,125 spider_xiya.py[line:68] INFO url is: http://www.compressor-xy.com/products_list/pmcId=38.html.
2017-06-12 14:22:31,028 spider_xiya.py[line:86] INFO detail is being parsed, url is: http://www.compressor-xy.com/products_detail/productId=45.html.
2017-06-12 14:22:35,756 spider_xiya.py[line:86] INFO detail is being parsed, url is: http://www.compressor-xy.com/products_detail/productId=35.html.
2017-06-12 14:22:41,496 spider_xiya.py[line:86] INFO detail is being parsed, url is: http://www.compressor-xy.com/products_detail/productId=22.html.
2017-06-12 14:22:47,479 spider_xiya.py[line:86] INFO detail is being parsed, url is: http://www.compressor-xy.com/products_detail/productId=46.html.
2017-06-12 14:22:51,770 spider_xiya.py[line:86] INFO detail is being parsed, url is: http://www.compressor-xy.com/products_detail/productId=33.html.
2017-06-12 14:22:56,509 spider_xiya.py[line:86] INFO detail is being parsed, url is: http://www.compressor-xy.com/products_detail/productId=24.html.
2017-06-12 14:23:01,562 spider_xiya.py[line:86] INFO detail is being parsed, url is: http://www.compressor-xy.com/products_detail/productId=33.html.
2017-06-12 14:23:07,302 spider_xiya.py[line:86] INFO detail is being parsed, url is: http://www.compressor-xy.com/products_detail/productId=45.html.
2017-06-12 14:23:11,213 spider_xiya.py[line:86] INFO detail is being parsed, url is: http://www.compressor-xy.com/products_detail/productId=45.html.
2017-06-12 14:23:15,986 spider_xiya.py[line:86] INFO detail is being parsed, url is: http://www.compressor-xy.com/products_detail/productId=22.html.
2017-06-12 14:23:20,161 spider_xiya.py[line:86] INFO detail is being parsed, url is: http://www.compressor-xy.com/products_detail/productId=25.html.
2017-06-12 14:23:25,937 spider_xiya.py[line:86] INFO detail is being parsed, url is: http://www.compressor-xy.com/products_detail/productId=38.html.
2017-06-12 14:23:31,490 spider_xiya.py[line:86] INFO detail is being parsed, url is: http://www.compressor-xy.com/products_detail/productId=22.html.
2017-06-12 14:23:37,079 spider_xiya.py[line:86] INFO detail is being parsed, url is: http://www.compressor-xy.com/products_detail/productId=23.html.
2017-06-12 14:23:42,740 spider_xiya.py[line:86] INFO detail is being parsed, url is: http://www.compressor-xy.com/products_detail/productId=25.html.
2017-06-12 14:23:48,499 spider_xiya.py[line:86] INFO detail is being parsed, url is: http://www.compressor-xy.com/products_detail/productId=34.html.
2017-06-12 14:23:52,948 spider_xiya.py[line:86] INFO detail is being parsed, url is: http://www.compressor-xy.com/products_detail/productId=44.html.
2017-06-12 14:23:58,361 spider_xiya.py[line:86] INFO detail is being parsed, url is: http://www.compressor-xy.com/products_detail/productId=38.html.
2017-06-12 14:24:00,970 spider_xiya.py[line:86] INFO detail is being parsed, url is: http://www.compressor-xy.com/products_detail/productId=28.html.
2017-06-12 14:24:06,473 spider_xiya.py[line:86] INFO detail is being parsed, url is: http://www.compressor-xy.com/products_detail/productId=36.html.
2017-06-12 14:24:10,584 spider_xiya.py[line:86] INFO detail is being parsed, url is: http://www.compressor-xy.com/products_detail/productId=36.html.
2017-06-12 14:24:16,594 spider_xiya.py[line:86] INFO detail is being parsed, url is: http://www.compressor-xy.com/products_detail/productId=32.html.
2017-06-12 14:24:22,232 spider_xiya.py[line:86] INFO detail is being parsed, url is: http://www.compressor-xy.com/products_detail/productId=33.html.
2017-06-12 14:24:26,401 spider_xiya.py[line:86] INFO detail is being parsed, url is: http://www.compressor-xy.com/products_detail/productId=37.html.
2017-06-12 14:24:32,278 spider_xiya.py[line:86] INFO detail is being parsed, url is: http://www.compressor-xy.com/products_detail/productId=26.html.
2017-06-12 14:24:36,960 spider_xiya.py[line:86] INFO detail is being parsed, url is: http://www.compressor-xy.com/products_detail/productId=43.html.
2017-06-12 14:24:42,033 spider_xiya.py[line:86] INFO detail is being parsed, url is: http://www.compressor-xy.com/products_detail/productId=43.html.
2017-06-12 14:24:47,736 spider_xiya.py[line:86] INFO detail is being parsed, url is: http://www.compressor-xy.com/products_detail/productId=31.html.
2017-06-12 14:24:53,313 spider_xiya.py[line:86] INFO detail is being parsed, url is: http://www.compressor-xy.com/products_detail/productId=31.html.
2017-06-12 14:24:56,841 spider_xiya.py[line:86] INFO detail is being parsed, url is: http://www.compressor-xy.com/products_detail/productId=21.html.
2017-06-12 14:25:00,694 spider_xiya.py[line:86] INFO detail is being parsed, url is: http://www.compressor-xy.com/products_detail/productId=30.html.
2017-06-12 14:25:03,352 spider_xiya.py[line:86] INFO detail is being parsed, url is: http://www.compressor-xy.com/products_detail/productId=27.html.
2017-06-12 14:25:08,819 spider_xiya.py[line:86] INFO detail is being parsed, url is: http://www.compressor-xy.com/products_detail/productId=27.html.
2017-06-12 14:25:13,375 spider_xiya.py[line:86] INFO detail is being parsed, url is: http://www.compressor-xy.com/products_detail/productId=42.html.
2017-06-12 14:25:17,391 spider_xiya.py[line:86] INFO detail is being parsed, url is: http://www.compressor-xy.com/products_detail/productId=35.html.
2017-06-12 14:25:22,552 spider_xiya.py[line:86] INFO detail is being parsed, url is: http://www.compressor-xy.com/products_detail/productId=46.html.
2017-06-12 14:25:26,296 spider_xiya.py[line:86] INFO detail is being parsed, url is: http://www.compressor-xy.com/products_detail/productId=24.html.
2017-06-12 14:25:29,404 spider_xiya.py[line:86] INFO detail is being parsed, url is: http://www.compressor-xy.com/products_detail/productId=24.html.
2017-06-12 14:25:32,701 spider_xiya.py[line:68] INFO url is: http://www.compressor-xy.com/products_list/pmcId=40.html.
2017-06-12 14:25:36,056 spider_xiya.py[line:68] INFO url is: http://www.compressor-xy.com/products_list/pmcId=41.html.
2017-06-12 14:25:41,283 spider_xiya.py[line:68] INFO url is: http://www.compressor-xy.com/products_list/pmcId=42.html.
2017-06-12 14:25:46,589 spider_xiya.py[line:68] INFO url is: http://www.compressor-xy.com/products_list/pmcId=45.html.
2017-06-12 14:25:52,454 spider_xiya.py[line:68] INFO url is: http://www.compressor-xy.com/products_list/pmcId=46.html.
2017-06-12 14:25:57,911 spider_xiya.py[line:86] INFO detail is being parsed, url is: http://www.compressor-xy.com/products_detail/productId=42.html.
2017-06-12 14:26:01,392 spider_xiya.py[line:86] INFO detail is being parsed, url is: http://www.compressor-xy.com/products_detail/productId=26.html.
2017-06-12 14:26:06,344 spider_xiya.py[line:86] INFO detail is being parsed, url is: http://www.compressor-xy.com/products_detail/productId=43.html.
