2017-05-31 13:49:32,815 spiders.py[line:68] INFO Reading start URLs from redis key 'yadon:start_urls' (batch size: 16, encoding: utf-8
2017-05-31 13:49:35,302 spiders.py[line:95] DEBUG Read 6 requests from 'yadon:start_urls'
2017-05-31 13:49:35,749 spider_yadon.py[line:55] INFO step into layer1, url is: http://www.duanya.com.cn/gaosuview.asp?ID=270&SortID=121.
2017-05-31 13:49:40,861 spider_yadon.py[line:55] INFO step into layer1, url is: http://www.duanya.com.cn/zxview.asp?ID=252&SortID=138.
2017-05-31 13:49:44,786 spider_yadon.py[line:55] INFO step into layer1, url is: http://www.duanya.com.cn/duanzaoview.asp?ID=281&SortID=130.
2017-05-31 13:49:50,526 spider_yadon.py[line:55] INFO step into layer1, url is: http://www.duanya.com.cn/fenmoview.asp?ID=283&SortID=134.
2017-05-31 13:49:56,365 spider_yadon.py[line:55] INFO step into layer1, url is: http://www.duanya.com.cn/jingchongview.asp?ID=248&SortID=104.
2017-05-31 13:50:00,979 spider_yadon.py[line:55] INFO step into layer1, url is: http://www.duanya.com.cn/jixieview.asp?ID=238&SortID=107.
2017-05-31 13:50:06,221 spider_yadon.py[line:70] INFO step into layer1, url is: http://www.duanya.com.cn/gaosuview.asp?ID=270&SortID=121.
2017-05-31 13:50:09,687 spider_yadon.py[line:70] INFO step into layer1, url is: http://www.duanya.com.cn/gaosuview.asp?ID=271&SortID=121.
2017-05-31 13:50:14,881 spider_yadon.py[line:70] INFO step into layer1, url is: http://www.duanya.com.cn/gaosuview.asp?ID=272&SortID=121.
2017-05-31 13:50:20,542 spider_yadon.py[line:70] INFO step into layer1, url is: http://www.duanya.com.cn/gaosuview.asp?ID=273&SortID=121.
2017-05-31 13:50:26,407 spider_yadon.py[line:70] INFO step into layer1, url is: http://www.duanya.com.cn/gaosuview.asp?ID=274&SortID=121.
2017-05-31 13:50:29,792 spider_yadon.py[line:70] INFO step into layer1, url is: http://www.duanya.com.cn/gaosuview.asp?ID=275&SortID=122.
2017-05-31 13:50:34,483 spider_yadon.py[line:70] INFO step into layer1, url is: http://www.duanya.com.cn/gaosuview.asp?ID=276&SortID=122.
2017-05-31 13:50:38,604 spider_yadon.py[line:70] INFO step into layer1, url is: http://www.duanya.com.cn/gaosuview.asp?ID=277&SortID=125.
2017-05-31 13:50:42,525 spider_yadon.py[line:70] INFO step into layer1, url is: http://www.duanya.com.cn/gaosuview.asp?ID=278&SortID=126.
2017-05-31 13:50:48,081 spider_yadon.py[line:70] INFO step into layer1, url is: http://www.duanya.com.cn/gaosuview.asp?ID=290&SortID=123.
2017-05-31 13:50:53,237 spider_yadon.py[line:70] INFO step into layer1, url is: http://www.duanya.com.cn/gaosuview.asp?ID=291&SortID=145.
2017-05-31 13:50:58,410 spider_yadon.py[line:70] INFO step into layer1, url is: http://www.duanya.com.cn/gaosuview.asp?ID=299&SortID=145.
2017-05-31 13:51:02,471 spider_yadon.py[line:70] INFO step into layer1, url is: http://www.duanya.com.cn/zxview.asp?ID=252&SortID=138.
2017-05-31 13:51:07,280 spider_yadon.py[line:70] INFO step into layer1, url is: http://www.duanya.com.cn/zxview.asp?ID=255&SortID=139.
2017-05-31 13:51:12,266 spider_yadon.py[line:70] INFO step into layer1, url is: http://www.duanya.com.cn/zxview.asp?ID=256&SortID=139.
2017-05-31 13:51:17,706 spider_yadon.py[line:70] INFO step into layer1, url is: http://www.duanya.com.cn/zxview.asp?ID=257&SortID=139.
2017-05-31 13:51:22,464 spider_yadon.py[line:70] INFO step into layer1, url is: http://www.duanya.com.cn/zxview.asp?ID=258&SortID=140.
2017-05-31 13:51:25,112 spider_yadon.py[line:70] INFO step into layer1, url is: http://www.duanya.com.cn/zxview.asp?ID=261&SortID=141.
2017-05-31 13:51:29,634 spider_yadon.py[line:70] INFO step into layer1, url is: http://www.duanya.com.cn/zxview.asp?ID=262&SortID=141.
2017-05-31 13:51:33,526 spider_yadon.py[line:70] INFO step into layer1, url is: http://www.duanya.com.cn/zxview.asp?ID=269&SortID=143.
2017-05-31 13:51:39,279 spider_yadon.py[line:70] INFO step into layer1, url is: http://www.duanya.com.cn/zxview.asp?ID=292&SortID=141.
2017-05-31 13:51:44,480 spider_yadon.py[line:70] INFO step into layer1, url is: http://www.duanya.com.cn/zxview.asp?ID=300&SortID=142.
2017-05-31 13:51:50,256 spider_yadon.py[line:70] INFO step into layer1, url is: http://www.duanya.com.cn/fenmoview.asp?ID=283&SortID=134.
2017-05-31 13:51:52,865 spider_yadon.py[line:70] INFO step into layer1, url is: http://www.duanya.com.cn/fenmoview.asp?ID=284&SortID=134.
2017-05-31 13:51:57,786 spider_yadon.py[line:70] INFO step into layer1, url is: http://www.duanya.com.cn/fenmoview.asp?ID=285&SortID=135.
2017-05-31 13:52:02,358 spider_yadon.py[line:70] INFO step into layer1, url is: http://www.duanya.com.cn/fenmoview.asp?ID=286&SortID=135.
2017-05-31 13:52:06,664 spider_yadon.py[line:70] INFO step into layer1, url is: http://www.duanya.com.cn/fenmoview.asp?ID=287&SortID=136.
2017-05-31 13:52:11,724 spider_yadon.py[line:70] INFO step into layer1, url is: http://www.duanya.com.cn/gaosuview.asp?ID=301&SortID=145.
2017-05-31 13:52:17,233 spider_yadon.py[line:70] INFO step into layer1, url is: http://www.duanya.com.cn/jixieview.asp?ID=238&SortID=107.
2017-05-31 13:52:21,765 spider_yadon.py[line:70] INFO step into layer1, url is: http://www.duanya.com.cn/jixieview.asp?ID=239&SortID=107.
2017-05-31 13:52:27,361 spider_yadon.py[line:70] INFO step into layer1, url is: http://www.duanya.com.cn/jixieview.asp?ID=240&SortID=107.
2017-05-31 13:52:30,766 spider_yadon.py[line:70] INFO step into layer1, url is: http://www.duanya.com.cn/jixieview.asp?ID=241&SortID=113.
2017-05-31 13:52:35,204 spider_yadon.py[line:70] INFO step into layer1, url is: http://www.duanya.com.cn/jixieview.asp?ID=242&SortID=108.
2017-05-31 13:52:39,502 spider_yadon.py[line:70] INFO step into layer1, url is: http://www.duanya.com.cn/jixieview.asp?ID=243&SortID=109.
2017-05-31 13:52:42,421 spider_yadon.py[line:70] INFO step into layer1, url is: http://www.duanya.com.cn/jixieview.asp?ID=245&SortID=114.
2017-05-31 13:52:47,394 spider_yadon.py[line:70] INFO step into layer1, url is: http://www.duanya.com.cn/jixieview.asp?ID=250&SortID=113.
2017-05-31 13:52:51,996 spider_yadon.py[line:70] INFO step into layer1, url is: http://www.duanya.com.cn/jixieview.asp?ID=251&SortID=110.
2017-05-31 13:52:57,400 spider_yadon.py[line:70] INFO step into layer1, url is: http://www.duanya.com.cn/jixieview.asp?ID=253&SortID=111.
2017-05-31 13:53:02,571 spider_yadon.py[line:70] INFO step into layer1, url is: http://www.duanya.com.cn/jixieview.asp?ID=254&SortID=111.
2017-05-31 13:53:07,311 spider_yadon.py[line:70] INFO step into layer1, url is: http://www.duanya.com.cn/jixieview.asp?ID=259&SortID=113.
2017-05-31 13:53:10,482 spider_yadon.py[line:70] INFO step into layer1, url is: http://www.duanya.com.cn/jixieview.asp?ID=260&SortID=114.
2017-05-31 13:53:15,453 spider_yadon.py[line:70] INFO step into layer1, url is: http://www.duanya.com.cn/jixieview.asp?ID=293&SortID=118.
2017-05-31 13:53:21,351 spider_yadon.py[line:70] INFO step into layer1, url is: http://www.duanya.com.cn/jixieview.asp?ID=294&SortID=116.
2017-05-31 13:53:25,565 spider_yadon.py[line:70] INFO step into layer1, url is: http://www.duanya.com.cn/jixieview.asp?ID=295&SortID=120.
2017-05-31 13:53:31,378 spider_yadon.py[line:70] INFO step into layer1, url is: http://www.duanya.com.cn/jixieview.asp?ID=296&SortID=120.
2017-05-31 13:53:37,178 spider_yadon.py[line:70] INFO step into layer1, url is: http://www.duanya.com.cn/duanzaoview.asp?ID=281&SortID=130.
2017-05-31 13:53:42,072 spider_yadon.py[line:70] INFO step into layer1, url is: http://www.duanya.com.cn/duanzaoview.asp?ID=282&SortID=131.
2017-05-31 13:53:47,104 spider_yadon.py[line:70] INFO step into layer1, url is: http://www.duanya.com.cn/duanzaoview.asp?ID=297&SortID=131.
2017-05-31 13:53:51,091 spider_yadon.py[line:70] INFO step into layer1, url is: http://www.duanya.com.cn/duanzaoview.asp?ID=298&SortID=131.
