2017-06-07 10:00:31,463 spiders.py[line:68] INFO Reading start URLs from redis key 'yt:start_urls' (batch size: 16, encoding: utf-8
2017-06-07 10:00:32,911 __init__.py[line:47] DEBUG Resuming crawl (3 requests scheduled)
2017-06-07 10:00:33,953 spiders.py[line:95] DEBUG Read 8 requests from 'yt:start_urls'
2017-06-07 10:00:35,612 spider_yt.py[line:73] INFO url is: http://www.yuantie.com.cn/productsshow.asp?id=65.
2017-06-07 10:00:38,857 spider_yt.py[line:73] INFO url is: http://www.yuantie.com.cn/productsshow.asp?id=52.
2017-06-07 10:00:43,417 spider_yt.py[line:73] INFO url is: http://www.yuantie.com.cn/productsshow.asp?id=11.
2017-06-07 10:00:47,456 spider_yt.py[line:57] INFO url is: http://www.yuantie.com.cn/product.asp?type=6.
2017-06-07 10:00:53,105 spider_yt.py[line:57] INFO url is: http://www.yuantie.com.cn/product.asp?type=9&keywords=&p=2.
2017-06-07 10:00:57,404 spider_yt.py[line:57] INFO url is: http://www.yuantie.com.cn/product.asp?type=5.
2017-06-07 10:01:02,190 spider_yt.py[line:57] INFO url is: http://www.yuantie.com.cn/product.asp?type=10&keywords=&p=2.
2017-06-07 10:01:08,747 spider_yt.py[line:57] INFO url is: http://www.yuantie.com.cn/product.asp?type=7.
2017-06-07 10:01:11,996 spider_yt.py[line:57] INFO url is: http://www.yuantie.com.cn/product.asp?type=10&keywords=&p=1.
2017-06-07 10:01:16,627 spider_yt.py[line:57] INFO url is: http://www.yuantie.com.cn/product.asp?type=9&keywords=&p=1.
2017-06-07 10:01:21,410 spider_yt.py[line:57] INFO url is: http://www.yuantie.com.cn/product.asp?type=8.
2017-06-07 10:01:24,585 spider_yt.py[line:73] INFO url is: http://www.yuantie.com.cn/productsshow.asp?id=10.
2017-06-07 10:01:30,457 spider_yt.py[line:73] INFO url is: http://www.yuantie.com.cn/productsshow.asp?id=11.
2017-06-07 10:01:36,315 spider_yt.py[line:73] INFO url is: http://www.yuantie.com.cn/productsshow.asp?id=12.
2017-06-07 10:01:43,365 spider_yt.py[line:73] INFO url is: http://www.yuantie.com.cn/productsshow.asp?id=2.
2017-06-07 10:01:46,971 spider_yt.py[line:73] INFO url is: http://www.yuantie.com.cn/productsshow.asp?id=46.
2017-06-07 10:01:52,415 spider_yt.py[line:73] INFO url is: http://www.yuantie.com.cn/productsshow.asp?id=48.
2017-06-07 10:01:58,292 spider_yt.py[line:73] INFO url is: http://www.yuantie.com.cn/productsshow.asp?id=49.
2017-06-07 10:02:03,125 spider_yt.py[line:73] INFO url is: http://www.yuantie.com.cn/productsshow.asp?id=4.
2017-06-07 10:02:08,170 spider_yt.py[line:73] INFO url is: http://www.yuantie.com.cn/productsshow.asp?id=5.
2017-06-07 10:02:12,696 spider_yt.py[line:73] INFO url is: http://www.yuantie.com.cn/productsshow.asp?id=62.
2017-06-07 10:02:16,892 spider_yt.py[line:73] INFO url is: http://www.yuantie.com.cn/productsshow.asp?id=3.
2017-06-07 10:02:22,862 spider_yt.py[line:73] INFO url is: http://www.yuantie.com.cn/productsshow.asp?id=6.
2017-06-07 10:02:28,194 spider_yt.py[line:73] INFO url is: http://www.yuantie.com.cn/productsshow.asp?id=7.
2017-06-07 10:02:32,737 spider_yt.py[line:73] INFO url is: http://www.yuantie.com.cn/productsshow.asp?id=8.
2017-06-07 10:02:37,953 spider_yt.py[line:73] INFO url is: http://www.yuantie.com.cn/productsshow.asp?id=9.
2017-06-07 10:02:44,048 spider_yt.py[line:73] INFO url is: http://www.yuantie.com.cn/productsshow.asp?id=66.
2017-06-07 10:02:47,700 spider_yt.py[line:73] INFO url is: http://www.yuantie.com.cn/productsshow.asp?id=68.
2017-06-07 10:02:53,302 spider_yt.py[line:73] INFO url is: http://www.yuantie.com.cn/productsshow.asp?id=13.
2017-06-07 10:02:59,075 spider_yt.py[line:73] INFO url is: http://www.yuantie.com.cn/productsshow.asp?id=14.
2017-06-07 10:03:04,901 spider_yt.py[line:73] INFO url is: http://www.yuantie.com.cn/productsshow.asp?id=15.
2017-06-07 10:03:09,967 spider_yt.py[line:73] INFO url is: http://www.yuantie.com.cn/productsshow.asp?id=16.
2017-06-07 10:03:15,131 spider_yt.py[line:73] INFO url is: http://www.yuantie.com.cn/productsshow.asp?id=17.
2017-06-07 10:03:19,552 spider_yt.py[line:73] INFO url is: http://www.yuantie.com.cn/productsshow.asp?id=18.
2017-06-07 10:03:22,118 spider_yt.py[line:73] INFO url is: http://www.yuantie.com.cn/productsshow.asp?id=19.
2017-06-07 10:03:27,733 spider_yt.py[line:73] INFO url is: http://www.yuantie.com.cn/productsshow.asp?id=20.
2017-06-07 10:03:33,380 spider_yt.py[line:73] INFO url is: http://www.yuantie.com.cn/productsshow.asp?id=21.
2017-06-07 10:03:38,138 spider_yt.py[line:73] INFO url is: http://www.yuantie.com.cn/productsshow.asp?id=22.
2017-06-07 10:03:43,039 spider_yt.py[line:73] INFO url is: http://www.yuantie.com.cn/productsshow.asp?id=23.
2017-06-07 10:03:48,884 spider_yt.py[line:73] INFO url is: http://www.yuantie.com.cn/productsshow.asp?id=24.
2017-06-07 10:03:52,605 spider_yt.py[line:73] INFO url is: http://www.yuantie.com.cn/productsshow.asp?id=25.
2017-06-07 10:03:57,693 spider_yt.py[line:73] INFO url is: http://www.yuantie.com.cn/productsshow.asp?id=26.
2017-06-07 10:04:02,433 spider_yt.py[line:73] INFO url is: http://www.yuantie.com.cn/productsshow.asp?id=27.
2017-06-07 10:04:07,806 spider_yt.py[line:73] INFO url is: http://www.yuantie.com.cn/productsshow.asp?id=69.
2017-06-07 10:04:12,605 spider_yt.py[line:73] INFO url is: http://www.yuantie.com.cn/productsshow.asp?id=34.
2017-06-07 10:04:19,953 spider_yt.py[line:73] INFO url is: http://www.yuantie.com.cn/productsshow.asp?id=35.
2017-06-07 10:04:24,513 spider_yt.py[line:73] INFO url is: http://www.yuantie.com.cn/productsshow.asp?id=36.
2017-06-07 10:04:28,829 spider_yt.py[line:73] INFO url is: http://www.yuantie.com.cn/productsshow.asp?id=37.
2017-06-07 10:04:34,480 spider_yt.py[line:73] INFO url is: http://www.yuantie.com.cn/productsshow.asp?id=38.
2017-06-07 10:04:40,474 spider_yt.py[line:73] INFO url is: http://www.yuantie.com.cn/productsshow.asp?id=39.
2017-06-07 10:04:43,176 spider_yt.py[line:73] INFO url is: http://www.yuantie.com.cn/productsshow.asp?id=40.
2017-06-07 10:04:50,471 spider_yt.py[line:73] INFO url is: http://www.yuantie.com.cn/productsshow.asp?id=41.
2017-06-07 10:04:54,911 spider_yt.py[line:73] INFO url is: http://www.yuantie.com.cn/productsshow.asp?id=42.
2017-06-07 10:05:00,230 spider_yt.py[line:73] INFO url is: http://www.yuantie.com.cn/productsshow.asp?id=43.
2017-06-07 10:05:04,907 spider_yt.py[line:73] INFO url is: http://www.yuantie.com.cn/productsshow.asp?id=44.
2017-06-07 10:05:09,546 spider_yt.py[line:73] INFO url is: http://www.yuantie.com.cn/productsshow.asp?id=45.
2017-06-07 10:05:13,733 spider_yt.py[line:73] INFO url is: http://www.yuantie.com.cn/productsshow.asp?id=50.
2017-06-07 10:05:20,388 spider_yt.py[line:73] INFO url is: http://www.yuantie.com.cn/productsshow.asp?id=51.
2017-06-07 10:05:23,275 spider_yt.py[line:73] INFO url is: http://www.yuantie.com.cn/productsshow.asp?id=53.
2017-06-07 10:05:27,217 spider_yt.py[line:73] INFO url is: http://www.yuantie.com.cn/productsshow.asp?id=54.
2017-06-07 10:05:31,433 spider_yt.py[line:73] INFO url is: http://www.yuantie.com.cn/productsshow.asp?id=55.
2017-06-07 10:05:36,539 spider_yt.py[line:73] INFO url is: http://www.yuantie.com.cn/productsshow.asp?id=56.
2017-06-07 10:05:39,244 spider_yt.py[line:73] INFO url is: http://www.yuantie.com.cn/productsshow.asp?id=57.
2017-06-07 10:05:44,250 spider_yt.py[line:73] INFO url is: http://www.yuantie.com.cn/productsshow.asp?id=58.
2017-06-07 10:05:50,706 spider_yt.py[line:73] INFO url is: http://www.yuantie.com.cn/productsshow.asp?id=59.
2017-06-07 10:05:53,286 spider_yt.py[line:73] INFO url is: http://www.yuantie.com.cn/productsshow.asp?id=60.
2017-06-07 10:05:58,069 spider_yt.py[line:73] INFO url is: http://www.yuantie.com.cn/productsshow.asp?id=61.
2017-06-07 10:06:01,880 spider_yt.py[line:73] INFO url is: http://www.yuantie.com.cn/productsshow.asp?id=65.
2017-06-07 10:06:07,351 spider_yt.py[line:73] INFO url is: http://www.yuantie.com.cn/productsshow.asp?id=52.
